#! /usr/local/bin/vvp
:ivl_version "10.1 (stable)";
:ivl_delay_selection "TYPICAL";
:vpi_time_precision + 0;
:vpi_module "system";
:vpi_module "vhdl_sys";
:vpi_module "v2005_math";
:vpi_module "va_math";
S_0x17b9170 .scope module, "SB_CARRY" "SB_CARRY" 2 202;
 .timescale 0 0;
    .port_info 0 /INPUT 1 "I0"
    .port_info 1 /INPUT 1 "I1"
    .port_info 2 /INPUT 1 "CI"
    .port_info 3 /OUTPUT 1 "CO"
o0x7fce6b77a018 .functor BUFZ 1, C4<z>; HiZ drive
v0x18341b0_0 .net "CI", 0 0, o0x7fce6b77a018;  0 drivers
o0x7fce6b77a048 .functor BUFZ 1, C4<z>; HiZ drive
v0x185ba70_0 .net "CO", 0 0, o0x7fce6b77a048;  0 drivers
o0x7fce6b77a078 .functor BUFZ 1, C4<z>; HiZ drive
v0x185bb30_0 .net "I0", 0 0, o0x7fce6b77a078;  0 drivers
o0x7fce6b77a0a8 .functor BUFZ 1, C4<z>; HiZ drive
v0x185bc00_0 .net "I1", 0 0, o0x7fce6b77a0a8;  0 drivers
S_0x17b8e70 .scope module, "SB_DFF" "SB_DFF" 2 16;
 .timescale 0 0;
    .port_info 0 /INPUT 1 "C"
    .port_info 1 /INPUT 1 "D"
    .port_info 2 /OUTPUT 1 "Q"
o0x7fce6b77a198 .functor BUFZ 1, C4<z>; HiZ drive
v0x185bd70_0 .net "C", 0 0, o0x7fce6b77a198;  0 drivers
o0x7fce6b77a1c8 .functor BUFZ 1, C4<z>; HiZ drive
v0x185be50_0 .net "D", 0 0, o0x7fce6b77a1c8;  0 drivers
o0x7fce6b77a1f8 .functor BUFZ 1, C4<z>; HiZ drive
v0x185bf10_0 .net "Q", 0 0, o0x7fce6b77a1f8;  0 drivers
S_0x17f0590 .scope module, "SB_DFFE" "SB_DFFE" 2 24;
 .timescale 0 0;
    .port_info 0 /INPUT 1 "C"
    .port_info 1 /INPUT 1 "D"
    .port_info 2 /INPUT 1 "E"
    .port_info 3 /OUTPUT 1 "Q"
o0x7fce6b77a2b8 .functor BUFZ 1, C4<z>; HiZ drive
v0x185c030_0 .net "C", 0 0, o0x7fce6b77a2b8;  0 drivers
o0x7fce6b77a2e8 .functor BUFZ 1, C4<z>; HiZ drive
v0x185c0f0_0 .net "D", 0 0, o0x7fce6b77a2e8;  0 drivers
o0x7fce6b77a318 .functor BUFZ 1, C4<z>; HiZ drive
v0x185c1b0_0 .net "E", 0 0, o0x7fce6b77a318;  0 drivers
o0x7fce6b77a348 .functor BUFZ 1, C4<z>; HiZ drive
v0x185c280_0 .net "Q", 0 0, o0x7fce6b77a348;  0 drivers
S_0x17f0710 .scope module, "SB_DFFER" "SB_DFFER" 2 79;
 .timescale 0 0;
    .port_info 0 /INPUT 1 "C"
    .port_info 1 /INPUT 1 "D"
    .port_info 2 /INPUT 1 "R"
    .port_info 3 /INPUT 1 "E"
    .port_info 4 /OUTPUT 1 "Q"
o0x7fce6b77a438 .functor BUFZ 1, C4<z>; HiZ drive
v0x185c3f0_0 .net "C", 0 0, o0x7fce6b77a438;  0 drivers
o0x7fce6b77a468 .functor BUFZ 1, C4<z>; HiZ drive
v0x185c4d0_0 .net "D", 0 0, o0x7fce6b77a468;  0 drivers
o0x7fce6b77a498 .functor BUFZ 1, C4<z>; HiZ drive
v0x185c590_0 .net "E", 0 0, o0x7fce6b77a498;  0 drivers
o0x7fce6b77a4c8 .functor BUFZ 1, C4<z>; HiZ drive
v0x185c630_0 .net "Q", 0 0, o0x7fce6b77a4c8;  0 drivers
o0x7fce6b77a4f8 .functor BUFZ 1, C4<z>; HiZ drive
v0x185c6f0_0 .net "R", 0 0, o0x7fce6b77a4f8;  0 drivers
S_0x17f5250 .scope module, "SB_DFFES" "SB_DFFES" 2 99;
 .timescale 0 0;
    .port_info 0 /INPUT 1 "C"
    .port_info 1 /INPUT 1 "D"
    .port_info 2 /INPUT 1 "E"
    .port_info 3 /INPUT 1 "S"
    .port_info 4 /OUTPUT 1 "Q"
o0x7fce6b77a618 .functor BUFZ 1, C4<z>; HiZ drive
v0x185c8a0_0 .net "C", 0 0, o0x7fce6b77a618;  0 drivers
o0x7fce6b77a648 .functor BUFZ 1, C4<z>; HiZ drive
v0x185c980_0 .net "D", 0 0, o0x7fce6b77a648;  0 drivers
o0x7fce6b77a678 .functor BUFZ 1, C4<z>; HiZ drive
v0x185ca40_0 .net "E", 0 0, o0x7fce6b77a678;  0 drivers
o0x7fce6b77a6a8 .functor BUFZ 1, C4<z>; HiZ drive
v0x185cae0_0 .net "Q", 0 0, o0x7fce6b77a6a8;  0 drivers
o0x7fce6b77a6d8 .functor BUFZ 1, C4<z>; HiZ drive
v0x185cba0_0 .net "S", 0 0, o0x7fce6b77a6d8;  0 drivers
S_0x17f5420 .scope module, "SB_DFFESR" "SB_DFFESR" 2 69;
 .timescale 0 0;
    .port_info 0 /INPUT 1 "C"
    .port_info 1 /INPUT 1 "D"
    .port_info 2 /INPUT 1 "R"
    .port_info 3 /INPUT 1 "E"
    .port_info 4 /OUTPUT 1 "Q"
o0x7fce6b77a7f8 .functor BUFZ 1, C4<z>; HiZ drive
v0x185cd50_0 .net "C", 0 0, o0x7fce6b77a7f8;  0 drivers
o0x7fce6b77a828 .functor BUFZ 1, C4<z>; HiZ drive
v0x185ce30_0 .net "D", 0 0, o0x7fce6b77a828;  0 drivers
o0x7fce6b77a858 .functor BUFZ 1, C4<z>; HiZ drive
v0x185cef0_0 .net "E", 0 0, o0x7fce6b77a858;  0 drivers
o0x7fce6b77a888 .functor BUFZ 1, C4<z>; HiZ drive
v0x185cf90_0 .net "Q", 0 0, o0x7fce6b77a888;  0 drivers
o0x7fce6b77a8b8 .functor BUFZ 1, C4<z>; HiZ drive
v0x185d050_0 .net "R", 0 0, o0x7fce6b77a8b8;  0 drivers
S_0x17f6f30 .scope module, "SB_DFFESS" "SB_DFFESS" 2 89;
 .timescale 0 0;
    .port_info 0 /INPUT 1 "C"
    .port_info 1 /INPUT 1 "D"
    .port_info 2 /INPUT 1 "E"
    .port_info 3 /INPUT 1 "S"
    .port_info 4 /OUTPUT 1 "Q"
o0x7fce6b77a9d8 .functor BUFZ 1, C4<z>; HiZ drive
v0x185d200_0 .net "C", 0 0, o0x7fce6b77a9d8;  0 drivers
o0x7fce6b77aa08 .functor BUFZ 1, C4<z>; HiZ drive
v0x185d2e0_0 .net "D", 0 0, o0x7fce6b77aa08;  0 drivers
o0x7fce6b77aa38 .functor BUFZ 1, C4<z>; HiZ drive
v0x185d3a0_0 .net "E", 0 0, o0x7fce6b77aa38;  0 drivers
o0x7fce6b77aa68 .functor BUFZ 1, C4<z>; HiZ drive
v0x185d440_0 .net "Q", 0 0, o0x7fce6b77aa68;  0 drivers
o0x7fce6b77aa98 .functor BUFZ 1, C4<z>; HiZ drive
v0x185d500_0 .net "S", 0 0, o0x7fce6b77aa98;  0 drivers
S_0x17f7130 .scope module, "SB_DFFN" "SB_DFFN" 2 109;
 .timescale 0 0;
    .port_info 0 /INPUT 1 "C"
    .port_info 1 /INPUT 1 "D"
    .port_info 2 /OUTPUT 1 "Q"
o0x7fce6b77abb8 .functor BUFZ 1, C4<z>; HiZ drive
v0x185d6b0_0 .net "C", 0 0, o0x7fce6b77abb8;  0 drivers
o0x7fce6b77abe8 .functor BUFZ 1, C4<z>; HiZ drive
v0x185d790_0 .net "D", 0 0, o0x7fce6b77abe8;  0 drivers
o0x7fce6b77ac18 .functor BUFZ 1, C4<z>; HiZ drive
v0x185d850_0 .net "Q", 0 0, o0x7fce6b77ac18;  0 drivers
S_0x17f43c0 .scope module, "SB_DFFNE" "SB_DFFNE" 2 117;
 .timescale 0 0;
    .port_info 0 /INPUT 1 "C"
    .port_info 1 /INPUT 1 "D"
    .port_info 2 /INPUT 1 "E"
    .port_info 3 /OUTPUT 1 "Q"
o0x7fce6b77acd8 .functor BUFZ 1, C4<z>; HiZ drive
v0x185d970_0 .net "C", 0 0, o0x7fce6b77acd8;  0 drivers
o0x7fce6b77ad08 .functor BUFZ 1, C4<z>; HiZ drive
v0x185da30_0 .net "D", 0 0, o0x7fce6b77ad08;  0 drivers
o0x7fce6b77ad38 .functor BUFZ 1, C4<z>; HiZ drive
v0x185daf0_0 .net "E", 0 0, o0x7fce6b77ad38;  0 drivers
o0x7fce6b77ad68 .functor BUFZ 1, C4<z>; HiZ drive
v0x185dbc0_0 .net "Q", 0 0, o0x7fce6b77ad68;  0 drivers
S_0x17f4540 .scope module, "SB_DFFNER" "SB_DFFNER" 2 172;
 .timescale 0 0;
    .port_info 0 /INPUT 1 "C"
    .port_info 1 /INPUT 1 "D"
    .port_info 2 /INPUT 1 "E"
    .port_info 3 /INPUT 1 "R"
    .port_info 4 /OUTPUT 1 "Q"
o0x7fce6b77ae58 .functor BUFZ 1, C4<z>; HiZ drive
v0x185dd30_0 .net "C", 0 0, o0x7fce6b77ae58;  0 drivers
o0x7fce6b77ae88 .functor BUFZ 1, C4<z>; HiZ drive
v0x185de10_0 .net "D", 0 0, o0x7fce6b77ae88;  0 drivers
o0x7fce6b77aeb8 .functor BUFZ 1, C4<z>; HiZ drive
v0x185ded0_0 .net "E", 0 0, o0x7fce6b77aeb8;  0 drivers
o0x7fce6b77aee8 .functor BUFZ 1, C4<z>; HiZ drive
v0x185df70_0 .net "Q", 0 0, o0x7fce6b77aee8;  0 drivers
o0x7fce6b77af18 .functor BUFZ 1, C4<z>; HiZ drive
v0x185e030_0 .net "R", 0 0, o0x7fce6b77af18;  0 drivers
S_0x17f60c0 .scope module, "SB_DFFNES" "SB_DFFNES" 2 192;
 .timescale 0 0;
    .port_info 0 /INPUT 1 "C"
    .port_info 1 /INPUT 1 "D"
    .port_info 2 /INPUT 1 "E"
    .port_info 3 /INPUT 1 "S"
    .port_info 4 /OUTPUT 1 "Q"
o0x7fce6b77b038 .functor BUFZ 1, C4<z>; HiZ drive
v0x185e1e0_0 .net "C", 0 0, o0x7fce6b77b038;  0 drivers
o0x7fce6b77b068 .functor BUFZ 1, C4<z>; HiZ drive
v0x185e2c0_0 .net "D", 0 0, o0x7fce6b77b068;  0 drivers
o0x7fce6b77b098 .functor BUFZ 1, C4<z>; HiZ drive
v0x185e380_0 .net "E", 0 0, o0x7fce6b77b098;  0 drivers
o0x7fce6b77b0c8 .functor BUFZ 1, C4<z>; HiZ drive
v0x185e420_0 .net "Q", 0 0, o0x7fce6b77b0c8;  0 drivers
o0x7fce6b77b0f8 .functor BUFZ 1, C4<z>; HiZ drive
v0x185e4e0_0 .net "S", 0 0, o0x7fce6b77b0f8;  0 drivers
S_0x17f6270 .scope module, "SB_DFFNESR" "SB_DFFNESR" 2 162;
 .timescale 0 0;
    .port_info 0 /INPUT 1 "C"
    .port_info 1 /INPUT 1 "D"
    .port_info 2 /INPUT 1 "E"
    .port_info 3 /INPUT 1 "R"
    .port_info 4 /OUTPUT 1 "Q"
o0x7fce6b77b218 .functor BUFZ 1, C4<z>; HiZ drive
v0x185e690_0 .net "C", 0 0, o0x7fce6b77b218;  0 drivers
o0x7fce6b77b248 .functor BUFZ 1, C4<z>; HiZ drive
v0x185e770_0 .net "D", 0 0, o0x7fce6b77b248;  0 drivers
o0x7fce6b77b278 .functor BUFZ 1, C4<z>; HiZ drive
v0x185e830_0 .net "E", 0 0, o0x7fce6b77b278;  0 drivers
o0x7fce6b77b2a8 .functor BUFZ 1, C4<z>; HiZ drive
v0x185e8d0_0 .net "Q", 0 0, o0x7fce6b77b2a8;  0 drivers
o0x7fce6b77b2d8 .functor BUFZ 1, C4<z>; HiZ drive
v0x185e990_0 .net "R", 0 0, o0x7fce6b77b2d8;  0 drivers
S_0x17f7da0 .scope module, "SB_DFFNESS" "SB_DFFNESS" 2 182;
 .timescale 0 0;
    .port_info 0 /INPUT 1 "C"
    .port_info 1 /INPUT 1 "D"
    .port_info 2 /INPUT 1 "E"
    .port_info 3 /INPUT 1 "S"
    .port_info 4 /OUTPUT 1 "Q"
o0x7fce6b77b3f8 .functor BUFZ 1, C4<z>; HiZ drive
v0x185eb40_0 .net "C", 0 0, o0x7fce6b77b3f8;  0 drivers
o0x7fce6b77b428 .functor BUFZ 1, C4<z>; HiZ drive
v0x185ec20_0 .net "D", 0 0, o0x7fce6b77b428;  0 drivers
o0x7fce6b77b458 .functor BUFZ 1, C4<z>; HiZ drive
v0x185ece0_0 .net "E", 0 0, o0x7fce6b77b458;  0 drivers
o0x7fce6b77b488 .functor BUFZ 1, C4<z>; HiZ drive
v0x185ed80_0 .net "Q", 0 0, o0x7fce6b77b488;  0 drivers
o0x7fce6b77b4b8 .functor BUFZ 1, C4<z>; HiZ drive
v0x185ee40_0 .net "S", 0 0, o0x7fce6b77b4b8;  0 drivers
S_0x17f7fd0 .scope module, "SB_DFFNR" "SB_DFFNR" 2 135;
 .timescale 0 0;
    .port_info 0 /INPUT 1 "C"
    .port_info 1 /INPUT 1 "D"
    .port_info 2 /INPUT 1 "R"
    .port_info 3 /OUTPUT 1 "Q"
o0x7fce6b77b5d8 .functor BUFZ 1, C4<z>; HiZ drive
v0x185eff0_0 .net "C", 0 0, o0x7fce6b77b5d8;  0 drivers
o0x7fce6b77b608 .functor BUFZ 1, C4<z>; HiZ drive
v0x185f0d0_0 .net "D", 0 0, o0x7fce6b77b608;  0 drivers
o0x7fce6b77b638 .functor BUFZ 1, C4<z>; HiZ drive
v0x185f190_0 .net "Q", 0 0, o0x7fce6b77b638;  0 drivers
o0x7fce6b77b668 .functor BUFZ 1, C4<z>; HiZ drive
v0x185f230_0 .net "R", 0 0, o0x7fce6b77b668;  0 drivers
S_0x17f87e0 .scope module, "SB_DFFNS" "SB_DFFNS" 2 153;
 .timescale 0 0;
    .port_info 0 /INPUT 1 "C"
    .port_info 1 /INPUT 1 "D"
    .port_info 2 /INPUT 1 "S"
    .port_info 3 /OUTPUT 1 "Q"
o0x7fce6b77b758 .functor BUFZ 1, C4<z>; HiZ drive
v0x185f3a0_0 .net "C", 0 0, o0x7fce6b77b758;  0 drivers
o0x7fce6b77b788 .functor BUFZ 1, C4<z>; HiZ drive
v0x185f480_0 .net "D", 0 0, o0x7fce6b77b788;  0 drivers
o0x7fce6b77b7b8 .functor BUFZ 1, C4<z>; HiZ drive
v0x185f540_0 .net "Q", 0 0, o0x7fce6b77b7b8;  0 drivers
o0x7fce6b77b7e8 .functor BUFZ 1, C4<z>; HiZ drive
v0x185f610_0 .net "S", 0 0, o0x7fce6b77b7e8;  0 drivers
S_0x17f8990 .scope module, "SB_DFFNSR" "SB_DFFNSR" 2 126;
 .timescale 0 0;
    .port_info 0 /INPUT 1 "C"
    .port_info 1 /INPUT 1 "D"
    .port_info 2 /INPUT 1 "R"
    .port_info 3 /OUTPUT 1 "Q"
o0x7fce6b77b8d8 .functor BUFZ 1, C4<z>; HiZ drive
v0x185f780_0 .net "C", 0 0, o0x7fce6b77b8d8;  0 drivers
o0x7fce6b77b908 .functor BUFZ 1, C4<z>; HiZ drive
v0x185f860_0 .net "D", 0 0, o0x7fce6b77b908;  0 drivers
o0x7fce6b77b938 .functor BUFZ 1, C4<z>; HiZ drive
v0x185f920_0 .net "Q", 0 0, o0x7fce6b77b938;  0 drivers
o0x7fce6b77b968 .functor BUFZ 1, C4<z>; HiZ drive
v0x185f9c0_0 .net "R", 0 0, o0x7fce6b77b968;  0 drivers
S_0x17fd4a0 .scope module, "SB_DFFNSS" "SB_DFFNSS" 2 144;
 .timescale 0 0;
    .port_info 0 /INPUT 1 "C"
    .port_info 1 /INPUT 1 "D"
    .port_info 2 /INPUT 1 "S"
    .port_info 3 /OUTPUT 1 "Q"
o0x7fce6b77ba58 .functor BUFZ 1, C4<z>; HiZ drive
v0x185fb30_0 .net "C", 0 0, o0x7fce6b77ba58;  0 drivers
o0x7fce6b77ba88 .functor BUFZ 1, C4<z>; HiZ drive
v0x185fc10_0 .net "D", 0 0, o0x7fce6b77ba88;  0 drivers
o0x7fce6b77bab8 .functor BUFZ 1, C4<z>; HiZ drive
v0x185fcd0_0 .net "Q", 0 0, o0x7fce6b77bab8;  0 drivers
o0x7fce6b77bae8 .functor BUFZ 1, C4<z>; HiZ drive
v0x185fd70_0 .net "S", 0 0, o0x7fce6b77bae8;  0 drivers
S_0x17ff180 .scope module, "SB_DFFR" "SB_DFFR" 2 42;
 .timescale 0 0;
    .port_info 0 /INPUT 1 "C"
    .port_info 1 /INPUT 1 "D"
    .port_info 2 /INPUT 1 "R"
    .port_info 3 /OUTPUT 1 "Q"
o0x7fce6b77bbd8 .functor BUFZ 1, C4<z>; HiZ drive
v0x185fee0_0 .net "C", 0 0, o0x7fce6b77bbd8;  0 drivers
o0x7fce6b77bc08 .functor BUFZ 1, C4<z>; HiZ drive
v0x185ffc0_0 .net "D", 0 0, o0x7fce6b77bc08;  0 drivers
o0x7fce6b77bc38 .functor BUFZ 1, C4<z>; HiZ drive
v0x1860080_0 .net "Q", 0 0, o0x7fce6b77bc38;  0 drivers
o0x7fce6b77bc68 .functor BUFZ 1, C4<z>; HiZ drive
v0x1860120_0 .net "R", 0 0, o0x7fce6b77bc68;  0 drivers
S_0x17ff330 .scope module, "SB_DFFS" "SB_DFFS" 2 60;
 .timescale 0 0;
    .port_info 0 /INPUT 1 "C"
    .port_info 1 /INPUT 1 "D"
    .port_info 2 /INPUT 1 "S"
    .port_info 3 /OUTPUT 1 "Q"
o0x7fce6b77bd58 .functor BUFZ 1, C4<z>; HiZ drive
v0x1860290_0 .net "C", 0 0, o0x7fce6b77bd58;  0 drivers
o0x7fce6b77bd88 .functor BUFZ 1, C4<z>; HiZ drive
v0x1860370_0 .net "D", 0 0, o0x7fce6b77bd88;  0 drivers
o0x7fce6b77bdb8 .functor BUFZ 1, C4<z>; HiZ drive
v0x1860430_0 .net "Q", 0 0, o0x7fce6b77bdb8;  0 drivers
o0x7fce6b77bde8 .functor BUFZ 1, C4<z>; HiZ drive
v0x18604d0_0 .net "S", 0 0, o0x7fce6b77bde8;  0 drivers
S_0x17fc610 .scope module, "SB_DFFSR" "SB_DFFSR" 2 33;
 .timescale 0 0;
    .port_info 0 /INPUT 1 "C"
    .port_info 1 /INPUT 1 "D"
    .port_info 2 /INPUT 1 "R"
    .port_info 3 /OUTPUT 1 "Q"
o0x7fce6b77bed8 .functor BUFZ 1, C4<z>; HiZ drive
v0x1860640_0 .net "C", 0 0, o0x7fce6b77bed8;  0 drivers
o0x7fce6b77bf08 .functor BUFZ 1, C4<z>; HiZ drive
v0x1860720_0 .net "D", 0 0, o0x7fce6b77bf08;  0 drivers
o0x7fce6b77bf38 .functor BUFZ 1, C4<z>; HiZ drive
v0x18607e0_0 .net "Q", 0 0, o0x7fce6b77bf38;  0 drivers
o0x7fce6b77bf68 .functor BUFZ 1, C4<z>; HiZ drive
v0x1860880_0 .net "R", 0 0, o0x7fce6b77bf68;  0 drivers
S_0x17fc7c0 .scope module, "SB_DFFSS" "SB_DFFSS" 2 51;
 .timescale 0 0;
    .port_info 0 /INPUT 1 "C"
    .port_info 1 /INPUT 1 "D"
    .port_info 2 /INPUT 1 "S"
    .port_info 3 /OUTPUT 1 "Q"
o0x7fce6b77c058 .functor BUFZ 1, C4<z>; HiZ drive
v0x18609f0_0 .net "C", 0 0, o0x7fce6b77c058;  0 drivers
o0x7fce6b77c088 .functor BUFZ 1, C4<z>; HiZ drive
v0x1860ad0_0 .net "D", 0 0, o0x7fce6b77c088;  0 drivers
o0x7fce6b77c0b8 .functor BUFZ 1, C4<z>; HiZ drive
v0x1860b90_0 .net "Q", 0 0, o0x7fce6b77c0b8;  0 drivers
o0x7fce6b77c0e8 .functor BUFZ 1, C4<z>; HiZ drive
v0x1860c30_0 .net "S", 0 0, o0x7fce6b77c0e8;  0 drivers
S_0x17fe310 .scope module, "SB_IO" "SB_IO" 2 1;
 .timescale 0 0;
    .port_info 0 /INOUT 1 "PACKAGE_PIN"
    .port_info 1 /INPUT 1 "LATCH_INPUT_VALUE"
    .port_info 2 /INPUT 1 "CLOCK_ENABLE"
    .port_info 3 /INPUT 1 "INPUT_CLK"
    .port_info 4 /INPUT 1 "OUTPUT_CLK"
    .port_info 5 /INPUT 1 "OUTPUT_ENABLE"
    .port_info 6 /INPUT 1 "D_OUT_0"
    .port_info 7 /INPUT 1 "D_OUT_1"
    .port_info 8 /OUTPUT 1 "D_IN_0"
    .port_info 9 /OUTPUT 1 "D_IN_1"
o0x7fce6b77c1d8 .functor BUFZ 1, C4<z>; HiZ drive
v0x1860da0_0 .net "CLOCK_ENABLE", 0 0, o0x7fce6b77c1d8;  0 drivers
o0x7fce6b77c208 .functor BUFZ 1, C4<z>; HiZ drive
v0x1860e80_0 .net "D_IN_0", 0 0, o0x7fce6b77c208;  0 drivers
o0x7fce6b77c238 .functor BUFZ 1, C4<z>; HiZ drive
v0x1860f40_0 .net "D_IN_1", 0 0, o0x7fce6b77c238;  0 drivers
o0x7fce6b77c268 .functor BUFZ 1, C4<z>; HiZ drive
v0x1860fe0_0 .net "D_OUT_0", 0 0, o0x7fce6b77c268;  0 drivers
o0x7fce6b77c298 .functor BUFZ 1, C4<z>; HiZ drive
v0x18610a0_0 .net "D_OUT_1", 0 0, o0x7fce6b77c298;  0 drivers
o0x7fce6b77c2c8 .functor BUFZ 1, C4<z>; HiZ drive
v0x18611b0_0 .net "INPUT_CLK", 0 0, o0x7fce6b77c2c8;  0 drivers
o0x7fce6b77c2f8 .functor BUFZ 1, C4<z>; HiZ drive
v0x1861270_0 .net "LATCH_INPUT_VALUE", 0 0, o0x7fce6b77c2f8;  0 drivers
o0x7fce6b77c328 .functor BUFZ 1, C4<z>; HiZ drive
v0x1861330_0 .net "OUTPUT_CLK", 0 0, o0x7fce6b77c328;  0 drivers
o0x7fce6b77c358 .functor BUFZ 1, C4<z>; HiZ drive
v0x18613f0_0 .net "OUTPUT_ENABLE", 0 0, o0x7fce6b77c358;  0 drivers
o0x7fce6b77c388 .functor BUFZ 1, C4<z>; HiZ drive
v0x1861540_0 .net "PACKAGE_PIN", 0 0, o0x7fce6b77c388;  0 drivers
S_0x17fe590 .scope module, "SB_LUT4" "SB_LUT4" 2 211;
 .timescale 0 0;
    .port_info 0 /INPUT 1 "I0"
    .port_info 1 /INPUT 1 "I1"
    .port_info 2 /INPUT 1 "I2"
    .port_info 3 /INPUT 1 "I3"
    .port_info 4 /OUTPUT 1 "O"
o0x7fce6b77c598 .functor BUFZ 1, C4<z>; HiZ drive
v0x18617a0_0 .net "I0", 0 0, o0x7fce6b77c598;  0 drivers
o0x7fce6b77c5c8 .functor BUFZ 1, C4<z>; HiZ drive
v0x1861880_0 .net "I1", 0 0, o0x7fce6b77c5c8;  0 drivers
o0x7fce6b77c5f8 .functor BUFZ 1, C4<z>; HiZ drive
v0x1861940_0 .net "I2", 0 0, o0x7fce6b77c5f8;  0 drivers
o0x7fce6b77c628 .functor BUFZ 1, C4<z>; HiZ drive
v0x18619e0_0 .net "I3", 0 0, o0x7fce6b77c628;  0 drivers
o0x7fce6b77c658 .functor BUFZ 1, C4<z>; HiZ drive
v0x1861aa0_0 .net "O", 0 0, o0x7fce6b77c658;  0 drivers
S_0x17fa0c0 .scope module, "secnotas" "secnotas" 3 8;
 .timescale 0 0;
    .port_info 0 /INPUT 1 "clk"
    .port_info 1 /OUTPUT 1 "ch_out"
    .port_info 2 /OUTPUT 1 "ch_out2"
P_0x17fa240 .param/l "DUR" 0 3 23, +C4<00000000010110111000110110000000>;
P_0x17fa280 .param/l "N0" 0 3 13, +C4<00000000000000000000001011001101>;
P_0x17fa2c0 .param/l "N1" 0 3 14, +C4<00000000000000000000001001111110>;
P_0x17fa300 .param/l "N2" 0 3 15, +C4<00000000000000000000001000111001>;
P_0x17fa340 .param/l "N3" 0 3 16, +C4<00000000000000000000001000011001>;
P_0x17fa380 .param/l "N4" 0 3 17, +C4<00000000000000000000000111011110>;
P_0x17fa3c0 .param/l "N5" 0 3 18, +C4<00000000000000000000000110101010>;
P_0x17fa400 .param/l "N6" 0 3 19, +C4<00000000000000000000000101111100>;
P_0x17fa440 .param/l "N7" 0 3 20, +C4<00000000000000000000001011001101>;
v0x18659a0_0 .net "ch0", 0 0, L_0x18664c0;  1 drivers
v0x1865a40_0 .net "ch1", 0 0, L_0x1866560;  1 drivers
v0x1865b10_0 .net "ch2", 0 0, L_0x1866650;  1 drivers
v0x1865c10_0 .net "ch3", 0 0, L_0x1866740;  1 drivers
v0x1865ce0_0 .net "ch4", 0 0, L_0x1866830;  1 drivers
v0x1865dd0_0 .net "ch5", 0 0, L_0x1866920;  1 drivers
v0x1865ea0_0 .net "ch6", 0 0, L_0x1866a10;  1 drivers
v0x1865f70_0 .net "ch7", 0 0, L_0x1866b00;  1 drivers
v0x1866040_0 .var "ch_out", 0 0;
v0x1866170_0 .var "ch_out2", 0 0;
o0x7fce6b77c778 .functor BUFZ 1, C4<z>; HiZ drive
v0x1866210_0 .net "clk", 0 0, o0x7fce6b77c778;  0 drivers
v0x18662b0_0 .net "clk_dur", 0 0, L_0x1866bf0;  1 drivers
v0x1866380_0 .var "sel", 5 0;
v0x1866420_0 .var "sel2", 5 0;
E_0x1804f00 .event posedge, v0x1865820_0;
E_0x1841c20/0 .event edge, v0x1866420_0, v0x1862250_0, v0x1862900_0, v0x1862fc0_0;
E_0x1841c20/1 .event edge, v0x1863610_0, v0x1863d60_0, v0x1864380_0;
E_0x1841c20 .event/or E_0x1841c20/0, E_0x1841c20/1;
E_0x1861c80/0 .event edge, v0x1866380_0, v0x1862250_0, v0x1862900_0, v0x1862fc0_0;
E_0x1861c80/1 .event edge, v0x1863610_0, v0x1863d60_0, v0x1864380_0;
E_0x1861c80 .event/or E_0x1861c80/0, E_0x1861c80/1;
S_0x1861d00 .scope module, "CH0" "divider" 3 38, 4 12 0, S_0x17fa0c0;
 .timescale 0 0;
    .port_info 0 /INPUT 1 "clk_in"
    .port_info 1 /OUTPUT 1 "clk_out"
P_0x1861ef0 .param/l "M" 0 4 16, +C4<00000000000000000000001011001101>;
P_0x1861f30 .param/l "N" 1 4 22, +C4<00000000000000000000000000001010>;
v0x1862170_0 .net "clk_in", 0 0, o0x7fce6b77c778;  alias, 0 drivers
v0x1862250_0 .net "clk_out", 0 0, L_0x18664c0;  alias, 1 drivers
v0x1862310_0 .var "divcounter", 9 0;
E_0x18620f0 .event posedge, v0x1862170_0;
L_0x18664c0 .part v0x1862310_0, 9, 1;
S_0x1862460 .scope module, "CH1" "divider" 3 45, 4 12 0, S_0x17fa0c0;
 .timescale 0 0;
    .port_info 0 /INPUT 1 "clk_in"
    .port_info 1 /OUTPUT 1 "clk_out"
P_0x1862630 .param/l "M" 0 4 16, +C4<00000000000000000000001001111110>;
P_0x1862670 .param/l "N" 1 4 22, +C4<00000000000000000000000000001010>;
v0x1862810_0 .net "clk_in", 0 0, o0x7fce6b77c778;  alias, 0 drivers
v0x1862900_0 .net "clk_out", 0 0, L_0x1866560;  alias, 1 drivers
v0x18629a0_0 .var "divcounter", 9 0;
L_0x1866560 .part v0x18629a0_0, 9, 1;
S_0x1862af0 .scope module, "CH2" "divider" 3 52, 4 12 0, S_0x17fa0c0;
 .timescale 0 0;
    .port_info 0 /INPUT 1 "clk_in"
    .port_info 1 /OUTPUT 1 "clk_out"
P_0x1862cf0 .param/l "M" 0 4 16, +C4<00000000000000000000001000111001>;
P_0x1862d30 .param/l "N" 1 4 22, +C4<00000000000000000000000000001010>;
v0x1862ed0_0 .net "clk_in", 0 0, o0x7fce6b77c778;  alias, 0 drivers
v0x1862fc0_0 .net "clk_out", 0 0, L_0x1866650;  alias, 1 drivers
v0x1863080_0 .var "divcounter", 9 0;
L_0x1866650 .part v0x1863080_0, 9, 1;
S_0x18631a0 .scope module, "CH3" "divider" 3 59, 4 12 0, S_0x17fa0c0;
 .timescale 0 0;
    .port_info 0 /INPUT 1 "clk_in"
    .port_info 1 /OUTPUT 1 "clk_out"
P_0x1863370 .param/l "M" 0 4 16, +C4<00000000000000000000001000011001>;
P_0x18633b0 .param/l "N" 1 4 22, +C4<00000000000000000000000000001010>;
v0x1863550_0 .net "clk_in", 0 0, o0x7fce6b77c778;  alias, 0 drivers
v0x1863610_0 .net "clk_out", 0 0, L_0x1866740;  alias, 1 drivers
v0x18636d0_0 .var "divcounter", 9 0;
L_0x1866740 .part v0x18636d0_0, 9, 1;
S_0x1863820 .scope module, "CH4" "divider" 3 66, 4 12 0, S_0x17fa0c0;
 .timescale 0 0;
    .port_info 0 /INPUT 1 "clk_in"
    .port_info 1 /OUTPUT 1 "clk_out"
P_0x1863a40 .param/l "M" 0 4 16, +C4<00000000000000000000000111011110>;
P_0x1863a80 .param/l "N" 1 4 22, +C4<00000000000000000000000000001001>;
v0x1863c30_0 .net "clk_in", 0 0, o0x7fce6b77c778;  alias, 0 drivers
v0x1863d60_0 .net "clk_out", 0 0, L_0x1866830;  alias, 1 drivers
v0x1863e00_0 .var "divcounter", 8 0;
L_0x1866830 .part v0x1863e00_0, 8, 1;
S_0x1863f70 .scope module, "CH5" "divider" 3 73, 4 12 0, S_0x17fa0c0;
 .timescale 0 0;
    .port_info 0 /INPUT 1 "clk_in"
    .port_info 1 /OUTPUT 1 "clk_out"
P_0x18640f0 .param/l "M" 0 4 16, +C4<00000000000000000000000110101010>;
P_0x1864130 .param/l "N" 1 4 22, +C4<00000000000000000000000000001001>;
v0x18642e0_0 .net "clk_in", 0 0, o0x7fce6b77c778;  alias, 0 drivers
v0x1864380_0 .net "clk_out", 0 0, L_0x1866920;  alias, 1 drivers
v0x1864420_0 .var "divcounter", 8 0;
L_0x1866920 .part v0x1864420_0, 8, 1;
S_0x1864590 .scope module, "CH6" "divider" 3 80, 4 12 0, S_0x17fa0c0;
 .timescale 0 0;
    .port_info 0 /INPUT 1 "clk_in"
    .port_info 1 /OUTPUT 1 "clk_out"
P_0x1864760 .param/l "M" 0 4 16, +C4<00000000000000000000000101111100>;
P_0x18647a0 .param/l "N" 1 4 22, +C4<00000000000000000000000000001001>;
v0x1864950_0 .net "clk_in", 0 0, o0x7fce6b77c778;  alias, 0 drivers
v0x18649f0_0 .net "clk_out", 0 0, L_0x1866a10;  alias, 1 drivers
v0x1864a90_0 .var "divcounter", 8 0;
L_0x1866a10 .part v0x1864a90_0, 8, 1;
S_0x1864c00 .scope module, "CH7" "divider" 3 87, 4 12 0, S_0x17fa0c0;
 .timescale 0 0;
    .port_info 0 /INPUT 1 "clk_in"
    .port_info 1 /OUTPUT 1 "clk_out"
P_0x1864dd0 .param/l "M" 0 4 16, +C4<00000000000000000000001011001101>;
P_0x1864e10 .param/l "N" 1 4 22, +C4<00000000000000000000000000001010>;
v0x1864fc0_0 .net "clk_in", 0 0, o0x7fce6b77c778;  alias, 0 drivers
v0x1865060_0 .net "clk_out", 0 0, L_0x1866b00;  alias, 1 drivers
v0x1865100_0 .var "divcounter", 9 0;
L_0x1866b00 .part v0x1865100_0, 9, 1;
S_0x1865270 .scope module, "TIMER0" "divider" 3 241, 4 12 0, S_0x17fa0c0;
 .timescale 0 0;
    .port_info 0 /INPUT 1 "clk_in"
    .port_info 1 /OUTPUT 1 "clk_out"
P_0x18654d0 .param/l "M" 0 4 16, +C4<00000000010110111000110110000000>;
P_0x1865510 .param/l "N" 1 4 22, +C4<00000000000000000000000000010111>;
v0x1865670_0 .net "clk_in", 0 0, o0x7fce6b77c778;  alias, 0 drivers
v0x1865820_0 .net "clk_out", 0 0, L_0x1866bf0;  alias, 1 drivers
v0x18658c0_0 .var "divcounter", 22 0;
L_0x1866bf0 .part v0x18658c0_0, 22, 1;
    .scope S_0x1861d00;
T_0 ;
    %pushi/vec4 0, 0, 10;
    %store/vec4 v0x1862310_0, 0, 10;
    %end;
    .thread T_0;
    .scope S_0x1861d00;
T_1 ;
    %wait E_0x18620f0;
    %load/vec4 v0x1862310_0;
    %pad/u 32;
    %cmpi/e 716, 0, 32;
    %flag_mov 8, 4;
    %jmp/0 T_1.0, 8;
    %pushi/vec4 0, 0, 10;
    %jmp/1 T_1.1, 8;
T_1.0 ; End of true expr.
    %load/vec4 v0x1862310_0;
    %addi 1, 0, 10;
    %jmp/0 T_1.1, 8;
 ; End of false expr.
    %blend;
T_1.1;
    %assign/vec4 v0x1862310_0, 0;
    %jmp T_1;
    .thread T_1;
    .scope S_0x1862460;
T_2 ;
    %pushi/vec4 0, 0, 10;
    %store/vec4 v0x18629a0_0, 0, 10;
    %end;
    .thread T_2;
    .scope S_0x1862460;
T_3 ;
    %wait E_0x18620f0;
    %load/vec4 v0x18629a0_0;
    %pad/u 32;
    %cmpi/e 637, 0, 32;
    %flag_mov 8, 4;
    %jmp/0 T_3.0, 8;
    %pushi/vec4 0, 0, 10;
    %jmp/1 T_3.1, 8;
T_3.0 ; End of true expr.
    %load/vec4 v0x18629a0_0;
    %addi 1, 0, 10;
    %jmp/0 T_3.1, 8;
 ; End of false expr.
    %blend;
T_3.1;
    %assign/vec4 v0x18629a0_0, 0;
    %jmp T_3;
    .thread T_3;
    .scope S_0x1862af0;
T_4 ;
    %pushi/vec4 0, 0, 10;
    %store/vec4 v0x1863080_0, 0, 10;
    %end;
    .thread T_4;
    .scope S_0x1862af0;
T_5 ;
    %wait E_0x18620f0;
    %load/vec4 v0x1863080_0;
    %pad/u 32;
    %cmpi/e 568, 0, 32;
    %flag_mov 8, 4;
    %jmp/0 T_5.0, 8;
    %pushi/vec4 0, 0, 10;
    %jmp/1 T_5.1, 8;
T_5.0 ; End of true expr.
    %load/vec4 v0x1863080_0;
    %addi 1, 0, 10;
    %jmp/0 T_5.1, 8;
 ; End of false expr.
    %blend;
T_5.1;
    %assign/vec4 v0x1863080_0, 0;
    %jmp T_5;
    .thread T_5;
    .scope S_0x18631a0;
T_6 ;
    %pushi/vec4 0, 0, 10;
    %store/vec4 v0x18636d0_0, 0, 10;
    %end;
    .thread T_6;
    .scope S_0x18631a0;
T_7 ;
    %wait E_0x18620f0;
    %load/vec4 v0x18636d0_0;
    %pad/u 32;
    %cmpi/e 536, 0, 32;
    %flag_mov 8, 4;
    %jmp/0 T_7.0, 8;
    %pushi/vec4 0, 0, 10;
    %jmp/1 T_7.1, 8;
T_7.0 ; End of true expr.
    %load/vec4 v0x18636d0_0;
    %addi 1, 0, 10;
    %jmp/0 T_7.1, 8;
 ; End of false expr.
    %blend;
T_7.1;
    %assign/vec4 v0x18636d0_0, 0;
    %jmp T_7;
    .thread T_7;
    .scope S_0x1863820;
T_8 ;
    %pushi/vec4 0, 0, 9;
    %store/vec4 v0x1863e00_0, 0, 9;
    %end;
    .thread T_8;
    .scope S_0x1863820;
T_9 ;
    %wait E_0x18620f0;
    %load/vec4 v0x1863e00_0;
    %pad/u 32;
    %cmpi/e 477, 0, 32;
    %flag_mov 8, 4;
    %jmp/0 T_9.0, 8;
    %pushi/vec4 0, 0, 9;
    %jmp/1 T_9.1, 8;
T_9.0 ; End of true expr.
    %load/vec4 v0x1863e00_0;
    %addi 1, 0, 9;
    %jmp/0 T_9.1, 8;
 ; End of false expr.
    %blend;
T_9.1;
    %assign/vec4 v0x1863e00_0, 0;
    %jmp T_9;
    .thread T_9;
    .scope S_0x1863f70;
T_10 ;
    %pushi/vec4 0, 0, 9;
    %store/vec4 v0x1864420_0, 0, 9;
    %end;
    .thread T_10;
    .scope S_0x1863f70;
T_11 ;
    %wait E_0x18620f0;
    %load/vec4 v0x1864420_0;
    %pad/u 32;
    %cmpi/e 425, 0, 32;
    %flag_mov 8, 4;
    %jmp/0 T_11.0, 8;
    %pushi/vec4 0, 0, 9;
    %jmp/1 T_11.1, 8;
T_11.0 ; End of true expr.
    %load/vec4 v0x1864420_0;
    %addi 1, 0, 9;
    %jmp/0 T_11.1, 8;
 ; End of false expr.
    %blend;
T_11.1;
    %assign/vec4 v0x1864420_0, 0;
    %jmp T_11;
    .thread T_11;
    .scope S_0x1864590;
T_12 ;
    %pushi/vec4 0, 0, 9;
    %store/vec4 v0x1864a90_0, 0, 9;
    %end;
    .thread T_12;
    .scope S_0x1864590;
T_13 ;
    %wait E_0x18620f0;
    %load/vec4 v0x1864a90_0;
    %pad/u 32;
    %cmpi/e 379, 0, 32;
    %flag_mov 8, 4;
    %jmp/0 T_13.0, 8;
    %pushi/vec4 0, 0, 9;
    %jmp/1 T_13.1, 8;
T_13.0 ; End of true expr.
    %load/vec4 v0x1864a90_0;
    %addi 1, 0, 9;
    %jmp/0 T_13.1, 8;
 ; End of false expr.
    %blend;
T_13.1;
    %assign/vec4 v0x1864a90_0, 0;
    %jmp T_13;
    .thread T_13;
    .scope S_0x1864c00;
T_14 ;
    %pushi/vec4 0, 0, 10;
    %store/vec4 v0x1865100_0, 0, 10;
    %end;
    .thread T_14;
    .scope S_0x1864c00;
T_15 ;
    %wait E_0x18620f0;
    %load/vec4 v0x1865100_0;
    %pad/u 32;
    %cmpi/e 716, 0, 32;
    %flag_mov 8, 4;
    %jmp/0 T_15.0, 8;
    %pushi/vec4 0, 0, 10;
    %jmp/1 T_15.1, 8;
T_15.0 ; End of true expr.
    %load/vec4 v0x1865100_0;
    %addi 1, 0, 10;
    %jmp/0 T_15.1, 8;
 ; End of false expr.
    %blend;
T_15.1;
    %assign/vec4 v0x1865100_0, 0;
    %jmp T_15;
    .thread T_15;
    .scope S_0x1865270;
T_16 ;
    %pushi/vec4 0, 0, 23;
    %store/vec4 v0x18658c0_0, 0, 23;
    %end;
    .thread T_16;
    .scope S_0x1865270;
T_17 ;
    %wait E_0x18620f0;
    %load/vec4 v0x18658c0_0;
    %pad/u 32;
    %cmpi/e 5999999, 0, 32;
    %flag_mov 8, 4;
    %jmp/0 T_17.0, 8;
    %pushi/vec4 0, 0, 23;
    %jmp/1 T_17.1, 8;
T_17.0 ; End of true expr.
    %load/vec4 v0x18658c0_0;
    %addi 1, 0, 23;
    %jmp/0 T_17.1, 8;
 ; End of false expr.
    %blend;
T_17.1;
    %assign/vec4 v0x18658c0_0, 0;
    %jmp T_17;
    .thread T_17;
    .scope S_0x17fa0c0;
T_18 ;
    %pushi/vec4 0, 0, 6;
    %store/vec4 v0x1866380_0, 0, 6;
    %end;
    .thread T_18;
    .scope S_0x17fa0c0;
T_19 ;
    %pushi/vec4 60, 0, 6;
    %store/vec4 v0x1866420_0, 0, 6;
    %end;
    .thread T_19;
    .scope S_0x17fa0c0;
T_20 ;
    %wait E_0x1861c80;
    %load/vec4 v0x1866380_0;
    %dup/vec4;
    %pushi/vec4 0, 0, 6;
    %cmp/u;
    %jmp/1 T_20.0, 6;
    %dup/vec4;
    %pushi/vec4 1, 0, 6;
    %cmp/u;
    %jmp/1 T_20.1, 6;
    %dup/vec4;
    %pushi/vec4 2, 0, 6;
    %cmp/u;
    %jmp/1 T_20.2, 6;
    %dup/vec4;
    %pushi/vec4 3, 0, 6;
    %cmp/u;
    %jmp/1 T_20.3, 6;
    %dup/vec4;
    %pushi/vec4 4, 0, 6;
    %cmp/u;
    %jmp/1 T_20.4, 6;
    %dup/vec4;
    %pushi/vec4 5, 0, 6;
    %cmp/u;
    %jmp/1 T_20.5, 6;
    %dup/vec4;
    %pushi/vec4 6, 0, 6;
    %cmp/u;
    %jmp/1 T_20.6, 6;
    %dup/vec4;
    %pushi/vec4 7, 0, 6;
    %cmp/u;
    %jmp/1 T_20.7, 6;
    %dup/vec4;
    %pushi/vec4 8, 0, 6;
    %cmp/u;
    %jmp/1 T_20.8, 6;
    %dup/vec4;
    %pushi/vec4 9, 0, 6;
    %cmp/u;
    %jmp/1 T_20.9, 6;
    %dup/vec4;
    %pushi/vec4 10, 0, 6;
    %cmp/u;
    %jmp/1 T_20.10, 6;
    %dup/vec4;
    %pushi/vec4 11, 0, 6;
    %cmp/u;
    %jmp/1 T_20.11, 6;
    %dup/vec4;
    %pushi/vec4 12, 0, 6;
    %cmp/u;
    %jmp/1 T_20.12, 6;
    %dup/vec4;
    %pushi/vec4 13, 0, 6;
    %cmp/u;
    %jmp/1 T_20.13, 6;
    %dup/vec4;
    %pushi/vec4 14, 0, 6;
    %cmp/u;
    %jmp/1 T_20.14, 6;
    %dup/vec4;
    %pushi/vec4 15, 0, 6;
    %cmp/u;
    %jmp/1 T_20.15, 6;
    %dup/vec4;
    %pushi/vec4 16, 0, 6;
    %cmp/u;
    %jmp/1 T_20.16, 6;
    %dup/vec4;
    %pushi/vec4 17, 0, 6;
    %cmp/u;
    %jmp/1 T_20.17, 6;
    %dup/vec4;
    %pushi/vec4 18, 0, 6;
    %cmp/u;
    %jmp/1 T_20.18, 6;
    %dup/vec4;
    %pushi/vec4 19, 0, 6;
    %cmp/u;
    %jmp/1 T_20.19, 6;
    %dup/vec4;
    %pushi/vec4 20, 0, 6;
    %cmp/u;
    %jmp/1 T_20.20, 6;
    %dup/vec4;
    %pushi/vec4 21, 0, 6;
    %cmp/u;
    %jmp/1 T_20.21, 6;
    %dup/vec4;
    %pushi/vec4 22, 0, 6;
    %cmp/u;
    %jmp/1 T_20.22, 6;
    %dup/vec4;
    %pushi/vec4 23, 0, 6;
    %cmp/u;
    %jmp/1 T_20.23, 6;
    %dup/vec4;
    %pushi/vec4 24, 0, 6;
    %cmp/u;
    %jmp/1 T_20.24, 6;
    %dup/vec4;
    %pushi/vec4 25, 0, 6;
    %cmp/u;
    %jmp/1 T_20.25, 6;
    %dup/vec4;
    %pushi/vec4 26, 0, 6;
    %cmp/u;
    %jmp/1 T_20.26, 6;
    %dup/vec4;
    %pushi/vec4 27, 0, 6;
    %cmp/u;
    %jmp/1 T_20.27, 6;
    %dup/vec4;
    %pushi/vec4 28, 0, 6;
    %cmp/u;
    %jmp/1 T_20.28, 6;
    %dup/vec4;
    %pushi/vec4 29, 0, 6;
    %cmp/u;
    %jmp/1 T_20.29, 6;
    %dup/vec4;
    %pushi/vec4 30, 0, 6;
    %cmp/u;
    %jmp/1 T_20.30, 6;
    %dup/vec4;
    %pushi/vec4 31, 0, 6;
    %cmp/u;
    %jmp/1 T_20.31, 6;
    %dup/vec4;
    %pushi/vec4 32, 0, 6;
    %cmp/u;
    %jmp/1 T_20.32, 6;
    %dup/vec4;
    %pushi/vec4 33, 0, 6;
    %cmp/u;
    %jmp/1 T_20.33, 6;
    %dup/vec4;
    %pushi/vec4 34, 0, 6;
    %cmp/u;
    %jmp/1 T_20.34, 6;
    %dup/vec4;
    %pushi/vec4 35, 0, 6;
    %cmp/u;
    %jmp/1 T_20.35, 6;
    %dup/vec4;
    %pushi/vec4 36, 0, 6;
    %cmp/u;
    %jmp/1 T_20.36, 6;
    %dup/vec4;
    %pushi/vec4 37, 0, 6;
    %cmp/u;
    %jmp/1 T_20.37, 6;
    %dup/vec4;
    %pushi/vec4 38, 0, 6;
    %cmp/u;
    %jmp/1 T_20.38, 6;
    %dup/vec4;
    %pushi/vec4 39, 0, 6;
    %cmp/u;
    %jmp/1 T_20.39, 6;
    %pushi/vec4 0, 0, 1;
    %assign/vec4 v0x1866040_0, 0;
    %jmp T_20.41;
T_20.0 ;
    %load/vec4 v0x18659a0_0;
    %assign/vec4 v0x1866040_0, 0;
    %jmp T_20.41;
T_20.1 ;
    %load/vec4 v0x1865a40_0;
    %assign/vec4 v0x1866040_0, 0;
    %jmp T_20.41;
T_20.2 ;
    %load/vec4 v0x1865b10_0;
    %assign/vec4 v0x1866040_0, 0;
    %jmp T_20.41;
T_20.3 ;
    %load/vec4 v0x18659a0_0;
    %assign/vec4 v0x1866040_0, 0;
    %jmp T_20.41;
T_20.4 ;
    %pushi/vec4 0, 0, 1;
    %assign/vec4 v0x1866040_0, 0;
    %jmp T_20.41;
T_20.5 ;
    %load/vec4 v0x18659a0_0;
    %assign/vec4 v0x1866040_0, 0;
    %jmp T_20.41;
T_20.6 ;
    %load/vec4 v0x1865a40_0;
    %assign/vec4 v0x1866040_0, 0;
    %jmp T_20.41;
T_20.7 ;
    %load/vec4 v0x1865b10_0;
    %assign/vec4 v0x1866040_0, 0;
    %jmp T_20.41;
T_20.8 ;
    %load/vec4 v0x18659a0_0;
    %assign/vec4 v0x1866040_0, 0;
    %jmp T_20.41;
T_20.9 ;
    %pushi/vec4 0, 0, 1;
    %assign/vec4 v0x1866040_0, 0;
    %jmp T_20.41;
T_20.10 ;
    %load/vec4 v0x1865b10_0;
    %assign/vec4 v0x1866040_0, 0;
    %jmp T_20.41;
T_20.11 ;
    %load/vec4 v0x1865c10_0;
    %assign/vec4 v0x1866040_0, 0;
    %jmp T_20.41;
T_20.12 ;
    %load/vec4 v0x1865ce0_0;
    %assign/vec4 v0x1866040_0, 0;
    %jmp T_20.41;
T_20.13 ;
    %pushi/vec4 0, 0, 1;
    %assign/vec4 v0x1866040_0, 0;
    %jmp T_20.41;
T_20.14 ;
    %load/vec4 v0x1865b10_0;
    %assign/vec4 v0x1866040_0, 0;
    %jmp T_20.41;
T_20.15 ;
    %load/vec4 v0x1865c10_0;
    %assign/vec4 v0x1866040_0, 0;
    %jmp T_20.41;
T_20.16 ;
    %load/vec4 v0x1865ce0_0;
    %assign/vec4 v0x1866040_0, 0;
    %jmp T_20.41;
T_20.17 ;
    %pushi/vec4 0, 0, 1;
    %assign/vec4 v0x1866040_0, 0;
    %jmp T_20.41;
T_20.18 ;
    %load/vec4 v0x1865ce0_0;
    %assign/vec4 v0x1866040_0, 0;
    %jmp T_20.41;
T_20.19 ;
    %load/vec4 v0x1865dd0_0;
    %assign/vec4 v0x1866040_0, 0;
    %jmp T_20.41;
T_20.20 ;
    %load/vec4 v0x1865ce0_0;
    %assign/vec4 v0x1866040_0, 0;
    %jmp T_20.41;
T_20.21 ;
    %load/vec4 v0x1865c10_0;
    %assign/vec4 v0x1866040_0, 0;
    %jmp T_20.41;
T_20.22 ;
    %load/vec4 v0x1865b10_0;
    %assign/vec4 v0x1866040_0, 0;
    %jmp T_20.41;
T_20.23 ;
    %load/vec4 v0x18659a0_0;
    %assign/vec4 v0x1866040_0, 0;
    %jmp T_20.41;
T_20.24 ;
    %pushi/vec4 0, 0, 1;
    %assign/vec4 v0x1866040_0, 0;
    %jmp T_20.41;
T_20.25 ;
    %load/vec4 v0x1865ce0_0;
    %assign/vec4 v0x1866040_0, 0;
    %jmp T_20.41;
T_20.26 ;
    %load/vec4 v0x1865dd0_0;
    %assign/vec4 v0x1866040_0, 0;
    %jmp T_20.41;
T_20.27 ;
    %load/vec4 v0x1865ce0_0;
    %assign/vec4 v0x1866040_0, 0;
    %jmp T_20.41;
T_20.28 ;
    %load/vec4 v0x1865c10_0;
    %assign/vec4 v0x1866040_0, 0;
    %jmp T_20.41;
T_20.29 ;
    %load/vec4 v0x1865b10_0;
    %assign/vec4 v0x1866040_0, 0;
    %jmp T_20.41;
T_20.30 ;
    %load/vec4 v0x18659a0_0;
    %assign/vec4 v0x1866040_0, 0;
    %jmp T_20.41;
T_20.31 ;
    %pushi/vec4 0, 0, 1;
    %assign/vec4 v0x1866040_0, 0;
    %jmp T_20.41;
T_20.32 ;
    %load/vec4 v0x18659a0_0;
    %assign/vec4 v0x1866040_0, 0;
    %jmp T_20.41;
T_20.33 ;
    %load/vec4 v0x1865ce0_0;
    %assign/vec4 v0x1866040_0, 0;
    %jmp T_20.41;
T_20.34 ;
    %load/vec4 v0x18659a0_0;
    %assign/vec4 v0x1866040_0, 0;
    %jmp T_20.41;
T_20.35 ;
    %pushi/vec4 0, 0, 1;
    %assign/vec4 v0x1866040_0, 0;
    %jmp T_20.41;
T_20.36 ;
    %load/vec4 v0x18659a0_0;
    %assign/vec4 v0x1866040_0, 0;
    %jmp T_20.41;
T_20.37 ;
    %load/vec4 v0x1865ce0_0;
    %assign/vec4 v0x1866040_0, 0;
    %jmp T_20.41;
T_20.38 ;
    %load/vec4 v0x18659a0_0;
    %assign/vec4 v0x1866040_0, 0;
    %jmp T_20.41;
T_20.39 ;
    %pushi/vec4 0, 0, 1;
    %assign/vec4 v0x1866040_0, 0;
    %jmp T_20.41;
T_20.41 ;
    %pop/vec4 1;
    %jmp T_20;
    .thread T_20, $push;
    .scope S_0x17fa0c0;
T_21 ;
    %wait E_0x1841c20;
    %load/vec4 v0x1866420_0;
    %dup/vec4;
    %pushi/vec4 0, 0, 6;
    %cmp/u;
    %jmp/1 T_21.0, 6;
    %dup/vec4;
    %pushi/vec4 1, 0, 6;
    %cmp/u;
    %jmp/1 T_21.1, 6;
    %dup/vec4;
    %pushi/vec4 2, 0, 6;
    %cmp/u;
    %jmp/1 T_21.2, 6;
    %dup/vec4;
    %pushi/vec4 3, 0, 6;
    %cmp/u;
    %jmp/1 T_21.3, 6;
    %dup/vec4;
    %pushi/vec4 4, 0, 6;
    %cmp/u;
    %jmp/1 T_21.4, 6;
    %dup/vec4;
    %pushi/vec4 5, 0, 6;
    %cmp/u;
    %jmp/1 T_21.5, 6;
    %dup/vec4;
    %pushi/vec4 6, 0, 6;
    %cmp/u;
    %jmp/1 T_21.6, 6;
    %dup/vec4;
    %pushi/vec4 7, 0, 6;
    %cmp/u;
    %jmp/1 T_21.7, 6;
    %dup/vec4;
    %pushi/vec4 8, 0, 6;
    %cmp/u;
    %jmp/1 T_21.8, 6;
    %dup/vec4;
    %pushi/vec4 9, 0, 6;
    %cmp/u;
    %jmp/1 T_21.9, 6;
    %dup/vec4;
    %pushi/vec4 10, 0, 6;
    %cmp/u;
    %jmp/1 T_21.10, 6;
    %dup/vec4;
    %pushi/vec4 11, 0, 6;
    %cmp/u;
    %jmp/1 T_21.11, 6;
    %dup/vec4;
    %pushi/vec4 12, 0, 6;
    %cmp/u;
    %jmp/1 T_21.12, 6;
    %dup/vec4;
    %pushi/vec4 13, 0, 6;
    %cmp/u;
    %jmp/1 T_21.13, 6;
    %dup/vec4;
    %pushi/vec4 14, 0, 6;
    %cmp/u;
    %jmp/1 T_21.14, 6;
    %dup/vec4;
    %pushi/vec4 15, 0, 6;
    %cmp/u;
    %jmp/1 T_21.15, 6;
    %dup/vec4;
    %pushi/vec4 16, 0, 6;
    %cmp/u;
    %jmp/1 T_21.16, 6;
    %dup/vec4;
    %pushi/vec4 17, 0, 6;
    %cmp/u;
    %jmp/1 T_21.17, 6;
    %dup/vec4;
    %pushi/vec4 18, 0, 6;
    %cmp/u;
    %jmp/1 T_21.18, 6;
    %dup/vec4;
    %pushi/vec4 19, 0, 6;
    %cmp/u;
    %jmp/1 T_21.19, 6;
    %dup/vec4;
    %pushi/vec4 20, 0, 6;
    %cmp/u;
    %jmp/1 T_21.20, 6;
    %dup/vec4;
    %pushi/vec4 21, 0, 6;
    %cmp/u;
    %jmp/1 T_21.21, 6;
    %dup/vec4;
    %pushi/vec4 22, 0, 6;
    %cmp/u;
    %jmp/1 T_21.22, 6;
    %dup/vec4;
    %pushi/vec4 23, 0, 6;
    %cmp/u;
    %jmp/1 T_21.23, 6;
    %dup/vec4;
    %pushi/vec4 24, 0, 6;
    %cmp/u;
    %jmp/1 T_21.24, 6;
    %dup/vec4;
    %pushi/vec4 25, 0, 6;
    %cmp/u;
    %jmp/1 T_21.25, 6;
    %dup/vec4;
    %pushi/vec4 26, 0, 6;
    %cmp/u;
    %jmp/1 T_21.26, 6;
    %dup/vec4;
    %pushi/vec4 27, 0, 6;
    %cmp/u;
    %jmp/1 T_21.27, 6;
    %dup/vec4;
    %pushi/vec4 28, 0, 6;
    %cmp/u;
    %jmp/1 T_21.28, 6;
    %dup/vec4;
    %pushi/vec4 29, 0, 6;
    %cmp/u;
    %jmp/1 T_21.29, 6;
    %dup/vec4;
    %pushi/vec4 30, 0, 6;
    %cmp/u;
    %jmp/1 T_21.30, 6;
    %dup/vec4;
    %pushi/vec4 31, 0, 6;
    %cmp/u;
    %jmp/1 T_21.31, 6;
    %dup/vec4;
    %pushi/vec4 32, 0, 6;
    %cmp/u;
    %jmp/1 T_21.32, 6;
    %dup/vec4;
    %pushi/vec4 33, 0, 6;
    %cmp/u;
    %jmp/1 T_21.33, 6;
    %dup/vec4;
    %pushi/vec4 34, 0, 6;
    %cmp/u;
    %jmp/1 T_21.34, 6;
    %dup/vec4;
    %pushi/vec4 35, 0, 6;
    %cmp/u;
    %jmp/1 T_21.35, 6;
    %dup/vec4;
    %pushi/vec4 36, 0, 6;
    %cmp/u;
    %jmp/1 T_21.36, 6;
    %dup/vec4;
    %pushi/vec4 37, 0, 6;
    %cmp/u;
    %jmp/1 T_21.37, 6;
    %dup/vec4;
    %pushi/vec4 38, 0, 6;
    %cmp/u;
    %jmp/1 T_21.38, 6;
    %dup/vec4;
    %pushi/vec4 39, 0, 6;
    %cmp/u;
    %jmp/1 T_21.39, 6;
    %pushi/vec4 0, 0, 1;
    %assign/vec4 v0x1866170_0, 0;
    %jmp T_21.41;
T_21.0 ;
    %load/vec4 v0x18659a0_0;
    %assign/vec4 v0x1866170_0, 0;
    %jmp T_21.41;
T_21.1 ;
    %load/vec4 v0x1865a40_0;
    %assign/vec4 v0x1866170_0, 0;
    %jmp T_21.41;
T_21.2 ;
    %load/vec4 v0x1865b10_0;
    %assign/vec4 v0x1866170_0, 0;
    %jmp T_21.41;
T_21.3 ;
    %load/vec4 v0x18659a0_0;
    %assign/vec4 v0x1866170_0, 0;
    %jmp T_21.41;
T_21.4 ;
    %pushi/vec4 0, 0, 1;
    %assign/vec4 v0x1866170_0, 0;
    %jmp T_21.41;
T_21.5 ;
    %load/vec4 v0x18659a0_0;
    %assign/vec4 v0x1866170_0, 0;
    %jmp T_21.41;
T_21.6 ;
    %load/vec4 v0x1865a40_0;
    %assign/vec4 v0x1866170_0, 0;
    %jmp T_21.41;
T_21.7 ;
    %load/vec4 v0x1865b10_0;
    %assign/vec4 v0x1866170_0, 0;
    %jmp T_21.41;
T_21.8 ;
    %load/vec4 v0x18659a0_0;
    %assign/vec4 v0x1866170_0, 0;
    %jmp T_21.41;
T_21.9 ;
    %pushi/vec4 0, 0, 1;
    %assign/vec4 v0x1866170_0, 0;
    %jmp T_21.41;
T_21.10 ;
    %load/vec4 v0x1865b10_0;
    %assign/vec4 v0x1866170_0, 0;
    %jmp T_21.41;
T_21.11 ;
    %load/vec4 v0x1865c10_0;
    %assign/vec4 v0x1866170_0, 0;
    %jmp T_21.41;
T_21.12 ;
    %load/vec4 v0x1865ce0_0;
    %assign/vec4 v0x1866170_0, 0;
    %jmp T_21.41;
T_21.13 ;
    %pushi/vec4 0, 0, 1;
    %assign/vec4 v0x1866170_0, 0;
    %jmp T_21.41;
T_21.14 ;
    %load/vec4 v0x1865b10_0;
    %assign/vec4 v0x1866170_0, 0;
    %jmp T_21.41;
T_21.15 ;
    %load/vec4 v0x1865c10_0;
    %assign/vec4 v0x1866170_0, 0;
    %jmp T_21.41;
T_21.16 ;
    %load/vec4 v0x1865ce0_0;
    %assign/vec4 v0x1866170_0, 0;
    %jmp T_21.41;
T_21.17 ;
    %pushi/vec4 0, 0, 1;
    %assign/vec4 v0x1866170_0, 0;
    %jmp T_21.41;
T_21.18 ;
    %load/vec4 v0x1865ce0_0;
    %assign/vec4 v0x1866170_0, 0;
    %jmp T_21.41;
T_21.19 ;
    %load/vec4 v0x1865dd0_0;
    %assign/vec4 v0x1866170_0, 0;
    %jmp T_21.41;
T_21.20 ;
    %load/vec4 v0x1865ce0_0;
    %assign/vec4 v0x1866170_0, 0;
    %jmp T_21.41;
T_21.21 ;
    %load/vec4 v0x1865c10_0;
    %assign/vec4 v0x1866170_0, 0;
    %jmp T_21.41;
T_21.22 ;
    %load/vec4 v0x1865b10_0;
    %assign/vec4 v0x1866170_0, 0;
    %jmp T_21.41;
T_21.23 ;
    %load/vec4 v0x18659a0_0;
    %assign/vec4 v0x1866170_0, 0;
    %jmp T_21.41;
T_21.24 ;
    %pushi/vec4 0, 0, 1;
    %assign/vec4 v0x1866170_0, 0;
    %jmp T_21.41;
T_21.25 ;
    %load/vec4 v0x1865ce0_0;
    %assign/vec4 v0x1866170_0, 0;
    %jmp T_21.41;
T_21.26 ;
    %load/vec4 v0x1865dd0_0;
    %assign/vec4 v0x1866170_0, 0;
    %jmp T_21.41;
T_21.27 ;
    %load/vec4 v0x1865ce0_0;
    %assign/vec4 v0x1866170_0, 0;
    %jmp T_21.41;
T_21.28 ;
    %load/vec4 v0x1865c10_0;
    %assign/vec4 v0x1866170_0, 0;
    %jmp T_21.41;
T_21.29 ;
    %load/vec4 v0x1865b10_0;
    %assign/vec4 v0x1866170_0, 0;
    %jmp T_21.41;
T_21.30 ;
    %load/vec4 v0x18659a0_0;
    %assign/vec4 v0x1866170_0, 0;
    %jmp T_21.41;
T_21.31 ;
    %pushi/vec4 0, 0, 1;
    %assign/vec4 v0x1866170_0, 0;
    %jmp T_21.41;
T_21.32 ;
    %load/vec4 v0x18659a0_0;
    %assign/vec4 v0x1866170_0, 0;
    %jmp T_21.41;
T_21.33 ;
    %load/vec4 v0x1865ce0_0;
    %assign/vec4 v0x1866170_0, 0;
    %jmp T_21.41;
T_21.34 ;
    %load/vec4 v0x18659a0_0;
    %assign/vec4 v0x1866170_0, 0;
    %jmp T_21.41;
T_21.35 ;
    %pushi/vec4 0, 0, 1;
    %assign/vec4 v0x1866170_0, 0;
    %jmp T_21.41;
T_21.36 ;
    %load/vec4 v0x18659a0_0;
    %assign/vec4 v0x1866170_0, 0;
    %jmp T_21.41;
T_21.37 ;
    %load/vec4 v0x1865ce0_0;
    %assign/vec4 v0x1866170_0, 0;
    %jmp T_21.41;
T_21.38 ;
    %load/vec4 v0x18659a0_0;
    %assign/vec4 v0x1866170_0, 0;
    %jmp T_21.41;
T_21.39 ;
    %pushi/vec4 0, 0, 1;
    %assign/vec4 v0x1866170_0, 0;
    %jmp T_21.41;
T_21.41 ;
    %pop/vec4 1;
    %jmp T_21;
    .thread T_21, $push;
    .scope S_0x17fa0c0;
T_22 ;
    %wait E_0x1804f00;
    %load/vec4 v0x1866380_0;
    %addi 1, 0, 6;
    %assign/vec4 v0x1866380_0, 0;
    %load/vec4 v0x1866420_0;
    %addi 1, 0, 6;
    %assign/vec4 v0x1866420_0, 0;
    %jmp T_22;
    .thread T_22;
# The file index is used to find the file name in the following table.
:file_names 5;
    "N/A";
    "<interactive>";
    "/home/jcarolinares/.apio/packages/toolchain-iverilog/vlib/system.v";
    "secnotes.v";
    "divider.v";
