#! /usr/local/bin/vvp
:ivl_version "10.1 (stable)";
:ivl_delay_selection "TYPICAL";
:vpi_time_precision + 0;
:vpi_module "system";
:vpi_module "vhdl_sys";
:vpi_module "v2005_math";
:vpi_module "va_math";
S_0x11cf160 .scope module, "SB_CARRY" "SB_CARRY" 2 202;
 .timescale 0 0;
    .port_info 0 /INPUT 1 "I0"
    .port_info 1 /INPUT 1 "I1"
    .port_info 2 /INPUT 1 "CI"
    .port_info 3 /OUTPUT 1 "CO"
o0x7f107a650018 .functor BUFZ 1, C4<z>; HiZ drive
v0x11c5bc0_0 .net "CI", 0 0, o0x7f107a650018;  0 drivers
o0x7f107a650048 .functor BUFZ 1, C4<z>; HiZ drive
v0x11ebdf0_0 .net "CO", 0 0, o0x7f107a650048;  0 drivers
o0x7f107a650078 .functor BUFZ 1, C4<z>; HiZ drive
v0x11ebeb0_0 .net "I0", 0 0, o0x7f107a650078;  0 drivers
o0x7f107a6500a8 .functor BUFZ 1, C4<z>; HiZ drive
v0x11ebf80_0 .net "I1", 0 0, o0x7f107a6500a8;  0 drivers
S_0x11cb770 .scope module, "SB_DFF" "SB_DFF" 2 16;
 .timescale 0 0;
    .port_info 0 /INPUT 1 "C"
    .port_info 1 /INPUT 1 "D"
    .port_info 2 /OUTPUT 1 "Q"
o0x7f107a650198 .functor BUFZ 1, C4<z>; HiZ drive
v0x11ec0f0_0 .net "C", 0 0, o0x7f107a650198;  0 drivers
o0x7f107a6501c8 .functor BUFZ 1, C4<z>; HiZ drive
v0x11ec1d0_0 .net "D", 0 0, o0x7f107a6501c8;  0 drivers
o0x7f107a6501f8 .functor BUFZ 1, C4<z>; HiZ drive
v0x11ec290_0 .net "Q", 0 0, o0x7f107a6501f8;  0 drivers
S_0x11c7da0 .scope module, "SB_DFFE" "SB_DFFE" 2 24;
 .timescale 0 0;
    .port_info 0 /INPUT 1 "C"
    .port_info 1 /INPUT 1 "D"
    .port_info 2 /INPUT 1 "E"
    .port_info 3 /OUTPUT 1 "Q"
o0x7f107a6502b8 .functor BUFZ 1, C4<z>; HiZ drive
v0x11ec3e0_0 .net "C", 0 0, o0x7f107a6502b8;  0 drivers
o0x7f107a6502e8 .functor BUFZ 1, C4<z>; HiZ drive
v0x11ec4a0_0 .net "D", 0 0, o0x7f107a6502e8;  0 drivers
o0x7f107a650318 .functor BUFZ 1, C4<z>; HiZ drive
v0x11ec560_0 .net "E", 0 0, o0x7f107a650318;  0 drivers
o0x7f107a650348 .functor BUFZ 1, C4<z>; HiZ drive
v0x11ec630_0 .net "Q", 0 0, o0x7f107a650348;  0 drivers
S_0x11cc4f0 .scope module, "SB_DFFER" "SB_DFFER" 2 79;
 .timescale 0 0;
    .port_info 0 /INPUT 1 "C"
    .port_info 1 /INPUT 1 "D"
    .port_info 2 /INPUT 1 "R"
    .port_info 3 /INPUT 1 "E"
    .port_info 4 /OUTPUT 1 "Q"
o0x7f107a650438 .functor BUFZ 1, C4<z>; HiZ drive
v0x11ec7a0_0 .net "C", 0 0, o0x7f107a650438;  0 drivers
o0x7f107a650468 .functor BUFZ 1, C4<z>; HiZ drive
v0x11ec880_0 .net "D", 0 0, o0x7f107a650468;  0 drivers
o0x7f107a650498 .functor BUFZ 1, C4<z>; HiZ drive
v0x11ec940_0 .net "E", 0 0, o0x7f107a650498;  0 drivers
o0x7f107a6504c8 .functor BUFZ 1, C4<z>; HiZ drive
v0x11eca10_0 .net "Q", 0 0, o0x7f107a6504c8;  0 drivers
o0x7f107a6504f8 .functor BUFZ 1, C4<z>; HiZ drive
v0x11ecad0_0 .net "R", 0 0, o0x7f107a6504f8;  0 drivers
S_0x11c8b60 .scope module, "SB_DFFES" "SB_DFFES" 2 99;
 .timescale 0 0;
    .port_info 0 /INPUT 1 "C"
    .port_info 1 /INPUT 1 "D"
    .port_info 2 /INPUT 1 "E"
    .port_info 3 /INPUT 1 "S"
    .port_info 4 /OUTPUT 1 "Q"
o0x7f107a650618 .functor BUFZ 1, C4<z>; HiZ drive
v0x11ecc80_0 .net "C", 0 0, o0x7f107a650618;  0 drivers
o0x7f107a650648 .functor BUFZ 1, C4<z>; HiZ drive
v0x11ecd60_0 .net "D", 0 0, o0x7f107a650648;  0 drivers
o0x7f107a650678 .functor BUFZ 1, C4<z>; HiZ drive
v0x11ece20_0 .net "E", 0 0, o0x7f107a650678;  0 drivers
o0x7f107a6506a8 .functor BUFZ 1, C4<z>; HiZ drive
v0x11ecef0_0 .net "Q", 0 0, o0x7f107a6506a8;  0 drivers
o0x7f107a6506d8 .functor BUFZ 1, C4<z>; HiZ drive
v0x11ecfb0_0 .net "S", 0 0, o0x7f107a6506d8;  0 drivers
S_0x11c5190 .scope module, "SB_DFFESR" "SB_DFFESR" 2 69;
 .timescale 0 0;
    .port_info 0 /INPUT 1 "C"
    .port_info 1 /INPUT 1 "D"
    .port_info 2 /INPUT 1 "R"
    .port_info 3 /INPUT 1 "E"
    .port_info 4 /OUTPUT 1 "Q"
o0x7f107a6507f8 .functor BUFZ 1, C4<z>; HiZ drive
v0x11ed160_0 .net "C", 0 0, o0x7f107a6507f8;  0 drivers
o0x7f107a650828 .functor BUFZ 1, C4<z>; HiZ drive
v0x11ed240_0 .net "D", 0 0, o0x7f107a650828;  0 drivers
o0x7f107a650858 .functor BUFZ 1, C4<z>; HiZ drive
v0x11ed300_0 .net "E", 0 0, o0x7f107a650858;  0 drivers
o0x7f107a650888 .functor BUFZ 1, C4<z>; HiZ drive
v0x11ed3d0_0 .net "Q", 0 0, o0x7f107a650888;  0 drivers
o0x7f107a6508b8 .functor BUFZ 1, C4<z>; HiZ drive
v0x11ed490_0 .net "R", 0 0, o0x7f107a6508b8;  0 drivers
S_0x11d0f10 .scope module, "SB_DFFESS" "SB_DFFESS" 2 89;
 .timescale 0 0;
    .port_info 0 /INPUT 1 "C"
    .port_info 1 /INPUT 1 "D"
    .port_info 2 /INPUT 1 "E"
    .port_info 3 /INPUT 1 "S"
    .port_info 4 /OUTPUT 1 "Q"
o0x7f107a6509d8 .functor BUFZ 1, C4<z>; HiZ drive
v0x11ed640_0 .net "C", 0 0, o0x7f107a6509d8;  0 drivers
o0x7f107a650a08 .functor BUFZ 1, C4<z>; HiZ drive
v0x11ed720_0 .net "D", 0 0, o0x7f107a650a08;  0 drivers
o0x7f107a650a38 .functor BUFZ 1, C4<z>; HiZ drive
v0x11ed7e0_0 .net "E", 0 0, o0x7f107a650a38;  0 drivers
o0x7f107a650a68 .functor BUFZ 1, C4<z>; HiZ drive
v0x11ed8b0_0 .net "Q", 0 0, o0x7f107a650a68;  0 drivers
o0x7f107a650a98 .functor BUFZ 1, C4<z>; HiZ drive
v0x11ed970_0 .net "S", 0 0, o0x7f107a650a98;  0 drivers
S_0x1150ef0 .scope module, "SB_DFFN" "SB_DFFN" 2 109;
 .timescale 0 0;
    .port_info 0 /INPUT 1 "C"
    .port_info 1 /INPUT 1 "D"
    .port_info 2 /OUTPUT 1 "Q"
o0x7f107a650bb8 .functor BUFZ 1, C4<z>; HiZ drive
v0x11edb20_0 .net "C", 0 0, o0x7f107a650bb8;  0 drivers
o0x7f107a650be8 .functor BUFZ 1, C4<z>; HiZ drive
v0x11edc00_0 .net "D", 0 0, o0x7f107a650be8;  0 drivers
o0x7f107a650c18 .functor BUFZ 1, C4<z>; HiZ drive
v0x11edcc0_0 .net "Q", 0 0, o0x7f107a650c18;  0 drivers
S_0x1188590 .scope module, "SB_DFFNE" "SB_DFFNE" 2 117;
 .timescale 0 0;
    .port_info 0 /INPUT 1 "C"
    .port_info 1 /INPUT 1 "D"
    .port_info 2 /INPUT 1 "E"
    .port_info 3 /OUTPUT 1 "Q"
o0x7f107a650cd8 .functor BUFZ 1, C4<z>; HiZ drive
v0x11ede10_0 .net "C", 0 0, o0x7f107a650cd8;  0 drivers
o0x7f107a650d08 .functor BUFZ 1, C4<z>; HiZ drive
v0x11eded0_0 .net "D", 0 0, o0x7f107a650d08;  0 drivers
o0x7f107a650d38 .functor BUFZ 1, C4<z>; HiZ drive
v0x11edf90_0 .net "E", 0 0, o0x7f107a650d38;  0 drivers
o0x7f107a650d68 .functor BUFZ 1, C4<z>; HiZ drive
v0x11ee060_0 .net "Q", 0 0, o0x7f107a650d68;  0 drivers
S_0x1188740 .scope module, "SB_DFFNER" "SB_DFFNER" 2 172;
 .timescale 0 0;
    .port_info 0 /INPUT 1 "C"
    .port_info 1 /INPUT 1 "D"
    .port_info 2 /INPUT 1 "E"
    .port_info 3 /INPUT 1 "R"
    .port_info 4 /OUTPUT 1 "Q"
o0x7f107a650e58 .functor BUFZ 1, C4<z>; HiZ drive
v0x11ee1d0_0 .net "C", 0 0, o0x7f107a650e58;  0 drivers
o0x7f107a650e88 .functor BUFZ 1, C4<z>; HiZ drive
v0x11ee2b0_0 .net "D", 0 0, o0x7f107a650e88;  0 drivers
o0x7f107a650eb8 .functor BUFZ 1, C4<z>; HiZ drive
v0x11ee370_0 .net "E", 0 0, o0x7f107a650eb8;  0 drivers
o0x7f107a650ee8 .functor BUFZ 1, C4<z>; HiZ drive
v0x11ee410_0 .net "Q", 0 0, o0x7f107a650ee8;  0 drivers
o0x7f107a650f18 .functor BUFZ 1, C4<z>; HiZ drive
v0x11ee4d0_0 .net "R", 0 0, o0x7f107a650f18;  0 drivers
S_0x118d250 .scope module, "SB_DFFNES" "SB_DFFNES" 2 192;
 .timescale 0 0;
    .port_info 0 /INPUT 1 "C"
    .port_info 1 /INPUT 1 "D"
    .port_info 2 /INPUT 1 "E"
    .port_info 3 /INPUT 1 "S"
    .port_info 4 /OUTPUT 1 "Q"
o0x7f107a651038 .functor BUFZ 1, C4<z>; HiZ drive
v0x11ee680_0 .net "C", 0 0, o0x7f107a651038;  0 drivers
o0x7f107a651068 .functor BUFZ 1, C4<z>; HiZ drive
v0x11ee760_0 .net "D", 0 0, o0x7f107a651068;  0 drivers
o0x7f107a651098 .functor BUFZ 1, C4<z>; HiZ drive
v0x11ee820_0 .net "E", 0 0, o0x7f107a651098;  0 drivers
o0x7f107a6510c8 .functor BUFZ 1, C4<z>; HiZ drive
v0x11ee8c0_0 .net "Q", 0 0, o0x7f107a6510c8;  0 drivers
o0x7f107a6510f8 .functor BUFZ 1, C4<z>; HiZ drive
v0x11ee980_0 .net "S", 0 0, o0x7f107a6510f8;  0 drivers
S_0x118d480 .scope module, "SB_DFFNESR" "SB_DFFNESR" 2 162;
 .timescale 0 0;
    .port_info 0 /INPUT 1 "C"
    .port_info 1 /INPUT 1 "D"
    .port_info 2 /INPUT 1 "E"
    .port_info 3 /INPUT 1 "R"
    .port_info 4 /OUTPUT 1 "Q"
o0x7f107a651218 .functor BUFZ 1, C4<z>; HiZ drive
v0x11eeb30_0 .net "C", 0 0, o0x7f107a651218;  0 drivers
o0x7f107a651248 .functor BUFZ 1, C4<z>; HiZ drive
v0x11eec10_0 .net "D", 0 0, o0x7f107a651248;  0 drivers
o0x7f107a651278 .functor BUFZ 1, C4<z>; HiZ drive
v0x11eecd0_0 .net "E", 0 0, o0x7f107a651278;  0 drivers
o0x7f107a6512a8 .functor BUFZ 1, C4<z>; HiZ drive
v0x11eed70_0 .net "Q", 0 0, o0x7f107a6512a8;  0 drivers
o0x7f107a6512d8 .functor BUFZ 1, C4<z>; HiZ drive
v0x11eee30_0 .net "R", 0 0, o0x7f107a6512d8;  0 drivers
S_0x118ef30 .scope module, "SB_DFFNESS" "SB_DFFNESS" 2 182;
 .timescale 0 0;
    .port_info 0 /INPUT 1 "C"
    .port_info 1 /INPUT 1 "D"
    .port_info 2 /INPUT 1 "E"
    .port_info 3 /INPUT 1 "S"
    .port_info 4 /OUTPUT 1 "Q"
o0x7f107a6513f8 .functor BUFZ 1, C4<z>; HiZ drive
v0x11eefe0_0 .net "C", 0 0, o0x7f107a6513f8;  0 drivers
o0x7f107a651428 .functor BUFZ 1, C4<z>; HiZ drive
v0x11ef0c0_0 .net "D", 0 0, o0x7f107a651428;  0 drivers
o0x7f107a651458 .functor BUFZ 1, C4<z>; HiZ drive
v0x11ef180_0 .net "E", 0 0, o0x7f107a651458;  0 drivers
o0x7f107a651488 .functor BUFZ 1, C4<z>; HiZ drive
v0x11ef250_0 .net "Q", 0 0, o0x7f107a651488;  0 drivers
o0x7f107a6514b8 .functor BUFZ 1, C4<z>; HiZ drive
v0x11ef310_0 .net "S", 0 0, o0x7f107a6514b8;  0 drivers
S_0x118f160 .scope module, "SB_DFFNR" "SB_DFFNR" 2 135;
 .timescale 0 0;
    .port_info 0 /INPUT 1 "C"
    .port_info 1 /INPUT 1 "D"
    .port_info 2 /INPUT 1 "R"
    .port_info 3 /OUTPUT 1 "Q"
o0x7f107a6515d8 .functor BUFZ 1, C4<z>; HiZ drive
v0x11ef4c0_0 .net "C", 0 0, o0x7f107a6515d8;  0 drivers
o0x7f107a651608 .functor BUFZ 1, C4<z>; HiZ drive
v0x11ef5a0_0 .net "D", 0 0, o0x7f107a651608;  0 drivers
o0x7f107a651638 .functor BUFZ 1, C4<z>; HiZ drive
v0x11ef660_0 .net "Q", 0 0, o0x7f107a651638;  0 drivers
o0x7f107a651668 .functor BUFZ 1, C4<z>; HiZ drive
v0x11ef700_0 .net "R", 0 0, o0x7f107a651668;  0 drivers
S_0x118c3c0 .scope module, "SB_DFFNS" "SB_DFFNS" 2 153;
 .timescale 0 0;
    .port_info 0 /INPUT 1 "C"
    .port_info 1 /INPUT 1 "D"
    .port_info 2 /INPUT 1 "S"
    .port_info 3 /OUTPUT 1 "Q"
o0x7f107a651758 .functor BUFZ 1, C4<z>; HiZ drive
v0x11ef870_0 .net "C", 0 0, o0x7f107a651758;  0 drivers
o0x7f107a651788 .functor BUFZ 1, C4<z>; HiZ drive
v0x11ef950_0 .net "D", 0 0, o0x7f107a651788;  0 drivers
o0x7f107a6517b8 .functor BUFZ 1, C4<z>; HiZ drive
v0x11efa10_0 .net "Q", 0 0, o0x7f107a6517b8;  0 drivers
o0x7f107a6517e8 .functor BUFZ 1, C4<z>; HiZ drive
v0x11efae0_0 .net "S", 0 0, o0x7f107a6517e8;  0 drivers
S_0x118c570 .scope module, "SB_DFFNSR" "SB_DFFNSR" 2 126;
 .timescale 0 0;
    .port_info 0 /INPUT 1 "C"
    .port_info 1 /INPUT 1 "D"
    .port_info 2 /INPUT 1 "R"
    .port_info 3 /OUTPUT 1 "Q"
o0x7f107a6518d8 .functor BUFZ 1, C4<z>; HiZ drive
v0x11efc50_0 .net "C", 0 0, o0x7f107a6518d8;  0 drivers
o0x7f107a651908 .functor BUFZ 1, C4<z>; HiZ drive
v0x11efd30_0 .net "D", 0 0, o0x7f107a651908;  0 drivers
o0x7f107a651938 .functor BUFZ 1, C4<z>; HiZ drive
v0x11efdf0_0 .net "Q", 0 0, o0x7f107a651938;  0 drivers
o0x7f107a651968 .functor BUFZ 1, C4<z>; HiZ drive
v0x11efe90_0 .net "R", 0 0, o0x7f107a651968;  0 drivers
S_0x118e0c0 .scope module, "SB_DFFNSS" "SB_DFFNSS" 2 144;
 .timescale 0 0;
    .port_info 0 /INPUT 1 "C"
    .port_info 1 /INPUT 1 "D"
    .port_info 2 /INPUT 1 "S"
    .port_info 3 /OUTPUT 1 "Q"
o0x7f107a651a58 .functor BUFZ 1, C4<z>; HiZ drive
v0x11f0000_0 .net "C", 0 0, o0x7f107a651a58;  0 drivers
o0x7f107a651a88 .functor BUFZ 1, C4<z>; HiZ drive
v0x11f00e0_0 .net "D", 0 0, o0x7f107a651a88;  0 drivers
o0x7f107a651ab8 .functor BUFZ 1, C4<z>; HiZ drive
v0x11f01a0_0 .net "Q", 0 0, o0x7f107a651ab8;  0 drivers
o0x7f107a651ae8 .functor BUFZ 1, C4<z>; HiZ drive
v0x11f0240_0 .net "S", 0 0, o0x7f107a651ae8;  0 drivers
S_0x118fda0 .scope module, "SB_DFFR" "SB_DFFR" 2 42;
 .timescale 0 0;
    .port_info 0 /INPUT 1 "C"
    .port_info 1 /INPUT 1 "D"
    .port_info 2 /INPUT 1 "R"
    .port_info 3 /OUTPUT 1 "Q"
o0x7f107a651bd8 .functor BUFZ 1, C4<z>; HiZ drive
v0x11f03b0_0 .net "C", 0 0, o0x7f107a651bd8;  0 drivers
o0x7f107a651c08 .functor BUFZ 1, C4<z>; HiZ drive
v0x11f0490_0 .net "D", 0 0, o0x7f107a651c08;  0 drivers
o0x7f107a651c38 .functor BUFZ 1, C4<z>; HiZ drive
v0x11f0550_0 .net "Q", 0 0, o0x7f107a651c38;  0 drivers
o0x7f107a651c68 .functor BUFZ 1, C4<z>; HiZ drive
v0x11f05f0_0 .net "R", 0 0, o0x7f107a651c68;  0 drivers
S_0x118ff50 .scope module, "SB_DFFS" "SB_DFFS" 2 60;
 .timescale 0 0;
    .port_info 0 /INPUT 1 "C"
    .port_info 1 /INPUT 1 "D"
    .port_info 2 /INPUT 1 "S"
    .port_info 3 /OUTPUT 1 "Q"
o0x7f107a651d58 .functor BUFZ 1, C4<z>; HiZ drive
v0x11f0760_0 .net "C", 0 0, o0x7f107a651d58;  0 drivers
o0x7f107a651d88 .functor BUFZ 1, C4<z>; HiZ drive
v0x11f0840_0 .net "D", 0 0, o0x7f107a651d88;  0 drivers
o0x7f107a651db8 .functor BUFZ 1, C4<z>; HiZ drive
v0x11f0900_0 .net "Q", 0 0, o0x7f107a651db8;  0 drivers
o0x7f107a651de8 .functor BUFZ 1, C4<z>; HiZ drive
v0x11f09a0_0 .net "S", 0 0, o0x7f107a651de8;  0 drivers
S_0x11907e0 .scope module, "SB_DFFSR" "SB_DFFSR" 2 33;
 .timescale 0 0;
    .port_info 0 /INPUT 1 "C"
    .port_info 1 /INPUT 1 "D"
    .port_info 2 /INPUT 1 "R"
    .port_info 3 /OUTPUT 1 "Q"
o0x7f107a651ed8 .functor BUFZ 1, C4<z>; HiZ drive
v0x11f0b10_0 .net "C", 0 0, o0x7f107a651ed8;  0 drivers
o0x7f107a651f08 .functor BUFZ 1, C4<z>; HiZ drive
v0x11f0bf0_0 .net "D", 0 0, o0x7f107a651f08;  0 drivers
o0x7f107a651f38 .functor BUFZ 1, C4<z>; HiZ drive
v0x11f0cb0_0 .net "Q", 0 0, o0x7f107a651f38;  0 drivers
o0x7f107a651f68 .functor BUFZ 1, C4<z>; HiZ drive
v0x11f0d50_0 .net "R", 0 0, o0x7f107a651f68;  0 drivers
S_0x1190990 .scope module, "SB_DFFSS" "SB_DFFSS" 2 51;
 .timescale 0 0;
    .port_info 0 /INPUT 1 "C"
    .port_info 1 /INPUT 1 "D"
    .port_info 2 /INPUT 1 "S"
    .port_info 3 /OUTPUT 1 "Q"
o0x7f107a652058 .functor BUFZ 1, C4<z>; HiZ drive
v0x11f0ec0_0 .net "C", 0 0, o0x7f107a652058;  0 drivers
o0x7f107a652088 .functor BUFZ 1, C4<z>; HiZ drive
v0x11f0fa0_0 .net "D", 0 0, o0x7f107a652088;  0 drivers
o0x7f107a6520b8 .functor BUFZ 1, C4<z>; HiZ drive
v0x11f1060_0 .net "Q", 0 0, o0x7f107a6520b8;  0 drivers
o0x7f107a6520e8 .functor BUFZ 1, C4<z>; HiZ drive
v0x11f1100_0 .net "S", 0 0, o0x7f107a6520e8;  0 drivers
S_0x11954a0 .scope module, "SB_IO" "SB_IO" 2 1;
 .timescale 0 0;
    .port_info 0 /INOUT 1 "PACKAGE_PIN"
    .port_info 1 /INPUT 1 "LATCH_INPUT_VALUE"
    .port_info 2 /INPUT 1 "CLOCK_ENABLE"
    .port_info 3 /INPUT 1 "INPUT_CLK"
    .port_info 4 /INPUT 1 "OUTPUT_CLK"
    .port_info 5 /INPUT 1 "OUTPUT_ENABLE"
    .port_info 6 /INPUT 1 "D_OUT_0"
    .port_info 7 /INPUT 1 "D_OUT_1"
    .port_info 8 /OUTPUT 1 "D_IN_0"
    .port_info 9 /OUTPUT 1 "D_IN_1"
o0x7f107a6521d8 .functor BUFZ 1, C4<z>; HiZ drive
v0x11f1270_0 .net "CLOCK_ENABLE", 0 0, o0x7f107a6521d8;  0 drivers
o0x7f107a652208 .functor BUFZ 1, C4<z>; HiZ drive
v0x11f1350_0 .net "D_IN_0", 0 0, o0x7f107a652208;  0 drivers
o0x7f107a652238 .functor BUFZ 1, C4<z>; HiZ drive
v0x11f1410_0 .net "D_IN_1", 0 0, o0x7f107a652238;  0 drivers
o0x7f107a652268 .functor BUFZ 1, C4<z>; HiZ drive
v0x11f14b0_0 .net "D_OUT_0", 0 0, o0x7f107a652268;  0 drivers
o0x7f107a652298 .functor BUFZ 1, C4<z>; HiZ drive
v0x11f1570_0 .net "D_OUT_1", 0 0, o0x7f107a652298;  0 drivers
o0x7f107a6522c8 .functor BUFZ 1, C4<z>; HiZ drive
v0x11f1680_0 .net "INPUT_CLK", 0 0, o0x7f107a6522c8;  0 drivers
o0x7f107a6522f8 .functor BUFZ 1, C4<z>; HiZ drive
v0x11f1740_0 .net "LATCH_INPUT_VALUE", 0 0, o0x7f107a6522f8;  0 drivers
o0x7f107a652328 .functor BUFZ 1, C4<z>; HiZ drive
v0x11f1800_0 .net "OUTPUT_CLK", 0 0, o0x7f107a652328;  0 drivers
o0x7f107a652358 .functor BUFZ 1, C4<z>; HiZ drive
v0x11f18c0_0 .net "OUTPUT_ENABLE", 0 0, o0x7f107a652358;  0 drivers
o0x7f107a652388 .functor BUFZ 1, C4<z>; HiZ drive
v0x11f1a10_0 .net "PACKAGE_PIN", 0 0, o0x7f107a652388;  0 drivers
S_0x1195620 .scope module, "SB_LUT4" "SB_LUT4" 2 211;
 .timescale 0 0;
    .port_info 0 /INPUT 1 "I0"
    .port_info 1 /INPUT 1 "I1"
    .port_info 2 /INPUT 1 "I2"
    .port_info 3 /INPUT 1 "I3"
    .port_info 4 /OUTPUT 1 "O"
o0x7f107a652598 .functor BUFZ 1, C4<z>; HiZ drive
v0x11f1c70_0 .net "I0", 0 0, o0x7f107a652598;  0 drivers
o0x7f107a6525c8 .functor BUFZ 1, C4<z>; HiZ drive
v0x11f1d50_0 .net "I1", 0 0, o0x7f107a6525c8;  0 drivers
o0x7f107a6525f8 .functor BUFZ 1, C4<z>; HiZ drive
v0x11f1e10_0 .net "I2", 0 0, o0x7f107a6525f8;  0 drivers
o0x7f107a652628 .functor BUFZ 1, C4<z>; HiZ drive
v0x11f1eb0_0 .net "I3", 0 0, o0x7f107a652628;  0 drivers
o0x7f107a652658 .functor BUFZ 1, C4<z>; HiZ drive
v0x11f1f70_0 .net "O", 0 0, o0x7f107a652658;  0 drivers
S_0x1197180 .scope module, "osc" "osc" 3 7;
 .timescale 0 0;
    .port_info 0 /INPUT 1 "clk"
    .port_info 1 /OUTPUT 1 "clk_out"
    .port_info 2 /OUTPUT 1 "clk_out_2"
    .port_info 3 /OUTPUT 1 "clk_out_3"
    .port_info 4 /OUTPUT 1 "led0"
P_0x1197300 .param/l "AW" 0 3 21, +C4<00000000000000000000000000000101>;
P_0x1197340 .param/l "DW" 0 3 22, +C4<00000000000000000000000000001000>;
P_0x1197380 .param/str "ROMFILE" 0 3 16, "rom1.list";
P_0x11973c0 .param/str "ROMFILE_2" 0 3 17, "rom2.list";
P_0x1197400 .param/l "WAIT_DELAY" 0 3 13, +C4<000000000000010101111110010000000>;
L_0x7f107a607210 .functor BUFT 1, C4<0>, C4<0>, C4<0>, C4<0>;
v0x11f7020_0 .net/2u *"_s12", 0 0, L_0x7f107a607210;  1 drivers
v0x11f7100_0 .net *"_s15", 6 0, L_0x1208d30;  1 drivers
v0x11f71e0_0 .net *"_s16", 7 0, L_0x1208e20;  1 drivers
L_0x7f107a607258 .functor BUFT 1, C4<01000000>, C4<0>, C4<0>, C4<0>;
v0x11f72a0_0 .net/2u *"_s18", 7 0, L_0x7f107a607258;  1 drivers
L_0x7f107a6070f0 .functor BUFT 1, C4<0>, C4<0>, C4<0>, C4<0>;
v0x11f7380_0 .net/2u *"_s2", 0 0, L_0x7f107a6070f0;  1 drivers
L_0x7f107a607330 .functor BUFT 1, C4<0>, C4<0>, C4<0>, C4<0>;
v0x11f7460_0 .net/2u *"_s22", 0 0, L_0x7f107a607330;  1 drivers
v0x11f7540_0 .net *"_s25", 6 0, L_0x12093a0;  1 drivers
v0x11f7620_0 .net *"_s26", 7 0, L_0x1209490;  1 drivers
L_0x7f107a607378 .functor BUFT 1, C4<01000000>, C4<0>, C4<0>, C4<0>;
v0x11f7700_0 .net/2u *"_s28", 7 0, L_0x7f107a607378;  1 drivers
v0x11f7870_0 .net *"_s5", 6 0, L_0x12086f0;  1 drivers
v0x11f7950_0 .net *"_s6", 7 0, L_0x12087e0;  1 drivers
L_0x7f107a607138 .functor BUFT 1, C4<01000000>, C4<0>, C4<0>, C4<0>;
v0x11f7a30_0 .net/2u *"_s8", 7 0, L_0x7f107a607138;  1 drivers
v0x11f7b10_0 .var "addr", 4 0;
o0x7f107a6527a8 .functor BUFZ 1, C4<z>; HiZ drive
v0x11f7bd0_0 .net "clk", 0 0, o0x7f107a6527a8;  0 drivers
v0x11f7c70_0 .net "clk_out", 0 0, v0x11f4570_0;  1 drivers
v0x11f7d10_0 .net "clk_out_2", 0 0, v0x11f5320_0;  1 drivers
v0x11f7de0_0 .net "clk_out_3", 0 0, v0x11f5fd0_0;  1 drivers
L_0x7f107a607018 .functor BUFT 1, C4<1>, C4<0>, C4<0>, C4<0>;
v0x11f7f90_0 .net "led0", 0 0, L_0x7f107a607018;  1 drivers
v0x11f8030_0 .net "pos", 7 0, v0x11f2650_0;  1 drivers
v0x11f80d0_0 .net "pos_2", 7 0, v0x11f2f60_0;  1 drivers
v0x11f8170_0 .net "pos_3", 7 0, v0x11f38d0_0;  1 drivers
v0x11f8240_0 .net "tic", 0 0, L_0x1209c30;  1 drivers
L_0x12086f0 .part v0x11f2650_0, 1, 7;
L_0x12087e0 .concat [ 7 1 0 0], L_0x12086f0, L_0x7f107a6070f0;
L_0x1208970 .arith/sum 8, L_0x12087e0, L_0x7f107a607138;
L_0x1208d30 .part v0x11f2f60_0, 1, 7;
L_0x1208e20 .concat [ 7 1 0 0], L_0x1208d30, L_0x7f107a607210;
L_0x1208ff0 .arith/sum 8, L_0x1208e20, L_0x7f107a607258;
L_0x12093a0 .part v0x11f38d0_0, 1, 7;
L_0x1209490 .concat [ 7 1 0 0], L_0x12093a0, L_0x7f107a607330;
L_0x1209620 .arith/sum 8, L_0x1209490, L_0x7f107a607378;
S_0x11f20d0 .scope module, "ROM" "genrom" 3 65, 4 15 0, S_0x1197180;
 .timescale 0 0;
    .port_info 0 /INPUT 1 "clk"
    .port_info 1 /INPUT 5 "addr"
    .port_info 2 /OUTPUT 8 "data"
P_0x11f22c0 .param/l "AW" 0 4 16, +C4<00000000000000000000000000000101>;
P_0x11f2300 .param/l "DW" 0 4 17, +C4<00000000000000000000000000001000>;
P_0x11f2340 .param/l "NPOS" 1 4 28, +C4<00000000000000000000000000100000>;
P_0x11f2380 .param/str "ROMFILE" 0 4 25, "rom1.list";
v0x11f2510_0 .net "addr", 4 0, v0x11f7b10_0;  1 drivers
v0x11f25b0_0 .net "clk", 0 0, o0x7f107a6527a8;  alias, 0 drivers
v0x11f2650_0 .var "data", 7 0;
v0x11f2710 .array "rom", 31 0, 7 0;
E_0x11a2f90 .event posedge, v0x11f25b0_0;
S_0x11f2850 .scope module, "ROM_2" "genrom" 3 75, 4 15 0, S_0x1197180;
 .timescale 0 0;
    .port_info 0 /INPUT 1 "clk"
    .port_info 1 /INPUT 5 "addr"
    .port_info 2 /OUTPUT 8 "data"
P_0x11f2a20 .param/l "AW" 0 4 16, +C4<00000000000000000000000000000101>;
P_0x11f2a60 .param/l "DW" 0 4 17, +C4<00000000000000000000000000001000>;
P_0x11f2aa0 .param/l "NPOS" 1 4 28, +C4<00000000000000000000000000100000>;
P_0x11f2ae0 .param/str "ROMFILE" 0 4 25, "rom1.list";
v0x11f2da0_0 .net "addr", 4 0, v0x11f7b10_0;  alias, 1 drivers
v0x11f2e90_0 .net "clk", 0 0, o0x7f107a6527a8;  alias, 0 drivers
v0x11f2f60_0 .var "data", 7 0;
v0x11f3030 .array "rom", 31 0, 7 0;
S_0x11f3150 .scope module, "ROM_3" "genrom" 3 85, 4 15 0, S_0x1197180;
 .timescale 0 0;
    .port_info 0 /INPUT 1 "clk"
    .port_info 1 /INPUT 5 "addr"
    .port_info 2 /OUTPUT 8 "data"
P_0x11f3350 .param/l "AW" 0 4 16, +C4<00000000000000000000000000000101>;
P_0x11f3390 .param/l "DW" 0 4 17, +C4<00000000000000000000000000001000>;
P_0x11f33d0 .param/l "NPOS" 1 4 28, +C4<00000000000000000000000000100000>;
P_0x11f3410 .param/str "ROMFILE" 0 4 25, "rom2.list";
v0x11f36d0_0 .net "addr", 4 0, v0x11f7b10_0;  alias, 1 drivers
v0x11f37c0_0 .net "clk", 0 0, o0x7f107a6527a8;  alias, 0 drivers
v0x11f38d0_0 .var "data", 7 0;
v0x11f3970 .array "rom", 31 0, 7 0;
S_0x11f3ab0 .scope module, "SERVO0" "ServoUnit" 3 33, 5 4 0, S_0x1197180;
 .timescale 0 0;
    .port_info 0 /INPUT 1 "clk"
    .port_info 1 /INPUT 8 "pos"
    .port_info 2 /OUTPUT 1 "servo"
P_0x11f3c80 .param/l "M" 1 5 8, +C4<00000000000000000000000001011101>;
P_0x11f3cc0 .param/l "N" 1 5 9, +C4<00000000000000000000000000000111>;
L_0x7f107a607060 .functor BUFT 1, C4<0>, C4<0>, C4<0>, C4<0>;
v0x11f3e70_0 .net/2u *"_s0", 0 0, L_0x7f107a607060;  1 drivers
v0x11f3f30_0 .net *"_s2", 8 0, L_0x11f8380;  1 drivers
L_0x7f107a6070a8 .functor BUFT 1, C4<000101110>, C4<0>, C4<0>, C4<0>;
v0x11f4010_0 .net/2u *"_s4", 8 0, L_0x7f107a6070a8;  1 drivers
v0x11f4100_0 .var "angle_counter", 10 0;
v0x11f41e0_0 .net "clk", 0 0, o0x7f107a6527a8;  alias, 0 drivers
v0x11f42d0_0 .var "divcounter", 6 0;
v0x11f43b0_0 .net "pos", 7 0, L_0x1208970;  1 drivers
v0x11f4490_0 .net "pose", 8 0, L_0x1208510;  1 drivers
v0x11f4570_0 .var "servo", 0 0;
v0x11f46c0_0 .var "tic", 0 0;
L_0x11f8380 .concat [ 8 1 0 0], L_0x1208970, L_0x7f107a607060;
L_0x1208510 .arith/sum 9, L_0x11f8380, L_0x7f107a6070a8;
S_0x11f4800 .scope module, "SERVO1" "ServoUnit" 3 38, 5 4 0, S_0x1197180;
 .timescale 0 0;
    .port_info 0 /INPUT 1 "clk"
    .port_info 1 /INPUT 8 "pos"
    .port_info 2 /OUTPUT 1 "servo"
P_0x11f49d0 .param/l "M" 1 5 8, +C4<00000000000000000000000001011101>;
P_0x11f4a10 .param/l "N" 1 5 9, +C4<00000000000000000000000000000111>;
L_0x7f107a607180 .functor BUFT 1, C4<0>, C4<0>, C4<0>, C4<0>;
v0x11f4b50_0 .net/2u *"_s0", 0 0, L_0x7f107a607180;  1 drivers
v0x11f4c50_0 .net *"_s2", 8 0, L_0x1208b00;  1 drivers
L_0x7f107a6071c8 .functor BUFT 1, C4<000101110>, C4<0>, C4<0>, C4<0>;
v0x11f4d30_0 .net/2u *"_s4", 8 0, L_0x7f107a6071c8;  1 drivers
v0x11f4e20_0 .var "angle_counter", 10 0;
v0x11f4f00_0 .net "clk", 0 0, o0x7f107a6527a8;  alias, 0 drivers
v0x11f5080_0 .var "divcounter", 6 0;
v0x11f5160_0 .net "pos", 7 0, L_0x1208ff0;  1 drivers
v0x11f5240_0 .net "pose", 8 0, L_0x1208bf0;  1 drivers
v0x11f5320_0 .var "servo", 0 0;
v0x11f5470_0 .var "tic", 0 0;
L_0x1208b00 .concat [ 8 1 0 0], L_0x1208ff0, L_0x7f107a607180;
L_0x1208bf0 .arith/sum 9, L_0x1208b00, L_0x7f107a6071c8;
S_0x11f55b0 .scope module, "SERVO3" "ServoUnit" 3 43, 5 4 0, S_0x1197180;
 .timescale 0 0;
    .port_info 0 /INPUT 1 "clk"
    .port_info 1 /INPUT 8 "pos"
    .port_info 2 /OUTPUT 1 "servo"
P_0x11f5730 .param/l "M" 1 5 8, +C4<00000000000000000000000001011101>;
P_0x11f5770 .param/l "N" 1 5 9, +C4<00000000000000000000000000000111>;
L_0x7f107a6072a0 .functor BUFT 1, C4<0>, C4<0>, C4<0>, C4<0>;
v0x11f58d0_0 .net/2u *"_s0", 0 0, L_0x7f107a6072a0;  1 drivers
v0x11f5990_0 .net *"_s2", 8 0, L_0x1209170;  1 drivers
L_0x7f107a6072e8 .functor BUFT 1, C4<000101110>, C4<0>, C4<0>, C4<0>;
v0x11f5a70_0 .net/2u *"_s4", 8 0, L_0x7f107a6072e8;  1 drivers
v0x11f5b60_0 .var "angle_counter", 10 0;
v0x11f5c40_0 .net "clk", 0 0, o0x7f107a6527a8;  alias, 0 drivers
v0x11f5d30_0 .var "divcounter", 6 0;
v0x11f5e10_0 .net "pos", 7 0, L_0x1209620;  1 drivers
v0x11f5ef0_0 .net "pose", 8 0, L_0x1209260;  1 drivers
v0x11f5fd0_0 .var "servo", 0 0;
v0x11f6120_0 .var "tic", 0 0;
L_0x1209170 .concat [ 8 1 0 0], L_0x1209620, L_0x7f107a6072a0;
L_0x1209260 .arith/sum 9, L_0x1209170, L_0x7f107a6072e8;
S_0x11f6260 .scope module, "TIMMER0" "dividerp1" 3 50, 6 18 0, S_0x1197180;
 .timescale 0 0;
    .port_info 0 /INPUT 1 "clk"
    .port_info 1 /INPUT 1 "timer_ena"
    .port_info 2 /OUTPUT 1 "clk_out"
P_0x11f63e0 .param/l "M" 0 6 23, +C4<000000000000010101111110010000000>;
P_0x11f6420 .param/l "N" 1 6 26, +C4<00000000000000000000000000010100>;
v0x11f65d0_0 .net *"_s0", 32 0, L_0x12097b0;  1 drivers
L_0x7f107a607498 .functor BUFT 1, C4<00>, C4<0>, C4<0>, C4<0>;
v0x11f6690_0 .net/2s *"_s10", 1 0, L_0x7f107a607498;  1 drivers
v0x11f6770_0 .net *"_s12", 1 0, L_0x1209af0;  1 drivers
L_0x7f107a6073c0 .functor BUFT 1, C4<0000000000000>, C4<0>, C4<0>, C4<0>;
v0x11f6860_0 .net *"_s3", 12 0, L_0x7f107a6073c0;  1 drivers
L_0x7f107a607408 .functor BUFT 1, C4<000000000000010101111110001111111>, C4<0>, C4<0>, C4<0>;
v0x11f6940_0 .net/2u *"_s4", 32 0, L_0x7f107a607408;  1 drivers
v0x11f6a70_0 .net *"_s6", 0 0, L_0x12098a0;  1 drivers
L_0x7f107a607450 .functor BUFT 1, C4<01>, C4<0>, C4<0>, C4<0>;
v0x11f6b30_0 .net/2s *"_s8", 1 0, L_0x7f107a607450;  1 drivers
v0x11f6c10_0 .net "clk", 0 0, o0x7f107a6527a8;  alias, 0 drivers
v0x11f6cb0_0 .net "clk_out", 0 0, L_0x1209c30;  alias, 1 drivers
v0x11f6e00_0 .var "divcounter", 19 0;
L_0x7f107a6074e0 .functor BUFT 1, C4<1>, C4<0>, C4<0>, C4<0>;
v0x11f6ee0_0 .net "timer_ena", 0 0, L_0x7f107a6074e0;  1 drivers
L_0x12097b0 .concat [ 20 13 0 0], v0x11f6e00_0, L_0x7f107a6073c0;
L_0x12098a0 .cmp/eq 33, L_0x12097b0, L_0x7f107a607408;
L_0x1209af0 .functor MUXZ 2, L_0x7f107a607498, L_0x7f107a607450, L_0x12098a0, C4<>;
L_0x1209c30 .part L_0x1209af0, 0, 1;
    .scope S_0x11f3ab0;
T_0 ;
    %pushi/vec4 0, 0, 7;
    %store/vec4 v0x11f42d0_0, 0, 7;
    %end;
    .thread T_0;
    .scope S_0x11f3ab0;
T_1 ;
    %pushi/vec4 0, 0, 1;
    %store/vec4 v0x11f46c0_0, 0, 1;
    %end;
    .thread T_1;
    .scope S_0x11f3ab0;
T_2 ;
    %wait E_0x11a2f90;
    %load/vec4 v0x11f42d0_0;
    %pad/u 32;
    %pushi/vec4 91, 0, 32;
    %cmp/e;
    %flag_get/vec4 4;
    %assign/vec4 v0x11f46c0_0, 0;
    %jmp T_2;
    .thread T_2;
    .scope S_0x11f3ab0;
T_3 ;
    %wait E_0x11a2f90;
    %load/vec4 v0x11f46c0_0;
    %flag_set/vec4 8;
    %jmp/0xz  T_3.0, 8;
    %pushi/vec4 0, 0, 7;
    %assign/vec4 v0x11f42d0_0, 0;
    %jmp T_3.1;
T_3.0 ;
    %load/vec4 v0x11f42d0_0;
    %addi 1, 0, 7;
    %assign/vec4 v0x11f42d0_0, 0;
T_3.1 ;
    %jmp T_3;
    .thread T_3;
    .scope S_0x11f3ab0;
T_4 ;
    %pushi/vec4 0, 0, 11;
    %store/vec4 v0x11f4100_0, 0, 11;
    %end;
    .thread T_4;
    .scope S_0x11f3ab0;
T_5 ;
    %wait E_0x11a2f90;
    %load/vec4 v0x11f46c0_0;
    %flag_set/vec4 8;
    %jmp/0xz  T_5.0, 8;
    %load/vec4 v0x11f4100_0;
    %addi 1, 0, 11;
    %assign/vec4 v0x11f4100_0, 0;
T_5.0 ;
    %jmp T_5;
    .thread T_5;
    .scope S_0x11f3ab0;
T_6 ;
    %wait E_0x11a2f90;
    %load/vec4 v0x11f4100_0;
    %pad/u 12;
    %pushi/vec4 0, 0, 3;
    %load/vec4 v0x11f4490_0;
    %concat/vec4; draw_concat_vec4
    %cmp/u;
    %flag_get/vec4 5;
    %assign/vec4 v0x11f4570_0, 0;
    %jmp T_6;
    .thread T_6;
    .scope S_0x11f4800;
T_7 ;
    %pushi/vec4 0, 0, 7;
    %store/vec4 v0x11f5080_0, 0, 7;
    %end;
    .thread T_7;
    .scope S_0x11f4800;
T_8 ;
    %pushi/vec4 0, 0, 1;
    %store/vec4 v0x11f5470_0, 0, 1;
    %end;
    .thread T_8;
    .scope S_0x11f4800;
T_9 ;
    %wait E_0x11a2f90;
    %load/vec4 v0x11f5080_0;
    %pad/u 32;
    %pushi/vec4 91, 0, 32;
    %cmp/e;
    %flag_get/vec4 4;
    %assign/vec4 v0x11f5470_0, 0;
    %jmp T_9;
    .thread T_9;
    .scope S_0x11f4800;
T_10 ;
    %wait E_0x11a2f90;
    %load/vec4 v0x11f5470_0;
    %flag_set/vec4 8;
    %jmp/0xz  T_10.0, 8;
    %pushi/vec4 0, 0, 7;
    %assign/vec4 v0x11f5080_0, 0;
    %jmp T_10.1;
T_10.0 ;
    %load/vec4 v0x11f5080_0;
    %addi 1, 0, 7;
    %assign/vec4 v0x11f5080_0, 0;
T_10.1 ;
    %jmp T_10;
    .thread T_10;
    .scope S_0x11f4800;
T_11 ;
    %pushi/vec4 0, 0, 11;
    %store/vec4 v0x11f4e20_0, 0, 11;
    %end;
    .thread T_11;
    .scope S_0x11f4800;
T_12 ;
    %wait E_0x11a2f90;
    %load/vec4 v0x11f5470_0;
    %flag_set/vec4 8;
    %jmp/0xz  T_12.0, 8;
    %load/vec4 v0x11f4e20_0;
    %addi 1, 0, 11;
    %assign/vec4 v0x11f4e20_0, 0;
T_12.0 ;
    %jmp T_12;
    .thread T_12;
    .scope S_0x11f4800;
T_13 ;
    %wait E_0x11a2f90;
    %load/vec4 v0x11f4e20_0;
    %pad/u 12;
    %pushi/vec4 0, 0, 3;
    %load/vec4 v0x11f5240_0;
    %concat/vec4; draw_concat_vec4
    %cmp/u;
    %flag_get/vec4 5;
    %assign/vec4 v0x11f5320_0, 0;
    %jmp T_13;
    .thread T_13;
    .scope S_0x11f55b0;
T_14 ;
    %pushi/vec4 0, 0, 7;
    %store/vec4 v0x11f5d30_0, 0, 7;
    %end;
    .thread T_14;
    .scope S_0x11f55b0;
T_15 ;
    %pushi/vec4 0, 0, 1;
    %store/vec4 v0x11f6120_0, 0, 1;
    %end;
    .thread T_15;
    .scope S_0x11f55b0;
T_16 ;
    %wait E_0x11a2f90;
    %load/vec4 v0x11f5d30_0;
    %pad/u 32;
    %pushi/vec4 91, 0, 32;
    %cmp/e;
    %flag_get/vec4 4;
    %assign/vec4 v0x11f6120_0, 0;
    %jmp T_16;
    .thread T_16;
    .scope S_0x11f55b0;
T_17 ;
    %wait E_0x11a2f90;
    %load/vec4 v0x11f6120_0;
    %flag_set/vec4 8;
    %jmp/0xz  T_17.0, 8;
    %pushi/vec4 0, 0, 7;
    %assign/vec4 v0x11f5d30_0, 0;
    %jmp T_17.1;
T_17.0 ;
    %load/vec4 v0x11f5d30_0;
    %addi 1, 0, 7;
    %assign/vec4 v0x11f5d30_0, 0;
T_17.1 ;
    %jmp T_17;
    .thread T_17;
    .scope S_0x11f55b0;
T_18 ;
    %pushi/vec4 0, 0, 11;
    %store/vec4 v0x11f5b60_0, 0, 11;
    %end;
    .thread T_18;
    .scope S_0x11f55b0;
T_19 ;
    %wait E_0x11a2f90;
    %load/vec4 v0x11f6120_0;
    %flag_set/vec4 8;
    %jmp/0xz  T_19.0, 8;
    %load/vec4 v0x11f5b60_0;
    %addi 1, 0, 11;
    %assign/vec4 v0x11f5b60_0, 0;
T_19.0 ;
    %jmp T_19;
    .thread T_19;
    .scope S_0x11f55b0;
T_20 ;
    %wait E_0x11a2f90;
    %load/vec4 v0x11f5b60_0;
    %pad/u 12;
    %pushi/vec4 0, 0, 3;
    %load/vec4 v0x11f5ef0_0;
    %concat/vec4; draw_concat_vec4
    %cmp/u;
    %flag_get/vec4 5;
    %assign/vec4 v0x11f5fd0_0, 0;
    %jmp T_20;
    .thread T_20;
    .scope S_0x11f6260;
T_21 ;
    %pushi/vec4 0, 0, 20;
    %store/vec4 v0x11f6e00_0, 0, 20;
    %end;
    .thread T_21;
    .scope S_0x11f6260;
T_22 ;
    %wait E_0x11a2f90;
    %load/vec4 v0x11f6ee0_0;
    %flag_set/vec4 8;
    %jmp/0xz  T_22.0, 8;
    %load/vec4 v0x11f6e00_0;
    %pad/u 33;
    %cmpi/e 719999, 0, 33;
    %flag_mov 8, 4;
    %jmp/0 T_22.2, 8;
    %pushi/vec4 0, 0, 20;
    %jmp/1 T_22.3, 8;
T_22.2 ; End of true expr.
    %load/vec4 v0x11f6e00_0;
    %addi 1, 0, 20;
    %jmp/0 T_22.3, 8;
 ; End of false expr.
    %blend;
T_22.3;
    %assign/vec4 v0x11f6e00_0, 0;
    %jmp T_22.1;
T_22.0 ;
    %pushi/vec4 0, 0, 20;
    %assign/vec4 v0x11f6e00_0, 0;
T_22.1 ;
    %jmp T_22;
    .thread T_22;
    .scope S_0x11f20d0;
T_23 ;
    %wait E_0x11a2f90;
    %load/vec4 v0x11f2510_0;
    %pad/u 7;
    %ix/vec4 4;
    %load/vec4a v0x11f2710, 4;
    %assign/vec4 v0x11f2650_0, 0;
    %jmp T_23;
    .thread T_23;
    .scope S_0x11f20d0;
T_24 ;
    %vpi_call 4 41 "$readmemh", P_0x11f2380, v0x11f2710 {0 0 0};
    %end;
    .thread T_24;
    .scope S_0x11f2850;
T_25 ;
    %wait E_0x11a2f90;
    %load/vec4 v0x11f2da0_0;
    %pad/u 7;
    %ix/vec4 4;
    %load/vec4a v0x11f3030, 4;
    %assign/vec4 v0x11f2f60_0, 0;
    %jmp T_25;
    .thread T_25;
    .scope S_0x11f2850;
T_26 ;
    %vpi_call 4 41 "$readmemh", P_0x11f2ae0, v0x11f3030 {0 0 0};
    %end;
    .thread T_26;
    .scope S_0x11f3150;
T_27 ;
    %wait E_0x11a2f90;
    %load/vec4 v0x11f36d0_0;
    %pad/u 7;
    %ix/vec4 4;
    %load/vec4a v0x11f3970, 4;
    %assign/vec4 v0x11f38d0_0, 0;
    %jmp T_27;
    .thread T_27;
    .scope S_0x11f3150;
T_28 ;
    %vpi_call 4 41 "$readmemh", P_0x11f3410, v0x11f3970 {0 0 0};
    %end;
    .thread T_28;
    .scope S_0x1197180;
T_29 ;
    %pushi/vec4 0, 0, 5;
    %store/vec4 v0x11f7b10_0, 0, 5;
    %end;
    .thread T_29;
    .scope S_0x1197180;
T_30 ;
    %wait E_0x11a2f90;
    %load/vec4 v0x11f8240_0;
    %flag_set/vec4 8;
    %jmp/0xz  T_30.0, 8;
    %load/vec4 v0x11f7b10_0;
    %addi 1, 0, 5;
    %assign/vec4 v0x11f7b10_0, 0;
T_30.0 ;
    %jmp T_30;
    .thread T_30;
# The file index is used to find the file name in the following table.
:file_names 7;
    "N/A";
    "<interactive>";
    "/home/jcarolinares/.apio/packages/toolchain-iverilog/vlib/system.v";
    "hexapod3gdl.v";
    "genrom.v";
    "ServoUnit.v";
    "dividerp1.v";
