#! /usr/local/bin/vvp
:ivl_version "10.1 (stable)";
:ivl_delay_selection "TYPICAL";
:vpi_time_precision - 12;
:vpi_module "system";
:vpi_module "vhdl_sys";
:vpi_module "v2005_math";
:vpi_module "va_math";
S_0x28705c0 .scope module, "SB_CARRY" "SB_CARRY" 2 202;
 .timescale 0 0;
    .port_info 0 /INPUT 1 "I0"
    .port_info 1 /INPUT 1 "I1"
    .port_info 2 /INPUT 1 "CI"
    .port_info 3 /OUTPUT 1 "CO"
o0x7f2a15c11018 .functor BUFZ 1, C4<z>; HiZ drive
v0x2867640_0 .net "CI", 0 0, o0x7f2a15c11018;  0 drivers
o0x7f2a15c11048 .functor BUFZ 1, C4<z>; HiZ drive
v0x288d4e0_0 .net "CO", 0 0, o0x7f2a15c11048;  0 drivers
o0x7f2a15c11078 .functor BUFZ 1, C4<z>; HiZ drive
v0x288d5a0_0 .net "I0", 0 0, o0x7f2a15c11078;  0 drivers
o0x7f2a15c110a8 .functor BUFZ 1, C4<z>; HiZ drive
v0x288d670_0 .net "I1", 0 0, o0x7f2a15c110a8;  0 drivers
S_0x286cbd0 .scope module, "SB_DFF" "SB_DFF" 2 16;
 .timescale 0 0;
    .port_info 0 /INPUT 1 "C"
    .port_info 1 /INPUT 1 "D"
    .port_info 2 /OUTPUT 1 "Q"
o0x7f2a15c11198 .functor BUFZ 1, C4<z>; HiZ drive
v0x288d7e0_0 .net "C", 0 0, o0x7f2a15c11198;  0 drivers
o0x7f2a15c111c8 .functor BUFZ 1, C4<z>; HiZ drive
v0x288d8c0_0 .net "D", 0 0, o0x7f2a15c111c8;  0 drivers
o0x7f2a15c111f8 .functor BUFZ 1, C4<z>; HiZ drive
v0x288d980_0 .net "Q", 0 0, o0x7f2a15c111f8;  0 drivers
S_0x28691e0 .scope module, "SB_DFFE" "SB_DFFE" 2 24;
 .timescale 0 0;
    .port_info 0 /INPUT 1 "C"
    .port_info 1 /INPUT 1 "D"
    .port_info 2 /INPUT 1 "E"
    .port_info 3 /OUTPUT 1 "Q"
o0x7f2a15c112b8 .functor BUFZ 1, C4<z>; HiZ drive
v0x288dad0_0 .net "C", 0 0, o0x7f2a15c112b8;  0 drivers
o0x7f2a15c112e8 .functor BUFZ 1, C4<z>; HiZ drive
v0x288db90_0 .net "D", 0 0, o0x7f2a15c112e8;  0 drivers
o0x7f2a15c11318 .functor BUFZ 1, C4<z>; HiZ drive
v0x288dc50_0 .net "E", 0 0, o0x7f2a15c11318;  0 drivers
o0x7f2a15c11348 .functor BUFZ 1, C4<z>; HiZ drive
v0x288dd20_0 .net "Q", 0 0, o0x7f2a15c11348;  0 drivers
S_0x286d950 .scope module, "SB_DFFER" "SB_DFFER" 2 79;
 .timescale 0 0;
    .port_info 0 /INPUT 1 "C"
    .port_info 1 /INPUT 1 "D"
    .port_info 2 /INPUT 1 "R"
    .port_info 3 /INPUT 1 "E"
    .port_info 4 /OUTPUT 1 "Q"
o0x7f2a15c11438 .functor BUFZ 1, C4<z>; HiZ drive
v0x288de90_0 .net "C", 0 0, o0x7f2a15c11438;  0 drivers
o0x7f2a15c11468 .functor BUFZ 1, C4<z>; HiZ drive
v0x288df70_0 .net "D", 0 0, o0x7f2a15c11468;  0 drivers
o0x7f2a15c11498 .functor BUFZ 1, C4<z>; HiZ drive
v0x288e030_0 .net "E", 0 0, o0x7f2a15c11498;  0 drivers
o0x7f2a15c114c8 .functor BUFZ 1, C4<z>; HiZ drive
v0x288e100_0 .net "Q", 0 0, o0x7f2a15c114c8;  0 drivers
o0x7f2a15c114f8 .functor BUFZ 1, C4<z>; HiZ drive
v0x288e1c0_0 .net "R", 0 0, o0x7f2a15c114f8;  0 drivers
S_0x2869f60 .scope module, "SB_DFFES" "SB_DFFES" 2 99;
 .timescale 0 0;
    .port_info 0 /INPUT 1 "C"
    .port_info 1 /INPUT 1 "D"
    .port_info 2 /INPUT 1 "E"
    .port_info 3 /INPUT 1 "S"
    .port_info 4 /OUTPUT 1 "Q"
o0x7f2a15c11618 .functor BUFZ 1, C4<z>; HiZ drive
v0x288e370_0 .net "C", 0 0, o0x7f2a15c11618;  0 drivers
o0x7f2a15c11648 .functor BUFZ 1, C4<z>; HiZ drive
v0x288e450_0 .net "D", 0 0, o0x7f2a15c11648;  0 drivers
o0x7f2a15c11678 .functor BUFZ 1, C4<z>; HiZ drive
v0x288e510_0 .net "E", 0 0, o0x7f2a15c11678;  0 drivers
o0x7f2a15c116a8 .functor BUFZ 1, C4<z>; HiZ drive
v0x288e5e0_0 .net "Q", 0 0, o0x7f2a15c116a8;  0 drivers
o0x7f2a15c116d8 .functor BUFZ 1, C4<z>; HiZ drive
v0x288e6a0_0 .net "S", 0 0, o0x7f2a15c116d8;  0 drivers
S_0x28665b0 .scope module, "SB_DFFESR" "SB_DFFESR" 2 69;
 .timescale 0 0;
    .port_info 0 /INPUT 1 "C"
    .port_info 1 /INPUT 1 "D"
    .port_info 2 /INPUT 1 "R"
    .port_info 3 /INPUT 1 "E"
    .port_info 4 /OUTPUT 1 "Q"
o0x7f2a15c117f8 .functor BUFZ 1, C4<z>; HiZ drive
v0x288e850_0 .net "C", 0 0, o0x7f2a15c117f8;  0 drivers
o0x7f2a15c11828 .functor BUFZ 1, C4<z>; HiZ drive
v0x288e930_0 .net "D", 0 0, o0x7f2a15c11828;  0 drivers
o0x7f2a15c11858 .functor BUFZ 1, C4<z>; HiZ drive
v0x288e9f0_0 .net "E", 0 0, o0x7f2a15c11858;  0 drivers
o0x7f2a15c11888 .functor BUFZ 1, C4<z>; HiZ drive
v0x288eac0_0 .net "Q", 0 0, o0x7f2a15c11888;  0 drivers
o0x7f2a15c118b8 .functor BUFZ 1, C4<z>; HiZ drive
v0x288eb80_0 .net "R", 0 0, o0x7f2a15c118b8;  0 drivers
S_0x2872370 .scope module, "SB_DFFESS" "SB_DFFESS" 2 89;
 .timescale 0 0;
    .port_info 0 /INPUT 1 "C"
    .port_info 1 /INPUT 1 "D"
    .port_info 2 /INPUT 1 "E"
    .port_info 3 /INPUT 1 "S"
    .port_info 4 /OUTPUT 1 "Q"
o0x7f2a15c119d8 .functor BUFZ 1, C4<z>; HiZ drive
v0x288ed30_0 .net "C", 0 0, o0x7f2a15c119d8;  0 drivers
o0x7f2a15c11a08 .functor BUFZ 1, C4<z>; HiZ drive
v0x288ee10_0 .net "D", 0 0, o0x7f2a15c11a08;  0 drivers
o0x7f2a15c11a38 .functor BUFZ 1, C4<z>; HiZ drive
v0x288eed0_0 .net "E", 0 0, o0x7f2a15c11a38;  0 drivers
o0x7f2a15c11a68 .functor BUFZ 1, C4<z>; HiZ drive
v0x288efa0_0 .net "Q", 0 0, o0x7f2a15c11a68;  0 drivers
o0x7f2a15c11a98 .functor BUFZ 1, C4<z>; HiZ drive
v0x288f060_0 .net "S", 0 0, o0x7f2a15c11a98;  0 drivers
S_0x27efef0 .scope module, "SB_DFFN" "SB_DFFN" 2 109;
 .timescale 0 0;
    .port_info 0 /INPUT 1 "C"
    .port_info 1 /INPUT 1 "D"
    .port_info 2 /OUTPUT 1 "Q"
o0x7f2a15c11bb8 .functor BUFZ 1, C4<z>; HiZ drive
v0x288f210_0 .net "C", 0 0, o0x7f2a15c11bb8;  0 drivers
o0x7f2a15c11be8 .functor BUFZ 1, C4<z>; HiZ drive
v0x288f2f0_0 .net "D", 0 0, o0x7f2a15c11be8;  0 drivers
o0x7f2a15c11c18 .functor BUFZ 1, C4<z>; HiZ drive
v0x288f3b0_0 .net "Q", 0 0, o0x7f2a15c11c18;  0 drivers
S_0x2875c10 .scope module, "SB_DFFNE" "SB_DFFNE" 2 117;
 .timescale 0 0;
    .port_info 0 /INPUT 1 "C"
    .port_info 1 /INPUT 1 "D"
    .port_info 2 /INPUT 1 "E"
    .port_info 3 /OUTPUT 1 "Q"
o0x7f2a15c11cd8 .functor BUFZ 1, C4<z>; HiZ drive
v0x288f500_0 .net "C", 0 0, o0x7f2a15c11cd8;  0 drivers
o0x7f2a15c11d08 .functor BUFZ 1, C4<z>; HiZ drive
v0x288f5c0_0 .net "D", 0 0, o0x7f2a15c11d08;  0 drivers
o0x7f2a15c11d38 .functor BUFZ 1, C4<z>; HiZ drive
v0x288f680_0 .net "E", 0 0, o0x7f2a15c11d38;  0 drivers
o0x7f2a15c11d68 .functor BUFZ 1, C4<z>; HiZ drive
v0x288f750_0 .net "Q", 0 0, o0x7f2a15c11d68;  0 drivers
S_0x2827590 .scope module, "SB_DFFNER" "SB_DFFNER" 2 172;
 .timescale 0 0;
    .port_info 0 /INPUT 1 "C"
    .port_info 1 /INPUT 1 "D"
    .port_info 2 /INPUT 1 "E"
    .port_info 3 /INPUT 1 "R"
    .port_info 4 /OUTPUT 1 "Q"
o0x7f2a15c11e58 .functor BUFZ 1, C4<z>; HiZ drive
v0x288f8c0_0 .net "C", 0 0, o0x7f2a15c11e58;  0 drivers
o0x7f2a15c11e88 .functor BUFZ 1, C4<z>; HiZ drive
v0x288f9a0_0 .net "D", 0 0, o0x7f2a15c11e88;  0 drivers
o0x7f2a15c11eb8 .functor BUFZ 1, C4<z>; HiZ drive
v0x288fa60_0 .net "E", 0 0, o0x7f2a15c11eb8;  0 drivers
o0x7f2a15c11ee8 .functor BUFZ 1, C4<z>; HiZ drive
v0x288fb00_0 .net "Q", 0 0, o0x7f2a15c11ee8;  0 drivers
o0x7f2a15c11f18 .functor BUFZ 1, C4<z>; HiZ drive
v0x288fbc0_0 .net "R", 0 0, o0x7f2a15c11f18;  0 drivers
S_0x28277c0 .scope module, "SB_DFFNES" "SB_DFFNES" 2 192;
 .timescale 0 0;
    .port_info 0 /INPUT 1 "C"
    .port_info 1 /INPUT 1 "D"
    .port_info 2 /INPUT 1 "E"
    .port_info 3 /INPUT 1 "S"
    .port_info 4 /OUTPUT 1 "Q"
o0x7f2a15c12038 .functor BUFZ 1, C4<z>; HiZ drive
v0x288fd70_0 .net "C", 0 0, o0x7f2a15c12038;  0 drivers
o0x7f2a15c12068 .functor BUFZ 1, C4<z>; HiZ drive
v0x288fe50_0 .net "D", 0 0, o0x7f2a15c12068;  0 drivers
o0x7f2a15c12098 .functor BUFZ 1, C4<z>; HiZ drive
v0x288ff10_0 .net "E", 0 0, o0x7f2a15c12098;  0 drivers
o0x7f2a15c120c8 .functor BUFZ 1, C4<z>; HiZ drive
v0x288ffb0_0 .net "Q", 0 0, o0x7f2a15c120c8;  0 drivers
o0x7f2a15c120f8 .functor BUFZ 1, C4<z>; HiZ drive
v0x2890070_0 .net "S", 0 0, o0x7f2a15c120f8;  0 drivers
S_0x282c250 .scope module, "SB_DFFNESR" "SB_DFFNESR" 2 162;
 .timescale 0 0;
    .port_info 0 /INPUT 1 "C"
    .port_info 1 /INPUT 1 "D"
    .port_info 2 /INPUT 1 "E"
    .port_info 3 /INPUT 1 "R"
    .port_info 4 /OUTPUT 1 "Q"
o0x7f2a15c12218 .functor BUFZ 1, C4<z>; HiZ drive
v0x2890220_0 .net "C", 0 0, o0x7f2a15c12218;  0 drivers
o0x7f2a15c12248 .functor BUFZ 1, C4<z>; HiZ drive
v0x2890300_0 .net "D", 0 0, o0x7f2a15c12248;  0 drivers
o0x7f2a15c12278 .functor BUFZ 1, C4<z>; HiZ drive
v0x28903c0_0 .net "E", 0 0, o0x7f2a15c12278;  0 drivers
o0x7f2a15c122a8 .functor BUFZ 1, C4<z>; HiZ drive
v0x2890490_0 .net "Q", 0 0, o0x7f2a15c122a8;  0 drivers
o0x7f2a15c122d8 .functor BUFZ 1, C4<z>; HiZ drive
v0x2890550_0 .net "R", 0 0, o0x7f2a15c122d8;  0 drivers
S_0x282c480 .scope module, "SB_DFFNESS" "SB_DFFNESS" 2 182;
 .timescale 0 0;
    .port_info 0 /INPUT 1 "C"
    .port_info 1 /INPUT 1 "D"
    .port_info 2 /INPUT 1 "E"
    .port_info 3 /INPUT 1 "S"
    .port_info 4 /OUTPUT 1 "Q"
o0x7f2a15c123f8 .functor BUFZ 1, C4<z>; HiZ drive
v0x2890700_0 .net "C", 0 0, o0x7f2a15c123f8;  0 drivers
o0x7f2a15c12428 .functor BUFZ 1, C4<z>; HiZ drive
v0x28907e0_0 .net "D", 0 0, o0x7f2a15c12428;  0 drivers
o0x7f2a15c12458 .functor BUFZ 1, C4<z>; HiZ drive
v0x28908a0_0 .net "E", 0 0, o0x7f2a15c12458;  0 drivers
o0x7f2a15c12488 .functor BUFZ 1, C4<z>; HiZ drive
v0x2890940_0 .net "Q", 0 0, o0x7f2a15c12488;  0 drivers
o0x7f2a15c124b8 .functor BUFZ 1, C4<z>; HiZ drive
v0x2890a00_0 .net "S", 0 0, o0x7f2a15c124b8;  0 drivers
S_0x282df30 .scope module, "SB_DFFNR" "SB_DFFNR" 2 135;
 .timescale 0 0;
    .port_info 0 /INPUT 1 "C"
    .port_info 1 /INPUT 1 "D"
    .port_info 2 /INPUT 1 "R"
    .port_info 3 /OUTPUT 1 "Q"
o0x7f2a15c125d8 .functor BUFZ 1, C4<z>; HiZ drive
v0x2890bb0_0 .net "C", 0 0, o0x7f2a15c125d8;  0 drivers
o0x7f2a15c12608 .functor BUFZ 1, C4<z>; HiZ drive
v0x2890c90_0 .net "D", 0 0, o0x7f2a15c12608;  0 drivers
o0x7f2a15c12638 .functor BUFZ 1, C4<z>; HiZ drive
v0x2890d50_0 .net "Q", 0 0, o0x7f2a15c12638;  0 drivers
o0x7f2a15c12668 .functor BUFZ 1, C4<z>; HiZ drive
v0x2890e20_0 .net "R", 0 0, o0x7f2a15c12668;  0 drivers
S_0x282e0e0 .scope module, "SB_DFFNS" "SB_DFFNS" 2 153;
 .timescale 0 0;
    .port_info 0 /INPUT 1 "C"
    .port_info 1 /INPUT 1 "D"
    .port_info 2 /INPUT 1 "S"
    .port_info 3 /OUTPUT 1 "Q"
o0x7f2a15c12758 .functor BUFZ 1, C4<z>; HiZ drive
v0x2890f90_0 .net "C", 0 0, o0x7f2a15c12758;  0 drivers
o0x7f2a15c12788 .functor BUFZ 1, C4<z>; HiZ drive
v0x2891070_0 .net "D", 0 0, o0x7f2a15c12788;  0 drivers
o0x7f2a15c127b8 .functor BUFZ 1, C4<z>; HiZ drive
v0x2891130_0 .net "Q", 0 0, o0x7f2a15c127b8;  0 drivers
o0x7f2a15c127e8 .functor BUFZ 1, C4<z>; HiZ drive
v0x28911d0_0 .net "S", 0 0, o0x7f2a15c127e8;  0 drivers
S_0x282b3c0 .scope module, "SB_DFFNSR" "SB_DFFNSR" 2 126;
 .timescale 0 0;
    .port_info 0 /INPUT 1 "C"
    .port_info 1 /INPUT 1 "D"
    .port_info 2 /INPUT 1 "R"
    .port_info 3 /OUTPUT 1 "Q"
o0x7f2a15c128d8 .functor BUFZ 1, C4<z>; HiZ drive
v0x2891340_0 .net "C", 0 0, o0x7f2a15c128d8;  0 drivers
o0x7f2a15c12908 .functor BUFZ 1, C4<z>; HiZ drive
v0x2891420_0 .net "D", 0 0, o0x7f2a15c12908;  0 drivers
o0x7f2a15c12938 .functor BUFZ 1, C4<z>; HiZ drive
v0x28914e0_0 .net "Q", 0 0, o0x7f2a15c12938;  0 drivers
o0x7f2a15c12968 .functor BUFZ 1, C4<z>; HiZ drive
v0x2891580_0 .net "R", 0 0, o0x7f2a15c12968;  0 drivers
S_0x282b570 .scope module, "SB_DFFNSS" "SB_DFFNSS" 2 144;
 .timescale 0 0;
    .port_info 0 /INPUT 1 "C"
    .port_info 1 /INPUT 1 "D"
    .port_info 2 /INPUT 1 "S"
    .port_info 3 /OUTPUT 1 "Q"
o0x7f2a15c12a58 .functor BUFZ 1, C4<z>; HiZ drive
v0x28916f0_0 .net "C", 0 0, o0x7f2a15c12a58;  0 drivers
o0x7f2a15c12a88 .functor BUFZ 1, C4<z>; HiZ drive
v0x28917d0_0 .net "D", 0 0, o0x7f2a15c12a88;  0 drivers
o0x7f2a15c12ab8 .functor BUFZ 1, C4<z>; HiZ drive
v0x2891890_0 .net "Q", 0 0, o0x7f2a15c12ab8;  0 drivers
o0x7f2a15c12ae8 .functor BUFZ 1, C4<z>; HiZ drive
v0x2891930_0 .net "S", 0 0, o0x7f2a15c12ae8;  0 drivers
S_0x282d0c0 .scope module, "SB_DFFR" "SB_DFFR" 2 42;
 .timescale 0 0;
    .port_info 0 /INPUT 1 "C"
    .port_info 1 /INPUT 1 "D"
    .port_info 2 /INPUT 1 "R"
    .port_info 3 /OUTPUT 1 "Q"
o0x7f2a15c12bd8 .functor BUFZ 1, C4<z>; HiZ drive
v0x2891aa0_0 .net "C", 0 0, o0x7f2a15c12bd8;  0 drivers
o0x7f2a15c12c08 .functor BUFZ 1, C4<z>; HiZ drive
v0x2891b80_0 .net "D", 0 0, o0x7f2a15c12c08;  0 drivers
o0x7f2a15c12c38 .functor BUFZ 1, C4<z>; HiZ drive
v0x2891c40_0 .net "Q", 0 0, o0x7f2a15c12c38;  0 drivers
o0x7f2a15c12c68 .functor BUFZ 1, C4<z>; HiZ drive
v0x2891ce0_0 .net "R", 0 0, o0x7f2a15c12c68;  0 drivers
S_0x282d270 .scope module, "SB_DFFS" "SB_DFFS" 2 60;
 .timescale 0 0;
    .port_info 0 /INPUT 1 "C"
    .port_info 1 /INPUT 1 "D"
    .port_info 2 /INPUT 1 "S"
    .port_info 3 /OUTPUT 1 "Q"
o0x7f2a15c12d58 .functor BUFZ 1, C4<z>; HiZ drive
v0x2891e50_0 .net "C", 0 0, o0x7f2a15c12d58;  0 drivers
o0x7f2a15c12d88 .functor BUFZ 1, C4<z>; HiZ drive
v0x2891f30_0 .net "D", 0 0, o0x7f2a15c12d88;  0 drivers
o0x7f2a15c12db8 .functor BUFZ 1, C4<z>; HiZ drive
v0x2891ff0_0 .net "Q", 0 0, o0x7f2a15c12db8;  0 drivers
o0x7f2a15c12de8 .functor BUFZ 1, C4<z>; HiZ drive
v0x2892090_0 .net "S", 0 0, o0x7f2a15c12de8;  0 drivers
S_0x282eda0 .scope module, "SB_DFFSR" "SB_DFFSR" 2 33;
 .timescale 0 0;
    .port_info 0 /INPUT 1 "C"
    .port_info 1 /INPUT 1 "D"
    .port_info 2 /INPUT 1 "R"
    .port_info 3 /OUTPUT 1 "Q"
o0x7f2a15c12ed8 .functor BUFZ 1, C4<z>; HiZ drive
v0x2892200_0 .net "C", 0 0, o0x7f2a15c12ed8;  0 drivers
o0x7f2a15c12f08 .functor BUFZ 1, C4<z>; HiZ drive
v0x28922e0_0 .net "D", 0 0, o0x7f2a15c12f08;  0 drivers
o0x7f2a15c12f38 .functor BUFZ 1, C4<z>; HiZ drive
v0x28923a0_0 .net "Q", 0 0, o0x7f2a15c12f38;  0 drivers
o0x7f2a15c12f68 .functor BUFZ 1, C4<z>; HiZ drive
v0x2892440_0 .net "R", 0 0, o0x7f2a15c12f68;  0 drivers
S_0x282ef50 .scope module, "SB_DFFSS" "SB_DFFSS" 2 51;
 .timescale 0 0;
    .port_info 0 /INPUT 1 "C"
    .port_info 1 /INPUT 1 "D"
    .port_info 2 /INPUT 1 "S"
    .port_info 3 /OUTPUT 1 "Q"
o0x7f2a15c13058 .functor BUFZ 1, C4<z>; HiZ drive
v0x28925b0_0 .net "C", 0 0, o0x7f2a15c13058;  0 drivers
o0x7f2a15c13088 .functor BUFZ 1, C4<z>; HiZ drive
v0x2892690_0 .net "D", 0 0, o0x7f2a15c13088;  0 drivers
o0x7f2a15c130b8 .functor BUFZ 1, C4<z>; HiZ drive
v0x2892750_0 .net "Q", 0 0, o0x7f2a15c130b8;  0 drivers
o0x7f2a15c130e8 .functor BUFZ 1, C4<z>; HiZ drive
v0x28927f0_0 .net "S", 0 0, o0x7f2a15c130e8;  0 drivers
S_0x282f7e0 .scope module, "SB_IO" "SB_IO" 2 1;
 .timescale 0 0;
    .port_info 0 /INOUT 1 "PACKAGE_PIN"
    .port_info 1 /INPUT 1 "LATCH_INPUT_VALUE"
    .port_info 2 /INPUT 1 "CLOCK_ENABLE"
    .port_info 3 /INPUT 1 "INPUT_CLK"
    .port_info 4 /INPUT 1 "OUTPUT_CLK"
    .port_info 5 /INPUT 1 "OUTPUT_ENABLE"
    .port_info 6 /INPUT 1 "D_OUT_0"
    .port_info 7 /INPUT 1 "D_OUT_1"
    .port_info 8 /OUTPUT 1 "D_IN_0"
    .port_info 9 /OUTPUT 1 "D_IN_1"
o0x7f2a15c131d8 .functor BUFZ 1, C4<z>; HiZ drive
v0x2892960_0 .net "CLOCK_ENABLE", 0 0, o0x7f2a15c131d8;  0 drivers
o0x7f2a15c13208 .functor BUFZ 1, C4<z>; HiZ drive
v0x2892a40_0 .net "D_IN_0", 0 0, o0x7f2a15c13208;  0 drivers
o0x7f2a15c13238 .functor BUFZ 1, C4<z>; HiZ drive
v0x2892b00_0 .net "D_IN_1", 0 0, o0x7f2a15c13238;  0 drivers
o0x7f2a15c13268 .functor BUFZ 1, C4<z>; HiZ drive
v0x2892ba0_0 .net "D_OUT_0", 0 0, o0x7f2a15c13268;  0 drivers
o0x7f2a15c13298 .functor BUFZ 1, C4<z>; HiZ drive
v0x2892c60_0 .net "D_OUT_1", 0 0, o0x7f2a15c13298;  0 drivers
o0x7f2a15c132c8 .functor BUFZ 1, C4<z>; HiZ drive
v0x2892d70_0 .net "INPUT_CLK", 0 0, o0x7f2a15c132c8;  0 drivers
o0x7f2a15c132f8 .functor BUFZ 1, C4<z>; HiZ drive
v0x2892e30_0 .net "LATCH_INPUT_VALUE", 0 0, o0x7f2a15c132f8;  0 drivers
o0x7f2a15c13328 .functor BUFZ 1, C4<z>; HiZ drive
v0x2892ef0_0 .net "OUTPUT_CLK", 0 0, o0x7f2a15c13328;  0 drivers
o0x7f2a15c13358 .functor BUFZ 1, C4<z>; HiZ drive
v0x2892fb0_0 .net "OUTPUT_ENABLE", 0 0, o0x7f2a15c13358;  0 drivers
o0x7f2a15c13388 .functor BUFZ 1, C4<z>; HiZ drive
v0x2893100_0 .net "PACKAGE_PIN", 0 0, o0x7f2a15c13388;  0 drivers
S_0x282f960 .scope module, "SB_LUT4" "SB_LUT4" 2 211;
 .timescale 0 0;
    .port_info 0 /INPUT 1 "I0"
    .port_info 1 /INPUT 1 "I1"
    .port_info 2 /INPUT 1 "I2"
    .port_info 3 /INPUT 1 "I3"
    .port_info 4 /OUTPUT 1 "O"
o0x7f2a15c13598 .functor BUFZ 1, C4<z>; HiZ drive
v0x2893360_0 .net "I0", 0 0, o0x7f2a15c13598;  0 drivers
o0x7f2a15c135c8 .functor BUFZ 1, C4<z>; HiZ drive
v0x2893440_0 .net "I1", 0 0, o0x7f2a15c135c8;  0 drivers
o0x7f2a15c135f8 .functor BUFZ 1, C4<z>; HiZ drive
v0x2893500_0 .net "I2", 0 0, o0x7f2a15c135f8;  0 drivers
o0x7f2a15c13628 .functor BUFZ 1, C4<z>; HiZ drive
v0x28935a0_0 .net "I3", 0 0, o0x7f2a15c13628;  0 drivers
o0x7f2a15c13658 .functor BUFZ 1, C4<z>; HiZ drive
v0x2893660_0 .net "O", 0 0, o0x7f2a15c13658;  0 drivers
S_0x28344a0 .scope module, "osc_tb" "osc_tb" 3 10;
 .timescale -7 -12;
v0x289a0f0_0 .var "clk", 0 0;
v0x289a2c0_0 .net "clk_out", 0 0, v0x28962e0_0;  1 drivers
L_0x7f2a15bc8018 .functor BUFT 1, C4<1>, C4<0>, C4<0>, C4<0>;
v0x289a360_0 .net "led0", 0 0, L_0x7f2a15bc8018;  1 drivers
S_0x28937c0 .scope module, "dut" "osc" 3 18, 4 7 0, S_0x28344a0;
 .timescale 0 0;
    .port_info 0 /INPUT 1 "clk"
    .port_info 1 /OUTPUT 1 "clk_out"
    .port_info 2 /OUTPUT 1 "clk_out_2"
    .port_info 3 /OUTPUT 1 "clk_out_3"
    .port_info 4 /OUTPUT 1 "led0"
P_0x28939b0 .param/l "AW" 0 4 21, +C4<00000000000000000000000000000101>;
P_0x28939f0 .param/l "DW" 0 4 22, +C4<00000000000000000000000000001000>;
P_0x2893a30 .param/str "ROMFILE" 0 4 16, "rom1.list";
P_0x2893a70 .param/str "ROMFILE_2" 0 4 17, "rom2.list";
P_0x2893ab0 .param/l "WAIT_DELAY" 0 4 13, +C4<000000000000010101111110010000000>;
L_0x7f2a15bc8210 .functor BUFT 1, C4<0>, C4<0>, C4<0>, C4<0>;
v0x2898d90_0 .net/2u *"_s12", 0 0, L_0x7f2a15bc8210;  1 drivers
v0x2898e70_0 .net *"_s15", 6 0, L_0x28aadd0;  1 drivers
v0x2898f50_0 .net *"_s16", 7 0, L_0x28aaec0;  1 drivers
L_0x7f2a15bc8258 .functor BUFT 1, C4<01000000>, C4<0>, C4<0>, C4<0>;
v0x2899010_0 .net/2u *"_s18", 7 0, L_0x7f2a15bc8258;  1 drivers
L_0x7f2a15bc80f0 .functor BUFT 1, C4<0>, C4<0>, C4<0>, C4<0>;
v0x28990f0_0 .net/2u *"_s2", 0 0, L_0x7f2a15bc80f0;  1 drivers
L_0x7f2a15bc8330 .functor BUFT 1, C4<0>, C4<0>, C4<0>, C4<0>;
v0x28991d0_0 .net/2u *"_s22", 0 0, L_0x7f2a15bc8330;  1 drivers
v0x28992b0_0 .net *"_s25", 6 0, L_0x28ab430;  1 drivers
v0x2899390_0 .net *"_s26", 7 0, L_0x28ab520;  1 drivers
L_0x7f2a15bc8378 .functor BUFT 1, C4<01000000>, C4<0>, C4<0>, C4<0>;
v0x2899470_0 .net/2u *"_s28", 7 0, L_0x7f2a15bc8378;  1 drivers
v0x28995e0_0 .net *"_s5", 6 0, L_0x28aa760;  1 drivers
v0x28996c0_0 .net *"_s6", 7 0, L_0x28aa880;  1 drivers
L_0x7f2a15bc8138 .functor BUFT 1, C4<01000000>, C4<0>, C4<0>, C4<0>;
v0x28997a0_0 .net/2u *"_s8", 7 0, L_0x7f2a15bc8138;  1 drivers
v0x2899880_0 .var "addr", 4 0;
v0x2899940_0 .net "clk", 0 0, v0x289a0f0_0;  1 drivers
v0x28999e0_0 .net "clk_out", 0 0, v0x28962e0_0;  alias, 1 drivers
v0x2899a80_0 .net "clk_out_2", 0 0, v0x2897090_0;  1 drivers
v0x2899b50_0 .net "clk_out_3", 0 0, v0x2897d40_0;  1 drivers
v0x2899d00_0 .net "led0", 0 0, L_0x7f2a15bc8018;  alias, 1 drivers
v0x2899da0_0 .net "pos", 7 0, v0x2894390_0;  1 drivers
v0x2899e40_0 .net "pos_2", 7 0, v0x2894cd0_0;  1 drivers
v0x2899ee0_0 .net "pos_3", 7 0, v0x2895640_0;  1 drivers
v0x2899fb0_0 .net "tic", 0 0, L_0x28abcc0;  1 drivers
L_0x28aa760 .part v0x2894390_0, 1, 7;
L_0x28aa880 .concat [ 7 1 0 0], L_0x28aa760, L_0x7f2a15bc80f0;
L_0x28aaa10 .arith/sum 8, L_0x28aa880, L_0x7f2a15bc8138;
L_0x28aadd0 .part v0x2894cd0_0, 1, 7;
L_0x28aaec0 .concat [ 7 1 0 0], L_0x28aadd0, L_0x7f2a15bc8210;
L_0x28ab0c0 .arith/sum 8, L_0x28aaec0, L_0x7f2a15bc8258;
L_0x28ab430 .part v0x2895640_0, 1, 7;
L_0x28ab520 .concat [ 7 1 0 0], L_0x28ab430, L_0x7f2a15bc8330;
L_0x28ab6b0 .arith/sum 8, L_0x28ab520, L_0x7f2a15bc8378;
S_0x2893cc0 .scope module, "ROM" "genrom" 4 65, 5 15 0, S_0x28937c0;
 .timescale 0 0;
    .port_info 0 /INPUT 1 "clk"
    .port_info 1 /INPUT 5 "addr"
    .port_info 2 /OUTPUT 8 "data"
P_0x2893e90 .param/l "AW" 0 5 16, +C4<00000000000000000000000000000101>;
P_0x2893ed0 .param/l "DW" 0 5 17, +C4<00000000000000000000000000001000>;
P_0x2893f10 .param/l "NPOS" 1 5 28, +C4<00000000000000000000000000100000>;
P_0x2893f50 .param/str "ROMFILE" 0 5 25, "rom1.list";
v0x28941d0_0 .net "addr", 4 0, v0x2899880_0;  1 drivers
v0x28942d0_0 .net "clk", 0 0, v0x289a0f0_0;  alias, 1 drivers
v0x2894390_0 .var "data", 7 0;
v0x2894480 .array "rom", 31 0, 7 0;
E_0x2894150 .event posedge, v0x28942d0_0;
S_0x28945c0 .scope module, "ROM_2" "genrom" 4 75, 5 15 0, S_0x28937c0;
 .timescale 0 0;
    .port_info 0 /INPUT 1 "clk"
    .port_info 1 /INPUT 5 "addr"
    .port_info 2 /OUTPUT 8 "data"
P_0x2894790 .param/l "AW" 0 5 16, +C4<00000000000000000000000000000101>;
P_0x28947d0 .param/l "DW" 0 5 17, +C4<00000000000000000000000000001000>;
P_0x2894810 .param/l "NPOS" 1 5 28, +C4<00000000000000000000000000100000>;
P_0x2894850 .param/str "ROMFILE" 0 5 25, "rom1.list";
v0x2894b10_0 .net "addr", 4 0, v0x2899880_0;  alias, 1 drivers
v0x2894c00_0 .net "clk", 0 0, v0x289a0f0_0;  alias, 1 drivers
v0x2894cd0_0 .var "data", 7 0;
v0x2894da0 .array "rom", 31 0, 7 0;
S_0x2894ec0 .scope module, "ROM_3" "genrom" 4 85, 5 15 0, S_0x28937c0;
 .timescale 0 0;
    .port_info 0 /INPUT 1 "clk"
    .port_info 1 /INPUT 5 "addr"
    .port_info 2 /OUTPUT 8 "data"
P_0x28950c0 .param/l "AW" 0 5 16, +C4<00000000000000000000000000000101>;
P_0x2895100 .param/l "DW" 0 5 17, +C4<00000000000000000000000000001000>;
P_0x2895140 .param/l "NPOS" 1 5 28, +C4<00000000000000000000000000100000>;
P_0x2895180 .param/str "ROMFILE" 0 5 25, "rom2.list";
v0x2895440_0 .net "addr", 4 0, v0x2899880_0;  alias, 1 drivers
v0x2895530_0 .net "clk", 0 0, v0x289a0f0_0;  alias, 1 drivers
v0x2895640_0 .var "data", 7 0;
v0x28956e0 .array "rom", 31 0, 7 0;
S_0x2895820 .scope module, "SERVO0" "ServoUnit" 4 33, 6 4 0, S_0x28937c0;
 .timescale 0 0;
    .port_info 0 /INPUT 1 "clk"
    .port_info 1 /INPUT 8 "pos"
    .port_info 2 /OUTPUT 1 "servo"
P_0x28959f0 .param/l "M" 1 6 8, +C4<00000000000000000000000001011101>;
P_0x2895a30 .param/l "N" 1 6 9, +C4<00000000000000000000000000000111>;
L_0x7f2a15bc8060 .functor BUFT 1, C4<0>, C4<0>, C4<0>, C4<0>;
v0x2895be0_0 .net/2u *"_s0", 0 0, L_0x7f2a15bc8060;  1 drivers
v0x2895ca0_0 .net *"_s2", 8 0, L_0x289a450;  1 drivers
L_0x7f2a15bc80a8 .functor BUFT 1, C4<000101110>, C4<0>, C4<0>, C4<0>;
v0x2895d80_0 .net/2u *"_s4", 8 0, L_0x7f2a15bc80a8;  1 drivers
v0x2895e70_0 .var "angle_counter", 10 0;
v0x2895f50_0 .net "clk", 0 0, v0x289a0f0_0;  alias, 1 drivers
v0x2896040_0 .var "divcounter", 6 0;
v0x2896120_0 .net "pos", 7 0, L_0x28aaa10;  1 drivers
v0x2896200_0 .net "pose", 8 0, L_0x28aa580;  1 drivers
v0x28962e0_0 .var "servo", 0 0;
v0x2896430_0 .var "tic", 0 0;
L_0x289a450 .concat [ 8 1 0 0], L_0x28aaa10, L_0x7f2a15bc8060;
L_0x28aa580 .arith/sum 9, L_0x289a450, L_0x7f2a15bc80a8;
S_0x2896570 .scope module, "SERVO1" "ServoUnit" 4 38, 6 4 0, S_0x28937c0;
 .timescale 0 0;
    .port_info 0 /INPUT 1 "clk"
    .port_info 1 /INPUT 8 "pos"
    .port_info 2 /OUTPUT 1 "servo"
P_0x2896740 .param/l "M" 1 6 8, +C4<00000000000000000000000001011101>;
P_0x2896780 .param/l "N" 1 6 9, +C4<00000000000000000000000000000111>;
L_0x7f2a15bc8180 .functor BUFT 1, C4<0>, C4<0>, C4<0>, C4<0>;
v0x28968c0_0 .net/2u *"_s0", 0 0, L_0x7f2a15bc8180;  1 drivers
v0x28969c0_0 .net *"_s2", 8 0, L_0x28aaba0;  1 drivers
L_0x7f2a15bc81c8 .functor BUFT 1, C4<000101110>, C4<0>, C4<0>, C4<0>;
v0x2896aa0_0 .net/2u *"_s4", 8 0, L_0x7f2a15bc81c8;  1 drivers
v0x2896b90_0 .var "angle_counter", 10 0;
v0x2896c70_0 .net "clk", 0 0, v0x289a0f0_0;  alias, 1 drivers
v0x2896df0_0 .var "divcounter", 6 0;
v0x2896ed0_0 .net "pos", 7 0, L_0x28ab0c0;  1 drivers
v0x2896fb0_0 .net "pose", 8 0, L_0x28aac90;  1 drivers
v0x2897090_0 .var "servo", 0 0;
v0x28971e0_0 .var "tic", 0 0;
L_0x28aaba0 .concat [ 8 1 0 0], L_0x28ab0c0, L_0x7f2a15bc8180;
L_0x28aac90 .arith/sum 9, L_0x28aaba0, L_0x7f2a15bc81c8;
S_0x2897320 .scope module, "SERVO3" "ServoUnit" 4 43, 6 4 0, S_0x28937c0;
 .timescale 0 0;
    .port_info 0 /INPUT 1 "clk"
    .port_info 1 /INPUT 8 "pos"
    .port_info 2 /OUTPUT 1 "servo"
P_0x28974a0 .param/l "M" 1 6 8, +C4<00000000000000000000000001011101>;
P_0x28974e0 .param/l "N" 1 6 9, +C4<00000000000000000000000000000111>;
L_0x7f2a15bc82a0 .functor BUFT 1, C4<0>, C4<0>, C4<0>, C4<0>;
v0x2897640_0 .net/2u *"_s0", 0 0, L_0x7f2a15bc82a0;  1 drivers
v0x2897700_0 .net *"_s2", 8 0, L_0x28ab200;  1 drivers
L_0x7f2a15bc82e8 .functor BUFT 1, C4<000101110>, C4<0>, C4<0>, C4<0>;
v0x28977e0_0 .net/2u *"_s4", 8 0, L_0x7f2a15bc82e8;  1 drivers
v0x28978d0_0 .var "angle_counter", 10 0;
v0x28979b0_0 .net "clk", 0 0, v0x289a0f0_0;  alias, 1 drivers
v0x2897aa0_0 .var "divcounter", 6 0;
v0x2897b80_0 .net "pos", 7 0, L_0x28ab6b0;  1 drivers
v0x2897c60_0 .net "pose", 8 0, L_0x28ab2f0;  1 drivers
v0x2897d40_0 .var "servo", 0 0;
v0x2897e90_0 .var "tic", 0 0;
L_0x28ab200 .concat [ 8 1 0 0], L_0x28ab6b0, L_0x7f2a15bc82a0;
L_0x28ab2f0 .arith/sum 9, L_0x28ab200, L_0x7f2a15bc82e8;
S_0x2897fd0 .scope module, "TIMMER0" "dividerp1" 4 50, 7 18 0, S_0x28937c0;
 .timescale 0 0;
    .port_info 0 /INPUT 1 "clk"
    .port_info 1 /INPUT 1 "timer_ena"
    .port_info 2 /OUTPUT 1 "clk_out"
P_0x2898150 .param/l "M" 0 7 23, +C4<000000000000010101111110010000000>;
P_0x2898190 .param/l "N" 1 7 26, +C4<00000000000000000000000000010100>;
v0x2898340_0 .net *"_s0", 32 0, L_0x28ab840;  1 drivers
L_0x7f2a15bc8498 .functor BUFT 1, C4<00>, C4<0>, C4<0>, C4<0>;
v0x2898400_0 .net/2s *"_s10", 1 0, L_0x7f2a15bc8498;  1 drivers
v0x28984e0_0 .net *"_s12", 1 0, L_0x28abb80;  1 drivers
L_0x7f2a15bc83c0 .functor BUFT 1, C4<0000000000000>, C4<0>, C4<0>, C4<0>;
v0x28985d0_0 .net *"_s3", 12 0, L_0x7f2a15bc83c0;  1 drivers
L_0x7f2a15bc8408 .functor BUFT 1, C4<000000000000010101111110001111111>, C4<0>, C4<0>, C4<0>;
v0x28986b0_0 .net/2u *"_s4", 32 0, L_0x7f2a15bc8408;  1 drivers
v0x28987e0_0 .net *"_s6", 0 0, L_0x28ab930;  1 drivers
L_0x7f2a15bc8450 .functor BUFT 1, C4<01>, C4<0>, C4<0>, C4<0>;
v0x28988a0_0 .net/2s *"_s8", 1 0, L_0x7f2a15bc8450;  1 drivers
v0x2898980_0 .net "clk", 0 0, v0x289a0f0_0;  alias, 1 drivers
v0x2898a20_0 .net "clk_out", 0 0, L_0x28abcc0;  alias, 1 drivers
v0x2898b70_0 .var "divcounter", 19 0;
L_0x7f2a15bc84e0 .functor BUFT 1, C4<1>, C4<0>, C4<0>, C4<0>;
v0x2898c50_0 .net "timer_ena", 0 0, L_0x7f2a15bc84e0;  1 drivers
L_0x28ab840 .concat [ 20 13 0 0], v0x2898b70_0, L_0x7f2a15bc83c0;
L_0x28ab930 .cmp/eq 33, L_0x28ab840, L_0x7f2a15bc8408;
L_0x28abb80 .functor MUXZ 2, L_0x7f2a15bc8498, L_0x7f2a15bc8450, L_0x28ab930, C4<>;
L_0x28abcc0 .part L_0x28abb80, 0, 1;
    .scope S_0x2895820;
T_0 ;
    %pushi/vec4 0, 0, 7;
    %store/vec4 v0x2896040_0, 0, 7;
    %end;
    .thread T_0;
    .scope S_0x2895820;
T_1 ;
    %pushi/vec4 0, 0, 1;
    %store/vec4 v0x2896430_0, 0, 1;
    %end;
    .thread T_1;
    .scope S_0x2895820;
T_2 ;
    %wait E_0x2894150;
    %load/vec4 v0x2896040_0;
    %pad/u 32;
    %pushi/vec4 91, 0, 32;
    %cmp/e;
    %flag_get/vec4 4;
    %assign/vec4 v0x2896430_0, 0;
    %jmp T_2;
    .thread T_2;
    .scope S_0x2895820;
T_3 ;
    %wait E_0x2894150;
    %load/vec4 v0x2896430_0;
    %flag_set/vec4 8;
    %jmp/0xz  T_3.0, 8;
    %pushi/vec4 0, 0, 7;
    %assign/vec4 v0x2896040_0, 0;
    %jmp T_3.1;
T_3.0 ;
    %load/vec4 v0x2896040_0;
    %addi 1, 0, 7;
    %assign/vec4 v0x2896040_0, 0;
T_3.1 ;
    %jmp T_3;
    .thread T_3;
    .scope S_0x2895820;
T_4 ;
    %pushi/vec4 0, 0, 11;
    %store/vec4 v0x2895e70_0, 0, 11;
    %end;
    .thread T_4;
    .scope S_0x2895820;
T_5 ;
    %wait E_0x2894150;
    %load/vec4 v0x2896430_0;
    %flag_set/vec4 8;
    %jmp/0xz  T_5.0, 8;
    %load/vec4 v0x2895e70_0;
    %addi 1, 0, 11;
    %assign/vec4 v0x2895e70_0, 0;
T_5.0 ;
    %jmp T_5;
    .thread T_5;
    .scope S_0x2895820;
T_6 ;
    %wait E_0x2894150;
    %load/vec4 v0x2895e70_0;
    %pad/u 12;
    %pushi/vec4 0, 0, 3;
    %load/vec4 v0x2896200_0;
    %concat/vec4; draw_concat_vec4
    %cmp/u;
    %flag_get/vec4 5;
    %assign/vec4 v0x28962e0_0, 0;
    %jmp T_6;
    .thread T_6;
    .scope S_0x2896570;
T_7 ;
    %pushi/vec4 0, 0, 7;
    %store/vec4 v0x2896df0_0, 0, 7;
    %end;
    .thread T_7;
    .scope S_0x2896570;
T_8 ;
    %pushi/vec4 0, 0, 1;
    %store/vec4 v0x28971e0_0, 0, 1;
    %end;
    .thread T_8;
    .scope S_0x2896570;
T_9 ;
    %wait E_0x2894150;
    %load/vec4 v0x2896df0_0;
    %pad/u 32;
    %pushi/vec4 91, 0, 32;
    %cmp/e;
    %flag_get/vec4 4;
    %assign/vec4 v0x28971e0_0, 0;
    %jmp T_9;
    .thread T_9;
    .scope S_0x2896570;
T_10 ;
    %wait E_0x2894150;
    %load/vec4 v0x28971e0_0;
    %flag_set/vec4 8;
    %jmp/0xz  T_10.0, 8;
    %pushi/vec4 0, 0, 7;
    %assign/vec4 v0x2896df0_0, 0;
    %jmp T_10.1;
T_10.0 ;
    %load/vec4 v0x2896df0_0;
    %addi 1, 0, 7;
    %assign/vec4 v0x2896df0_0, 0;
T_10.1 ;
    %jmp T_10;
    .thread T_10;
    .scope S_0x2896570;
T_11 ;
    %pushi/vec4 0, 0, 11;
    %store/vec4 v0x2896b90_0, 0, 11;
    %end;
    .thread T_11;
    .scope S_0x2896570;
T_12 ;
    %wait E_0x2894150;
    %load/vec4 v0x28971e0_0;
    %flag_set/vec4 8;
    %jmp/0xz  T_12.0, 8;
    %load/vec4 v0x2896b90_0;
    %addi 1, 0, 11;
    %assign/vec4 v0x2896b90_0, 0;
T_12.0 ;
    %jmp T_12;
    .thread T_12;
    .scope S_0x2896570;
T_13 ;
    %wait E_0x2894150;
    %load/vec4 v0x2896b90_0;
    %pad/u 12;
    %pushi/vec4 0, 0, 3;
    %load/vec4 v0x2896fb0_0;
    %concat/vec4; draw_concat_vec4
    %cmp/u;
    %flag_get/vec4 5;
    %assign/vec4 v0x2897090_0, 0;
    %jmp T_13;
    .thread T_13;
    .scope S_0x2897320;
T_14 ;
    %pushi/vec4 0, 0, 7;
    %store/vec4 v0x2897aa0_0, 0, 7;
    %end;
    .thread T_14;
    .scope S_0x2897320;
T_15 ;
    %pushi/vec4 0, 0, 1;
    %store/vec4 v0x2897e90_0, 0, 1;
    %end;
    .thread T_15;
    .scope S_0x2897320;
T_16 ;
    %wait E_0x2894150;
    %load/vec4 v0x2897aa0_0;
    %pad/u 32;
    %pushi/vec4 91, 0, 32;
    %cmp/e;
    %flag_get/vec4 4;
    %assign/vec4 v0x2897e90_0, 0;
    %jmp T_16;
    .thread T_16;
    .scope S_0x2897320;
T_17 ;
    %wait E_0x2894150;
    %load/vec4 v0x2897e90_0;
    %flag_set/vec4 8;
    %jmp/0xz  T_17.0, 8;
    %pushi/vec4 0, 0, 7;
    %assign/vec4 v0x2897aa0_0, 0;
    %jmp T_17.1;
T_17.0 ;
    %load/vec4 v0x2897aa0_0;
    %addi 1, 0, 7;
    %assign/vec4 v0x2897aa0_0, 0;
T_17.1 ;
    %jmp T_17;
    .thread T_17;
    .scope S_0x2897320;
T_18 ;
    %pushi/vec4 0, 0, 11;
    %store/vec4 v0x28978d0_0, 0, 11;
    %end;
    .thread T_18;
    .scope S_0x2897320;
T_19 ;
    %wait E_0x2894150;
    %load/vec4 v0x2897e90_0;
    %flag_set/vec4 8;
    %jmp/0xz  T_19.0, 8;
    %load/vec4 v0x28978d0_0;
    %addi 1, 0, 11;
    %assign/vec4 v0x28978d0_0, 0;
T_19.0 ;
    %jmp T_19;
    .thread T_19;
    .scope S_0x2897320;
T_20 ;
    %wait E_0x2894150;
    %load/vec4 v0x28978d0_0;
    %pad/u 12;
    %pushi/vec4 0, 0, 3;
    %load/vec4 v0x2897c60_0;
    %concat/vec4; draw_concat_vec4
    %cmp/u;
    %flag_get/vec4 5;
    %assign/vec4 v0x2897d40_0, 0;
    %jmp T_20;
    .thread T_20;
    .scope S_0x2897fd0;
T_21 ;
    %pushi/vec4 0, 0, 20;
    %store/vec4 v0x2898b70_0, 0, 20;
    %end;
    .thread T_21;
    .scope S_0x2897fd0;
T_22 ;
    %wait E_0x2894150;
    %load/vec4 v0x2898c50_0;
    %flag_set/vec4 8;
    %jmp/0xz  T_22.0, 8;
    %load/vec4 v0x2898b70_0;
    %pad/u 33;
    %cmpi/e 719999, 0, 33;
    %flag_mov 8, 4;
    %jmp/0 T_22.2, 8;
    %pushi/vec4 0, 0, 20;
    %jmp/1 T_22.3, 8;
T_22.2 ; End of true expr.
    %load/vec4 v0x2898b70_0;
    %addi 1, 0, 20;
    %jmp/0 T_22.3, 8;
 ; End of false expr.
    %blend;
T_22.3;
    %assign/vec4 v0x2898b70_0, 0;
    %jmp T_22.1;
T_22.0 ;
    %pushi/vec4 0, 0, 20;
    %assign/vec4 v0x2898b70_0, 0;
T_22.1 ;
    %jmp T_22;
    .thread T_22;
    .scope S_0x2893cc0;
T_23 ;
    %wait E_0x2894150;
    %load/vec4 v0x28941d0_0;
    %pad/u 7;
    %ix/vec4 4;
    %load/vec4a v0x2894480, 4;
    %assign/vec4 v0x2894390_0, 0;
    %jmp T_23;
    .thread T_23;
    .scope S_0x2893cc0;
T_24 ;
    %vpi_call 5 41 "$readmemh", P_0x2893f50, v0x2894480 {0 0 0};
    %end;
    .thread T_24;
    .scope S_0x28945c0;
T_25 ;
    %wait E_0x2894150;
    %load/vec4 v0x2894b10_0;
    %pad/u 7;
    %ix/vec4 4;
    %load/vec4a v0x2894da0, 4;
    %assign/vec4 v0x2894cd0_0, 0;
    %jmp T_25;
    .thread T_25;
    .scope S_0x28945c0;
T_26 ;
    %vpi_call 5 41 "$readmemh", P_0x2894850, v0x2894da0 {0 0 0};
    %end;
    .thread T_26;
    .scope S_0x2894ec0;
T_27 ;
    %wait E_0x2894150;
    %load/vec4 v0x2895440_0;
    %pad/u 7;
    %ix/vec4 4;
    %load/vec4a v0x28956e0, 4;
    %assign/vec4 v0x2895640_0, 0;
    %jmp T_27;
    .thread T_27;
    .scope S_0x2894ec0;
T_28 ;
    %vpi_call 5 41 "$readmemh", P_0x2895180, v0x28956e0 {0 0 0};
    %end;
    .thread T_28;
    .scope S_0x28937c0;
T_29 ;
    %pushi/vec4 0, 0, 5;
    %store/vec4 v0x2899880_0, 0, 5;
    %end;
    .thread T_29;
    .scope S_0x28937c0;
T_30 ;
    %wait E_0x2894150;
    %load/vec4 v0x2899fb0_0;
    %flag_set/vec4 8;
    %jmp/0xz  T_30.0, 8;
    %load/vec4 v0x2899880_0;
    %addi 1, 0, 5;
    %assign/vec4 v0x2899880_0, 0;
T_30.0 ;
    %jmp T_30;
    .thread T_30;
    .scope S_0x28344a0;
T_31 ;
    %pushi/vec4 0, 0, 1;
    %store/vec4 v0x289a0f0_0, 0, 1;
    %end;
    .thread T_31;
    .scope S_0x28344a0;
T_32 ;
    %delay 41667, 0;
    %load/vec4 v0x289a0f0_0;
    %inv;
    %store/vec4 v0x289a0f0_0, 0, 1;
    %jmp T_32;
    .thread T_32;
    .scope S_0x28344a0;
T_33 ;
    %vpi_call 3 32 "$dumpfile", "osc_tb.vcd" {0 0 0};
    %vpi_call 3 33 "$dumpvars", 32'sb00000000000000000000000000000000, S_0x28344a0 {0 0 0};
    %delay 1345294336, 9;
    %vpi_call 3 35 "$display", "FIN de la simulacion" {0 0 0};
    %vpi_call 3 36 "$finish" {0 0 0};
    %end;
    .thread T_33;
# The file index is used to find the file name in the following table.
:file_names 8;
    "N/A";
    "<interactive>";
    "/home/jcarolinares/.apio/packages/toolchain-iverilog/vlib/system.v";
    "hexapod3gdl_tb.v";
    "hexapod3gdl.v";
    "genrom.v";
    "ServoUnit.v";
    "dividerp1.v";
