#! /usr/local/bin/vvp
:ivl_version "10.1 (stable)";
:ivl_delay_selection "TYPICAL";
:vpi_time_precision + 0;
:vpi_module "system";
:vpi_module "vhdl_sys";
:vpi_module "v2005_math";
:vpi_module "va_math";
S_0x193be70 .scope module, "SB_CARRY" "SB_CARRY" 2 202;
 .timescale 0 0;
    .port_info 0 /INPUT 1 "I0"
    .port_info 1 /INPUT 1 "I1"
    .port_info 2 /INPUT 1 "CI"
    .port_info 3 /OUTPUT 1 "CO"
o0x7fd87d2f9018 .functor BUFZ 1, C4<z>; HiZ drive
v0x19be900_0 .net "CI", 0 0, o0x7fd87d2f9018;  0 drivers
o0x7fd87d2f9048 .functor BUFZ 1, C4<z>; HiZ drive
v0x19e0f60_0 .net "CO", 0 0, o0x7fd87d2f9048;  0 drivers
o0x7fd87d2f9078 .functor BUFZ 1, C4<z>; HiZ drive
v0x19e1020_0 .net "I0", 0 0, o0x7fd87d2f9078;  0 drivers
o0x7fd87d2f90a8 .functor BUFZ 1, C4<z>; HiZ drive
v0x19e10f0_0 .net "I1", 0 0, o0x7fd87d2f90a8;  0 drivers
S_0x19c83d0 .scope module, "SB_DFF" "SB_DFF" 2 16;
 .timescale 0 0;
    .port_info 0 /INPUT 1 "C"
    .port_info 1 /INPUT 1 "D"
    .port_info 2 /OUTPUT 1 "Q"
o0x7fd87d2f9198 .functor BUFZ 1, C4<z>; HiZ drive
v0x19e1260_0 .net "C", 0 0, o0x7fd87d2f9198;  0 drivers
o0x7fd87d2f91c8 .functor BUFZ 1, C4<z>; HiZ drive
v0x19e1340_0 .net "D", 0 0, o0x7fd87d2f91c8;  0 drivers
o0x7fd87d2f91f8 .functor BUFZ 1, C4<z>; HiZ drive
v0x19e1400_0 .net "Q", 0 0, o0x7fd87d2f91f8;  0 drivers
S_0x19c8550 .scope module, "SB_DFFE" "SB_DFFE" 2 24;
 .timescale 0 0;
    .port_info 0 /INPUT 1 "C"
    .port_info 1 /INPUT 1 "D"
    .port_info 2 /INPUT 1 "E"
    .port_info 3 /OUTPUT 1 "Q"
o0x7fd87d2f92b8 .functor BUFZ 1, C4<z>; HiZ drive
v0x19e1520_0 .net "C", 0 0, o0x7fd87d2f92b8;  0 drivers
o0x7fd87d2f92e8 .functor BUFZ 1, C4<z>; HiZ drive
v0x19e15e0_0 .net "D", 0 0, o0x7fd87d2f92e8;  0 drivers
o0x7fd87d2f9318 .functor BUFZ 1, C4<z>; HiZ drive
v0x19e16a0_0 .net "E", 0 0, o0x7fd87d2f9318;  0 drivers
o0x7fd87d2f9348 .functor BUFZ 1, C4<z>; HiZ drive
v0x19e1770_0 .net "Q", 0 0, o0x7fd87d2f9348;  0 drivers
S_0x1973590 .scope module, "SB_DFFER" "SB_DFFER" 2 79;
 .timescale 0 0;
    .port_info 0 /INPUT 1 "C"
    .port_info 1 /INPUT 1 "D"
    .port_info 2 /INPUT 1 "R"
    .port_info 3 /INPUT 1 "E"
    .port_info 4 /OUTPUT 1 "Q"
o0x7fd87d2f9438 .functor BUFZ 1, C4<z>; HiZ drive
v0x19e18e0_0 .net "C", 0 0, o0x7fd87d2f9438;  0 drivers
o0x7fd87d2f9468 .functor BUFZ 1, C4<z>; HiZ drive
v0x19e19c0_0 .net "D", 0 0, o0x7fd87d2f9468;  0 drivers
o0x7fd87d2f9498 .functor BUFZ 1, C4<z>; HiZ drive
v0x19e1a80_0 .net "E", 0 0, o0x7fd87d2f9498;  0 drivers
o0x7fd87d2f94c8 .functor BUFZ 1, C4<z>; HiZ drive
v0x19e1b20_0 .net "Q", 0 0, o0x7fd87d2f94c8;  0 drivers
o0x7fd87d2f94f8 .functor BUFZ 1, C4<z>; HiZ drive
v0x19e1be0_0 .net "R", 0 0, o0x7fd87d2f94f8;  0 drivers
S_0x19737c0 .scope module, "SB_DFFES" "SB_DFFES" 2 99;
 .timescale 0 0;
    .port_info 0 /INPUT 1 "C"
    .port_info 1 /INPUT 1 "D"
    .port_info 2 /INPUT 1 "E"
    .port_info 3 /INPUT 1 "S"
    .port_info 4 /OUTPUT 1 "Q"
o0x7fd87d2f9618 .functor BUFZ 1, C4<z>; HiZ drive
v0x19e1d90_0 .net "C", 0 0, o0x7fd87d2f9618;  0 drivers
o0x7fd87d2f9648 .functor BUFZ 1, C4<z>; HiZ drive
v0x19e1e70_0 .net "D", 0 0, o0x7fd87d2f9648;  0 drivers
o0x7fd87d2f9678 .functor BUFZ 1, C4<z>; HiZ drive
v0x19e1f30_0 .net "E", 0 0, o0x7fd87d2f9678;  0 drivers
o0x7fd87d2f96a8 .functor BUFZ 1, C4<z>; HiZ drive
v0x19e1fd0_0 .net "Q", 0 0, o0x7fd87d2f96a8;  0 drivers
o0x7fd87d2f96d8 .functor BUFZ 1, C4<z>; HiZ drive
v0x19e2090_0 .net "S", 0 0, o0x7fd87d2f96d8;  0 drivers
S_0x1978250 .scope module, "SB_DFFESR" "SB_DFFESR" 2 69;
 .timescale 0 0;
    .port_info 0 /INPUT 1 "C"
    .port_info 1 /INPUT 1 "D"
    .port_info 2 /INPUT 1 "R"
    .port_info 3 /INPUT 1 "E"
    .port_info 4 /OUTPUT 1 "Q"
o0x7fd87d2f97f8 .functor BUFZ 1, C4<z>; HiZ drive
v0x19e2240_0 .net "C", 0 0, o0x7fd87d2f97f8;  0 drivers
o0x7fd87d2f9828 .functor BUFZ 1, C4<z>; HiZ drive
v0x19e2320_0 .net "D", 0 0, o0x7fd87d2f9828;  0 drivers
o0x7fd87d2f9858 .functor BUFZ 1, C4<z>; HiZ drive
v0x19e23e0_0 .net "E", 0 0, o0x7fd87d2f9858;  0 drivers
o0x7fd87d2f9888 .functor BUFZ 1, C4<z>; HiZ drive
v0x19e24b0_0 .net "Q", 0 0, o0x7fd87d2f9888;  0 drivers
o0x7fd87d2f98b8 .functor BUFZ 1, C4<z>; HiZ drive
v0x19e2570_0 .net "R", 0 0, o0x7fd87d2f98b8;  0 drivers
S_0x1978450 .scope module, "SB_DFFESS" "SB_DFFESS" 2 89;
 .timescale 0 0;
    .port_info 0 /INPUT 1 "C"
    .port_info 1 /INPUT 1 "D"
    .port_info 2 /INPUT 1 "E"
    .port_info 3 /INPUT 1 "S"
    .port_info 4 /OUTPUT 1 "Q"
o0x7fd87d2f99d8 .functor BUFZ 1, C4<z>; HiZ drive
v0x19e2720_0 .net "C", 0 0, o0x7fd87d2f99d8;  0 drivers
o0x7fd87d2f9a08 .functor BUFZ 1, C4<z>; HiZ drive
v0x19e2800_0 .net "D", 0 0, o0x7fd87d2f9a08;  0 drivers
o0x7fd87d2f9a38 .functor BUFZ 1, C4<z>; HiZ drive
v0x19e28c0_0 .net "E", 0 0, o0x7fd87d2f9a38;  0 drivers
o0x7fd87d2f9a68 .functor BUFZ 1, C4<z>; HiZ drive
v0x19e2960_0 .net "Q", 0 0, o0x7fd87d2f9a68;  0 drivers
o0x7fd87d2f9a98 .functor BUFZ 1, C4<z>; HiZ drive
v0x19e2a20_0 .net "S", 0 0, o0x7fd87d2f9a98;  0 drivers
S_0x1979f30 .scope module, "SB_DFFN" "SB_DFFN" 2 109;
 .timescale 0 0;
    .port_info 0 /INPUT 1 "C"
    .port_info 1 /INPUT 1 "D"
    .port_info 2 /OUTPUT 1 "Q"
o0x7fd87d2f9bb8 .functor BUFZ 1, C4<z>; HiZ drive
v0x19e2bd0_0 .net "C", 0 0, o0x7fd87d2f9bb8;  0 drivers
o0x7fd87d2f9be8 .functor BUFZ 1, C4<z>; HiZ drive
v0x19e2cb0_0 .net "D", 0 0, o0x7fd87d2f9be8;  0 drivers
o0x7fd87d2f9c18 .functor BUFZ 1, C4<z>; HiZ drive
v0x19e2d70_0 .net "Q", 0 0, o0x7fd87d2f9c18;  0 drivers
S_0x197a0b0 .scope module, "SB_DFFNE" "SB_DFFNE" 2 117;
 .timescale 0 0;
    .port_info 0 /INPUT 1 "C"
    .port_info 1 /INPUT 1 "D"
    .port_info 2 /INPUT 1 "E"
    .port_info 3 /OUTPUT 1 "Q"
o0x7fd87d2f9cd8 .functor BUFZ 1, C4<z>; HiZ drive
v0x19e2e90_0 .net "C", 0 0, o0x7fd87d2f9cd8;  0 drivers
o0x7fd87d2f9d08 .functor BUFZ 1, C4<z>; HiZ drive
v0x19e2f50_0 .net "D", 0 0, o0x7fd87d2f9d08;  0 drivers
o0x7fd87d2f9d38 .functor BUFZ 1, C4<z>; HiZ drive
v0x19e3010_0 .net "E", 0 0, o0x7fd87d2f9d38;  0 drivers
o0x7fd87d2f9d68 .functor BUFZ 1, C4<z>; HiZ drive
v0x19e30e0_0 .net "Q", 0 0, o0x7fd87d2f9d68;  0 drivers
S_0x19773c0 .scope module, "SB_DFFNER" "SB_DFFNER" 2 172;
 .timescale 0 0;
    .port_info 0 /INPUT 1 "C"
    .port_info 1 /INPUT 1 "D"
    .port_info 2 /INPUT 1 "E"
    .port_info 3 /INPUT 1 "R"
    .port_info 4 /OUTPUT 1 "Q"
o0x7fd87d2f9e58 .functor BUFZ 1, C4<z>; HiZ drive
v0x19e3250_0 .net "C", 0 0, o0x7fd87d2f9e58;  0 drivers
o0x7fd87d2f9e88 .functor BUFZ 1, C4<z>; HiZ drive
v0x19e3330_0 .net "D", 0 0, o0x7fd87d2f9e88;  0 drivers
o0x7fd87d2f9eb8 .functor BUFZ 1, C4<z>; HiZ drive
v0x19e33f0_0 .net "E", 0 0, o0x7fd87d2f9eb8;  0 drivers
o0x7fd87d2f9ee8 .functor BUFZ 1, C4<z>; HiZ drive
v0x19e3490_0 .net "Q", 0 0, o0x7fd87d2f9ee8;  0 drivers
o0x7fd87d2f9f18 .functor BUFZ 1, C4<z>; HiZ drive
v0x19e3550_0 .net "R", 0 0, o0x7fd87d2f9f18;  0 drivers
S_0x19775f0 .scope module, "SB_DFFNES" "SB_DFFNES" 2 192;
 .timescale 0 0;
    .port_info 0 /INPUT 1 "C"
    .port_info 1 /INPUT 1 "D"
    .port_info 2 /INPUT 1 "E"
    .port_info 3 /INPUT 1 "S"
    .port_info 4 /OUTPUT 1 "Q"
o0x7fd87d2fa038 .functor BUFZ 1, C4<z>; HiZ drive
v0x19e3700_0 .net "C", 0 0, o0x7fd87d2fa038;  0 drivers
o0x7fd87d2fa068 .functor BUFZ 1, C4<z>; HiZ drive
v0x19e37e0_0 .net "D", 0 0, o0x7fd87d2fa068;  0 drivers
o0x7fd87d2fa098 .functor BUFZ 1, C4<z>; HiZ drive
v0x19e38a0_0 .net "E", 0 0, o0x7fd87d2fa098;  0 drivers
o0x7fd87d2fa0c8 .functor BUFZ 1, C4<z>; HiZ drive
v0x19e3940_0 .net "Q", 0 0, o0x7fd87d2fa0c8;  0 drivers
o0x7fd87d2fa0f8 .functor BUFZ 1, C4<z>; HiZ drive
v0x19e3a00_0 .net "S", 0 0, o0x7fd87d2fa0f8;  0 drivers
S_0x19790c0 .scope module, "SB_DFFNESR" "SB_DFFNESR" 2 162;
 .timescale 0 0;
    .port_info 0 /INPUT 1 "C"
    .port_info 1 /INPUT 1 "D"
    .port_info 2 /INPUT 1 "E"
    .port_info 3 /INPUT 1 "R"
    .port_info 4 /OUTPUT 1 "Q"
o0x7fd87d2fa218 .functor BUFZ 1, C4<z>; HiZ drive
v0x19e3bb0_0 .net "C", 0 0, o0x7fd87d2fa218;  0 drivers
o0x7fd87d2fa248 .functor BUFZ 1, C4<z>; HiZ drive
v0x19e3c90_0 .net "D", 0 0, o0x7fd87d2fa248;  0 drivers
o0x7fd87d2fa278 .functor BUFZ 1, C4<z>; HiZ drive
v0x19e3d50_0 .net "E", 0 0, o0x7fd87d2fa278;  0 drivers
o0x7fd87d2fa2a8 .functor BUFZ 1, C4<z>; HiZ drive
v0x19e3e20_0 .net "Q", 0 0, o0x7fd87d2fa2a8;  0 drivers
o0x7fd87d2fa2d8 .functor BUFZ 1, C4<z>; HiZ drive
v0x19e3ee0_0 .net "R", 0 0, o0x7fd87d2fa2d8;  0 drivers
S_0x19792f0 .scope module, "SB_DFFNESS" "SB_DFFNESS" 2 182;
 .timescale 0 0;
    .port_info 0 /INPUT 1 "C"
    .port_info 1 /INPUT 1 "D"
    .port_info 2 /INPUT 1 "E"
    .port_info 3 /INPUT 1 "S"
    .port_info 4 /OUTPUT 1 "Q"
o0x7fd87d2fa3f8 .functor BUFZ 1, C4<z>; HiZ drive
v0x19e4090_0 .net "C", 0 0, o0x7fd87d2fa3f8;  0 drivers
o0x7fd87d2fa428 .functor BUFZ 1, C4<z>; HiZ drive
v0x19e4170_0 .net "D", 0 0, o0x7fd87d2fa428;  0 drivers
o0x7fd87d2fa458 .functor BUFZ 1, C4<z>; HiZ drive
v0x19e4230_0 .net "E", 0 0, o0x7fd87d2fa458;  0 drivers
o0x7fd87d2fa488 .functor BUFZ 1, C4<z>; HiZ drive
v0x19e42d0_0 .net "Q", 0 0, o0x7fd87d2fa488;  0 drivers
o0x7fd87d2fa4b8 .functor BUFZ 1, C4<z>; HiZ drive
v0x19e4390_0 .net "S", 0 0, o0x7fd87d2fa4b8;  0 drivers
S_0x197ada0 .scope module, "SB_DFFNR" "SB_DFFNR" 2 135;
 .timescale 0 0;
    .port_info 0 /INPUT 1 "C"
    .port_info 1 /INPUT 1 "D"
    .port_info 2 /INPUT 1 "R"
    .port_info 3 /OUTPUT 1 "Q"
o0x7fd87d2fa5d8 .functor BUFZ 1, C4<z>; HiZ drive
v0x19e4540_0 .net "C", 0 0, o0x7fd87d2fa5d8;  0 drivers
o0x7fd87d2fa608 .functor BUFZ 1, C4<z>; HiZ drive
v0x19e4620_0 .net "D", 0 0, o0x7fd87d2fa608;  0 drivers
o0x7fd87d2fa638 .functor BUFZ 1, C4<z>; HiZ drive
v0x19e46e0_0 .net "Q", 0 0, o0x7fd87d2fa638;  0 drivers
o0x7fd87d2fa668 .functor BUFZ 1, C4<z>; HiZ drive
v0x19e47b0_0 .net "R", 0 0, o0x7fd87d2fa668;  0 drivers
S_0x197af50 .scope module, "SB_DFFNS" "SB_DFFNS" 2 153;
 .timescale 0 0;
    .port_info 0 /INPUT 1 "C"
    .port_info 1 /INPUT 1 "D"
    .port_info 2 /INPUT 1 "S"
    .port_info 3 /OUTPUT 1 "Q"
o0x7fd87d2fa758 .functor BUFZ 1, C4<z>; HiZ drive
v0x19e4920_0 .net "C", 0 0, o0x7fd87d2fa758;  0 drivers
o0x7fd87d2fa788 .functor BUFZ 1, C4<z>; HiZ drive
v0x19e4a00_0 .net "D", 0 0, o0x7fd87d2fa788;  0 drivers
o0x7fd87d2fa7b8 .functor BUFZ 1, C4<z>; HiZ drive
v0x19e4ac0_0 .net "Q", 0 0, o0x7fd87d2fa7b8;  0 drivers
o0x7fd87d2fa7e8 .functor BUFZ 1, C4<z>; HiZ drive
v0x19e4b60_0 .net "S", 0 0, o0x7fd87d2fa7e8;  0 drivers
S_0x197b7e0 .scope module, "SB_DFFNSR" "SB_DFFNSR" 2 126;
 .timescale 0 0;
    .port_info 0 /INPUT 1 "C"
    .port_info 1 /INPUT 1 "D"
    .port_info 2 /INPUT 1 "R"
    .port_info 3 /OUTPUT 1 "Q"
o0x7fd87d2fa8d8 .functor BUFZ 1, C4<z>; HiZ drive
v0x19e4cd0_0 .net "C", 0 0, o0x7fd87d2fa8d8;  0 drivers
o0x7fd87d2fa908 .functor BUFZ 1, C4<z>; HiZ drive
v0x19e4db0_0 .net "D", 0 0, o0x7fd87d2fa908;  0 drivers
o0x7fd87d2fa938 .functor BUFZ 1, C4<z>; HiZ drive
v0x19e4e70_0 .net "Q", 0 0, o0x7fd87d2fa938;  0 drivers
o0x7fd87d2fa968 .functor BUFZ 1, C4<z>; HiZ drive
v0x19e4f10_0 .net "R", 0 0, o0x7fd87d2fa968;  0 drivers
S_0x197b990 .scope module, "SB_DFFNSS" "SB_DFFNSS" 2 144;
 .timescale 0 0;
    .port_info 0 /INPUT 1 "C"
    .port_info 1 /INPUT 1 "D"
    .port_info 2 /INPUT 1 "S"
    .port_info 3 /OUTPUT 1 "Q"
o0x7fd87d2faa58 .functor BUFZ 1, C4<z>; HiZ drive
v0x19e5080_0 .net "C", 0 0, o0x7fd87d2faa58;  0 drivers
o0x7fd87d2faa88 .functor BUFZ 1, C4<z>; HiZ drive
v0x19e5160_0 .net "D", 0 0, o0x7fd87d2faa88;  0 drivers
o0x7fd87d2faab8 .functor BUFZ 1, C4<z>; HiZ drive
v0x19e5220_0 .net "Q", 0 0, o0x7fd87d2faab8;  0 drivers
o0x7fd87d2faae8 .functor BUFZ 1, C4<z>; HiZ drive
v0x19e52c0_0 .net "S", 0 0, o0x7fd87d2faae8;  0 drivers
S_0x19804a0 .scope module, "SB_DFFR" "SB_DFFR" 2 42;
 .timescale 0 0;
    .port_info 0 /INPUT 1 "C"
    .port_info 1 /INPUT 1 "D"
    .port_info 2 /INPUT 1 "R"
    .port_info 3 /OUTPUT 1 "Q"
o0x7fd87d2fabd8 .functor BUFZ 1, C4<z>; HiZ drive
v0x19e5430_0 .net "C", 0 0, o0x7fd87d2fabd8;  0 drivers
o0x7fd87d2fac08 .functor BUFZ 1, C4<z>; HiZ drive
v0x19e5510_0 .net "D", 0 0, o0x7fd87d2fac08;  0 drivers
o0x7fd87d2fac38 .functor BUFZ 1, C4<z>; HiZ drive
v0x19e55d0_0 .net "Q", 0 0, o0x7fd87d2fac38;  0 drivers
o0x7fd87d2fac68 .functor BUFZ 1, C4<z>; HiZ drive
v0x19e5670_0 .net "R", 0 0, o0x7fd87d2fac68;  0 drivers
S_0x1980650 .scope module, "SB_DFFS" "SB_DFFS" 2 60;
 .timescale 0 0;
    .port_info 0 /INPUT 1 "C"
    .port_info 1 /INPUT 1 "D"
    .port_info 2 /INPUT 1 "S"
    .port_info 3 /OUTPUT 1 "Q"
o0x7fd87d2fad58 .functor BUFZ 1, C4<z>; HiZ drive
v0x19e57e0_0 .net "C", 0 0, o0x7fd87d2fad58;  0 drivers
o0x7fd87d2fad88 .functor BUFZ 1, C4<z>; HiZ drive
v0x19e58c0_0 .net "D", 0 0, o0x7fd87d2fad88;  0 drivers
o0x7fd87d2fadb8 .functor BUFZ 1, C4<z>; HiZ drive
v0x19e5980_0 .net "Q", 0 0, o0x7fd87d2fadb8;  0 drivers
o0x7fd87d2fade8 .functor BUFZ 1, C4<z>; HiZ drive
v0x19e5a20_0 .net "S", 0 0, o0x7fd87d2fade8;  0 drivers
S_0x1982180 .scope module, "SB_DFFSR" "SB_DFFSR" 2 33;
 .timescale 0 0;
    .port_info 0 /INPUT 1 "C"
    .port_info 1 /INPUT 1 "D"
    .port_info 2 /INPUT 1 "R"
    .port_info 3 /OUTPUT 1 "Q"
o0x7fd87d2faed8 .functor BUFZ 1, C4<z>; HiZ drive
v0x19e5b90_0 .net "C", 0 0, o0x7fd87d2faed8;  0 drivers
o0x7fd87d2faf08 .functor BUFZ 1, C4<z>; HiZ drive
v0x19e5c70_0 .net "D", 0 0, o0x7fd87d2faf08;  0 drivers
o0x7fd87d2faf38 .functor BUFZ 1, C4<z>; HiZ drive
v0x19e5d30_0 .net "Q", 0 0, o0x7fd87d2faf38;  0 drivers
o0x7fd87d2faf68 .functor BUFZ 1, C4<z>; HiZ drive
v0x19e5dd0_0 .net "R", 0 0, o0x7fd87d2faf68;  0 drivers
S_0x1982330 .scope module, "SB_DFFSS" "SB_DFFSS" 2 51;
 .timescale 0 0;
    .port_info 0 /INPUT 1 "C"
    .port_info 1 /INPUT 1 "D"
    .port_info 2 /INPUT 1 "S"
    .port_info 3 /OUTPUT 1 "Q"
o0x7fd87d2fb058 .functor BUFZ 1, C4<z>; HiZ drive
v0x19e5f40_0 .net "C", 0 0, o0x7fd87d2fb058;  0 drivers
o0x7fd87d2fb088 .functor BUFZ 1, C4<z>; HiZ drive
v0x19e6020_0 .net "D", 0 0, o0x7fd87d2fb088;  0 drivers
o0x7fd87d2fb0b8 .functor BUFZ 1, C4<z>; HiZ drive
v0x19e60e0_0 .net "Q", 0 0, o0x7fd87d2fb0b8;  0 drivers
o0x7fd87d2fb0e8 .functor BUFZ 1, C4<z>; HiZ drive
v0x19e6180_0 .net "S", 0 0, o0x7fd87d2fb0e8;  0 drivers
S_0x197f610 .scope module, "SB_IO" "SB_IO" 2 1;
 .timescale 0 0;
    .port_info 0 /INOUT 1 "PACKAGE_PIN"
    .port_info 1 /INPUT 1 "LATCH_INPUT_VALUE"
    .port_info 2 /INPUT 1 "CLOCK_ENABLE"
    .port_info 3 /INPUT 1 "INPUT_CLK"
    .port_info 4 /INPUT 1 "OUTPUT_CLK"
    .port_info 5 /INPUT 1 "OUTPUT_ENABLE"
    .port_info 6 /INPUT 1 "D_OUT_0"
    .port_info 7 /INPUT 1 "D_OUT_1"
    .port_info 8 /OUTPUT 1 "D_IN_0"
    .port_info 9 /OUTPUT 1 "D_IN_1"
o0x7fd87d2fb1d8 .functor BUFZ 1, C4<z>; HiZ drive
v0x19e62f0_0 .net "CLOCK_ENABLE", 0 0, o0x7fd87d2fb1d8;  0 drivers
o0x7fd87d2fb208 .functor BUFZ 1, C4<z>; HiZ drive
v0x19e63d0_0 .net "D_IN_0", 0 0, o0x7fd87d2fb208;  0 drivers
o0x7fd87d2fb238 .functor BUFZ 1, C4<z>; HiZ drive
v0x19e6490_0 .net "D_IN_1", 0 0, o0x7fd87d2fb238;  0 drivers
o0x7fd87d2fb268 .functor BUFZ 1, C4<z>; HiZ drive
v0x19e6530_0 .net "D_OUT_0", 0 0, o0x7fd87d2fb268;  0 drivers
o0x7fd87d2fb298 .functor BUFZ 1, C4<z>; HiZ drive
v0x19e65f0_0 .net "D_OUT_1", 0 0, o0x7fd87d2fb298;  0 drivers
o0x7fd87d2fb2c8 .functor BUFZ 1, C4<z>; HiZ drive
v0x19e6700_0 .net "INPUT_CLK", 0 0, o0x7fd87d2fb2c8;  0 drivers
o0x7fd87d2fb2f8 .functor BUFZ 1, C4<z>; HiZ drive
v0x19e67c0_0 .net "LATCH_INPUT_VALUE", 0 0, o0x7fd87d2fb2f8;  0 drivers
o0x7fd87d2fb328 .functor BUFZ 1, C4<z>; HiZ drive
v0x19e6880_0 .net "OUTPUT_CLK", 0 0, o0x7fd87d2fb328;  0 drivers
o0x7fd87d2fb358 .functor BUFZ 1, C4<z>; HiZ drive
v0x19e6940_0 .net "OUTPUT_ENABLE", 0 0, o0x7fd87d2fb358;  0 drivers
o0x7fd87d2fb388 .functor BUFZ 1, C4<z>; HiZ drive
v0x19e6a90_0 .net "PACKAGE_PIN", 0 0, o0x7fd87d2fb388;  0 drivers
S_0x197f890 .scope module, "SB_LUT4" "SB_LUT4" 2 211;
 .timescale 0 0;
    .port_info 0 /INPUT 1 "I0"
    .port_info 1 /INPUT 1 "I1"
    .port_info 2 /INPUT 1 "I2"
    .port_info 3 /INPUT 1 "I3"
    .port_info 4 /OUTPUT 1 "O"
o0x7fd87d2fb598 .functor BUFZ 1, C4<z>; HiZ drive
v0x19e6cf0_0 .net "I0", 0 0, o0x7fd87d2fb598;  0 drivers
o0x7fd87d2fb5c8 .functor BUFZ 1, C4<z>; HiZ drive
v0x19e6dd0_0 .net "I1", 0 0, o0x7fd87d2fb5c8;  0 drivers
o0x7fd87d2fb5f8 .functor BUFZ 1, C4<z>; HiZ drive
v0x19e6e90_0 .net "I2", 0 0, o0x7fd87d2fb5f8;  0 drivers
o0x7fd87d2fb628 .functor BUFZ 1, C4<z>; HiZ drive
v0x19e6f30_0 .net "I3", 0 0, o0x7fd87d2fb628;  0 drivers
o0x7fd87d2fb658 .functor BUFZ 1, C4<z>; HiZ drive
v0x19e6ff0_0 .net "O", 0 0, o0x7fd87d2fb658;  0 drivers
S_0x1981310 .scope module, "secnotas_tb" "secnotas_tb" 3 10;
 .timescale 0 0;
v0x19ec300_0 .net "ch_out", 0 0, v0x19ebe80_0;  1 drivers
v0x19ec3d0_0 .var "clk", 0 0;
S_0x19e7150 .scope module, "dut" "secnotas" 3 22, 4 8 0, S_0x1981310;
 .timescale 0 0;
    .port_info 0 /INPUT 1 "clk"
    .port_info 1 /OUTPUT 1 "ch_out"
    .port_info 2 /OUTPUT 1 "ch_out2"
P_0x19e7340 .param/l "DUR" 0 4 23, +C4<00000000000000000000000000001010>;
P_0x19e7380 .param/l "N0" 0 4 13, +C4<00000000000000000000000000000100>;
P_0x19e73c0 .param/l "N1" 0 4 14, +C4<00000000000000000000000000000011>;
P_0x19e7400 .param/l "N2" 0 4 15, +C4<00000000000000000000000000000010>;
P_0x19e7440 .param/l "N3" 0 4 16, +C4<00000000000000001000011000111001>;
P_0x19e7480 .param/l "N4" 0 4 17, +C4<00000000000000000111011110010101>;
P_0x19e74c0 .param/l "N5" 0 4 18, +C4<00000000000000000110101010001001>;
P_0x19e7500 .param/l "N6" 0 4 19, +C4<00000000000000000101111011101001>;
P_0x19e7540 .param/l "N7" 0 4 20, +C4<00000000000000000101100110010110>;
v0x19eb7e0_0 .net "ch0", 0 0, L_0x19ec470;  1 drivers
v0x19eb880_0 .net "ch1", 0 0, L_0x19ec510;  1 drivers
v0x19eb950_0 .net "ch2", 0 0, L_0x19ec600;  1 drivers
v0x19eba50_0 .net "ch3", 0 0, L_0x19ec6c0;  1 drivers
v0x19ebb20_0 .net "ch4", 0 0, L_0x19ec7b0;  1 drivers
v0x19ebc10_0 .net "ch5", 0 0, L_0x19ec8a0;  1 drivers
v0x19ebce0_0 .net "ch6", 0 0, L_0x19ec990;  1 drivers
v0x19ebdb0_0 .net "ch7", 0 0, L_0x19eca80;  1 drivers
v0x19ebe80_0 .var "ch_out", 0 0;
v0x19ebfb0_0 .var "ch_out2", 0 0;
v0x19ec050_0 .net "clk", 0 0, v0x19ec3d0_0;  1 drivers
v0x19ec0f0_0 .net "clk_dur", 0 0, L_0x19ecb70;  1 drivers
v0x19ec1c0_0 .var "sel", 5 0;
v0x19ec260_0 .var "sel2", 5 0;
E_0x1988780 .event posedge, v0x19eb660_0;
E_0x1988650/0 .event edge, v0x19ec260_0, v0x19e8090_0, v0x19e8740_0, v0x19e8e00_0;
E_0x1988650/1 .event edge, v0x19e9450_0, v0x19e9ba0_0, v0x19ea1c0_0;
E_0x1988650 .event/or E_0x1988650/0, E_0x1988650/1;
E_0x19883f0/0 .event edge, v0x19ec1c0_0, v0x19e8090_0, v0x19e8740_0, v0x19e8e00_0;
E_0x19883f0/1 .event edge, v0x19e9450_0, v0x19e9ba0_0, v0x19ea1c0_0;
E_0x19883f0 .event/or E_0x19883f0/0, E_0x19883f0/1;
S_0x19e7b40 .scope module, "CH0" "divider" 4 38, 5 12 0, S_0x19e7150;
 .timescale 0 0;
    .port_info 0 /INPUT 1 "clk_in"
    .port_info 1 /OUTPUT 1 "clk_out"
P_0x19e7d30 .param/l "M" 0 5 16, +C4<00000000000000000000000000000100>;
P_0x19e7d70 .param/l "N" 1 5 22, +C4<00000000000000000000000000000010>;
v0x19e7fb0_0 .net "clk_in", 0 0, v0x19ec3d0_0;  alias, 1 drivers
v0x19e8090_0 .net "clk_out", 0 0, L_0x19ec470;  alias, 1 drivers
v0x19e8150_0 .var "divcounter", 1 0;
E_0x19e7f30 .event posedge, v0x19e7fb0_0;
L_0x19ec470 .part v0x19e8150_0, 1, 1;
S_0x19e82a0 .scope module, "CH1" "divider" 4 45, 5 12 0, S_0x19e7150;
 .timescale 0 0;
    .port_info 0 /INPUT 1 "clk_in"
    .port_info 1 /OUTPUT 1 "clk_out"
P_0x19e8470 .param/l "M" 0 5 16, +C4<00000000000000000000000000000011>;
P_0x19e84b0 .param/l "N" 1 5 22, +C4<00000000000000000000000000000010>;
v0x19e8650_0 .net "clk_in", 0 0, v0x19ec3d0_0;  alias, 1 drivers
v0x19e8740_0 .net "clk_out", 0 0, L_0x19ec510;  alias, 1 drivers
v0x19e87e0_0 .var "divcounter", 1 0;
L_0x19ec510 .part v0x19e87e0_0, 1, 1;
S_0x19e8930 .scope module, "CH2" "divider" 4 52, 5 12 0, S_0x19e7150;
 .timescale 0 0;
    .port_info 0 /INPUT 1 "clk_in"
    .port_info 1 /OUTPUT 1 "clk_out"
P_0x19e8b30 .param/l "M" 0 5 16, +C4<00000000000000000000000000000010>;
P_0x19e8b70 .param/l "N" 1 5 22, +C4<00000000000000000000000000000001>;
L_0x19ec600 .functor BUFZ 1, v0x19e8ec0_0, C4<0>, C4<0>, C4<0>;
v0x19e8d10_0 .net "clk_in", 0 0, v0x19ec3d0_0;  alias, 1 drivers
v0x19e8e00_0 .net "clk_out", 0 0, L_0x19ec600;  alias, 1 drivers
v0x19e8ec0_0 .var "divcounter", 0 0;
S_0x19e8fe0 .scope module, "CH3" "divider" 4 59, 5 12 0, S_0x19e7150;
 .timescale 0 0;
    .port_info 0 /INPUT 1 "clk_in"
    .port_info 1 /OUTPUT 1 "clk_out"
P_0x19e91b0 .param/l "M" 0 5 16, +C4<00000000000000001000011000111001>;
P_0x19e91f0 .param/l "N" 1 5 22, +C4<00000000000000000000000000010000>;
v0x19e9390_0 .net "clk_in", 0 0, v0x19ec3d0_0;  alias, 1 drivers
v0x19e9450_0 .net "clk_out", 0 0, L_0x19ec6c0;  alias, 1 drivers
v0x19e9510_0 .var "divcounter", 15 0;
L_0x19ec6c0 .part v0x19e9510_0, 15, 1;
S_0x19e9660 .scope module, "CH4" "divider" 4 66, 5 12 0, S_0x19e7150;
 .timescale 0 0;
    .port_info 0 /INPUT 1 "clk_in"
    .port_info 1 /OUTPUT 1 "clk_out"
P_0x19e9880 .param/l "M" 0 5 16, +C4<00000000000000000111011110010101>;
P_0x19e98c0 .param/l "N" 1 5 22, +C4<00000000000000000000000000001111>;
v0x19e9a70_0 .net "clk_in", 0 0, v0x19ec3d0_0;  alias, 1 drivers
v0x19e9ba0_0 .net "clk_out", 0 0, L_0x19ec7b0;  alias, 1 drivers
v0x19e9c40_0 .var "divcounter", 14 0;
L_0x19ec7b0 .part v0x19e9c40_0, 14, 1;
S_0x19e9db0 .scope module, "CH5" "divider" 4 73, 5 12 0, S_0x19e7150;
 .timescale 0 0;
    .port_info 0 /INPUT 1 "clk_in"
    .port_info 1 /OUTPUT 1 "clk_out"
P_0x19e9f30 .param/l "M" 0 5 16, +C4<00000000000000000110101010001001>;
P_0x19e9f70 .param/l "N" 1 5 22, +C4<00000000000000000000000000001111>;
v0x19ea120_0 .net "clk_in", 0 0, v0x19ec3d0_0;  alias, 1 drivers
v0x19ea1c0_0 .net "clk_out", 0 0, L_0x19ec8a0;  alias, 1 drivers
v0x19ea260_0 .var "divcounter", 14 0;
L_0x19ec8a0 .part v0x19ea260_0, 14, 1;
S_0x19ea3d0 .scope module, "CH6" "divider" 4 80, 5 12 0, S_0x19e7150;
 .timescale 0 0;
    .port_info 0 /INPUT 1 "clk_in"
    .port_info 1 /OUTPUT 1 "clk_out"
P_0x19ea5a0 .param/l "M" 0 5 16, +C4<00000000000000000101111011101001>;
P_0x19ea5e0 .param/l "N" 1 5 22, +C4<00000000000000000000000000001111>;
v0x19ea790_0 .net "clk_in", 0 0, v0x19ec3d0_0;  alias, 1 drivers
v0x19ea830_0 .net "clk_out", 0 0, L_0x19ec990;  alias, 1 drivers
v0x19ea8d0_0 .var "divcounter", 14 0;
L_0x19ec990 .part v0x19ea8d0_0, 14, 1;
S_0x19eaa40 .scope module, "CH7" "divider" 4 87, 5 12 0, S_0x19e7150;
 .timescale 0 0;
    .port_info 0 /INPUT 1 "clk_in"
    .port_info 1 /OUTPUT 1 "clk_out"
P_0x19eac10 .param/l "M" 0 5 16, +C4<00000000000000000101100110010110>;
P_0x19eac50 .param/l "N" 1 5 22, +C4<00000000000000000000000000001111>;
v0x19eae00_0 .net "clk_in", 0 0, v0x19ec3d0_0;  alias, 1 drivers
v0x19eaea0_0 .net "clk_out", 0 0, L_0x19eca80;  alias, 1 drivers
v0x19eaf40_0 .var "divcounter", 14 0;
L_0x19eca80 .part v0x19eaf40_0, 14, 1;
S_0x19eb0b0 .scope module, "TIMER0" "divider" 4 241, 5 12 0, S_0x19e7150;
 .timescale 0 0;
    .port_info 0 /INPUT 1 "clk_in"
    .port_info 1 /OUTPUT 1 "clk_out"
P_0x19eb310 .param/l "M" 0 5 16, +C4<00000000000000000000000000001010>;
P_0x19eb350 .param/l "N" 1 5 22, +C4<00000000000000000000000000000100>;
v0x19eb4b0_0 .net "clk_in", 0 0, v0x19ec3d0_0;  alias, 1 drivers
v0x19eb660_0 .net "clk_out", 0 0, L_0x19ecb70;  alias, 1 drivers
v0x19eb700_0 .var "divcounter", 3 0;
L_0x19ecb70 .part v0x19eb700_0, 3, 1;
    .scope S_0x19e7b40;
T_0 ;
    %pushi/vec4 0, 0, 2;
    %store/vec4 v0x19e8150_0, 0, 2;
    %end;
    .thread T_0;
    .scope S_0x19e7b40;
T_1 ;
    %wait E_0x19e7f30;
    %load/vec4 v0x19e8150_0;
    %pad/u 32;
    %cmpi/e 3, 0, 32;
    %flag_mov 8, 4;
    %jmp/0 T_1.0, 8;
    %pushi/vec4 0, 0, 2;
    %jmp/1 T_1.1, 8;
T_1.0 ; End of true expr.
    %load/vec4 v0x19e8150_0;
    %addi 1, 0, 2;
    %jmp/0 T_1.1, 8;
 ; End of false expr.
    %blend;
T_1.1;
    %assign/vec4 v0x19e8150_0, 0;
    %jmp T_1;
    .thread T_1;
    .scope S_0x19e82a0;
T_2 ;
    %pushi/vec4 0, 0, 2;
    %store/vec4 v0x19e87e0_0, 0, 2;
    %end;
    .thread T_2;
    .scope S_0x19e82a0;
T_3 ;
    %wait E_0x19e7f30;
    %load/vec4 v0x19e87e0_0;
    %pad/u 32;
    %cmpi/e 2, 0, 32;
    %flag_mov 8, 4;
    %jmp/0 T_3.0, 8;
    %pushi/vec4 0, 0, 2;
    %jmp/1 T_3.1, 8;
T_3.0 ; End of true expr.
    %load/vec4 v0x19e87e0_0;
    %addi 1, 0, 2;
    %jmp/0 T_3.1, 8;
 ; End of false expr.
    %blend;
T_3.1;
    %assign/vec4 v0x19e87e0_0, 0;
    %jmp T_3;
    .thread T_3;
    .scope S_0x19e8930;
T_4 ;
    %pushi/vec4 0, 0, 1;
    %store/vec4 v0x19e8ec0_0, 0, 1;
    %end;
    .thread T_4;
    .scope S_0x19e8930;
T_5 ;
    %wait E_0x19e7f30;
    %load/vec4 v0x19e8ec0_0;
    %pad/u 32;
    %cmpi/e 1, 0, 32;
    %flag_mov 8, 4;
    %jmp/0 T_5.0, 8;
    %pushi/vec4 0, 0, 2;
    %jmp/1 T_5.1, 8;
T_5.0 ; End of true expr.
    %load/vec4 v0x19e8ec0_0;
    %pad/u 2;
    %addi 1, 0, 2;
    %jmp/0 T_5.1, 8;
 ; End of false expr.
    %blend;
T_5.1;
    %pad/u 1;
    %assign/vec4 v0x19e8ec0_0, 0;
    %jmp T_5;
    .thread T_5;
    .scope S_0x19e8fe0;
T_6 ;
    %pushi/vec4 0, 0, 16;
    %store/vec4 v0x19e9510_0, 0, 16;
    %end;
    .thread T_6;
    .scope S_0x19e8fe0;
T_7 ;
    %wait E_0x19e7f30;
    %load/vec4 v0x19e9510_0;
    %pad/u 32;
    %cmpi/e 34360, 0, 32;
    %flag_mov 8, 4;
    %jmp/0 T_7.0, 8;
    %pushi/vec4 0, 0, 16;
    %jmp/1 T_7.1, 8;
T_7.0 ; End of true expr.
    %load/vec4 v0x19e9510_0;
    %addi 1, 0, 16;
    %jmp/0 T_7.1, 8;
 ; End of false expr.
    %blend;
T_7.1;
    %assign/vec4 v0x19e9510_0, 0;
    %jmp T_7;
    .thread T_7;
    .scope S_0x19e9660;
T_8 ;
    %pushi/vec4 0, 0, 15;
    %store/vec4 v0x19e9c40_0, 0, 15;
    %end;
    .thread T_8;
    .scope S_0x19e9660;
T_9 ;
    %wait E_0x19e7f30;
    %load/vec4 v0x19e9c40_0;
    %pad/u 32;
    %cmpi/e 30612, 0, 32;
    %flag_mov 8, 4;
    %jmp/0 T_9.0, 8;
    %pushi/vec4 0, 0, 15;
    %jmp/1 T_9.1, 8;
T_9.0 ; End of true expr.
    %load/vec4 v0x19e9c40_0;
    %addi 1, 0, 15;
    %jmp/0 T_9.1, 8;
 ; End of false expr.
    %blend;
T_9.1;
    %assign/vec4 v0x19e9c40_0, 0;
    %jmp T_9;
    .thread T_9;
    .scope S_0x19e9db0;
T_10 ;
    %pushi/vec4 0, 0, 15;
    %store/vec4 v0x19ea260_0, 0, 15;
    %end;
    .thread T_10;
    .scope S_0x19e9db0;
T_11 ;
    %wait E_0x19e7f30;
    %load/vec4 v0x19ea260_0;
    %pad/u 32;
    %cmpi/e 27272, 0, 32;
    %flag_mov 8, 4;
    %jmp/0 T_11.0, 8;
    %pushi/vec4 0, 0, 15;
    %jmp/1 T_11.1, 8;
T_11.0 ; End of true expr.
    %load/vec4 v0x19ea260_0;
    %addi 1, 0, 15;
    %jmp/0 T_11.1, 8;
 ; End of false expr.
    %blend;
T_11.1;
    %assign/vec4 v0x19ea260_0, 0;
    %jmp T_11;
    .thread T_11;
    .scope S_0x19ea3d0;
T_12 ;
    %pushi/vec4 0, 0, 15;
    %store/vec4 v0x19ea8d0_0, 0, 15;
    %end;
    .thread T_12;
    .scope S_0x19ea3d0;
T_13 ;
    %wait E_0x19e7f30;
    %load/vec4 v0x19ea8d0_0;
    %pad/u 32;
    %cmpi/e 24296, 0, 32;
    %flag_mov 8, 4;
    %jmp/0 T_13.0, 8;
    %pushi/vec4 0, 0, 15;
    %jmp/1 T_13.1, 8;
T_13.0 ; End of true expr.
    %load/vec4 v0x19ea8d0_0;
    %addi 1, 0, 15;
    %jmp/0 T_13.1, 8;
 ; End of false expr.
    %blend;
T_13.1;
    %assign/vec4 v0x19ea8d0_0, 0;
    %jmp T_13;
    .thread T_13;
    .scope S_0x19eaa40;
T_14 ;
    %pushi/vec4 0, 0, 15;
    %store/vec4 v0x19eaf40_0, 0, 15;
    %end;
    .thread T_14;
    .scope S_0x19eaa40;
T_15 ;
    %wait E_0x19e7f30;
    %load/vec4 v0x19eaf40_0;
    %pad/u 32;
    %cmpi/e 22933, 0, 32;
    %flag_mov 8, 4;
    %jmp/0 T_15.0, 8;
    %pushi/vec4 0, 0, 15;
    %jmp/1 T_15.1, 8;
T_15.0 ; End of true expr.
    %load/vec4 v0x19eaf40_0;
    %addi 1, 0, 15;
    %jmp/0 T_15.1, 8;
 ; End of false expr.
    %blend;
T_15.1;
    %assign/vec4 v0x19eaf40_0, 0;
    %jmp T_15;
    .thread T_15;
    .scope S_0x19eb0b0;
T_16 ;
    %pushi/vec4 0, 0, 4;
    %store/vec4 v0x19eb700_0, 0, 4;
    %end;
    .thread T_16;
    .scope S_0x19eb0b0;
T_17 ;
    %wait E_0x19e7f30;
    %load/vec4 v0x19eb700_0;
    %pad/u 32;
    %cmpi/e 9, 0, 32;
    %flag_mov 8, 4;
    %jmp/0 T_17.0, 8;
    %pushi/vec4 0, 0, 4;
    %jmp/1 T_17.1, 8;
T_17.0 ; End of true expr.
    %load/vec4 v0x19eb700_0;
    %addi 1, 0, 4;
    %jmp/0 T_17.1, 8;
 ; End of false expr.
    %blend;
T_17.1;
    %assign/vec4 v0x19eb700_0, 0;
    %jmp T_17;
    .thread T_17;
    .scope S_0x19e7150;
T_18 ;
    %pushi/vec4 0, 0, 6;
    %store/vec4 v0x19ec1c0_0, 0, 6;
    %end;
    .thread T_18;
    .scope S_0x19e7150;
T_19 ;
    %pushi/vec4 60, 0, 6;
    %store/vec4 v0x19ec260_0, 0, 6;
    %end;
    .thread T_19;
    .scope S_0x19e7150;
T_20 ;
    %wait E_0x19883f0;
    %load/vec4 v0x19ec1c0_0;
    %dup/vec4;
    %pushi/vec4 0, 0, 6;
    %cmp/u;
    %jmp/1 T_20.0, 6;
    %dup/vec4;
    %pushi/vec4 1, 0, 6;
    %cmp/u;
    %jmp/1 T_20.1, 6;
    %dup/vec4;
    %pushi/vec4 2, 0, 6;
    %cmp/u;
    %jmp/1 T_20.2, 6;
    %dup/vec4;
    %pushi/vec4 3, 0, 6;
    %cmp/u;
    %jmp/1 T_20.3, 6;
    %dup/vec4;
    %pushi/vec4 4, 0, 6;
    %cmp/u;
    %jmp/1 T_20.4, 6;
    %dup/vec4;
    %pushi/vec4 5, 0, 6;
    %cmp/u;
    %jmp/1 T_20.5, 6;
    %dup/vec4;
    %pushi/vec4 6, 0, 6;
    %cmp/u;
    %jmp/1 T_20.6, 6;
    %dup/vec4;
    %pushi/vec4 7, 0, 6;
    %cmp/u;
    %jmp/1 T_20.7, 6;
    %dup/vec4;
    %pushi/vec4 8, 0, 6;
    %cmp/u;
    %jmp/1 T_20.8, 6;
    %dup/vec4;
    %pushi/vec4 9, 0, 6;
    %cmp/u;
    %jmp/1 T_20.9, 6;
    %dup/vec4;
    %pushi/vec4 10, 0, 6;
    %cmp/u;
    %jmp/1 T_20.10, 6;
    %dup/vec4;
    %pushi/vec4 11, 0, 6;
    %cmp/u;
    %jmp/1 T_20.11, 6;
    %dup/vec4;
    %pushi/vec4 12, 0, 6;
    %cmp/u;
    %jmp/1 T_20.12, 6;
    %dup/vec4;
    %pushi/vec4 13, 0, 6;
    %cmp/u;
    %jmp/1 T_20.13, 6;
    %dup/vec4;
    %pushi/vec4 14, 0, 6;
    %cmp/u;
    %jmp/1 T_20.14, 6;
    %dup/vec4;
    %pushi/vec4 15, 0, 6;
    %cmp/u;
    %jmp/1 T_20.15, 6;
    %dup/vec4;
    %pushi/vec4 16, 0, 6;
    %cmp/u;
    %jmp/1 T_20.16, 6;
    %dup/vec4;
    %pushi/vec4 17, 0, 6;
    %cmp/u;
    %jmp/1 T_20.17, 6;
    %dup/vec4;
    %pushi/vec4 18, 0, 6;
    %cmp/u;
    %jmp/1 T_20.18, 6;
    %dup/vec4;
    %pushi/vec4 19, 0, 6;
    %cmp/u;
    %jmp/1 T_20.19, 6;
    %dup/vec4;
    %pushi/vec4 20, 0, 6;
    %cmp/u;
    %jmp/1 T_20.20, 6;
    %dup/vec4;
    %pushi/vec4 21, 0, 6;
    %cmp/u;
    %jmp/1 T_20.21, 6;
    %dup/vec4;
    %pushi/vec4 22, 0, 6;
    %cmp/u;
    %jmp/1 T_20.22, 6;
    %dup/vec4;
    %pushi/vec4 23, 0, 6;
    %cmp/u;
    %jmp/1 T_20.23, 6;
    %dup/vec4;
    %pushi/vec4 24, 0, 6;
    %cmp/u;
    %jmp/1 T_20.24, 6;
    %dup/vec4;
    %pushi/vec4 25, 0, 6;
    %cmp/u;
    %jmp/1 T_20.25, 6;
    %dup/vec4;
    %pushi/vec4 26, 0, 6;
    %cmp/u;
    %jmp/1 T_20.26, 6;
    %dup/vec4;
    %pushi/vec4 27, 0, 6;
    %cmp/u;
    %jmp/1 T_20.27, 6;
    %dup/vec4;
    %pushi/vec4 28, 0, 6;
    %cmp/u;
    %jmp/1 T_20.28, 6;
    %dup/vec4;
    %pushi/vec4 29, 0, 6;
    %cmp/u;
    %jmp/1 T_20.29, 6;
    %dup/vec4;
    %pushi/vec4 30, 0, 6;
    %cmp/u;
    %jmp/1 T_20.30, 6;
    %dup/vec4;
    %pushi/vec4 31, 0, 6;
    %cmp/u;
    %jmp/1 T_20.31, 6;
    %dup/vec4;
    %pushi/vec4 32, 0, 6;
    %cmp/u;
    %jmp/1 T_20.32, 6;
    %dup/vec4;
    %pushi/vec4 33, 0, 6;
    %cmp/u;
    %jmp/1 T_20.33, 6;
    %dup/vec4;
    %pushi/vec4 34, 0, 6;
    %cmp/u;
    %jmp/1 T_20.34, 6;
    %dup/vec4;
    %pushi/vec4 35, 0, 6;
    %cmp/u;
    %jmp/1 T_20.35, 6;
    %dup/vec4;
    %pushi/vec4 36, 0, 6;
    %cmp/u;
    %jmp/1 T_20.36, 6;
    %dup/vec4;
    %pushi/vec4 37, 0, 6;
    %cmp/u;
    %jmp/1 T_20.37, 6;
    %dup/vec4;
    %pushi/vec4 38, 0, 6;
    %cmp/u;
    %jmp/1 T_20.38, 6;
    %dup/vec4;
    %pushi/vec4 39, 0, 6;
    %cmp/u;
    %jmp/1 T_20.39, 6;
    %pushi/vec4 0, 0, 1;
    %assign/vec4 v0x19ebe80_0, 0;
    %jmp T_20.41;
T_20.0 ;
    %load/vec4 v0x19eb7e0_0;
    %assign/vec4 v0x19ebe80_0, 0;
    %jmp T_20.41;
T_20.1 ;
    %load/vec4 v0x19eb880_0;
    %assign/vec4 v0x19ebe80_0, 0;
    %jmp T_20.41;
T_20.2 ;
    %load/vec4 v0x19eb950_0;
    %assign/vec4 v0x19ebe80_0, 0;
    %jmp T_20.41;
T_20.3 ;
    %load/vec4 v0x19eb7e0_0;
    %assign/vec4 v0x19ebe80_0, 0;
    %jmp T_20.41;
T_20.4 ;
    %pushi/vec4 0, 0, 1;
    %assign/vec4 v0x19ebe80_0, 0;
    %jmp T_20.41;
T_20.5 ;
    %load/vec4 v0x19eb7e0_0;
    %assign/vec4 v0x19ebe80_0, 0;
    %jmp T_20.41;
T_20.6 ;
    %load/vec4 v0x19eb880_0;
    %assign/vec4 v0x19ebe80_0, 0;
    %jmp T_20.41;
T_20.7 ;
    %load/vec4 v0x19eb950_0;
    %assign/vec4 v0x19ebe80_0, 0;
    %jmp T_20.41;
T_20.8 ;
    %load/vec4 v0x19eb7e0_0;
    %assign/vec4 v0x19ebe80_0, 0;
    %jmp T_20.41;
T_20.9 ;
    %pushi/vec4 0, 0, 1;
    %assign/vec4 v0x19ebe80_0, 0;
    %jmp T_20.41;
T_20.10 ;
    %load/vec4 v0x19eb950_0;
    %assign/vec4 v0x19ebe80_0, 0;
    %jmp T_20.41;
T_20.11 ;
    %load/vec4 v0x19eba50_0;
    %assign/vec4 v0x19ebe80_0, 0;
    %jmp T_20.41;
T_20.12 ;
    %load/vec4 v0x19ebb20_0;
    %assign/vec4 v0x19ebe80_0, 0;
    %jmp T_20.41;
T_20.13 ;
    %pushi/vec4 0, 0, 1;
    %assign/vec4 v0x19ebe80_0, 0;
    %jmp T_20.41;
T_20.14 ;
    %load/vec4 v0x19eb950_0;
    %assign/vec4 v0x19ebe80_0, 0;
    %jmp T_20.41;
T_20.15 ;
    %load/vec4 v0x19eba50_0;
    %assign/vec4 v0x19ebe80_0, 0;
    %jmp T_20.41;
T_20.16 ;
    %load/vec4 v0x19ebb20_0;
    %assign/vec4 v0x19ebe80_0, 0;
    %jmp T_20.41;
T_20.17 ;
    %pushi/vec4 0, 0, 1;
    %assign/vec4 v0x19ebe80_0, 0;
    %jmp T_20.41;
T_20.18 ;
    %load/vec4 v0x19ebb20_0;
    %assign/vec4 v0x19ebe80_0, 0;
    %jmp T_20.41;
T_20.19 ;
    %load/vec4 v0x19ebc10_0;
    %assign/vec4 v0x19ebe80_0, 0;
    %jmp T_20.41;
T_20.20 ;
    %load/vec4 v0x19ebb20_0;
    %assign/vec4 v0x19ebe80_0, 0;
    %jmp T_20.41;
T_20.21 ;
    %load/vec4 v0x19eba50_0;
    %assign/vec4 v0x19ebe80_0, 0;
    %jmp T_20.41;
T_20.22 ;
    %load/vec4 v0x19eb950_0;
    %assign/vec4 v0x19ebe80_0, 0;
    %jmp T_20.41;
T_20.23 ;
    %load/vec4 v0x19eb7e0_0;
    %assign/vec4 v0x19ebe80_0, 0;
    %jmp T_20.41;
T_20.24 ;
    %pushi/vec4 0, 0, 1;
    %assign/vec4 v0x19ebe80_0, 0;
    %jmp T_20.41;
T_20.25 ;
    %load/vec4 v0x19ebb20_0;
    %assign/vec4 v0x19ebe80_0, 0;
    %jmp T_20.41;
T_20.26 ;
    %load/vec4 v0x19ebc10_0;
    %assign/vec4 v0x19ebe80_0, 0;
    %jmp T_20.41;
T_20.27 ;
    %load/vec4 v0x19ebb20_0;
    %assign/vec4 v0x19ebe80_0, 0;
    %jmp T_20.41;
T_20.28 ;
    %load/vec4 v0x19eba50_0;
    %assign/vec4 v0x19ebe80_0, 0;
    %jmp T_20.41;
T_20.29 ;
    %load/vec4 v0x19eb950_0;
    %assign/vec4 v0x19ebe80_0, 0;
    %jmp T_20.41;
T_20.30 ;
    %load/vec4 v0x19eb7e0_0;
    %assign/vec4 v0x19ebe80_0, 0;
    %jmp T_20.41;
T_20.31 ;
    %pushi/vec4 0, 0, 1;
    %assign/vec4 v0x19ebe80_0, 0;
    %jmp T_20.41;
T_20.32 ;
    %load/vec4 v0x19eb7e0_0;
    %assign/vec4 v0x19ebe80_0, 0;
    %jmp T_20.41;
T_20.33 ;
    %load/vec4 v0x19ebb20_0;
    %assign/vec4 v0x19ebe80_0, 0;
    %jmp T_20.41;
T_20.34 ;
    %load/vec4 v0x19eb7e0_0;
    %assign/vec4 v0x19ebe80_0, 0;
    %jmp T_20.41;
T_20.35 ;
    %pushi/vec4 0, 0, 1;
    %assign/vec4 v0x19ebe80_0, 0;
    %jmp T_20.41;
T_20.36 ;
    %load/vec4 v0x19eb7e0_0;
    %assign/vec4 v0x19ebe80_0, 0;
    %jmp T_20.41;
T_20.37 ;
    %load/vec4 v0x19ebb20_0;
    %assign/vec4 v0x19ebe80_0, 0;
    %jmp T_20.41;
T_20.38 ;
    %load/vec4 v0x19eb7e0_0;
    %assign/vec4 v0x19ebe80_0, 0;
    %jmp T_20.41;
T_20.39 ;
    %pushi/vec4 0, 0, 1;
    %assign/vec4 v0x19ebe80_0, 0;
    %jmp T_20.41;
T_20.41 ;
    %pop/vec4 1;
    %jmp T_20;
    .thread T_20, $push;
    .scope S_0x19e7150;
T_21 ;
    %wait E_0x1988650;
    %load/vec4 v0x19ec260_0;
    %dup/vec4;
    %pushi/vec4 0, 0, 6;
    %cmp/u;
    %jmp/1 T_21.0, 6;
    %dup/vec4;
    %pushi/vec4 1, 0, 6;
    %cmp/u;
    %jmp/1 T_21.1, 6;
    %dup/vec4;
    %pushi/vec4 2, 0, 6;
    %cmp/u;
    %jmp/1 T_21.2, 6;
    %dup/vec4;
    %pushi/vec4 3, 0, 6;
    %cmp/u;
    %jmp/1 T_21.3, 6;
    %dup/vec4;
    %pushi/vec4 4, 0, 6;
    %cmp/u;
    %jmp/1 T_21.4, 6;
    %dup/vec4;
    %pushi/vec4 5, 0, 6;
    %cmp/u;
    %jmp/1 T_21.5, 6;
    %dup/vec4;
    %pushi/vec4 6, 0, 6;
    %cmp/u;
    %jmp/1 T_21.6, 6;
    %dup/vec4;
    %pushi/vec4 7, 0, 6;
    %cmp/u;
    %jmp/1 T_21.7, 6;
    %dup/vec4;
    %pushi/vec4 8, 0, 6;
    %cmp/u;
    %jmp/1 T_21.8, 6;
    %dup/vec4;
    %pushi/vec4 9, 0, 6;
    %cmp/u;
    %jmp/1 T_21.9, 6;
    %dup/vec4;
    %pushi/vec4 10, 0, 6;
    %cmp/u;
    %jmp/1 T_21.10, 6;
    %dup/vec4;
    %pushi/vec4 11, 0, 6;
    %cmp/u;
    %jmp/1 T_21.11, 6;
    %dup/vec4;
    %pushi/vec4 12, 0, 6;
    %cmp/u;
    %jmp/1 T_21.12, 6;
    %dup/vec4;
    %pushi/vec4 13, 0, 6;
    %cmp/u;
    %jmp/1 T_21.13, 6;
    %dup/vec4;
    %pushi/vec4 14, 0, 6;
    %cmp/u;
    %jmp/1 T_21.14, 6;
    %dup/vec4;
    %pushi/vec4 15, 0, 6;
    %cmp/u;
    %jmp/1 T_21.15, 6;
    %dup/vec4;
    %pushi/vec4 16, 0, 6;
    %cmp/u;
    %jmp/1 T_21.16, 6;
    %dup/vec4;
    %pushi/vec4 17, 0, 6;
    %cmp/u;
    %jmp/1 T_21.17, 6;
    %dup/vec4;
    %pushi/vec4 18, 0, 6;
    %cmp/u;
    %jmp/1 T_21.18, 6;
    %dup/vec4;
    %pushi/vec4 19, 0, 6;
    %cmp/u;
    %jmp/1 T_21.19, 6;
    %dup/vec4;
    %pushi/vec4 20, 0, 6;
    %cmp/u;
    %jmp/1 T_21.20, 6;
    %dup/vec4;
    %pushi/vec4 21, 0, 6;
    %cmp/u;
    %jmp/1 T_21.21, 6;
    %dup/vec4;
    %pushi/vec4 22, 0, 6;
    %cmp/u;
    %jmp/1 T_21.22, 6;
    %dup/vec4;
    %pushi/vec4 23, 0, 6;
    %cmp/u;
    %jmp/1 T_21.23, 6;
    %dup/vec4;
    %pushi/vec4 24, 0, 6;
    %cmp/u;
    %jmp/1 T_21.24, 6;
    %dup/vec4;
    %pushi/vec4 25, 0, 6;
    %cmp/u;
    %jmp/1 T_21.25, 6;
    %dup/vec4;
    %pushi/vec4 26, 0, 6;
    %cmp/u;
    %jmp/1 T_21.26, 6;
    %dup/vec4;
    %pushi/vec4 27, 0, 6;
    %cmp/u;
    %jmp/1 T_21.27, 6;
    %dup/vec4;
    %pushi/vec4 28, 0, 6;
    %cmp/u;
    %jmp/1 T_21.28, 6;
    %dup/vec4;
    %pushi/vec4 29, 0, 6;
    %cmp/u;
    %jmp/1 T_21.29, 6;
    %dup/vec4;
    %pushi/vec4 30, 0, 6;
    %cmp/u;
    %jmp/1 T_21.30, 6;
    %dup/vec4;
    %pushi/vec4 31, 0, 6;
    %cmp/u;
    %jmp/1 T_21.31, 6;
    %dup/vec4;
    %pushi/vec4 32, 0, 6;
    %cmp/u;
    %jmp/1 T_21.32, 6;
    %dup/vec4;
    %pushi/vec4 33, 0, 6;
    %cmp/u;
    %jmp/1 T_21.33, 6;
    %dup/vec4;
    %pushi/vec4 34, 0, 6;
    %cmp/u;
    %jmp/1 T_21.34, 6;
    %dup/vec4;
    %pushi/vec4 35, 0, 6;
    %cmp/u;
    %jmp/1 T_21.35, 6;
    %dup/vec4;
    %pushi/vec4 36, 0, 6;
    %cmp/u;
    %jmp/1 T_21.36, 6;
    %dup/vec4;
    %pushi/vec4 37, 0, 6;
    %cmp/u;
    %jmp/1 T_21.37, 6;
    %dup/vec4;
    %pushi/vec4 38, 0, 6;
    %cmp/u;
    %jmp/1 T_21.38, 6;
    %dup/vec4;
    %pushi/vec4 39, 0, 6;
    %cmp/u;
    %jmp/1 T_21.39, 6;
    %pushi/vec4 0, 0, 1;
    %assign/vec4 v0x19ebfb0_0, 0;
    %jmp T_21.41;
T_21.0 ;
    %load/vec4 v0x19eb7e0_0;
    %assign/vec4 v0x19ebfb0_0, 0;
    %jmp T_21.41;
T_21.1 ;
    %load/vec4 v0x19eb880_0;
    %assign/vec4 v0x19ebfb0_0, 0;
    %jmp T_21.41;
T_21.2 ;
    %load/vec4 v0x19eb950_0;
    %assign/vec4 v0x19ebfb0_0, 0;
    %jmp T_21.41;
T_21.3 ;
    %load/vec4 v0x19eb7e0_0;
    %assign/vec4 v0x19ebfb0_0, 0;
    %jmp T_21.41;
T_21.4 ;
    %pushi/vec4 0, 0, 1;
    %assign/vec4 v0x19ebfb0_0, 0;
    %jmp T_21.41;
T_21.5 ;
    %load/vec4 v0x19eb7e0_0;
    %assign/vec4 v0x19ebfb0_0, 0;
    %jmp T_21.41;
T_21.6 ;
    %load/vec4 v0x19eb880_0;
    %assign/vec4 v0x19ebfb0_0, 0;
    %jmp T_21.41;
T_21.7 ;
    %load/vec4 v0x19eb950_0;
    %assign/vec4 v0x19ebfb0_0, 0;
    %jmp T_21.41;
T_21.8 ;
    %load/vec4 v0x19eb7e0_0;
    %assign/vec4 v0x19ebfb0_0, 0;
    %jmp T_21.41;
T_21.9 ;
    %pushi/vec4 0, 0, 1;
    %assign/vec4 v0x19ebfb0_0, 0;
    %jmp T_21.41;
T_21.10 ;
    %load/vec4 v0x19eb950_0;
    %assign/vec4 v0x19ebfb0_0, 0;
    %jmp T_21.41;
T_21.11 ;
    %load/vec4 v0x19eba50_0;
    %assign/vec4 v0x19ebfb0_0, 0;
    %jmp T_21.41;
T_21.12 ;
    %load/vec4 v0x19ebb20_0;
    %assign/vec4 v0x19ebfb0_0, 0;
    %jmp T_21.41;
T_21.13 ;
    %pushi/vec4 0, 0, 1;
    %assign/vec4 v0x19ebfb0_0, 0;
    %jmp T_21.41;
T_21.14 ;
    %load/vec4 v0x19eb950_0;
    %assign/vec4 v0x19ebfb0_0, 0;
    %jmp T_21.41;
T_21.15 ;
    %load/vec4 v0x19eba50_0;
    %assign/vec4 v0x19ebfb0_0, 0;
    %jmp T_21.41;
T_21.16 ;
    %load/vec4 v0x19ebb20_0;
    %assign/vec4 v0x19ebfb0_0, 0;
    %jmp T_21.41;
T_21.17 ;
    %pushi/vec4 0, 0, 1;
    %assign/vec4 v0x19ebfb0_0, 0;
    %jmp T_21.41;
T_21.18 ;
    %load/vec4 v0x19ebb20_0;
    %assign/vec4 v0x19ebfb0_0, 0;
    %jmp T_21.41;
T_21.19 ;
    %load/vec4 v0x19ebc10_0;
    %assign/vec4 v0x19ebfb0_0, 0;
    %jmp T_21.41;
T_21.20 ;
    %load/vec4 v0x19ebb20_0;
    %assign/vec4 v0x19ebfb0_0, 0;
    %jmp T_21.41;
T_21.21 ;
    %load/vec4 v0x19eba50_0;
    %assign/vec4 v0x19ebfb0_0, 0;
    %jmp T_21.41;
T_21.22 ;
    %load/vec4 v0x19eb950_0;
    %assign/vec4 v0x19ebfb0_0, 0;
    %jmp T_21.41;
T_21.23 ;
    %load/vec4 v0x19eb7e0_0;
    %assign/vec4 v0x19ebfb0_0, 0;
    %jmp T_21.41;
T_21.24 ;
    %pushi/vec4 0, 0, 1;
    %assign/vec4 v0x19ebfb0_0, 0;
    %jmp T_21.41;
T_21.25 ;
    %load/vec4 v0x19ebb20_0;
    %assign/vec4 v0x19ebfb0_0, 0;
    %jmp T_21.41;
T_21.26 ;
    %load/vec4 v0x19ebc10_0;
    %assign/vec4 v0x19ebfb0_0, 0;
    %jmp T_21.41;
T_21.27 ;
    %load/vec4 v0x19ebb20_0;
    %assign/vec4 v0x19ebfb0_0, 0;
    %jmp T_21.41;
T_21.28 ;
    %load/vec4 v0x19eba50_0;
    %assign/vec4 v0x19ebfb0_0, 0;
    %jmp T_21.41;
T_21.29 ;
    %load/vec4 v0x19eb950_0;
    %assign/vec4 v0x19ebfb0_0, 0;
    %jmp T_21.41;
T_21.30 ;
    %load/vec4 v0x19eb7e0_0;
    %assign/vec4 v0x19ebfb0_0, 0;
    %jmp T_21.41;
T_21.31 ;
    %pushi/vec4 0, 0, 1;
    %assign/vec4 v0x19ebfb0_0, 0;
    %jmp T_21.41;
T_21.32 ;
    %load/vec4 v0x19eb7e0_0;
    %assign/vec4 v0x19ebfb0_0, 0;
    %jmp T_21.41;
T_21.33 ;
    %load/vec4 v0x19ebb20_0;
    %assign/vec4 v0x19ebfb0_0, 0;
    %jmp T_21.41;
T_21.34 ;
    %load/vec4 v0x19eb7e0_0;
    %assign/vec4 v0x19ebfb0_0, 0;
    %jmp T_21.41;
T_21.35 ;
    %pushi/vec4 0, 0, 1;
    %assign/vec4 v0x19ebfb0_0, 0;
    %jmp T_21.41;
T_21.36 ;
    %load/vec4 v0x19eb7e0_0;
    %assign/vec4 v0x19ebfb0_0, 0;
    %jmp T_21.41;
T_21.37 ;
    %load/vec4 v0x19ebb20_0;
    %assign/vec4 v0x19ebfb0_0, 0;
    %jmp T_21.41;
T_21.38 ;
    %load/vec4 v0x19eb7e0_0;
    %assign/vec4 v0x19ebfb0_0, 0;
    %jmp T_21.41;
T_21.39 ;
    %pushi/vec4 0, 0, 1;
    %assign/vec4 v0x19ebfb0_0, 0;
    %jmp T_21.41;
T_21.41 ;
    %pop/vec4 1;
    %jmp T_21;
    .thread T_21, $push;
    .scope S_0x19e7150;
T_22 ;
    %wait E_0x1988780;
    %load/vec4 v0x19ec1c0_0;
    %addi 1, 0, 6;
    %assign/vec4 v0x19ec1c0_0, 0;
    %load/vec4 v0x19ec260_0;
    %addi 1, 0, 6;
    %assign/vec4 v0x19ec260_0, 0;
    %jmp T_22;
    .thread T_22;
    .scope S_0x1981310;
T_23 ;
    %pushi/vec4 0, 0, 1;
    %store/vec4 v0x19ec3d0_0, 0, 1;
    %end;
    .thread T_23;
    .scope S_0x1981310;
T_24 ;
    %delay 1, 0;
    %load/vec4 v0x19ec3d0_0;
    %inv;
    %assign/vec4 v0x19ec3d0_0, 0;
    %jmp T_24;
    .thread T_24;
    .scope S_0x1981310;
T_25 ;
    %vpi_call 3 36 "$dumpfile", "secnotas_tb.vcd" {0 0 0};
    %vpi_call 3 37 "$dumpvars", 32'sb00000000000000000000000000000000, S_0x1981310 {0 0 0};
    %delay 200, 0;
    %vpi_call 3 39 "$display", "FIN de la simulacion" {0 0 0};
    %vpi_call 3 40 "$finish" {0 0 0};
    %end;
    .thread T_25;
# The file index is used to find the file name in the following table.
:file_names 6;
    "N/A";
    "<interactive>";
    "/home/jcarolinares/.apio/packages/toolchain-iverilog/vlib/system.v";
    "frerejacques_tb.v";
    "frerejacques.v";
    "divider.v";
