#! /usr/local/bin/vvp
:ivl_version "10.1 (stable)";
:ivl_delay_selection "TYPICAL";
:vpi_time_precision + 0;
:vpi_module "system";
:vpi_module "vhdl_sys";
:vpi_module "v2005_math";
:vpi_module "va_math";
S_0x1ffd170 .scope module, "SB_CARRY" "SB_CARRY" 2 202;
 .timescale 0 0;
    .port_info 0 /INPUT 1 "I0"
    .port_info 1 /INPUT 1 "I1"
    .port_info 2 /INPUT 1 "CI"
    .port_info 3 /OUTPUT 1 "CO"
o0x7f3048e86018 .functor BUFZ 1, C4<z>; HiZ drive
v0x203a420_0 .net "CI", 0 0, o0x7f3048e86018;  0 drivers
o0x7f3048e86048 .functor BUFZ 1, C4<z>; HiZ drive
v0x209fde0_0 .net "CO", 0 0, o0x7f3048e86048;  0 drivers
o0x7f3048e86078 .functor BUFZ 1, C4<z>; HiZ drive
v0x209fea0_0 .net "I0", 0 0, o0x7f3048e86078;  0 drivers
o0x7f3048e860a8 .functor BUFZ 1, C4<z>; HiZ drive
v0x209ff70_0 .net "I1", 0 0, o0x7f3048e860a8;  0 drivers
S_0x1ffce70 .scope module, "SB_DFF" "SB_DFF" 2 16;
 .timescale 0 0;
    .port_info 0 /INPUT 1 "C"
    .port_info 1 /INPUT 1 "D"
    .port_info 2 /OUTPUT 1 "Q"
o0x7f3048e86198 .functor BUFZ 1, C4<z>; HiZ drive
v0x20a00e0_0 .net "C", 0 0, o0x7f3048e86198;  0 drivers
o0x7f3048e861c8 .functor BUFZ 1, C4<z>; HiZ drive
v0x20a01c0_0 .net "D", 0 0, o0x7f3048e861c8;  0 drivers
o0x7f3048e861f8 .functor BUFZ 1, C4<z>; HiZ drive
v0x20a0280_0 .net "Q", 0 0, o0x7f3048e861f8;  0 drivers
S_0x2034590 .scope module, "SB_DFFE" "SB_DFFE" 2 24;
 .timescale 0 0;
    .port_info 0 /INPUT 1 "C"
    .port_info 1 /INPUT 1 "D"
    .port_info 2 /INPUT 1 "E"
    .port_info 3 /OUTPUT 1 "Q"
o0x7f3048e862b8 .functor BUFZ 1, C4<z>; HiZ drive
v0x20a03a0_0 .net "C", 0 0, o0x7f3048e862b8;  0 drivers
o0x7f3048e862e8 .functor BUFZ 1, C4<z>; HiZ drive
v0x20a0460_0 .net "D", 0 0, o0x7f3048e862e8;  0 drivers
o0x7f3048e86318 .functor BUFZ 1, C4<z>; HiZ drive
v0x20a0520_0 .net "E", 0 0, o0x7f3048e86318;  0 drivers
o0x7f3048e86348 .functor BUFZ 1, C4<z>; HiZ drive
v0x20a05f0_0 .net "Q", 0 0, o0x7f3048e86348;  0 drivers
S_0x2034710 .scope module, "SB_DFFER" "SB_DFFER" 2 79;
 .timescale 0 0;
    .port_info 0 /INPUT 1 "C"
    .port_info 1 /INPUT 1 "D"
    .port_info 2 /INPUT 1 "R"
    .port_info 3 /INPUT 1 "E"
    .port_info 4 /OUTPUT 1 "Q"
o0x7f3048e86438 .functor BUFZ 1, C4<z>; HiZ drive
v0x20a0760_0 .net "C", 0 0, o0x7f3048e86438;  0 drivers
o0x7f3048e86468 .functor BUFZ 1, C4<z>; HiZ drive
v0x20a0840_0 .net "D", 0 0, o0x7f3048e86468;  0 drivers
o0x7f3048e86498 .functor BUFZ 1, C4<z>; HiZ drive
v0x20a0900_0 .net "E", 0 0, o0x7f3048e86498;  0 drivers
o0x7f3048e864c8 .functor BUFZ 1, C4<z>; HiZ drive
v0x20a09a0_0 .net "Q", 0 0, o0x7f3048e864c8;  0 drivers
o0x7f3048e864f8 .functor BUFZ 1, C4<z>; HiZ drive
v0x20a0a60_0 .net "R", 0 0, o0x7f3048e864f8;  0 drivers
S_0x2039250 .scope module, "SB_DFFES" "SB_DFFES" 2 99;
 .timescale 0 0;
    .port_info 0 /INPUT 1 "C"
    .port_info 1 /INPUT 1 "D"
    .port_info 2 /INPUT 1 "E"
    .port_info 3 /INPUT 1 "S"
    .port_info 4 /OUTPUT 1 "Q"
o0x7f3048e86618 .functor BUFZ 1, C4<z>; HiZ drive
v0x20a0c10_0 .net "C", 0 0, o0x7f3048e86618;  0 drivers
o0x7f3048e86648 .functor BUFZ 1, C4<z>; HiZ drive
v0x20a0cf0_0 .net "D", 0 0, o0x7f3048e86648;  0 drivers
o0x7f3048e86678 .functor BUFZ 1, C4<z>; HiZ drive
v0x20a0db0_0 .net "E", 0 0, o0x7f3048e86678;  0 drivers
o0x7f3048e866a8 .functor BUFZ 1, C4<z>; HiZ drive
v0x20a0e50_0 .net "Q", 0 0, o0x7f3048e866a8;  0 drivers
o0x7f3048e866d8 .functor BUFZ 1, C4<z>; HiZ drive
v0x20a0f10_0 .net "S", 0 0, o0x7f3048e866d8;  0 drivers
S_0x2039420 .scope module, "SB_DFFESR" "SB_DFFESR" 2 69;
 .timescale 0 0;
    .port_info 0 /INPUT 1 "C"
    .port_info 1 /INPUT 1 "D"
    .port_info 2 /INPUT 1 "R"
    .port_info 3 /INPUT 1 "E"
    .port_info 4 /OUTPUT 1 "Q"
o0x7f3048e867f8 .functor BUFZ 1, C4<z>; HiZ drive
v0x20a10c0_0 .net "C", 0 0, o0x7f3048e867f8;  0 drivers
o0x7f3048e86828 .functor BUFZ 1, C4<z>; HiZ drive
v0x20a11a0_0 .net "D", 0 0, o0x7f3048e86828;  0 drivers
o0x7f3048e86858 .functor BUFZ 1, C4<z>; HiZ drive
v0x20a1260_0 .net "E", 0 0, o0x7f3048e86858;  0 drivers
o0x7f3048e86888 .functor BUFZ 1, C4<z>; HiZ drive
v0x20a1300_0 .net "Q", 0 0, o0x7f3048e86888;  0 drivers
o0x7f3048e868b8 .functor BUFZ 1, C4<z>; HiZ drive
v0x20a13c0_0 .net "R", 0 0, o0x7f3048e868b8;  0 drivers
S_0x203af30 .scope module, "SB_DFFESS" "SB_DFFESS" 2 89;
 .timescale 0 0;
    .port_info 0 /INPUT 1 "C"
    .port_info 1 /INPUT 1 "D"
    .port_info 2 /INPUT 1 "E"
    .port_info 3 /INPUT 1 "S"
    .port_info 4 /OUTPUT 1 "Q"
o0x7f3048e869d8 .functor BUFZ 1, C4<z>; HiZ drive
v0x20a1570_0 .net "C", 0 0, o0x7f3048e869d8;  0 drivers
o0x7f3048e86a08 .functor BUFZ 1, C4<z>; HiZ drive
v0x20a1650_0 .net "D", 0 0, o0x7f3048e86a08;  0 drivers
o0x7f3048e86a38 .functor BUFZ 1, C4<z>; HiZ drive
v0x20a1710_0 .net "E", 0 0, o0x7f3048e86a38;  0 drivers
o0x7f3048e86a68 .functor BUFZ 1, C4<z>; HiZ drive
v0x20a17b0_0 .net "Q", 0 0, o0x7f3048e86a68;  0 drivers
o0x7f3048e86a98 .functor BUFZ 1, C4<z>; HiZ drive
v0x20a1870_0 .net "S", 0 0, o0x7f3048e86a98;  0 drivers
S_0x203b130 .scope module, "SB_DFFN" "SB_DFFN" 2 109;
 .timescale 0 0;
    .port_info 0 /INPUT 1 "C"
    .port_info 1 /INPUT 1 "D"
    .port_info 2 /OUTPUT 1 "Q"
o0x7f3048e86bb8 .functor BUFZ 1, C4<z>; HiZ drive
v0x20a1a20_0 .net "C", 0 0, o0x7f3048e86bb8;  0 drivers
o0x7f3048e86be8 .functor BUFZ 1, C4<z>; HiZ drive
v0x20a1b00_0 .net "D", 0 0, o0x7f3048e86be8;  0 drivers
o0x7f3048e86c18 .functor BUFZ 1, C4<z>; HiZ drive
v0x20a1bc0_0 .net "Q", 0 0, o0x7f3048e86c18;  0 drivers
S_0x20383c0 .scope module, "SB_DFFNE" "SB_DFFNE" 2 117;
 .timescale 0 0;
    .port_info 0 /INPUT 1 "C"
    .port_info 1 /INPUT 1 "D"
    .port_info 2 /INPUT 1 "E"
    .port_info 3 /OUTPUT 1 "Q"
o0x7f3048e86cd8 .functor BUFZ 1, C4<z>; HiZ drive
v0x20a1ce0_0 .net "C", 0 0, o0x7f3048e86cd8;  0 drivers
o0x7f3048e86d08 .functor BUFZ 1, C4<z>; HiZ drive
v0x20a1da0_0 .net "D", 0 0, o0x7f3048e86d08;  0 drivers
o0x7f3048e86d38 .functor BUFZ 1, C4<z>; HiZ drive
v0x20a1e60_0 .net "E", 0 0, o0x7f3048e86d38;  0 drivers
o0x7f3048e86d68 .functor BUFZ 1, C4<z>; HiZ drive
v0x20a1f30_0 .net "Q", 0 0, o0x7f3048e86d68;  0 drivers
S_0x2038540 .scope module, "SB_DFFNER" "SB_DFFNER" 2 172;
 .timescale 0 0;
    .port_info 0 /INPUT 1 "C"
    .port_info 1 /INPUT 1 "D"
    .port_info 2 /INPUT 1 "E"
    .port_info 3 /INPUT 1 "R"
    .port_info 4 /OUTPUT 1 "Q"
o0x7f3048e86e58 .functor BUFZ 1, C4<z>; HiZ drive
v0x20a20a0_0 .net "C", 0 0, o0x7f3048e86e58;  0 drivers
o0x7f3048e86e88 .functor BUFZ 1, C4<z>; HiZ drive
v0x20a2180_0 .net "D", 0 0, o0x7f3048e86e88;  0 drivers
o0x7f3048e86eb8 .functor BUFZ 1, C4<z>; HiZ drive
v0x20a2240_0 .net "E", 0 0, o0x7f3048e86eb8;  0 drivers
o0x7f3048e86ee8 .functor BUFZ 1, C4<z>; HiZ drive
v0x20a22e0_0 .net "Q", 0 0, o0x7f3048e86ee8;  0 drivers
o0x7f3048e86f18 .functor BUFZ 1, C4<z>; HiZ drive
v0x20a23a0_0 .net "R", 0 0, o0x7f3048e86f18;  0 drivers
S_0x203a0c0 .scope module, "SB_DFFNES" "SB_DFFNES" 2 192;
 .timescale 0 0;
    .port_info 0 /INPUT 1 "C"
    .port_info 1 /INPUT 1 "D"
    .port_info 2 /INPUT 1 "E"
    .port_info 3 /INPUT 1 "S"
    .port_info 4 /OUTPUT 1 "Q"
o0x7f3048e87038 .functor BUFZ 1, C4<z>; HiZ drive
v0x20a2550_0 .net "C", 0 0, o0x7f3048e87038;  0 drivers
o0x7f3048e87068 .functor BUFZ 1, C4<z>; HiZ drive
v0x20a2630_0 .net "D", 0 0, o0x7f3048e87068;  0 drivers
o0x7f3048e87098 .functor BUFZ 1, C4<z>; HiZ drive
v0x20a26f0_0 .net "E", 0 0, o0x7f3048e87098;  0 drivers
o0x7f3048e870c8 .functor BUFZ 1, C4<z>; HiZ drive
v0x20a2790_0 .net "Q", 0 0, o0x7f3048e870c8;  0 drivers
o0x7f3048e870f8 .functor BUFZ 1, C4<z>; HiZ drive
v0x20a2850_0 .net "S", 0 0, o0x7f3048e870f8;  0 drivers
S_0x203a270 .scope module, "SB_DFFNESR" "SB_DFFNESR" 2 162;
 .timescale 0 0;
    .port_info 0 /INPUT 1 "C"
    .port_info 1 /INPUT 1 "D"
    .port_info 2 /INPUT 1 "E"
    .port_info 3 /INPUT 1 "R"
    .port_info 4 /OUTPUT 1 "Q"
o0x7f3048e87218 .functor BUFZ 1, C4<z>; HiZ drive
v0x20a2a00_0 .net "C", 0 0, o0x7f3048e87218;  0 drivers
o0x7f3048e87248 .functor BUFZ 1, C4<z>; HiZ drive
v0x20a2ae0_0 .net "D", 0 0, o0x7f3048e87248;  0 drivers
o0x7f3048e87278 .functor BUFZ 1, C4<z>; HiZ drive
v0x20a2ba0_0 .net "E", 0 0, o0x7f3048e87278;  0 drivers
o0x7f3048e872a8 .functor BUFZ 1, C4<z>; HiZ drive
v0x20a2c40_0 .net "Q", 0 0, o0x7f3048e872a8;  0 drivers
o0x7f3048e872d8 .functor BUFZ 1, C4<z>; HiZ drive
v0x20a2d00_0 .net "R", 0 0, o0x7f3048e872d8;  0 drivers
S_0x203bda0 .scope module, "SB_DFFNESS" "SB_DFFNESS" 2 182;
 .timescale 0 0;
    .port_info 0 /INPUT 1 "C"
    .port_info 1 /INPUT 1 "D"
    .port_info 2 /INPUT 1 "E"
    .port_info 3 /INPUT 1 "S"
    .port_info 4 /OUTPUT 1 "Q"
o0x7f3048e873f8 .functor BUFZ 1, C4<z>; HiZ drive
v0x20a2eb0_0 .net "C", 0 0, o0x7f3048e873f8;  0 drivers
o0x7f3048e87428 .functor BUFZ 1, C4<z>; HiZ drive
v0x20a2f90_0 .net "D", 0 0, o0x7f3048e87428;  0 drivers
o0x7f3048e87458 .functor BUFZ 1, C4<z>; HiZ drive
v0x20a3050_0 .net "E", 0 0, o0x7f3048e87458;  0 drivers
o0x7f3048e87488 .functor BUFZ 1, C4<z>; HiZ drive
v0x20a30f0_0 .net "Q", 0 0, o0x7f3048e87488;  0 drivers
o0x7f3048e874b8 .functor BUFZ 1, C4<z>; HiZ drive
v0x20a31b0_0 .net "S", 0 0, o0x7f3048e874b8;  0 drivers
S_0x203bfd0 .scope module, "SB_DFFNR" "SB_DFFNR" 2 135;
 .timescale 0 0;
    .port_info 0 /INPUT 1 "C"
    .port_info 1 /INPUT 1 "D"
    .port_info 2 /INPUT 1 "R"
    .port_info 3 /OUTPUT 1 "Q"
o0x7f3048e875d8 .functor BUFZ 1, C4<z>; HiZ drive
v0x20a3360_0 .net "C", 0 0, o0x7f3048e875d8;  0 drivers
o0x7f3048e87608 .functor BUFZ 1, C4<z>; HiZ drive
v0x20a3440_0 .net "D", 0 0, o0x7f3048e87608;  0 drivers
o0x7f3048e87638 .functor BUFZ 1, C4<z>; HiZ drive
v0x20a3500_0 .net "Q", 0 0, o0x7f3048e87638;  0 drivers
o0x7f3048e87668 .functor BUFZ 1, C4<z>; HiZ drive
v0x20a35a0_0 .net "R", 0 0, o0x7f3048e87668;  0 drivers
S_0x203c7e0 .scope module, "SB_DFFNS" "SB_DFFNS" 2 153;
 .timescale 0 0;
    .port_info 0 /INPUT 1 "C"
    .port_info 1 /INPUT 1 "D"
    .port_info 2 /INPUT 1 "S"
    .port_info 3 /OUTPUT 1 "Q"
o0x7f3048e87758 .functor BUFZ 1, C4<z>; HiZ drive
v0x20a3710_0 .net "C", 0 0, o0x7f3048e87758;  0 drivers
o0x7f3048e87788 .functor BUFZ 1, C4<z>; HiZ drive
v0x20a37f0_0 .net "D", 0 0, o0x7f3048e87788;  0 drivers
o0x7f3048e877b8 .functor BUFZ 1, C4<z>; HiZ drive
v0x20a38b0_0 .net "Q", 0 0, o0x7f3048e877b8;  0 drivers
o0x7f3048e877e8 .functor BUFZ 1, C4<z>; HiZ drive
v0x20a3980_0 .net "S", 0 0, o0x7f3048e877e8;  0 drivers
S_0x203c990 .scope module, "SB_DFFNSR" "SB_DFFNSR" 2 126;
 .timescale 0 0;
    .port_info 0 /INPUT 1 "C"
    .port_info 1 /INPUT 1 "D"
    .port_info 2 /INPUT 1 "R"
    .port_info 3 /OUTPUT 1 "Q"
o0x7f3048e878d8 .functor BUFZ 1, C4<z>; HiZ drive
v0x20a3af0_0 .net "C", 0 0, o0x7f3048e878d8;  0 drivers
o0x7f3048e87908 .functor BUFZ 1, C4<z>; HiZ drive
v0x20a3bd0_0 .net "D", 0 0, o0x7f3048e87908;  0 drivers
o0x7f3048e87938 .functor BUFZ 1, C4<z>; HiZ drive
v0x20a3c90_0 .net "Q", 0 0, o0x7f3048e87938;  0 drivers
o0x7f3048e87968 .functor BUFZ 1, C4<z>; HiZ drive
v0x20a3d30_0 .net "R", 0 0, o0x7f3048e87968;  0 drivers
S_0x20414a0 .scope module, "SB_DFFNSS" "SB_DFFNSS" 2 144;
 .timescale 0 0;
    .port_info 0 /INPUT 1 "C"
    .port_info 1 /INPUT 1 "D"
    .port_info 2 /INPUT 1 "S"
    .port_info 3 /OUTPUT 1 "Q"
o0x7f3048e87a58 .functor BUFZ 1, C4<z>; HiZ drive
v0x20a3ea0_0 .net "C", 0 0, o0x7f3048e87a58;  0 drivers
o0x7f3048e87a88 .functor BUFZ 1, C4<z>; HiZ drive
v0x20a3f80_0 .net "D", 0 0, o0x7f3048e87a88;  0 drivers
o0x7f3048e87ab8 .functor BUFZ 1, C4<z>; HiZ drive
v0x20a4040_0 .net "Q", 0 0, o0x7f3048e87ab8;  0 drivers
o0x7f3048e87ae8 .functor BUFZ 1, C4<z>; HiZ drive
v0x20a40e0_0 .net "S", 0 0, o0x7f3048e87ae8;  0 drivers
S_0x2043180 .scope module, "SB_DFFR" "SB_DFFR" 2 42;
 .timescale 0 0;
    .port_info 0 /INPUT 1 "C"
    .port_info 1 /INPUT 1 "D"
    .port_info 2 /INPUT 1 "R"
    .port_info 3 /OUTPUT 1 "Q"
o0x7f3048e87bd8 .functor BUFZ 1, C4<z>; HiZ drive
v0x20a4250_0 .net "C", 0 0, o0x7f3048e87bd8;  0 drivers
o0x7f3048e87c08 .functor BUFZ 1, C4<z>; HiZ drive
v0x20a4330_0 .net "D", 0 0, o0x7f3048e87c08;  0 drivers
o0x7f3048e87c38 .functor BUFZ 1, C4<z>; HiZ drive
v0x20a43f0_0 .net "Q", 0 0, o0x7f3048e87c38;  0 drivers
o0x7f3048e87c68 .functor BUFZ 1, C4<z>; HiZ drive
v0x20a4490_0 .net "R", 0 0, o0x7f3048e87c68;  0 drivers
S_0x2043330 .scope module, "SB_DFFS" "SB_DFFS" 2 60;
 .timescale 0 0;
    .port_info 0 /INPUT 1 "C"
    .port_info 1 /INPUT 1 "D"
    .port_info 2 /INPUT 1 "S"
    .port_info 3 /OUTPUT 1 "Q"
o0x7f3048e87d58 .functor BUFZ 1, C4<z>; HiZ drive
v0x20a4600_0 .net "C", 0 0, o0x7f3048e87d58;  0 drivers
o0x7f3048e87d88 .functor BUFZ 1, C4<z>; HiZ drive
v0x20a46e0_0 .net "D", 0 0, o0x7f3048e87d88;  0 drivers
o0x7f3048e87db8 .functor BUFZ 1, C4<z>; HiZ drive
v0x20a47a0_0 .net "Q", 0 0, o0x7f3048e87db8;  0 drivers
o0x7f3048e87de8 .functor BUFZ 1, C4<z>; HiZ drive
v0x20a4840_0 .net "S", 0 0, o0x7f3048e87de8;  0 drivers
S_0x2040610 .scope module, "SB_DFFSR" "SB_DFFSR" 2 33;
 .timescale 0 0;
    .port_info 0 /INPUT 1 "C"
    .port_info 1 /INPUT 1 "D"
    .port_info 2 /INPUT 1 "R"
    .port_info 3 /OUTPUT 1 "Q"
o0x7f3048e87ed8 .functor BUFZ 1, C4<z>; HiZ drive
v0x20a49b0_0 .net "C", 0 0, o0x7f3048e87ed8;  0 drivers
o0x7f3048e87f08 .functor BUFZ 1, C4<z>; HiZ drive
v0x20a4a90_0 .net "D", 0 0, o0x7f3048e87f08;  0 drivers
o0x7f3048e87f38 .functor BUFZ 1, C4<z>; HiZ drive
v0x20a4b50_0 .net "Q", 0 0, o0x7f3048e87f38;  0 drivers
o0x7f3048e87f68 .functor BUFZ 1, C4<z>; HiZ drive
v0x20a4bf0_0 .net "R", 0 0, o0x7f3048e87f68;  0 drivers
S_0x20407c0 .scope module, "SB_DFFSS" "SB_DFFSS" 2 51;
 .timescale 0 0;
    .port_info 0 /INPUT 1 "C"
    .port_info 1 /INPUT 1 "D"
    .port_info 2 /INPUT 1 "S"
    .port_info 3 /OUTPUT 1 "Q"
o0x7f3048e88058 .functor BUFZ 1, C4<z>; HiZ drive
v0x20a4d60_0 .net "C", 0 0, o0x7f3048e88058;  0 drivers
o0x7f3048e88088 .functor BUFZ 1, C4<z>; HiZ drive
v0x20a4e40_0 .net "D", 0 0, o0x7f3048e88088;  0 drivers
o0x7f3048e880b8 .functor BUFZ 1, C4<z>; HiZ drive
v0x20a4f00_0 .net "Q", 0 0, o0x7f3048e880b8;  0 drivers
o0x7f3048e880e8 .functor BUFZ 1, C4<z>; HiZ drive
v0x20a4fa0_0 .net "S", 0 0, o0x7f3048e880e8;  0 drivers
S_0x2042310 .scope module, "SB_IO" "SB_IO" 2 1;
 .timescale 0 0;
    .port_info 0 /INOUT 1 "PACKAGE_PIN"
    .port_info 1 /INPUT 1 "LATCH_INPUT_VALUE"
    .port_info 2 /INPUT 1 "CLOCK_ENABLE"
    .port_info 3 /INPUT 1 "INPUT_CLK"
    .port_info 4 /INPUT 1 "OUTPUT_CLK"
    .port_info 5 /INPUT 1 "OUTPUT_ENABLE"
    .port_info 6 /INPUT 1 "D_OUT_0"
    .port_info 7 /INPUT 1 "D_OUT_1"
    .port_info 8 /OUTPUT 1 "D_IN_0"
    .port_info 9 /OUTPUT 1 "D_IN_1"
o0x7f3048e881d8 .functor BUFZ 1, C4<z>; HiZ drive
v0x20a5110_0 .net "CLOCK_ENABLE", 0 0, o0x7f3048e881d8;  0 drivers
o0x7f3048e88208 .functor BUFZ 1, C4<z>; HiZ drive
v0x20a51f0_0 .net "D_IN_0", 0 0, o0x7f3048e88208;  0 drivers
o0x7f3048e88238 .functor BUFZ 1, C4<z>; HiZ drive
v0x20a52b0_0 .net "D_IN_1", 0 0, o0x7f3048e88238;  0 drivers
o0x7f3048e88268 .functor BUFZ 1, C4<z>; HiZ drive
v0x20a5350_0 .net "D_OUT_0", 0 0, o0x7f3048e88268;  0 drivers
o0x7f3048e88298 .functor BUFZ 1, C4<z>; HiZ drive
v0x20a5410_0 .net "D_OUT_1", 0 0, o0x7f3048e88298;  0 drivers
o0x7f3048e882c8 .functor BUFZ 1, C4<z>; HiZ drive
v0x20a5520_0 .net "INPUT_CLK", 0 0, o0x7f3048e882c8;  0 drivers
o0x7f3048e882f8 .functor BUFZ 1, C4<z>; HiZ drive
v0x20a55e0_0 .net "LATCH_INPUT_VALUE", 0 0, o0x7f3048e882f8;  0 drivers
o0x7f3048e88328 .functor BUFZ 1, C4<z>; HiZ drive
v0x20a56a0_0 .net "OUTPUT_CLK", 0 0, o0x7f3048e88328;  0 drivers
o0x7f3048e88358 .functor BUFZ 1, C4<z>; HiZ drive
v0x20a5760_0 .net "OUTPUT_ENABLE", 0 0, o0x7f3048e88358;  0 drivers
o0x7f3048e88388 .functor BUFZ 1, C4<z>; HiZ drive
v0x20a58b0_0 .net "PACKAGE_PIN", 0 0, o0x7f3048e88388;  0 drivers
S_0x2042590 .scope module, "SB_LUT4" "SB_LUT4" 2 211;
 .timescale 0 0;
    .port_info 0 /INPUT 1 "I0"
    .port_info 1 /INPUT 1 "I1"
    .port_info 2 /INPUT 1 "I2"
    .port_info 3 /INPUT 1 "I3"
    .port_info 4 /OUTPUT 1 "O"
o0x7f3048e88598 .functor BUFZ 1, C4<z>; HiZ drive
v0x20a5b10_0 .net "I0", 0 0, o0x7f3048e88598;  0 drivers
o0x7f3048e885c8 .functor BUFZ 1, C4<z>; HiZ drive
v0x20a5bf0_0 .net "I1", 0 0, o0x7f3048e885c8;  0 drivers
o0x7f3048e885f8 .functor BUFZ 1, C4<z>; HiZ drive
v0x20a5cb0_0 .net "I2", 0 0, o0x7f3048e885f8;  0 drivers
o0x7f3048e88628 .functor BUFZ 1, C4<z>; HiZ drive
v0x20a5d50_0 .net "I3", 0 0, o0x7f3048e88628;  0 drivers
o0x7f3048e88658 .functor BUFZ 1, C4<z>; HiZ drive
v0x20a5e10_0 .net "O", 0 0, o0x7f3048e88658;  0 drivers
S_0x203e0c0 .scope module, "secnotas" "secnotas" 3 8;
 .timescale 0 0;
    .port_info 0 /INPUT 1 "clk"
    .port_info 1 /OUTPUT 1 "ch_out"
    .port_info 2 /OUTPUT 1 "ch_out2"
P_0x203e240 .param/l "DUR" 0 3 23, +C4<00000000010110111000110110000000>;
P_0x203e280 .param/l "N0" 0 3 13, +C4<00000000000000001011001100101011>;
P_0x203e2c0 .param/l "N1" 0 3 14, +C4<00000000000000001001111110011111>;
P_0x203e300 .param/l "N2" 0 3 15, +C4<00000000000000001000111000110101>;
P_0x203e340 .param/l "N3" 0 3 16, +C4<00000000000000001000011000111001>;
P_0x203e380 .param/l "N4" 0 3 17, +C4<00000000000000000111011110010101>;
P_0x203e3c0 .param/l "N5" 0 3 18, +C4<00000000000000000110101010001001>;
P_0x203e400 .param/l "N6" 0 3 19, +C4<00000000000000000101111011101001>;
P_0x203e440 .param/l "N7" 0 3 20, +C4<00000000000000000101100110010110>;
v0x20a9d10_0 .net "ch0", 0 0, L_0x20aa830;  1 drivers
v0x20a9db0_0 .net "ch1", 0 0, L_0x20aa8d0;  1 drivers
v0x20a9e80_0 .net "ch2", 0 0, L_0x20aa9c0;  1 drivers
v0x20a9f80_0 .net "ch3", 0 0, L_0x20aaab0;  1 drivers
v0x20aa050_0 .net "ch4", 0 0, L_0x20aaba0;  1 drivers
v0x20aa140_0 .net "ch5", 0 0, L_0x20aac90;  1 drivers
v0x20aa210_0 .net "ch6", 0 0, L_0x20aad80;  1 drivers
v0x20aa2e0_0 .net "ch7", 0 0, L_0x20aae70;  1 drivers
v0x20aa3b0_0 .var "ch_out", 0 0;
v0x20aa4e0_0 .var "ch_out2", 0 0;
o0x7f3048e88778 .functor BUFZ 1, C4<z>; HiZ drive
v0x20aa580_0 .net "clk", 0 0, o0x7f3048e88778;  0 drivers
v0x20aa620_0 .net "clk_dur", 0 0, L_0x20aaf60;  1 drivers
v0x20aa6f0_0 .var "sel", 5 0;
v0x20aa790_0 .var "sel2", 5 0;
E_0x2049650 .event posedge, v0x20a9b90_0;
E_0x2049520/0 .event edge, v0x20aa790_0, v0x20a65c0_0, v0x20a6c70_0, v0x20a7330_0;
E_0x2049520/1 .event edge, v0x20a7980_0, v0x20a80d0_0, v0x20a86f0_0;
E_0x2049520 .event/or E_0x2049520/0, E_0x2049520/1;
E_0x20a5ff0/0 .event edge, v0x20aa6f0_0, v0x20a65c0_0, v0x20a6c70_0, v0x20a7330_0;
E_0x20a5ff0/1 .event edge, v0x20a7980_0, v0x20a80d0_0, v0x20a86f0_0;
E_0x20a5ff0 .event/or E_0x20a5ff0/0, E_0x20a5ff0/1;
S_0x20a6070 .scope module, "CH0" "divider" 3 38, 4 12 0, S_0x203e0c0;
 .timescale 0 0;
    .port_info 0 /INPUT 1 "clk_in"
    .port_info 1 /OUTPUT 1 "clk_out"
P_0x20a6260 .param/l "M" 0 4 16, +C4<00000000000000001011001100101011>;
P_0x20a62a0 .param/l "N" 1 4 22, +C4<00000000000000000000000000010000>;
v0x20a64e0_0 .net "clk_in", 0 0, o0x7f3048e88778;  alias, 0 drivers
v0x20a65c0_0 .net "clk_out", 0 0, L_0x20aa830;  alias, 1 drivers
v0x20a6680_0 .var "divcounter", 15 0;
E_0x20a6460 .event posedge, v0x20a64e0_0;
L_0x20aa830 .part v0x20a6680_0, 15, 1;
S_0x20a67d0 .scope module, "CH1" "divider" 3 45, 4 12 0, S_0x203e0c0;
 .timescale 0 0;
    .port_info 0 /INPUT 1 "clk_in"
    .port_info 1 /OUTPUT 1 "clk_out"
P_0x20a69a0 .param/l "M" 0 4 16, +C4<00000000000000001001111110011111>;
P_0x20a69e0 .param/l "N" 1 4 22, +C4<00000000000000000000000000010000>;
v0x20a6b80_0 .net "clk_in", 0 0, o0x7f3048e88778;  alias, 0 drivers
v0x20a6c70_0 .net "clk_out", 0 0, L_0x20aa8d0;  alias, 1 drivers
v0x20a6d10_0 .var "divcounter", 15 0;
L_0x20aa8d0 .part v0x20a6d10_0, 15, 1;
S_0x20a6e60 .scope module, "CH2" "divider" 3 52, 4 12 0, S_0x203e0c0;
 .timescale 0 0;
    .port_info 0 /INPUT 1 "clk_in"
    .port_info 1 /OUTPUT 1 "clk_out"
P_0x20a7060 .param/l "M" 0 4 16, +C4<00000000000000001000111000110101>;
P_0x20a70a0 .param/l "N" 1 4 22, +C4<00000000000000000000000000010000>;
v0x20a7240_0 .net "clk_in", 0 0, o0x7f3048e88778;  alias, 0 drivers
v0x20a7330_0 .net "clk_out", 0 0, L_0x20aa9c0;  alias, 1 drivers
v0x20a73f0_0 .var "divcounter", 15 0;
L_0x20aa9c0 .part v0x20a73f0_0, 15, 1;
S_0x20a7510 .scope module, "CH3" "divider" 3 59, 4 12 0, S_0x203e0c0;
 .timescale 0 0;
    .port_info 0 /INPUT 1 "clk_in"
    .port_info 1 /OUTPUT 1 "clk_out"
P_0x20a76e0 .param/l "M" 0 4 16, +C4<00000000000000001000011000111001>;
P_0x20a7720 .param/l "N" 1 4 22, +C4<00000000000000000000000000010000>;
v0x20a78c0_0 .net "clk_in", 0 0, o0x7f3048e88778;  alias, 0 drivers
v0x20a7980_0 .net "clk_out", 0 0, L_0x20aaab0;  alias, 1 drivers
v0x20a7a40_0 .var "divcounter", 15 0;
L_0x20aaab0 .part v0x20a7a40_0, 15, 1;
S_0x20a7b90 .scope module, "CH4" "divider" 3 66, 4 12 0, S_0x203e0c0;
 .timescale 0 0;
    .port_info 0 /INPUT 1 "clk_in"
    .port_info 1 /OUTPUT 1 "clk_out"
P_0x20a7db0 .param/l "M" 0 4 16, +C4<00000000000000000111011110010101>;
P_0x20a7df0 .param/l "N" 1 4 22, +C4<00000000000000000000000000001111>;
v0x20a7fa0_0 .net "clk_in", 0 0, o0x7f3048e88778;  alias, 0 drivers
v0x20a80d0_0 .net "clk_out", 0 0, L_0x20aaba0;  alias, 1 drivers
v0x20a8170_0 .var "divcounter", 14 0;
L_0x20aaba0 .part v0x20a8170_0, 14, 1;
S_0x20a82e0 .scope module, "CH5" "divider" 3 73, 4 12 0, S_0x203e0c0;
 .timescale 0 0;
    .port_info 0 /INPUT 1 "clk_in"
    .port_info 1 /OUTPUT 1 "clk_out"
P_0x20a8460 .param/l "M" 0 4 16, +C4<00000000000000000110101010001001>;
P_0x20a84a0 .param/l "N" 1 4 22, +C4<00000000000000000000000000001111>;
v0x20a8650_0 .net "clk_in", 0 0, o0x7f3048e88778;  alias, 0 drivers
v0x20a86f0_0 .net "clk_out", 0 0, L_0x20aac90;  alias, 1 drivers
v0x20a8790_0 .var "divcounter", 14 0;
L_0x20aac90 .part v0x20a8790_0, 14, 1;
S_0x20a8900 .scope module, "CH6" "divider" 3 80, 4 12 0, S_0x203e0c0;
 .timescale 0 0;
    .port_info 0 /INPUT 1 "clk_in"
    .port_info 1 /OUTPUT 1 "clk_out"
P_0x20a8ad0 .param/l "M" 0 4 16, +C4<00000000000000000101111011101001>;
P_0x20a8b10 .param/l "N" 1 4 22, +C4<00000000000000000000000000001111>;
v0x20a8cc0_0 .net "clk_in", 0 0, o0x7f3048e88778;  alias, 0 drivers
v0x20a8d60_0 .net "clk_out", 0 0, L_0x20aad80;  alias, 1 drivers
v0x20a8e00_0 .var "divcounter", 14 0;
L_0x20aad80 .part v0x20a8e00_0, 14, 1;
S_0x20a8f70 .scope module, "CH7" "divider" 3 87, 4 12 0, S_0x203e0c0;
 .timescale 0 0;
    .port_info 0 /INPUT 1 "clk_in"
    .port_info 1 /OUTPUT 1 "clk_out"
P_0x20a9140 .param/l "M" 0 4 16, +C4<00000000000000000101100110010110>;
P_0x20a9180 .param/l "N" 1 4 22, +C4<00000000000000000000000000001111>;
v0x20a9330_0 .net "clk_in", 0 0, o0x7f3048e88778;  alias, 0 drivers
v0x20a93d0_0 .net "clk_out", 0 0, L_0x20aae70;  alias, 1 drivers
v0x20a9470_0 .var "divcounter", 14 0;
L_0x20aae70 .part v0x20a9470_0, 14, 1;
S_0x20a95e0 .scope module, "TIMER0" "divider" 3 241, 4 12 0, S_0x203e0c0;
 .timescale 0 0;
    .port_info 0 /INPUT 1 "clk_in"
    .port_info 1 /OUTPUT 1 "clk_out"
P_0x20a9840 .param/l "M" 0 4 16, +C4<00000000010110111000110110000000>;
P_0x20a9880 .param/l "N" 1 4 22, +C4<00000000000000000000000000010111>;
v0x20a99e0_0 .net "clk_in", 0 0, o0x7f3048e88778;  alias, 0 drivers
v0x20a9b90_0 .net "clk_out", 0 0, L_0x20aaf60;  alias, 1 drivers
v0x20a9c30_0 .var "divcounter", 22 0;
L_0x20aaf60 .part v0x20a9c30_0, 22, 1;
    .scope S_0x20a6070;
T_0 ;
    %pushi/vec4 0, 0, 16;
    %store/vec4 v0x20a6680_0, 0, 16;
    %end;
    .thread T_0;
    .scope S_0x20a6070;
T_1 ;
    %wait E_0x20a6460;
    %load/vec4 v0x20a6680_0;
    %pad/u 32;
    %cmpi/e 45866, 0, 32;
    %flag_mov 8, 4;
    %jmp/0 T_1.0, 8;
    %pushi/vec4 0, 0, 16;
    %jmp/1 T_1.1, 8;
T_1.0 ; End of true expr.
    %load/vec4 v0x20a6680_0;
    %addi 1, 0, 16;
    %jmp/0 T_1.1, 8;
 ; End of false expr.
    %blend;
T_1.1;
    %assign/vec4 v0x20a6680_0, 0;
    %jmp T_1;
    .thread T_1;
    .scope S_0x20a67d0;
T_2 ;
    %pushi/vec4 0, 0, 16;
    %store/vec4 v0x20a6d10_0, 0, 16;
    %end;
    .thread T_2;
    .scope S_0x20a67d0;
T_3 ;
    %wait E_0x20a6460;
    %load/vec4 v0x20a6d10_0;
    %pad/u 32;
    %cmpi/e 40862, 0, 32;
    %flag_mov 8, 4;
    %jmp/0 T_3.0, 8;
    %pushi/vec4 0, 0, 16;
    %jmp/1 T_3.1, 8;
T_3.0 ; End of true expr.
    %load/vec4 v0x20a6d10_0;
    %addi 1, 0, 16;
    %jmp/0 T_3.1, 8;
 ; End of false expr.
    %blend;
T_3.1;
    %assign/vec4 v0x20a6d10_0, 0;
    %jmp T_3;
    .thread T_3;
    .scope S_0x20a6e60;
T_4 ;
    %pushi/vec4 0, 0, 16;
    %store/vec4 v0x20a73f0_0, 0, 16;
    %end;
    .thread T_4;
    .scope S_0x20a6e60;
T_5 ;
    %wait E_0x20a6460;
    %load/vec4 v0x20a73f0_0;
    %pad/u 32;
    %cmpi/e 36404, 0, 32;
    %flag_mov 8, 4;
    %jmp/0 T_5.0, 8;
    %pushi/vec4 0, 0, 16;
    %jmp/1 T_5.1, 8;
T_5.0 ; End of true expr.
    %load/vec4 v0x20a73f0_0;
    %addi 1, 0, 16;
    %jmp/0 T_5.1, 8;
 ; End of false expr.
    %blend;
T_5.1;
    %assign/vec4 v0x20a73f0_0, 0;
    %jmp T_5;
    .thread T_5;
    .scope S_0x20a7510;
T_6 ;
    %pushi/vec4 0, 0, 16;
    %store/vec4 v0x20a7a40_0, 0, 16;
    %end;
    .thread T_6;
    .scope S_0x20a7510;
T_7 ;
    %wait E_0x20a6460;
    %load/vec4 v0x20a7a40_0;
    %pad/u 32;
    %cmpi/e 34360, 0, 32;
    %flag_mov 8, 4;
    %jmp/0 T_7.0, 8;
    %pushi/vec4 0, 0, 16;
    %jmp/1 T_7.1, 8;
T_7.0 ; End of true expr.
    %load/vec4 v0x20a7a40_0;
    %addi 1, 0, 16;
    %jmp/0 T_7.1, 8;
 ; End of false expr.
    %blend;
T_7.1;
    %assign/vec4 v0x20a7a40_0, 0;
    %jmp T_7;
    .thread T_7;
    .scope S_0x20a7b90;
T_8 ;
    %pushi/vec4 0, 0, 15;
    %store/vec4 v0x20a8170_0, 0, 15;
    %end;
    .thread T_8;
    .scope S_0x20a7b90;
T_9 ;
    %wait E_0x20a6460;
    %load/vec4 v0x20a8170_0;
    %pad/u 32;
    %cmpi/e 30612, 0, 32;
    %flag_mov 8, 4;
    %jmp/0 T_9.0, 8;
    %pushi/vec4 0, 0, 15;
    %jmp/1 T_9.1, 8;
T_9.0 ; End of true expr.
    %load/vec4 v0x20a8170_0;
    %addi 1, 0, 15;
    %jmp/0 T_9.1, 8;
 ; End of false expr.
    %blend;
T_9.1;
    %assign/vec4 v0x20a8170_0, 0;
    %jmp T_9;
    .thread T_9;
    .scope S_0x20a82e0;
T_10 ;
    %pushi/vec4 0, 0, 15;
    %store/vec4 v0x20a8790_0, 0, 15;
    %end;
    .thread T_10;
    .scope S_0x20a82e0;
T_11 ;
    %wait E_0x20a6460;
    %load/vec4 v0x20a8790_0;
    %pad/u 32;
    %cmpi/e 27272, 0, 32;
    %flag_mov 8, 4;
    %jmp/0 T_11.0, 8;
    %pushi/vec4 0, 0, 15;
    %jmp/1 T_11.1, 8;
T_11.0 ; End of true expr.
    %load/vec4 v0x20a8790_0;
    %addi 1, 0, 15;
    %jmp/0 T_11.1, 8;
 ; End of false expr.
    %blend;
T_11.1;
    %assign/vec4 v0x20a8790_0, 0;
    %jmp T_11;
    .thread T_11;
    .scope S_0x20a8900;
T_12 ;
    %pushi/vec4 0, 0, 15;
    %store/vec4 v0x20a8e00_0, 0, 15;
    %end;
    .thread T_12;
    .scope S_0x20a8900;
T_13 ;
    %wait E_0x20a6460;
    %load/vec4 v0x20a8e00_0;
    %pad/u 32;
    %cmpi/e 24296, 0, 32;
    %flag_mov 8, 4;
    %jmp/0 T_13.0, 8;
    %pushi/vec4 0, 0, 15;
    %jmp/1 T_13.1, 8;
T_13.0 ; End of true expr.
    %load/vec4 v0x20a8e00_0;
    %addi 1, 0, 15;
    %jmp/0 T_13.1, 8;
 ; End of false expr.
    %blend;
T_13.1;
    %assign/vec4 v0x20a8e00_0, 0;
    %jmp T_13;
    .thread T_13;
    .scope S_0x20a8f70;
T_14 ;
    %pushi/vec4 0, 0, 15;
    %store/vec4 v0x20a9470_0, 0, 15;
    %end;
    .thread T_14;
    .scope S_0x20a8f70;
T_15 ;
    %wait E_0x20a6460;
    %load/vec4 v0x20a9470_0;
    %pad/u 32;
    %cmpi/e 22933, 0, 32;
    %flag_mov 8, 4;
    %jmp/0 T_15.0, 8;
    %pushi/vec4 0, 0, 15;
    %jmp/1 T_15.1, 8;
T_15.0 ; End of true expr.
    %load/vec4 v0x20a9470_0;
    %addi 1, 0, 15;
    %jmp/0 T_15.1, 8;
 ; End of false expr.
    %blend;
T_15.1;
    %assign/vec4 v0x20a9470_0, 0;
    %jmp T_15;
    .thread T_15;
    .scope S_0x20a95e0;
T_16 ;
    %pushi/vec4 0, 0, 23;
    %store/vec4 v0x20a9c30_0, 0, 23;
    %end;
    .thread T_16;
    .scope S_0x20a95e0;
T_17 ;
    %wait E_0x20a6460;
    %load/vec4 v0x20a9c30_0;
    %pad/u 32;
    %cmpi/e 5999999, 0, 32;
    %flag_mov 8, 4;
    %jmp/0 T_17.0, 8;
    %pushi/vec4 0, 0, 23;
    %jmp/1 T_17.1, 8;
T_17.0 ; End of true expr.
    %load/vec4 v0x20a9c30_0;
    %addi 1, 0, 23;
    %jmp/0 T_17.1, 8;
 ; End of false expr.
    %blend;
T_17.1;
    %assign/vec4 v0x20a9c30_0, 0;
    %jmp T_17;
    .thread T_17;
    .scope S_0x203e0c0;
T_18 ;
    %pushi/vec4 0, 0, 6;
    %store/vec4 v0x20aa6f0_0, 0, 6;
    %end;
    .thread T_18;
    .scope S_0x203e0c0;
T_19 ;
    %pushi/vec4 60, 0, 6;
    %store/vec4 v0x20aa790_0, 0, 6;
    %end;
    .thread T_19;
    .scope S_0x203e0c0;
T_20 ;
    %wait E_0x20a5ff0;
    %load/vec4 v0x20aa6f0_0;
    %dup/vec4;
    %pushi/vec4 0, 0, 6;
    %cmp/u;
    %jmp/1 T_20.0, 6;
    %dup/vec4;
    %pushi/vec4 1, 0, 6;
    %cmp/u;
    %jmp/1 T_20.1, 6;
    %dup/vec4;
    %pushi/vec4 2, 0, 6;
    %cmp/u;
    %jmp/1 T_20.2, 6;
    %dup/vec4;
    %pushi/vec4 3, 0, 6;
    %cmp/u;
    %jmp/1 T_20.3, 6;
    %dup/vec4;
    %pushi/vec4 4, 0, 6;
    %cmp/u;
    %jmp/1 T_20.4, 6;
    %dup/vec4;
    %pushi/vec4 5, 0, 6;
    %cmp/u;
    %jmp/1 T_20.5, 6;
    %dup/vec4;
    %pushi/vec4 6, 0, 6;
    %cmp/u;
    %jmp/1 T_20.6, 6;
    %dup/vec4;
    %pushi/vec4 7, 0, 6;
    %cmp/u;
    %jmp/1 T_20.7, 6;
    %dup/vec4;
    %pushi/vec4 8, 0, 6;
    %cmp/u;
    %jmp/1 T_20.8, 6;
    %dup/vec4;
    %pushi/vec4 9, 0, 6;
    %cmp/u;
    %jmp/1 T_20.9, 6;
    %dup/vec4;
    %pushi/vec4 10, 0, 6;
    %cmp/u;
    %jmp/1 T_20.10, 6;
    %dup/vec4;
    %pushi/vec4 11, 0, 6;
    %cmp/u;
    %jmp/1 T_20.11, 6;
    %dup/vec4;
    %pushi/vec4 12, 0, 6;
    %cmp/u;
    %jmp/1 T_20.12, 6;
    %dup/vec4;
    %pushi/vec4 13, 0, 6;
    %cmp/u;
    %jmp/1 T_20.13, 6;
    %dup/vec4;
    %pushi/vec4 14, 0, 6;
    %cmp/u;
    %jmp/1 T_20.14, 6;
    %dup/vec4;
    %pushi/vec4 15, 0, 6;
    %cmp/u;
    %jmp/1 T_20.15, 6;
    %dup/vec4;
    %pushi/vec4 16, 0, 6;
    %cmp/u;
    %jmp/1 T_20.16, 6;
    %dup/vec4;
    %pushi/vec4 17, 0, 6;
    %cmp/u;
    %jmp/1 T_20.17, 6;
    %dup/vec4;
    %pushi/vec4 18, 0, 6;
    %cmp/u;
    %jmp/1 T_20.18, 6;
    %dup/vec4;
    %pushi/vec4 19, 0, 6;
    %cmp/u;
    %jmp/1 T_20.19, 6;
    %dup/vec4;
    %pushi/vec4 20, 0, 6;
    %cmp/u;
    %jmp/1 T_20.20, 6;
    %dup/vec4;
    %pushi/vec4 21, 0, 6;
    %cmp/u;
    %jmp/1 T_20.21, 6;
    %dup/vec4;
    %pushi/vec4 22, 0, 6;
    %cmp/u;
    %jmp/1 T_20.22, 6;
    %dup/vec4;
    %pushi/vec4 23, 0, 6;
    %cmp/u;
    %jmp/1 T_20.23, 6;
    %dup/vec4;
    %pushi/vec4 24, 0, 6;
    %cmp/u;
    %jmp/1 T_20.24, 6;
    %dup/vec4;
    %pushi/vec4 25, 0, 6;
    %cmp/u;
    %jmp/1 T_20.25, 6;
    %dup/vec4;
    %pushi/vec4 26, 0, 6;
    %cmp/u;
    %jmp/1 T_20.26, 6;
    %dup/vec4;
    %pushi/vec4 27, 0, 6;
    %cmp/u;
    %jmp/1 T_20.27, 6;
    %dup/vec4;
    %pushi/vec4 28, 0, 6;
    %cmp/u;
    %jmp/1 T_20.28, 6;
    %dup/vec4;
    %pushi/vec4 29, 0, 6;
    %cmp/u;
    %jmp/1 T_20.29, 6;
    %dup/vec4;
    %pushi/vec4 30, 0, 6;
    %cmp/u;
    %jmp/1 T_20.30, 6;
    %dup/vec4;
    %pushi/vec4 31, 0, 6;
    %cmp/u;
    %jmp/1 T_20.31, 6;
    %dup/vec4;
    %pushi/vec4 32, 0, 6;
    %cmp/u;
    %jmp/1 T_20.32, 6;
    %dup/vec4;
    %pushi/vec4 33, 0, 6;
    %cmp/u;
    %jmp/1 T_20.33, 6;
    %dup/vec4;
    %pushi/vec4 34, 0, 6;
    %cmp/u;
    %jmp/1 T_20.34, 6;
    %dup/vec4;
    %pushi/vec4 35, 0, 6;
    %cmp/u;
    %jmp/1 T_20.35, 6;
    %dup/vec4;
    %pushi/vec4 36, 0, 6;
    %cmp/u;
    %jmp/1 T_20.36, 6;
    %dup/vec4;
    %pushi/vec4 37, 0, 6;
    %cmp/u;
    %jmp/1 T_20.37, 6;
    %dup/vec4;
    %pushi/vec4 38, 0, 6;
    %cmp/u;
    %jmp/1 T_20.38, 6;
    %dup/vec4;
    %pushi/vec4 39, 0, 6;
    %cmp/u;
    %jmp/1 T_20.39, 6;
    %pushi/vec4 0, 0, 1;
    %assign/vec4 v0x20aa3b0_0, 0;
    %jmp T_20.41;
T_20.0 ;
    %load/vec4 v0x20a9d10_0;
    %assign/vec4 v0x20aa3b0_0, 0;
    %jmp T_20.41;
T_20.1 ;
    %load/vec4 v0x20a9db0_0;
    %assign/vec4 v0x20aa3b0_0, 0;
    %jmp T_20.41;
T_20.2 ;
    %load/vec4 v0x20a9e80_0;
    %assign/vec4 v0x20aa3b0_0, 0;
    %jmp T_20.41;
T_20.3 ;
    %load/vec4 v0x20a9d10_0;
    %assign/vec4 v0x20aa3b0_0, 0;
    %jmp T_20.41;
T_20.4 ;
    %pushi/vec4 0, 0, 1;
    %assign/vec4 v0x20aa3b0_0, 0;
    %jmp T_20.41;
T_20.5 ;
    %load/vec4 v0x20a9d10_0;
    %assign/vec4 v0x20aa3b0_0, 0;
    %jmp T_20.41;
T_20.6 ;
    %load/vec4 v0x20a9db0_0;
    %assign/vec4 v0x20aa3b0_0, 0;
    %jmp T_20.41;
T_20.7 ;
    %load/vec4 v0x20a9e80_0;
    %assign/vec4 v0x20aa3b0_0, 0;
    %jmp T_20.41;
T_20.8 ;
    %load/vec4 v0x20a9d10_0;
    %assign/vec4 v0x20aa3b0_0, 0;
    %jmp T_20.41;
T_20.9 ;
    %pushi/vec4 0, 0, 1;
    %assign/vec4 v0x20aa3b0_0, 0;
    %jmp T_20.41;
T_20.10 ;
    %load/vec4 v0x20a9e80_0;
    %assign/vec4 v0x20aa3b0_0, 0;
    %jmp T_20.41;
T_20.11 ;
    %load/vec4 v0x20a9f80_0;
    %assign/vec4 v0x20aa3b0_0, 0;
    %jmp T_20.41;
T_20.12 ;
    %load/vec4 v0x20aa050_0;
    %assign/vec4 v0x20aa3b0_0, 0;
    %jmp T_20.41;
T_20.13 ;
    %pushi/vec4 0, 0, 1;
    %assign/vec4 v0x20aa3b0_0, 0;
    %jmp T_20.41;
T_20.14 ;
    %load/vec4 v0x20a9e80_0;
    %assign/vec4 v0x20aa3b0_0, 0;
    %jmp T_20.41;
T_20.15 ;
    %load/vec4 v0x20a9f80_0;
    %assign/vec4 v0x20aa3b0_0, 0;
    %jmp T_20.41;
T_20.16 ;
    %load/vec4 v0x20aa050_0;
    %assign/vec4 v0x20aa3b0_0, 0;
    %jmp T_20.41;
T_20.17 ;
    %pushi/vec4 0, 0, 1;
    %assign/vec4 v0x20aa3b0_0, 0;
    %jmp T_20.41;
T_20.18 ;
    %load/vec4 v0x20aa050_0;
    %assign/vec4 v0x20aa3b0_0, 0;
    %jmp T_20.41;
T_20.19 ;
    %load/vec4 v0x20aa140_0;
    %assign/vec4 v0x20aa3b0_0, 0;
    %jmp T_20.41;
T_20.20 ;
    %load/vec4 v0x20aa050_0;
    %assign/vec4 v0x20aa3b0_0, 0;
    %jmp T_20.41;
T_20.21 ;
    %load/vec4 v0x20a9f80_0;
    %assign/vec4 v0x20aa3b0_0, 0;
    %jmp T_20.41;
T_20.22 ;
    %load/vec4 v0x20a9e80_0;
    %assign/vec4 v0x20aa3b0_0, 0;
    %jmp T_20.41;
T_20.23 ;
    %load/vec4 v0x20a9d10_0;
    %assign/vec4 v0x20aa3b0_0, 0;
    %jmp T_20.41;
T_20.24 ;
    %pushi/vec4 0, 0, 1;
    %assign/vec4 v0x20aa3b0_0, 0;
    %jmp T_20.41;
T_20.25 ;
    %load/vec4 v0x20aa050_0;
    %assign/vec4 v0x20aa3b0_0, 0;
    %jmp T_20.41;
T_20.26 ;
    %load/vec4 v0x20aa140_0;
    %assign/vec4 v0x20aa3b0_0, 0;
    %jmp T_20.41;
T_20.27 ;
    %load/vec4 v0x20aa050_0;
    %assign/vec4 v0x20aa3b0_0, 0;
    %jmp T_20.41;
T_20.28 ;
    %load/vec4 v0x20a9f80_0;
    %assign/vec4 v0x20aa3b0_0, 0;
    %jmp T_20.41;
T_20.29 ;
    %load/vec4 v0x20a9e80_0;
    %assign/vec4 v0x20aa3b0_0, 0;
    %jmp T_20.41;
T_20.30 ;
    %load/vec4 v0x20a9d10_0;
    %assign/vec4 v0x20aa3b0_0, 0;
    %jmp T_20.41;
T_20.31 ;
    %pushi/vec4 0, 0, 1;
    %assign/vec4 v0x20aa3b0_0, 0;
    %jmp T_20.41;
T_20.32 ;
    %load/vec4 v0x20a9d10_0;
    %assign/vec4 v0x20aa3b0_0, 0;
    %jmp T_20.41;
T_20.33 ;
    %load/vec4 v0x20aa050_0;
    %assign/vec4 v0x20aa3b0_0, 0;
    %jmp T_20.41;
T_20.34 ;
    %load/vec4 v0x20a9d10_0;
    %assign/vec4 v0x20aa3b0_0, 0;
    %jmp T_20.41;
T_20.35 ;
    %pushi/vec4 0, 0, 1;
    %assign/vec4 v0x20aa3b0_0, 0;
    %jmp T_20.41;
T_20.36 ;
    %load/vec4 v0x20a9d10_0;
    %assign/vec4 v0x20aa3b0_0, 0;
    %jmp T_20.41;
T_20.37 ;
    %load/vec4 v0x20aa050_0;
    %assign/vec4 v0x20aa3b0_0, 0;
    %jmp T_20.41;
T_20.38 ;
    %load/vec4 v0x20a9d10_0;
    %assign/vec4 v0x20aa3b0_0, 0;
    %jmp T_20.41;
T_20.39 ;
    %pushi/vec4 0, 0, 1;
    %assign/vec4 v0x20aa3b0_0, 0;
    %jmp T_20.41;
T_20.41 ;
    %pop/vec4 1;
    %jmp T_20;
    .thread T_20, $push;
    .scope S_0x203e0c0;
T_21 ;
    %wait E_0x2049520;
    %load/vec4 v0x20aa790_0;
    %dup/vec4;
    %pushi/vec4 0, 0, 6;
    %cmp/u;
    %jmp/1 T_21.0, 6;
    %dup/vec4;
    %pushi/vec4 1, 0, 6;
    %cmp/u;
    %jmp/1 T_21.1, 6;
    %dup/vec4;
    %pushi/vec4 2, 0, 6;
    %cmp/u;
    %jmp/1 T_21.2, 6;
    %dup/vec4;
    %pushi/vec4 3, 0, 6;
    %cmp/u;
    %jmp/1 T_21.3, 6;
    %dup/vec4;
    %pushi/vec4 4, 0, 6;
    %cmp/u;
    %jmp/1 T_21.4, 6;
    %dup/vec4;
    %pushi/vec4 5, 0, 6;
    %cmp/u;
    %jmp/1 T_21.5, 6;
    %dup/vec4;
    %pushi/vec4 6, 0, 6;
    %cmp/u;
    %jmp/1 T_21.6, 6;
    %dup/vec4;
    %pushi/vec4 7, 0, 6;
    %cmp/u;
    %jmp/1 T_21.7, 6;
    %dup/vec4;
    %pushi/vec4 8, 0, 6;
    %cmp/u;
    %jmp/1 T_21.8, 6;
    %dup/vec4;
    %pushi/vec4 9, 0, 6;
    %cmp/u;
    %jmp/1 T_21.9, 6;
    %dup/vec4;
    %pushi/vec4 10, 0, 6;
    %cmp/u;
    %jmp/1 T_21.10, 6;
    %dup/vec4;
    %pushi/vec4 11, 0, 6;
    %cmp/u;
    %jmp/1 T_21.11, 6;
    %dup/vec4;
    %pushi/vec4 12, 0, 6;
    %cmp/u;
    %jmp/1 T_21.12, 6;
    %dup/vec4;
    %pushi/vec4 13, 0, 6;
    %cmp/u;
    %jmp/1 T_21.13, 6;
    %dup/vec4;
    %pushi/vec4 14, 0, 6;
    %cmp/u;
    %jmp/1 T_21.14, 6;
    %dup/vec4;
    %pushi/vec4 15, 0, 6;
    %cmp/u;
    %jmp/1 T_21.15, 6;
    %dup/vec4;
    %pushi/vec4 16, 0, 6;
    %cmp/u;
    %jmp/1 T_21.16, 6;
    %dup/vec4;
    %pushi/vec4 17, 0, 6;
    %cmp/u;
    %jmp/1 T_21.17, 6;
    %dup/vec4;
    %pushi/vec4 18, 0, 6;
    %cmp/u;
    %jmp/1 T_21.18, 6;
    %dup/vec4;
    %pushi/vec4 19, 0, 6;
    %cmp/u;
    %jmp/1 T_21.19, 6;
    %dup/vec4;
    %pushi/vec4 20, 0, 6;
    %cmp/u;
    %jmp/1 T_21.20, 6;
    %dup/vec4;
    %pushi/vec4 21, 0, 6;
    %cmp/u;
    %jmp/1 T_21.21, 6;
    %dup/vec4;
    %pushi/vec4 22, 0, 6;
    %cmp/u;
    %jmp/1 T_21.22, 6;
    %dup/vec4;
    %pushi/vec4 23, 0, 6;
    %cmp/u;
    %jmp/1 T_21.23, 6;
    %dup/vec4;
    %pushi/vec4 24, 0, 6;
    %cmp/u;
    %jmp/1 T_21.24, 6;
    %dup/vec4;
    %pushi/vec4 25, 0, 6;
    %cmp/u;
    %jmp/1 T_21.25, 6;
    %dup/vec4;
    %pushi/vec4 26, 0, 6;
    %cmp/u;
    %jmp/1 T_21.26, 6;
    %dup/vec4;
    %pushi/vec4 27, 0, 6;
    %cmp/u;
    %jmp/1 T_21.27, 6;
    %dup/vec4;
    %pushi/vec4 28, 0, 6;
    %cmp/u;
    %jmp/1 T_21.28, 6;
    %dup/vec4;
    %pushi/vec4 29, 0, 6;
    %cmp/u;
    %jmp/1 T_21.29, 6;
    %dup/vec4;
    %pushi/vec4 30, 0, 6;
    %cmp/u;
    %jmp/1 T_21.30, 6;
    %dup/vec4;
    %pushi/vec4 31, 0, 6;
    %cmp/u;
    %jmp/1 T_21.31, 6;
    %dup/vec4;
    %pushi/vec4 32, 0, 6;
    %cmp/u;
    %jmp/1 T_21.32, 6;
    %dup/vec4;
    %pushi/vec4 33, 0, 6;
    %cmp/u;
    %jmp/1 T_21.33, 6;
    %dup/vec4;
    %pushi/vec4 34, 0, 6;
    %cmp/u;
    %jmp/1 T_21.34, 6;
    %dup/vec4;
    %pushi/vec4 35, 0, 6;
    %cmp/u;
    %jmp/1 T_21.35, 6;
    %dup/vec4;
    %pushi/vec4 36, 0, 6;
    %cmp/u;
    %jmp/1 T_21.36, 6;
    %dup/vec4;
    %pushi/vec4 37, 0, 6;
    %cmp/u;
    %jmp/1 T_21.37, 6;
    %dup/vec4;
    %pushi/vec4 38, 0, 6;
    %cmp/u;
    %jmp/1 T_21.38, 6;
    %dup/vec4;
    %pushi/vec4 39, 0, 6;
    %cmp/u;
    %jmp/1 T_21.39, 6;
    %pushi/vec4 0, 0, 1;
    %assign/vec4 v0x20aa4e0_0, 0;
    %jmp T_21.41;
T_21.0 ;
    %load/vec4 v0x20a9d10_0;
    %assign/vec4 v0x20aa4e0_0, 0;
    %jmp T_21.41;
T_21.1 ;
    %load/vec4 v0x20a9db0_0;
    %assign/vec4 v0x20aa4e0_0, 0;
    %jmp T_21.41;
T_21.2 ;
    %load/vec4 v0x20a9e80_0;
    %assign/vec4 v0x20aa4e0_0, 0;
    %jmp T_21.41;
T_21.3 ;
    %load/vec4 v0x20a9d10_0;
    %assign/vec4 v0x20aa4e0_0, 0;
    %jmp T_21.41;
T_21.4 ;
    %pushi/vec4 0, 0, 1;
    %assign/vec4 v0x20aa4e0_0, 0;
    %jmp T_21.41;
T_21.5 ;
    %load/vec4 v0x20a9d10_0;
    %assign/vec4 v0x20aa4e0_0, 0;
    %jmp T_21.41;
T_21.6 ;
    %load/vec4 v0x20a9db0_0;
    %assign/vec4 v0x20aa4e0_0, 0;
    %jmp T_21.41;
T_21.7 ;
    %load/vec4 v0x20a9e80_0;
    %assign/vec4 v0x20aa4e0_0, 0;
    %jmp T_21.41;
T_21.8 ;
    %load/vec4 v0x20a9d10_0;
    %assign/vec4 v0x20aa4e0_0, 0;
    %jmp T_21.41;
T_21.9 ;
    %pushi/vec4 0, 0, 1;
    %assign/vec4 v0x20aa4e0_0, 0;
    %jmp T_21.41;
T_21.10 ;
    %load/vec4 v0x20a9e80_0;
    %assign/vec4 v0x20aa4e0_0, 0;
    %jmp T_21.41;
T_21.11 ;
    %load/vec4 v0x20a9f80_0;
    %assign/vec4 v0x20aa4e0_0, 0;
    %jmp T_21.41;
T_21.12 ;
    %load/vec4 v0x20aa050_0;
    %assign/vec4 v0x20aa4e0_0, 0;
    %jmp T_21.41;
T_21.13 ;
    %pushi/vec4 0, 0, 1;
    %assign/vec4 v0x20aa4e0_0, 0;
    %jmp T_21.41;
T_21.14 ;
    %load/vec4 v0x20a9e80_0;
    %assign/vec4 v0x20aa4e0_0, 0;
    %jmp T_21.41;
T_21.15 ;
    %load/vec4 v0x20a9f80_0;
    %assign/vec4 v0x20aa4e0_0, 0;
    %jmp T_21.41;
T_21.16 ;
    %load/vec4 v0x20aa050_0;
    %assign/vec4 v0x20aa4e0_0, 0;
    %jmp T_21.41;
T_21.17 ;
    %pushi/vec4 0, 0, 1;
    %assign/vec4 v0x20aa4e0_0, 0;
    %jmp T_21.41;
T_21.18 ;
    %load/vec4 v0x20aa050_0;
    %assign/vec4 v0x20aa4e0_0, 0;
    %jmp T_21.41;
T_21.19 ;
    %load/vec4 v0x20aa140_0;
    %assign/vec4 v0x20aa4e0_0, 0;
    %jmp T_21.41;
T_21.20 ;
    %load/vec4 v0x20aa050_0;
    %assign/vec4 v0x20aa4e0_0, 0;
    %jmp T_21.41;
T_21.21 ;
    %load/vec4 v0x20a9f80_0;
    %assign/vec4 v0x20aa4e0_0, 0;
    %jmp T_21.41;
T_21.22 ;
    %load/vec4 v0x20a9e80_0;
    %assign/vec4 v0x20aa4e0_0, 0;
    %jmp T_21.41;
T_21.23 ;
    %load/vec4 v0x20a9d10_0;
    %assign/vec4 v0x20aa4e0_0, 0;
    %jmp T_21.41;
T_21.24 ;
    %pushi/vec4 0, 0, 1;
    %assign/vec4 v0x20aa4e0_0, 0;
    %jmp T_21.41;
T_21.25 ;
    %load/vec4 v0x20aa050_0;
    %assign/vec4 v0x20aa4e0_0, 0;
    %jmp T_21.41;
T_21.26 ;
    %load/vec4 v0x20aa140_0;
    %assign/vec4 v0x20aa4e0_0, 0;
    %jmp T_21.41;
T_21.27 ;
    %load/vec4 v0x20aa050_0;
    %assign/vec4 v0x20aa4e0_0, 0;
    %jmp T_21.41;
T_21.28 ;
    %load/vec4 v0x20a9f80_0;
    %assign/vec4 v0x20aa4e0_0, 0;
    %jmp T_21.41;
T_21.29 ;
    %load/vec4 v0x20a9e80_0;
    %assign/vec4 v0x20aa4e0_0, 0;
    %jmp T_21.41;
T_21.30 ;
    %load/vec4 v0x20a9d10_0;
    %assign/vec4 v0x20aa4e0_0, 0;
    %jmp T_21.41;
T_21.31 ;
    %pushi/vec4 0, 0, 1;
    %assign/vec4 v0x20aa4e0_0, 0;
    %jmp T_21.41;
T_21.32 ;
    %load/vec4 v0x20a9d10_0;
    %assign/vec4 v0x20aa4e0_0, 0;
    %jmp T_21.41;
T_21.33 ;
    %load/vec4 v0x20aa050_0;
    %assign/vec4 v0x20aa4e0_0, 0;
    %jmp T_21.41;
T_21.34 ;
    %load/vec4 v0x20a9d10_0;
    %assign/vec4 v0x20aa4e0_0, 0;
    %jmp T_21.41;
T_21.35 ;
    %pushi/vec4 0, 0, 1;
    %assign/vec4 v0x20aa4e0_0, 0;
    %jmp T_21.41;
T_21.36 ;
    %load/vec4 v0x20a9d10_0;
    %assign/vec4 v0x20aa4e0_0, 0;
    %jmp T_21.41;
T_21.37 ;
    %load/vec4 v0x20aa050_0;
    %assign/vec4 v0x20aa4e0_0, 0;
    %jmp T_21.41;
T_21.38 ;
    %load/vec4 v0x20a9d10_0;
    %assign/vec4 v0x20aa4e0_0, 0;
    %jmp T_21.41;
T_21.39 ;
    %pushi/vec4 0, 0, 1;
    %assign/vec4 v0x20aa4e0_0, 0;
    %jmp T_21.41;
T_21.41 ;
    %pop/vec4 1;
    %jmp T_21;
    .thread T_21, $push;
    .scope S_0x203e0c0;
T_22 ;
    %wait E_0x2049650;
    %load/vec4 v0x20aa6f0_0;
    %addi 1, 0, 6;
    %assign/vec4 v0x20aa6f0_0, 0;
    %load/vec4 v0x20aa790_0;
    %addi 1, 0, 6;
    %assign/vec4 v0x20aa790_0, 0;
    %jmp T_22;
    .thread T_22;
# The file index is used to find the file name in the following table.
:file_names 5;
    "N/A";
    "<interactive>";
    "/home/jcarolinares/.apio/packages/toolchain-iverilog/vlib/system.v";
    "frerejacques.v";
    "divider.v";
