#! /usr/local/bin/vvp
:ivl_version "10.1 (stable)";
:ivl_delay_selection "TYPICAL";
:vpi_time_precision + 0;
:vpi_module "system";
:vpi_module "vhdl_sys";
:vpi_module "v2005_math";
:vpi_module "va_math";
S_0xf88ed0 .scope module, "SB_CARRY" "SB_CARRY" 2 202;
 .timescale 0 0;
    .port_info 0 /INPUT 1 "I0"
    .port_info 1 /INPUT 1 "I1"
    .port_info 2 /INPUT 1 "CI"
    .port_info 3 /OUTPUT 1 "CO"
o0x7f3346628018 .functor BUFZ 1, C4<z>; HiZ drive
v0xfcd800_0 .net "CI", 0 0, o0x7f3346628018;  0 drivers
o0x7f3346628048 .functor BUFZ 1, C4<z>; HiZ drive
v0x1003fd0_0 .net "CO", 0 0, o0x7f3346628048;  0 drivers
o0x7f3346628078 .functor BUFZ 1, C4<z>; HiZ drive
v0x1004090_0 .net "I0", 0 0, o0x7f3346628078;  0 drivers
o0x7f33466280a8 .functor BUFZ 1, C4<z>; HiZ drive
v0x1004160_0 .net "I1", 0 0, o0x7f33466280a8;  0 drivers
S_0xfc0590 .scope module, "SB_DFF" "SB_DFF" 2 16;
 .timescale 0 0;
    .port_info 0 /INPUT 1 "C"
    .port_info 1 /INPUT 1 "D"
    .port_info 2 /OUTPUT 1 "Q"
o0x7f3346628198 .functor BUFZ 1, C4<z>; HiZ drive
v0x10042d0_0 .net "C", 0 0, o0x7f3346628198;  0 drivers
o0x7f33466281c8 .functor BUFZ 1, C4<z>; HiZ drive
v0x10043b0_0 .net "D", 0 0, o0x7f33466281c8;  0 drivers
o0x7f33466281f8 .functor BUFZ 1, C4<z>; HiZ drive
v0x1004470_0 .net "Q", 0 0, o0x7f33466281f8;  0 drivers
S_0xfc0710 .scope module, "SB_DFFE" "SB_DFFE" 2 24;
 .timescale 0 0;
    .port_info 0 /INPUT 1 "C"
    .port_info 1 /INPUT 1 "D"
    .port_info 2 /INPUT 1 "E"
    .port_info 3 /OUTPUT 1 "Q"
o0x7f33466282b8 .functor BUFZ 1, C4<z>; HiZ drive
v0x1004590_0 .net "C", 0 0, o0x7f33466282b8;  0 drivers
o0x7f33466282e8 .functor BUFZ 1, C4<z>; HiZ drive
v0x1004650_0 .net "D", 0 0, o0x7f33466282e8;  0 drivers
o0x7f3346628318 .functor BUFZ 1, C4<z>; HiZ drive
v0x1004710_0 .net "E", 0 0, o0x7f3346628318;  0 drivers
o0x7f3346628348 .functor BUFZ 1, C4<z>; HiZ drive
v0x10047e0_0 .net "Q", 0 0, o0x7f3346628348;  0 drivers
S_0xfc5250 .scope module, "SB_DFFER" "SB_DFFER" 2 79;
 .timescale 0 0;
    .port_info 0 /INPUT 1 "C"
    .port_info 1 /INPUT 1 "D"
    .port_info 2 /INPUT 1 "R"
    .port_info 3 /INPUT 1 "E"
    .port_info 4 /OUTPUT 1 "Q"
o0x7f3346628438 .functor BUFZ 1, C4<z>; HiZ drive
v0x1004950_0 .net "C", 0 0, o0x7f3346628438;  0 drivers
o0x7f3346628468 .functor BUFZ 1, C4<z>; HiZ drive
v0x1004a30_0 .net "D", 0 0, o0x7f3346628468;  0 drivers
o0x7f3346628498 .functor BUFZ 1, C4<z>; HiZ drive
v0x1004af0_0 .net "E", 0 0, o0x7f3346628498;  0 drivers
o0x7f33466284c8 .functor BUFZ 1, C4<z>; HiZ drive
v0x1004b90_0 .net "Q", 0 0, o0x7f33466284c8;  0 drivers
o0x7f33466284f8 .functor BUFZ 1, C4<z>; HiZ drive
v0x1004c50_0 .net "R", 0 0, o0x7f33466284f8;  0 drivers
S_0xfc5480 .scope module, "SB_DFFES" "SB_DFFES" 2 99;
 .timescale 0 0;
    .port_info 0 /INPUT 1 "C"
    .port_info 1 /INPUT 1 "D"
    .port_info 2 /INPUT 1 "E"
    .port_info 3 /INPUT 1 "S"
    .port_info 4 /OUTPUT 1 "Q"
o0x7f3346628618 .functor BUFZ 1, C4<z>; HiZ drive
v0x1004e00_0 .net "C", 0 0, o0x7f3346628618;  0 drivers
o0x7f3346628648 .functor BUFZ 1, C4<z>; HiZ drive
v0x1004ee0_0 .net "D", 0 0, o0x7f3346628648;  0 drivers
o0x7f3346628678 .functor BUFZ 1, C4<z>; HiZ drive
v0x1004fa0_0 .net "E", 0 0, o0x7f3346628678;  0 drivers
o0x7f33466286a8 .functor BUFZ 1, C4<z>; HiZ drive
v0x1005040_0 .net "Q", 0 0, o0x7f33466286a8;  0 drivers
o0x7f33466286d8 .functor BUFZ 1, C4<z>; HiZ drive
v0x1005100_0 .net "S", 0 0, o0x7f33466286d8;  0 drivers
S_0xfc6f30 .scope module, "SB_DFFESR" "SB_DFFESR" 2 69;
 .timescale 0 0;
    .port_info 0 /INPUT 1 "C"
    .port_info 1 /INPUT 1 "D"
    .port_info 2 /INPUT 1 "R"
    .port_info 3 /INPUT 1 "E"
    .port_info 4 /OUTPUT 1 "Q"
o0x7f33466287f8 .functor BUFZ 1, C4<z>; HiZ drive
v0x10052b0_0 .net "C", 0 0, o0x7f33466287f8;  0 drivers
o0x7f3346628828 .functor BUFZ 1, C4<z>; HiZ drive
v0x1005390_0 .net "D", 0 0, o0x7f3346628828;  0 drivers
o0x7f3346628858 .functor BUFZ 1, C4<z>; HiZ drive
v0x1005450_0 .net "E", 0 0, o0x7f3346628858;  0 drivers
o0x7f3346628888 .functor BUFZ 1, C4<z>; HiZ drive
v0x1005520_0 .net "Q", 0 0, o0x7f3346628888;  0 drivers
o0x7f33466288b8 .functor BUFZ 1, C4<z>; HiZ drive
v0x10055e0_0 .net "R", 0 0, o0x7f33466288b8;  0 drivers
S_0xfc7130 .scope module, "SB_DFFESS" "SB_DFFESS" 2 89;
 .timescale 0 0;
    .port_info 0 /INPUT 1 "C"
    .port_info 1 /INPUT 1 "D"
    .port_info 2 /INPUT 1 "E"
    .port_info 3 /INPUT 1 "S"
    .port_info 4 /OUTPUT 1 "Q"
o0x7f33466289d8 .functor BUFZ 1, C4<z>; HiZ drive
v0x1005790_0 .net "C", 0 0, o0x7f33466289d8;  0 drivers
o0x7f3346628a08 .functor BUFZ 1, C4<z>; HiZ drive
v0x1005870_0 .net "D", 0 0, o0x7f3346628a08;  0 drivers
o0x7f3346628a38 .functor BUFZ 1, C4<z>; HiZ drive
v0x1005930_0 .net "E", 0 0, o0x7f3346628a38;  0 drivers
o0x7f3346628a68 .functor BUFZ 1, C4<z>; HiZ drive
v0x10059d0_0 .net "Q", 0 0, o0x7f3346628a68;  0 drivers
o0x7f3346628a98 .functor BUFZ 1, C4<z>; HiZ drive
v0x1005a90_0 .net "S", 0 0, o0x7f3346628a98;  0 drivers
S_0xfc43c0 .scope module, "SB_DFFN" "SB_DFFN" 2 109;
 .timescale 0 0;
    .port_info 0 /INPUT 1 "C"
    .port_info 1 /INPUT 1 "D"
    .port_info 2 /OUTPUT 1 "Q"
o0x7f3346628bb8 .functor BUFZ 1, C4<z>; HiZ drive
v0x1005c40_0 .net "C", 0 0, o0x7f3346628bb8;  0 drivers
o0x7f3346628be8 .functor BUFZ 1, C4<z>; HiZ drive
v0x1005d20_0 .net "D", 0 0, o0x7f3346628be8;  0 drivers
o0x7f3346628c18 .functor BUFZ 1, C4<z>; HiZ drive
v0x1005de0_0 .net "Q", 0 0, o0x7f3346628c18;  0 drivers
S_0xfc4540 .scope module, "SB_DFFNE" "SB_DFFNE" 2 117;
 .timescale 0 0;
    .port_info 0 /INPUT 1 "C"
    .port_info 1 /INPUT 1 "D"
    .port_info 2 /INPUT 1 "E"
    .port_info 3 /OUTPUT 1 "Q"
o0x7f3346628cd8 .functor BUFZ 1, C4<z>; HiZ drive
v0x1005f00_0 .net "C", 0 0, o0x7f3346628cd8;  0 drivers
o0x7f3346628d08 .functor BUFZ 1, C4<z>; HiZ drive
v0x1005fc0_0 .net "D", 0 0, o0x7f3346628d08;  0 drivers
o0x7f3346628d38 .functor BUFZ 1, C4<z>; HiZ drive
v0x1006080_0 .net "E", 0 0, o0x7f3346628d38;  0 drivers
o0x7f3346628d68 .functor BUFZ 1, C4<z>; HiZ drive
v0x1006150_0 .net "Q", 0 0, o0x7f3346628d68;  0 drivers
S_0xfc60c0 .scope module, "SB_DFFNER" "SB_DFFNER" 2 172;
 .timescale 0 0;
    .port_info 0 /INPUT 1 "C"
    .port_info 1 /INPUT 1 "D"
    .port_info 2 /INPUT 1 "E"
    .port_info 3 /INPUT 1 "R"
    .port_info 4 /OUTPUT 1 "Q"
o0x7f3346628e58 .functor BUFZ 1, C4<z>; HiZ drive
v0x10062c0_0 .net "C", 0 0, o0x7f3346628e58;  0 drivers
o0x7f3346628e88 .functor BUFZ 1, C4<z>; HiZ drive
v0x10063a0_0 .net "D", 0 0, o0x7f3346628e88;  0 drivers
o0x7f3346628eb8 .functor BUFZ 1, C4<z>; HiZ drive
v0x1006460_0 .net "E", 0 0, o0x7f3346628eb8;  0 drivers
o0x7f3346628ee8 .functor BUFZ 1, C4<z>; HiZ drive
v0x1006500_0 .net "Q", 0 0, o0x7f3346628ee8;  0 drivers
o0x7f3346628f18 .functor BUFZ 1, C4<z>; HiZ drive
v0x10065c0_0 .net "R", 0 0, o0x7f3346628f18;  0 drivers
S_0xfc62f0 .scope module, "SB_DFFNES" "SB_DFFNES" 2 192;
 .timescale 0 0;
    .port_info 0 /INPUT 1 "C"
    .port_info 1 /INPUT 1 "D"
    .port_info 2 /INPUT 1 "E"
    .port_info 3 /INPUT 1 "S"
    .port_info 4 /OUTPUT 1 "Q"
o0x7f3346629038 .functor BUFZ 1, C4<z>; HiZ drive
v0x1006770_0 .net "C", 0 0, o0x7f3346629038;  0 drivers
o0x7f3346629068 .functor BUFZ 1, C4<z>; HiZ drive
v0x1006850_0 .net "D", 0 0, o0x7f3346629068;  0 drivers
o0x7f3346629098 .functor BUFZ 1, C4<z>; HiZ drive
v0x1006910_0 .net "E", 0 0, o0x7f3346629098;  0 drivers
o0x7f33466290c8 .functor BUFZ 1, C4<z>; HiZ drive
v0x10069b0_0 .net "Q", 0 0, o0x7f33466290c8;  0 drivers
o0x7f33466290f8 .functor BUFZ 1, C4<z>; HiZ drive
v0x1006a70_0 .net "S", 0 0, o0x7f33466290f8;  0 drivers
S_0xfc7da0 .scope module, "SB_DFFNESR" "SB_DFFNESR" 2 162;
 .timescale 0 0;
    .port_info 0 /INPUT 1 "C"
    .port_info 1 /INPUT 1 "D"
    .port_info 2 /INPUT 1 "E"
    .port_info 3 /INPUT 1 "R"
    .port_info 4 /OUTPUT 1 "Q"
o0x7f3346629218 .functor BUFZ 1, C4<z>; HiZ drive
v0x1006c20_0 .net "C", 0 0, o0x7f3346629218;  0 drivers
o0x7f3346629248 .functor BUFZ 1, C4<z>; HiZ drive
v0x1006d00_0 .net "D", 0 0, o0x7f3346629248;  0 drivers
o0x7f3346629278 .functor BUFZ 1, C4<z>; HiZ drive
v0x1006dc0_0 .net "E", 0 0, o0x7f3346629278;  0 drivers
o0x7f33466292a8 .functor BUFZ 1, C4<z>; HiZ drive
v0x1006e90_0 .net "Q", 0 0, o0x7f33466292a8;  0 drivers
o0x7f33466292d8 .functor BUFZ 1, C4<z>; HiZ drive
v0x1006f50_0 .net "R", 0 0, o0x7f33466292d8;  0 drivers
S_0xfc7fd0 .scope module, "SB_DFFNESS" "SB_DFFNESS" 2 182;
 .timescale 0 0;
    .port_info 0 /INPUT 1 "C"
    .port_info 1 /INPUT 1 "D"
    .port_info 2 /INPUT 1 "E"
    .port_info 3 /INPUT 1 "S"
    .port_info 4 /OUTPUT 1 "Q"
o0x7f33466293f8 .functor BUFZ 1, C4<z>; HiZ drive
v0x1007100_0 .net "C", 0 0, o0x7f33466293f8;  0 drivers
o0x7f3346629428 .functor BUFZ 1, C4<z>; HiZ drive
v0x10071e0_0 .net "D", 0 0, o0x7f3346629428;  0 drivers
o0x7f3346629458 .functor BUFZ 1, C4<z>; HiZ drive
v0x10072a0_0 .net "E", 0 0, o0x7f3346629458;  0 drivers
o0x7f3346629488 .functor BUFZ 1, C4<z>; HiZ drive
v0x1007340_0 .net "Q", 0 0, o0x7f3346629488;  0 drivers
o0x7f33466294b8 .functor BUFZ 1, C4<z>; HiZ drive
v0x1007400_0 .net "S", 0 0, o0x7f33466294b8;  0 drivers
S_0xfc87e0 .scope module, "SB_DFFNR" "SB_DFFNR" 2 135;
 .timescale 0 0;
    .port_info 0 /INPUT 1 "C"
    .port_info 1 /INPUT 1 "D"
    .port_info 2 /INPUT 1 "R"
    .port_info 3 /OUTPUT 1 "Q"
o0x7f33466295d8 .functor BUFZ 1, C4<z>; HiZ drive
v0x10075b0_0 .net "C", 0 0, o0x7f33466295d8;  0 drivers
o0x7f3346629608 .functor BUFZ 1, C4<z>; HiZ drive
v0x1007690_0 .net "D", 0 0, o0x7f3346629608;  0 drivers
o0x7f3346629638 .functor BUFZ 1, C4<z>; HiZ drive
v0x1007750_0 .net "Q", 0 0, o0x7f3346629638;  0 drivers
o0x7f3346629668 .functor BUFZ 1, C4<z>; HiZ drive
v0x1007820_0 .net "R", 0 0, o0x7f3346629668;  0 drivers
S_0xfc8990 .scope module, "SB_DFFNS" "SB_DFFNS" 2 153;
 .timescale 0 0;
    .port_info 0 /INPUT 1 "C"
    .port_info 1 /INPUT 1 "D"
    .port_info 2 /INPUT 1 "S"
    .port_info 3 /OUTPUT 1 "Q"
o0x7f3346629758 .functor BUFZ 1, C4<z>; HiZ drive
v0x1007990_0 .net "C", 0 0, o0x7f3346629758;  0 drivers
o0x7f3346629788 .functor BUFZ 1, C4<z>; HiZ drive
v0x1007a70_0 .net "D", 0 0, o0x7f3346629788;  0 drivers
o0x7f33466297b8 .functor BUFZ 1, C4<z>; HiZ drive
v0x1007b30_0 .net "Q", 0 0, o0x7f33466297b8;  0 drivers
o0x7f33466297e8 .functor BUFZ 1, C4<z>; HiZ drive
v0x1007bd0_0 .net "S", 0 0, o0x7f33466297e8;  0 drivers
S_0xfcd4a0 .scope module, "SB_DFFNSR" "SB_DFFNSR" 2 126;
 .timescale 0 0;
    .port_info 0 /INPUT 1 "C"
    .port_info 1 /INPUT 1 "D"
    .port_info 2 /INPUT 1 "R"
    .port_info 3 /OUTPUT 1 "Q"
o0x7f33466298d8 .functor BUFZ 1, C4<z>; HiZ drive
v0x1007d40_0 .net "C", 0 0, o0x7f33466298d8;  0 drivers
o0x7f3346629908 .functor BUFZ 1, C4<z>; HiZ drive
v0x1007e20_0 .net "D", 0 0, o0x7f3346629908;  0 drivers
o0x7f3346629938 .functor BUFZ 1, C4<z>; HiZ drive
v0x1007ee0_0 .net "Q", 0 0, o0x7f3346629938;  0 drivers
o0x7f3346629968 .functor BUFZ 1, C4<z>; HiZ drive
v0x1007f80_0 .net "R", 0 0, o0x7f3346629968;  0 drivers
S_0xfcd650 .scope module, "SB_DFFNSS" "SB_DFFNSS" 2 144;
 .timescale 0 0;
    .port_info 0 /INPUT 1 "C"
    .port_info 1 /INPUT 1 "D"
    .port_info 2 /INPUT 1 "S"
    .port_info 3 /OUTPUT 1 "Q"
o0x7f3346629a58 .functor BUFZ 1, C4<z>; HiZ drive
v0x10080f0_0 .net "C", 0 0, o0x7f3346629a58;  0 drivers
o0x7f3346629a88 .functor BUFZ 1, C4<z>; HiZ drive
v0x10081d0_0 .net "D", 0 0, o0x7f3346629a88;  0 drivers
o0x7f3346629ab8 .functor BUFZ 1, C4<z>; HiZ drive
v0x1008290_0 .net "Q", 0 0, o0x7f3346629ab8;  0 drivers
o0x7f3346629ae8 .functor BUFZ 1, C4<z>; HiZ drive
v0x1008330_0 .net "S", 0 0, o0x7f3346629ae8;  0 drivers
S_0xfcf290 .scope module, "SB_DFFR" "SB_DFFR" 2 42;
 .timescale 0 0;
    .port_info 0 /INPUT 1 "C"
    .port_info 1 /INPUT 1 "D"
    .port_info 2 /INPUT 1 "R"
    .port_info 3 /OUTPUT 1 "Q"
o0x7f3346629bd8 .functor BUFZ 1, C4<z>; HiZ drive
v0x10084a0_0 .net "C", 0 0, o0x7f3346629bd8;  0 drivers
o0x7f3346629c08 .functor BUFZ 1, C4<z>; HiZ drive
v0x1008580_0 .net "D", 0 0, o0x7f3346629c08;  0 drivers
o0x7f3346629c38 .functor BUFZ 1, C4<z>; HiZ drive
v0x1008640_0 .net "Q", 0 0, o0x7f3346629c38;  0 drivers
o0x7f3346629c68 .functor BUFZ 1, C4<z>; HiZ drive
v0x10086e0_0 .net "R", 0 0, o0x7f3346629c68;  0 drivers
S_0xfcc610 .scope module, "SB_DFFS" "SB_DFFS" 2 60;
 .timescale 0 0;
    .port_info 0 /INPUT 1 "C"
    .port_info 1 /INPUT 1 "D"
    .port_info 2 /INPUT 1 "S"
    .port_info 3 /OUTPUT 1 "Q"
o0x7f3346629d58 .functor BUFZ 1, C4<z>; HiZ drive
v0x1008850_0 .net "C", 0 0, o0x7f3346629d58;  0 drivers
o0x7f3346629d88 .functor BUFZ 1, C4<z>; HiZ drive
v0x1008930_0 .net "D", 0 0, o0x7f3346629d88;  0 drivers
o0x7f3346629db8 .functor BUFZ 1, C4<z>; HiZ drive
v0x10089f0_0 .net "Q", 0 0, o0x7f3346629db8;  0 drivers
o0x7f3346629de8 .functor BUFZ 1, C4<z>; HiZ drive
v0x1008a90_0 .net "S", 0 0, o0x7f3346629de8;  0 drivers
S_0xfcc7c0 .scope module, "SB_DFFSR" "SB_DFFSR" 2 33;
 .timescale 0 0;
    .port_info 0 /INPUT 1 "C"
    .port_info 1 /INPUT 1 "D"
    .port_info 2 /INPUT 1 "R"
    .port_info 3 /OUTPUT 1 "Q"
o0x7f3346629ed8 .functor BUFZ 1, C4<z>; HiZ drive
v0x1008c00_0 .net "C", 0 0, o0x7f3346629ed8;  0 drivers
o0x7f3346629f08 .functor BUFZ 1, C4<z>; HiZ drive
v0x1008ce0_0 .net "D", 0 0, o0x7f3346629f08;  0 drivers
o0x7f3346629f38 .functor BUFZ 1, C4<z>; HiZ drive
v0x1008da0_0 .net "Q", 0 0, o0x7f3346629f38;  0 drivers
o0x7f3346629f68 .functor BUFZ 1, C4<z>; HiZ drive
v0x1008e40_0 .net "R", 0 0, o0x7f3346629f68;  0 drivers
S_0xfce310 .scope module, "SB_DFFSS" "SB_DFFSS" 2 51;
 .timescale 0 0;
    .port_info 0 /INPUT 1 "C"
    .port_info 1 /INPUT 1 "D"
    .port_info 2 /INPUT 1 "S"
    .port_info 3 /OUTPUT 1 "Q"
o0x7f334662a058 .functor BUFZ 1, C4<z>; HiZ drive
v0x1008fb0_0 .net "C", 0 0, o0x7f334662a058;  0 drivers
o0x7f334662a088 .functor BUFZ 1, C4<z>; HiZ drive
v0x1009090_0 .net "D", 0 0, o0x7f334662a088;  0 drivers
o0x7f334662a0b8 .functor BUFZ 1, C4<z>; HiZ drive
v0x1009150_0 .net "Q", 0 0, o0x7f334662a0b8;  0 drivers
o0x7f334662a0e8 .functor BUFZ 1, C4<z>; HiZ drive
v0x10091f0_0 .net "S", 0 0, o0x7f334662a0e8;  0 drivers
S_0xfce4c0 .scope module, "SB_IO" "SB_IO" 2 1;
 .timescale 0 0;
    .port_info 0 /INOUT 1 "PACKAGE_PIN"
    .port_info 1 /INPUT 1 "LATCH_INPUT_VALUE"
    .port_info 2 /INPUT 1 "CLOCK_ENABLE"
    .port_info 3 /INPUT 1 "INPUT_CLK"
    .port_info 4 /INPUT 1 "OUTPUT_CLK"
    .port_info 5 /INPUT 1 "OUTPUT_ENABLE"
    .port_info 6 /INPUT 1 "D_OUT_0"
    .port_info 7 /INPUT 1 "D_OUT_1"
    .port_info 8 /OUTPUT 1 "D_IN_0"
    .port_info 9 /OUTPUT 1 "D_IN_1"
o0x7f334662a1d8 .functor BUFZ 1, C4<z>; HiZ drive
v0x1009360_0 .net "CLOCK_ENABLE", 0 0, o0x7f334662a1d8;  0 drivers
o0x7f334662a208 .functor BUFZ 1, C4<z>; HiZ drive
v0x1009440_0 .net "D_IN_0", 0 0, o0x7f334662a208;  0 drivers
o0x7f334662a238 .functor BUFZ 1, C4<z>; HiZ drive
v0x1009500_0 .net "D_IN_1", 0 0, o0x7f334662a238;  0 drivers
o0x7f334662a268 .functor BUFZ 1, C4<z>; HiZ drive
v0x10095a0_0 .net "D_OUT_0", 0 0, o0x7f334662a268;  0 drivers
o0x7f334662a298 .functor BUFZ 1, C4<z>; HiZ drive
v0x1009660_0 .net "D_OUT_1", 0 0, o0x7f334662a298;  0 drivers
o0x7f334662a2c8 .functor BUFZ 1, C4<z>; HiZ drive
v0x1009770_0 .net "INPUT_CLK", 0 0, o0x7f334662a2c8;  0 drivers
o0x7f334662a2f8 .functor BUFZ 1, C4<z>; HiZ drive
v0x1009830_0 .net "LATCH_INPUT_VALUE", 0 0, o0x7f334662a2f8;  0 drivers
o0x7f334662a328 .functor BUFZ 1, C4<z>; HiZ drive
v0x10098f0_0 .net "OUTPUT_CLK", 0 0, o0x7f334662a328;  0 drivers
o0x7f334662a358 .functor BUFZ 1, C4<z>; HiZ drive
v0x10099b0_0 .net "OUTPUT_ENABLE", 0 0, o0x7f334662a358;  0 drivers
o0x7f334662a388 .functor BUFZ 1, C4<z>; HiZ drive
v0x1009b00_0 .net "PACKAGE_PIN", 0 0, o0x7f334662a388;  0 drivers
S_0xfca0c0 .scope module, "SB_LUT4" "SB_LUT4" 2 211;
 .timescale 0 0;
    .port_info 0 /INPUT 1 "I0"
    .port_info 1 /INPUT 1 "I1"
    .port_info 2 /INPUT 1 "I2"
    .port_info 3 /INPUT 1 "I3"
    .port_info 4 /OUTPUT 1 "O"
o0x7f334662a598 .functor BUFZ 1, C4<z>; HiZ drive
v0x1009d60_0 .net "I0", 0 0, o0x7f334662a598;  0 drivers
o0x7f334662a5c8 .functor BUFZ 1, C4<z>; HiZ drive
v0x1009e40_0 .net "I1", 0 0, o0x7f334662a5c8;  0 drivers
o0x7f334662a5f8 .functor BUFZ 1, C4<z>; HiZ drive
v0x1009f00_0 .net "I2", 0 0, o0x7f334662a5f8;  0 drivers
o0x7f334662a628 .functor BUFZ 1, C4<z>; HiZ drive
v0x1009fa0_0 .net "I3", 0 0, o0x7f334662a628;  0 drivers
o0x7f334662a658 .functor BUFZ 1, C4<z>; HiZ drive
v0x100a060_0 .net "O", 0 0, o0x7f334662a658;  0 drivers
S_0xfca2f0 .scope module, "counter4" "counter4" 3 2;
 .timescale 0 0;
    .port_info 0 /INPUT 1 "clk"
    .port_info 1 /OUTPUT 8 "data"
P_0xfc5600 .param/l "N" 0 3 7, +C4<00000000000000000000000000011001>;
o0x7f334662a778 .functor BUFZ 1, C4<z>; HiZ drive
v0x100a780_0 .net "clk", 0 0, o0x7f334662a778;  0 drivers
v0x100a850_0 .net "clk_pres", 0 0, L_0x100aa30;  1 drivers
v0x100a920_0 .var "data", 7 0;
E_0xfc19b0 .event posedge, v0x100a570_0;
S_0x100a200 .scope module, "pres1" "prescaler" 3 15, 4 10 0, S_0xfca2f0;
 .timescale 0 0;
    .port_info 0 /INPUT 1 "clk_in"
    .port_info 1 /OUTPUT 1 "clk_out"
P_0x100a3f0 .param/l "N" 0 4 15, +C4<00000000000000000000000000011001>;
v0x100a490_0 .net "clk_in", 0 0, o0x7f334662a778;  alias, 0 drivers
v0x100a570_0 .net "clk_out", 0 0, L_0x100aa30;  alias, 1 drivers
v0x100a630_0 .var "count", 24 0;
E_0xfc8310 .event posedge, v0x100a490_0;
L_0x100aa30 .part v0x100a630_0, 24, 1;
    .scope S_0x100a200;
T_0 ;
    %pushi/vec4 0, 0, 25;
    %store/vec4 v0x100a630_0, 0, 25;
    %end;
    .thread T_0;
    .scope S_0x100a200;
T_1 ;
    %wait E_0xfc8310;
    %load/vec4 v0x100a630_0;
    %addi 1, 0, 25;
    %assign/vec4 v0x100a630_0, 0;
    %jmp T_1;
    .thread T_1;
    .scope S_0xfca2f0;
T_2 ;
    %pushi/vec4 0, 0, 8;
    %store/vec4 v0x100a920_0, 0, 8;
    %end;
    .thread T_2;
    .scope S_0xfca2f0;
T_3 ;
    %wait E_0xfc19b0;
    %load/vec4 v0x100a920_0;
    %addi 1, 0, 8;
    %assign/vec4 v0x100a920_0, 0;
    %jmp T_3;
    .thread T_3;
# The file index is used to find the file name in the following table.
:file_names 5;
    "N/A";
    "<interactive>";
    "/home/jcarolinares/.apio/packages/toolchain-iverilog/vlib/system.v";
    "counter4.v";
    "prescaler.v";
