#! /usr/local/bin/vvp
:ivl_version "10.1 (stable)";
:ivl_delay_selection "TYPICAL";
:vpi_time_precision + 0;
:vpi_module "system";
:vpi_module "vhdl_sys";
:vpi_module "v2005_math";
:vpi_module "va_math";
S_0x248ded0 .scope module, "SB_CARRY" "SB_CARRY" 2 202;
 .timescale 0 0;
    .port_info 0 /INPUT 1 "I0"
    .port_info 1 /INPUT 1 "I1"
    .port_info 2 /INPUT 1 "CI"
    .port_info 3 /OUTPUT 1 "CO"
o0x7fdc3328a018 .functor BUFZ 1, C4<z>; HiZ drive
v0x24d2800_0 .net "CI", 0 0, o0x7fdc3328a018;  0 drivers
o0x7fdc3328a048 .functor BUFZ 1, C4<z>; HiZ drive
v0x2508f70_0 .net "CO", 0 0, o0x7fdc3328a048;  0 drivers
o0x7fdc3328a078 .functor BUFZ 1, C4<z>; HiZ drive
v0x2509030_0 .net "I0", 0 0, o0x7fdc3328a078;  0 drivers
o0x7fdc3328a0a8 .functor BUFZ 1, C4<z>; HiZ drive
v0x2509100_0 .net "I1", 0 0, o0x7fdc3328a0a8;  0 drivers
S_0x24c5590 .scope module, "SB_DFF" "SB_DFF" 2 16;
 .timescale 0 0;
    .port_info 0 /INPUT 1 "C"
    .port_info 1 /INPUT 1 "D"
    .port_info 2 /OUTPUT 1 "Q"
o0x7fdc3328a198 .functor BUFZ 1, C4<z>; HiZ drive
v0x2509270_0 .net "C", 0 0, o0x7fdc3328a198;  0 drivers
o0x7fdc3328a1c8 .functor BUFZ 1, C4<z>; HiZ drive
v0x2509350_0 .net "D", 0 0, o0x7fdc3328a1c8;  0 drivers
o0x7fdc3328a1f8 .functor BUFZ 1, C4<z>; HiZ drive
v0x2509410_0 .net "Q", 0 0, o0x7fdc3328a1f8;  0 drivers
S_0x24c5710 .scope module, "SB_DFFE" "SB_DFFE" 2 24;
 .timescale 0 0;
    .port_info 0 /INPUT 1 "C"
    .port_info 1 /INPUT 1 "D"
    .port_info 2 /INPUT 1 "E"
    .port_info 3 /OUTPUT 1 "Q"
o0x7fdc3328a2b8 .functor BUFZ 1, C4<z>; HiZ drive
v0x2509530_0 .net "C", 0 0, o0x7fdc3328a2b8;  0 drivers
o0x7fdc3328a2e8 .functor BUFZ 1, C4<z>; HiZ drive
v0x25095f0_0 .net "D", 0 0, o0x7fdc3328a2e8;  0 drivers
o0x7fdc3328a318 .functor BUFZ 1, C4<z>; HiZ drive
v0x25096b0_0 .net "E", 0 0, o0x7fdc3328a318;  0 drivers
o0x7fdc3328a348 .functor BUFZ 1, C4<z>; HiZ drive
v0x2509780_0 .net "Q", 0 0, o0x7fdc3328a348;  0 drivers
S_0x24ca250 .scope module, "SB_DFFER" "SB_DFFER" 2 79;
 .timescale 0 0;
    .port_info 0 /INPUT 1 "C"
    .port_info 1 /INPUT 1 "D"
    .port_info 2 /INPUT 1 "R"
    .port_info 3 /INPUT 1 "E"
    .port_info 4 /OUTPUT 1 "Q"
o0x7fdc3328a438 .functor BUFZ 1, C4<z>; HiZ drive
v0x25098f0_0 .net "C", 0 0, o0x7fdc3328a438;  0 drivers
o0x7fdc3328a468 .functor BUFZ 1, C4<z>; HiZ drive
v0x25099d0_0 .net "D", 0 0, o0x7fdc3328a468;  0 drivers
o0x7fdc3328a498 .functor BUFZ 1, C4<z>; HiZ drive
v0x2509a90_0 .net "E", 0 0, o0x7fdc3328a498;  0 drivers
o0x7fdc3328a4c8 .functor BUFZ 1, C4<z>; HiZ drive
v0x2509b30_0 .net "Q", 0 0, o0x7fdc3328a4c8;  0 drivers
o0x7fdc3328a4f8 .functor BUFZ 1, C4<z>; HiZ drive
v0x2509bf0_0 .net "R", 0 0, o0x7fdc3328a4f8;  0 drivers
S_0x24ca480 .scope module, "SB_DFFES" "SB_DFFES" 2 99;
 .timescale 0 0;
    .port_info 0 /INPUT 1 "C"
    .port_info 1 /INPUT 1 "D"
    .port_info 2 /INPUT 1 "E"
    .port_info 3 /INPUT 1 "S"
    .port_info 4 /OUTPUT 1 "Q"
o0x7fdc3328a618 .functor BUFZ 1, C4<z>; HiZ drive
v0x2509da0_0 .net "C", 0 0, o0x7fdc3328a618;  0 drivers
o0x7fdc3328a648 .functor BUFZ 1, C4<z>; HiZ drive
v0x2509e80_0 .net "D", 0 0, o0x7fdc3328a648;  0 drivers
o0x7fdc3328a678 .functor BUFZ 1, C4<z>; HiZ drive
v0x2509f40_0 .net "E", 0 0, o0x7fdc3328a678;  0 drivers
o0x7fdc3328a6a8 .functor BUFZ 1, C4<z>; HiZ drive
v0x2509fe0_0 .net "Q", 0 0, o0x7fdc3328a6a8;  0 drivers
o0x7fdc3328a6d8 .functor BUFZ 1, C4<z>; HiZ drive
v0x250a0a0_0 .net "S", 0 0, o0x7fdc3328a6d8;  0 drivers
S_0x24cbf30 .scope module, "SB_DFFESR" "SB_DFFESR" 2 69;
 .timescale 0 0;
    .port_info 0 /INPUT 1 "C"
    .port_info 1 /INPUT 1 "D"
    .port_info 2 /INPUT 1 "R"
    .port_info 3 /INPUT 1 "E"
    .port_info 4 /OUTPUT 1 "Q"
o0x7fdc3328a7f8 .functor BUFZ 1, C4<z>; HiZ drive
v0x250a250_0 .net "C", 0 0, o0x7fdc3328a7f8;  0 drivers
o0x7fdc3328a828 .functor BUFZ 1, C4<z>; HiZ drive
v0x250a330_0 .net "D", 0 0, o0x7fdc3328a828;  0 drivers
o0x7fdc3328a858 .functor BUFZ 1, C4<z>; HiZ drive
v0x250a3f0_0 .net "E", 0 0, o0x7fdc3328a858;  0 drivers
o0x7fdc3328a888 .functor BUFZ 1, C4<z>; HiZ drive
v0x250a4c0_0 .net "Q", 0 0, o0x7fdc3328a888;  0 drivers
o0x7fdc3328a8b8 .functor BUFZ 1, C4<z>; HiZ drive
v0x250a580_0 .net "R", 0 0, o0x7fdc3328a8b8;  0 drivers
S_0x24cc130 .scope module, "SB_DFFESS" "SB_DFFESS" 2 89;
 .timescale 0 0;
    .port_info 0 /INPUT 1 "C"
    .port_info 1 /INPUT 1 "D"
    .port_info 2 /INPUT 1 "E"
    .port_info 3 /INPUT 1 "S"
    .port_info 4 /OUTPUT 1 "Q"
o0x7fdc3328a9d8 .functor BUFZ 1, C4<z>; HiZ drive
v0x250a730_0 .net "C", 0 0, o0x7fdc3328a9d8;  0 drivers
o0x7fdc3328aa08 .functor BUFZ 1, C4<z>; HiZ drive
v0x250a810_0 .net "D", 0 0, o0x7fdc3328aa08;  0 drivers
o0x7fdc3328aa38 .functor BUFZ 1, C4<z>; HiZ drive
v0x250a8d0_0 .net "E", 0 0, o0x7fdc3328aa38;  0 drivers
o0x7fdc3328aa68 .functor BUFZ 1, C4<z>; HiZ drive
v0x250a970_0 .net "Q", 0 0, o0x7fdc3328aa68;  0 drivers
o0x7fdc3328aa98 .functor BUFZ 1, C4<z>; HiZ drive
v0x250aa30_0 .net "S", 0 0, o0x7fdc3328aa98;  0 drivers
S_0x24c93c0 .scope module, "SB_DFFN" "SB_DFFN" 2 109;
 .timescale 0 0;
    .port_info 0 /INPUT 1 "C"
    .port_info 1 /INPUT 1 "D"
    .port_info 2 /OUTPUT 1 "Q"
o0x7fdc3328abb8 .functor BUFZ 1, C4<z>; HiZ drive
v0x250abe0_0 .net "C", 0 0, o0x7fdc3328abb8;  0 drivers
o0x7fdc3328abe8 .functor BUFZ 1, C4<z>; HiZ drive
v0x250acc0_0 .net "D", 0 0, o0x7fdc3328abe8;  0 drivers
o0x7fdc3328ac18 .functor BUFZ 1, C4<z>; HiZ drive
v0x250ad80_0 .net "Q", 0 0, o0x7fdc3328ac18;  0 drivers
S_0x24c9540 .scope module, "SB_DFFNE" "SB_DFFNE" 2 117;
 .timescale 0 0;
    .port_info 0 /INPUT 1 "C"
    .port_info 1 /INPUT 1 "D"
    .port_info 2 /INPUT 1 "E"
    .port_info 3 /OUTPUT 1 "Q"
o0x7fdc3328acd8 .functor BUFZ 1, C4<z>; HiZ drive
v0x250aea0_0 .net "C", 0 0, o0x7fdc3328acd8;  0 drivers
o0x7fdc3328ad08 .functor BUFZ 1, C4<z>; HiZ drive
v0x250af60_0 .net "D", 0 0, o0x7fdc3328ad08;  0 drivers
o0x7fdc3328ad38 .functor BUFZ 1, C4<z>; HiZ drive
v0x250b020_0 .net "E", 0 0, o0x7fdc3328ad38;  0 drivers
o0x7fdc3328ad68 .functor BUFZ 1, C4<z>; HiZ drive
v0x250b0f0_0 .net "Q", 0 0, o0x7fdc3328ad68;  0 drivers
S_0x24cb0c0 .scope module, "SB_DFFNER" "SB_DFFNER" 2 172;
 .timescale 0 0;
    .port_info 0 /INPUT 1 "C"
    .port_info 1 /INPUT 1 "D"
    .port_info 2 /INPUT 1 "E"
    .port_info 3 /INPUT 1 "R"
    .port_info 4 /OUTPUT 1 "Q"
o0x7fdc3328ae58 .functor BUFZ 1, C4<z>; HiZ drive
v0x250b260_0 .net "C", 0 0, o0x7fdc3328ae58;  0 drivers
o0x7fdc3328ae88 .functor BUFZ 1, C4<z>; HiZ drive
v0x250b340_0 .net "D", 0 0, o0x7fdc3328ae88;  0 drivers
o0x7fdc3328aeb8 .functor BUFZ 1, C4<z>; HiZ drive
v0x250b400_0 .net "E", 0 0, o0x7fdc3328aeb8;  0 drivers
o0x7fdc3328aee8 .functor BUFZ 1, C4<z>; HiZ drive
v0x250b4a0_0 .net "Q", 0 0, o0x7fdc3328aee8;  0 drivers
o0x7fdc3328af18 .functor BUFZ 1, C4<z>; HiZ drive
v0x250b560_0 .net "R", 0 0, o0x7fdc3328af18;  0 drivers
S_0x24cb2f0 .scope module, "SB_DFFNES" "SB_DFFNES" 2 192;
 .timescale 0 0;
    .port_info 0 /INPUT 1 "C"
    .port_info 1 /INPUT 1 "D"
    .port_info 2 /INPUT 1 "E"
    .port_info 3 /INPUT 1 "S"
    .port_info 4 /OUTPUT 1 "Q"
o0x7fdc3328b038 .functor BUFZ 1, C4<z>; HiZ drive
v0x250b710_0 .net "C", 0 0, o0x7fdc3328b038;  0 drivers
o0x7fdc3328b068 .functor BUFZ 1, C4<z>; HiZ drive
v0x250b7f0_0 .net "D", 0 0, o0x7fdc3328b068;  0 drivers
o0x7fdc3328b098 .functor BUFZ 1, C4<z>; HiZ drive
v0x250b8b0_0 .net "E", 0 0, o0x7fdc3328b098;  0 drivers
o0x7fdc3328b0c8 .functor BUFZ 1, C4<z>; HiZ drive
v0x250b950_0 .net "Q", 0 0, o0x7fdc3328b0c8;  0 drivers
o0x7fdc3328b0f8 .functor BUFZ 1, C4<z>; HiZ drive
v0x250ba10_0 .net "S", 0 0, o0x7fdc3328b0f8;  0 drivers
S_0x24ccda0 .scope module, "SB_DFFNESR" "SB_DFFNESR" 2 162;
 .timescale 0 0;
    .port_info 0 /INPUT 1 "C"
    .port_info 1 /INPUT 1 "D"
    .port_info 2 /INPUT 1 "E"
    .port_info 3 /INPUT 1 "R"
    .port_info 4 /OUTPUT 1 "Q"
o0x7fdc3328b218 .functor BUFZ 1, C4<z>; HiZ drive
v0x250bbc0_0 .net "C", 0 0, o0x7fdc3328b218;  0 drivers
o0x7fdc3328b248 .functor BUFZ 1, C4<z>; HiZ drive
v0x250bca0_0 .net "D", 0 0, o0x7fdc3328b248;  0 drivers
o0x7fdc3328b278 .functor BUFZ 1, C4<z>; HiZ drive
v0x250bd60_0 .net "E", 0 0, o0x7fdc3328b278;  0 drivers
o0x7fdc3328b2a8 .functor BUFZ 1, C4<z>; HiZ drive
v0x250be30_0 .net "Q", 0 0, o0x7fdc3328b2a8;  0 drivers
o0x7fdc3328b2d8 .functor BUFZ 1, C4<z>; HiZ drive
v0x250bef0_0 .net "R", 0 0, o0x7fdc3328b2d8;  0 drivers
S_0x24ccfd0 .scope module, "SB_DFFNESS" "SB_DFFNESS" 2 182;
 .timescale 0 0;
    .port_info 0 /INPUT 1 "C"
    .port_info 1 /INPUT 1 "D"
    .port_info 2 /INPUT 1 "E"
    .port_info 3 /INPUT 1 "S"
    .port_info 4 /OUTPUT 1 "Q"
o0x7fdc3328b3f8 .functor BUFZ 1, C4<z>; HiZ drive
v0x250c0a0_0 .net "C", 0 0, o0x7fdc3328b3f8;  0 drivers
o0x7fdc3328b428 .functor BUFZ 1, C4<z>; HiZ drive
v0x250c180_0 .net "D", 0 0, o0x7fdc3328b428;  0 drivers
o0x7fdc3328b458 .functor BUFZ 1, C4<z>; HiZ drive
v0x250c240_0 .net "E", 0 0, o0x7fdc3328b458;  0 drivers
o0x7fdc3328b488 .functor BUFZ 1, C4<z>; HiZ drive
v0x250c2e0_0 .net "Q", 0 0, o0x7fdc3328b488;  0 drivers
o0x7fdc3328b4b8 .functor BUFZ 1, C4<z>; HiZ drive
v0x250c3a0_0 .net "S", 0 0, o0x7fdc3328b4b8;  0 drivers
S_0x24cd7e0 .scope module, "SB_DFFNR" "SB_DFFNR" 2 135;
 .timescale 0 0;
    .port_info 0 /INPUT 1 "C"
    .port_info 1 /INPUT 1 "D"
    .port_info 2 /INPUT 1 "R"
    .port_info 3 /OUTPUT 1 "Q"
o0x7fdc3328b5d8 .functor BUFZ 1, C4<z>; HiZ drive
v0x250c550_0 .net "C", 0 0, o0x7fdc3328b5d8;  0 drivers
o0x7fdc3328b608 .functor BUFZ 1, C4<z>; HiZ drive
v0x250c630_0 .net "D", 0 0, o0x7fdc3328b608;  0 drivers
o0x7fdc3328b638 .functor BUFZ 1, C4<z>; HiZ drive
v0x250c6f0_0 .net "Q", 0 0, o0x7fdc3328b638;  0 drivers
o0x7fdc3328b668 .functor BUFZ 1, C4<z>; HiZ drive
v0x250c7c0_0 .net "R", 0 0, o0x7fdc3328b668;  0 drivers
S_0x24cd990 .scope module, "SB_DFFNS" "SB_DFFNS" 2 153;
 .timescale 0 0;
    .port_info 0 /INPUT 1 "C"
    .port_info 1 /INPUT 1 "D"
    .port_info 2 /INPUT 1 "S"
    .port_info 3 /OUTPUT 1 "Q"
o0x7fdc3328b758 .functor BUFZ 1, C4<z>; HiZ drive
v0x250c930_0 .net "C", 0 0, o0x7fdc3328b758;  0 drivers
o0x7fdc3328b788 .functor BUFZ 1, C4<z>; HiZ drive
v0x250ca10_0 .net "D", 0 0, o0x7fdc3328b788;  0 drivers
o0x7fdc3328b7b8 .functor BUFZ 1, C4<z>; HiZ drive
v0x250cad0_0 .net "Q", 0 0, o0x7fdc3328b7b8;  0 drivers
o0x7fdc3328b7e8 .functor BUFZ 1, C4<z>; HiZ drive
v0x250cb70_0 .net "S", 0 0, o0x7fdc3328b7e8;  0 drivers
S_0x24d24a0 .scope module, "SB_DFFNSR" "SB_DFFNSR" 2 126;
 .timescale 0 0;
    .port_info 0 /INPUT 1 "C"
    .port_info 1 /INPUT 1 "D"
    .port_info 2 /INPUT 1 "R"
    .port_info 3 /OUTPUT 1 "Q"
o0x7fdc3328b8d8 .functor BUFZ 1, C4<z>; HiZ drive
v0x250cce0_0 .net "C", 0 0, o0x7fdc3328b8d8;  0 drivers
o0x7fdc3328b908 .functor BUFZ 1, C4<z>; HiZ drive
v0x250cdc0_0 .net "D", 0 0, o0x7fdc3328b908;  0 drivers
o0x7fdc3328b938 .functor BUFZ 1, C4<z>; HiZ drive
v0x250ce80_0 .net "Q", 0 0, o0x7fdc3328b938;  0 drivers
o0x7fdc3328b968 .functor BUFZ 1, C4<z>; HiZ drive
v0x250cf20_0 .net "R", 0 0, o0x7fdc3328b968;  0 drivers
S_0x24d2650 .scope module, "SB_DFFNSS" "SB_DFFNSS" 2 144;
 .timescale 0 0;
    .port_info 0 /INPUT 1 "C"
    .port_info 1 /INPUT 1 "D"
    .port_info 2 /INPUT 1 "S"
    .port_info 3 /OUTPUT 1 "Q"
o0x7fdc3328ba58 .functor BUFZ 1, C4<z>; HiZ drive
v0x250d090_0 .net "C", 0 0, o0x7fdc3328ba58;  0 drivers
o0x7fdc3328ba88 .functor BUFZ 1, C4<z>; HiZ drive
v0x250d170_0 .net "D", 0 0, o0x7fdc3328ba88;  0 drivers
o0x7fdc3328bab8 .functor BUFZ 1, C4<z>; HiZ drive
v0x250d230_0 .net "Q", 0 0, o0x7fdc3328bab8;  0 drivers
o0x7fdc3328bae8 .functor BUFZ 1, C4<z>; HiZ drive
v0x250d2d0_0 .net "S", 0 0, o0x7fdc3328bae8;  0 drivers
S_0x24d4290 .scope module, "SB_DFFR" "SB_DFFR" 2 42;
 .timescale 0 0;
    .port_info 0 /INPUT 1 "C"
    .port_info 1 /INPUT 1 "D"
    .port_info 2 /INPUT 1 "R"
    .port_info 3 /OUTPUT 1 "Q"
o0x7fdc3328bbd8 .functor BUFZ 1, C4<z>; HiZ drive
v0x250d440_0 .net "C", 0 0, o0x7fdc3328bbd8;  0 drivers
o0x7fdc3328bc08 .functor BUFZ 1, C4<z>; HiZ drive
v0x250d520_0 .net "D", 0 0, o0x7fdc3328bc08;  0 drivers
o0x7fdc3328bc38 .functor BUFZ 1, C4<z>; HiZ drive
v0x250d5e0_0 .net "Q", 0 0, o0x7fdc3328bc38;  0 drivers
o0x7fdc3328bc68 .functor BUFZ 1, C4<z>; HiZ drive
v0x250d680_0 .net "R", 0 0, o0x7fdc3328bc68;  0 drivers
S_0x24d1610 .scope module, "SB_DFFS" "SB_DFFS" 2 60;
 .timescale 0 0;
    .port_info 0 /INPUT 1 "C"
    .port_info 1 /INPUT 1 "D"
    .port_info 2 /INPUT 1 "S"
    .port_info 3 /OUTPUT 1 "Q"
o0x7fdc3328bd58 .functor BUFZ 1, C4<z>; HiZ drive
v0x250d7f0_0 .net "C", 0 0, o0x7fdc3328bd58;  0 drivers
o0x7fdc3328bd88 .functor BUFZ 1, C4<z>; HiZ drive
v0x250d8d0_0 .net "D", 0 0, o0x7fdc3328bd88;  0 drivers
o0x7fdc3328bdb8 .functor BUFZ 1, C4<z>; HiZ drive
v0x250d990_0 .net "Q", 0 0, o0x7fdc3328bdb8;  0 drivers
o0x7fdc3328bde8 .functor BUFZ 1, C4<z>; HiZ drive
v0x250da30_0 .net "S", 0 0, o0x7fdc3328bde8;  0 drivers
S_0x24d17c0 .scope module, "SB_DFFSR" "SB_DFFSR" 2 33;
 .timescale 0 0;
    .port_info 0 /INPUT 1 "C"
    .port_info 1 /INPUT 1 "D"
    .port_info 2 /INPUT 1 "R"
    .port_info 3 /OUTPUT 1 "Q"
o0x7fdc3328bed8 .functor BUFZ 1, C4<z>; HiZ drive
v0x250dba0_0 .net "C", 0 0, o0x7fdc3328bed8;  0 drivers
o0x7fdc3328bf08 .functor BUFZ 1, C4<z>; HiZ drive
v0x250dc80_0 .net "D", 0 0, o0x7fdc3328bf08;  0 drivers
o0x7fdc3328bf38 .functor BUFZ 1, C4<z>; HiZ drive
v0x250dd40_0 .net "Q", 0 0, o0x7fdc3328bf38;  0 drivers
o0x7fdc3328bf68 .functor BUFZ 1, C4<z>; HiZ drive
v0x250dde0_0 .net "R", 0 0, o0x7fdc3328bf68;  0 drivers
S_0x24d3310 .scope module, "SB_DFFSS" "SB_DFFSS" 2 51;
 .timescale 0 0;
    .port_info 0 /INPUT 1 "C"
    .port_info 1 /INPUT 1 "D"
    .port_info 2 /INPUT 1 "S"
    .port_info 3 /OUTPUT 1 "Q"
o0x7fdc3328c058 .functor BUFZ 1, C4<z>; HiZ drive
v0x250df50_0 .net "C", 0 0, o0x7fdc3328c058;  0 drivers
o0x7fdc3328c088 .functor BUFZ 1, C4<z>; HiZ drive
v0x250e030_0 .net "D", 0 0, o0x7fdc3328c088;  0 drivers
o0x7fdc3328c0b8 .functor BUFZ 1, C4<z>; HiZ drive
v0x250e0f0_0 .net "Q", 0 0, o0x7fdc3328c0b8;  0 drivers
o0x7fdc3328c0e8 .functor BUFZ 1, C4<z>; HiZ drive
v0x250e190_0 .net "S", 0 0, o0x7fdc3328c0e8;  0 drivers
S_0x24d34c0 .scope module, "SB_IO" "SB_IO" 2 1;
 .timescale 0 0;
    .port_info 0 /INOUT 1 "PACKAGE_PIN"
    .port_info 1 /INPUT 1 "LATCH_INPUT_VALUE"
    .port_info 2 /INPUT 1 "CLOCK_ENABLE"
    .port_info 3 /INPUT 1 "INPUT_CLK"
    .port_info 4 /INPUT 1 "OUTPUT_CLK"
    .port_info 5 /INPUT 1 "OUTPUT_ENABLE"
    .port_info 6 /INPUT 1 "D_OUT_0"
    .port_info 7 /INPUT 1 "D_OUT_1"
    .port_info 8 /OUTPUT 1 "D_IN_0"
    .port_info 9 /OUTPUT 1 "D_IN_1"
o0x7fdc3328c1d8 .functor BUFZ 1, C4<z>; HiZ drive
v0x250e300_0 .net "CLOCK_ENABLE", 0 0, o0x7fdc3328c1d8;  0 drivers
o0x7fdc3328c208 .functor BUFZ 1, C4<z>; HiZ drive
v0x250e3e0_0 .net "D_IN_0", 0 0, o0x7fdc3328c208;  0 drivers
o0x7fdc3328c238 .functor BUFZ 1, C4<z>; HiZ drive
v0x250e4a0_0 .net "D_IN_1", 0 0, o0x7fdc3328c238;  0 drivers
o0x7fdc3328c268 .functor BUFZ 1, C4<z>; HiZ drive
v0x250e540_0 .net "D_OUT_0", 0 0, o0x7fdc3328c268;  0 drivers
o0x7fdc3328c298 .functor BUFZ 1, C4<z>; HiZ drive
v0x250e600_0 .net "D_OUT_1", 0 0, o0x7fdc3328c298;  0 drivers
o0x7fdc3328c2c8 .functor BUFZ 1, C4<z>; HiZ drive
v0x250e710_0 .net "INPUT_CLK", 0 0, o0x7fdc3328c2c8;  0 drivers
o0x7fdc3328c2f8 .functor BUFZ 1, C4<z>; HiZ drive
v0x250e7d0_0 .net "LATCH_INPUT_VALUE", 0 0, o0x7fdc3328c2f8;  0 drivers
o0x7fdc3328c328 .functor BUFZ 1, C4<z>; HiZ drive
v0x250e890_0 .net "OUTPUT_CLK", 0 0, o0x7fdc3328c328;  0 drivers
o0x7fdc3328c358 .functor BUFZ 1, C4<z>; HiZ drive
v0x250e950_0 .net "OUTPUT_ENABLE", 0 0, o0x7fdc3328c358;  0 drivers
o0x7fdc3328c388 .functor BUFZ 1, C4<z>; HiZ drive
v0x250eaa0_0 .net "PACKAGE_PIN", 0 0, o0x7fdc3328c388;  0 drivers
S_0x24cf0c0 .scope module, "SB_LUT4" "SB_LUT4" 2 211;
 .timescale 0 0;
    .port_info 0 /INPUT 1 "I0"
    .port_info 1 /INPUT 1 "I1"
    .port_info 2 /INPUT 1 "I2"
    .port_info 3 /INPUT 1 "I3"
    .port_info 4 /OUTPUT 1 "O"
o0x7fdc3328c598 .functor BUFZ 1, C4<z>; HiZ drive
v0x250ed00_0 .net "I0", 0 0, o0x7fdc3328c598;  0 drivers
o0x7fdc3328c5c8 .functor BUFZ 1, C4<z>; HiZ drive
v0x250ede0_0 .net "I1", 0 0, o0x7fdc3328c5c8;  0 drivers
o0x7fdc3328c5f8 .functor BUFZ 1, C4<z>; HiZ drive
v0x250eea0_0 .net "I2", 0 0, o0x7fdc3328c5f8;  0 drivers
o0x7fdc3328c628 .functor BUFZ 1, C4<z>; HiZ drive
v0x250ef40_0 .net "I3", 0 0, o0x7fdc3328c628;  0 drivers
o0x7fdc3328c658 .functor BUFZ 1, C4<z>; HiZ drive
v0x250f000_0 .net "O", 0 0, o0x7fdc3328c658;  0 drivers
S_0x24cf2f0 .scope module, "counter" "counter" 3 2;
 .timescale 0 0;
    .port_info 0 /INPUT 1 "clk"
    .port_info 1 /OUTPUT 3 "data"
P_0x24ca600 .param/l "N" 0 3 7, +C4<00000000000000000000000000010100>;
o0x7fdc3328c778 .functor BUFZ 1, C4<z>; HiZ drive
v0x250f720_0 .net "clk", 0 0, o0x7fdc3328c778;  0 drivers
v0x250f7f0_0 .net "clk_pres", 0 0, L_0x250f9d0;  1 drivers
v0x250f8c0_0 .var "data", 2 0;
E_0x24c69b0 .event posedge, v0x250f510_0;
S_0x250f1a0 .scope module, "pres1" "prescaler" 3 15, 4 10 0, S_0x24cf2f0;
 .timescale 0 0;
    .port_info 0 /INPUT 1 "clk_in"
    .port_info 1 /OUTPUT 1 "clk_out"
P_0x250f390 .param/l "N" 0 4 15, +C4<00000000000000000000000000010100>;
v0x250f430_0 .net "clk_in", 0 0, o0x7fdc3328c778;  alias, 0 drivers
v0x250f510_0 .net "clk_out", 0 0, L_0x250f9d0;  alias, 1 drivers
v0x250f5d0_0 .var "count", 19 0;
E_0x24cd310 .event posedge, v0x250f430_0;
L_0x250f9d0 .part v0x250f5d0_0, 19, 1;
    .scope S_0x250f1a0;
T_0 ;
    %pushi/vec4 0, 0, 20;
    %store/vec4 v0x250f5d0_0, 0, 20;
    %end;
    .thread T_0;
    .scope S_0x250f1a0;
T_1 ;
    %wait E_0x24cd310;
    %load/vec4 v0x250f5d0_0;
    %addi 1, 0, 20;
    %assign/vec4 v0x250f5d0_0, 0;
    %jmp T_1;
    .thread T_1;
    .scope S_0x24cf2f0;
T_2 ;
    %pushi/vec4 0, 0, 3;
    %store/vec4 v0x250f8c0_0, 0, 3;
    %end;
    .thread T_2;
    .scope S_0x24cf2f0;
T_3 ;
    %wait E_0x24c69b0;
    %load/vec4 v0x250f8c0_0;
    %addi 1, 0, 3;
    %assign/vec4 v0x250f8c0_0, 0;
    %jmp T_3;
    .thread T_3;
# The file index is used to find the file name in the following table.
:file_names 5;
    "N/A";
    "<interactive>";
    "/home/jcarolinares/.apio/packages/toolchain-iverilog/vlib/system.v";
    "counter.v";
    "prescaler.v";
