#! /usr/local/bin/vvp
:ivl_version "10.1 (stable)";
:ivl_delay_selection "TYPICAL";
:vpi_time_precision + 0;
:vpi_module "system";
:vpi_module "vhdl_sys";
:vpi_module "v2005_math";
:vpi_module "va_math";
S_0x106ced0 .scope module, "SB_CARRY" "SB_CARRY" 2 202;
 .timescale 0 0;
    .port_info 0 /INPUT 1 "I0"
    .port_info 1 /INPUT 1 "I1"
    .port_info 2 /INPUT 1 "CI"
    .port_info 3 /OUTPUT 1 "CO"
o0x7fb37398d018 .functor BUFZ 1, C4<z>; HiZ drive
v0x10b1800_0 .net "CI", 0 0, o0x7fb37398d018;  0 drivers
o0x7fb37398d048 .functor BUFZ 1, C4<z>; HiZ drive
v0x10e7f70_0 .net "CO", 0 0, o0x7fb37398d048;  0 drivers
o0x7fb37398d078 .functor BUFZ 1, C4<z>; HiZ drive
v0x10e8030_0 .net "I0", 0 0, o0x7fb37398d078;  0 drivers
o0x7fb37398d0a8 .functor BUFZ 1, C4<z>; HiZ drive
v0x10e8100_0 .net "I1", 0 0, o0x7fb37398d0a8;  0 drivers
S_0x10a4590 .scope module, "SB_DFF" "SB_DFF" 2 16;
 .timescale 0 0;
    .port_info 0 /INPUT 1 "C"
    .port_info 1 /INPUT 1 "D"
    .port_info 2 /OUTPUT 1 "Q"
o0x7fb37398d198 .functor BUFZ 1, C4<z>; HiZ drive
v0x10e8270_0 .net "C", 0 0, o0x7fb37398d198;  0 drivers
o0x7fb37398d1c8 .functor BUFZ 1, C4<z>; HiZ drive
v0x10e8350_0 .net "D", 0 0, o0x7fb37398d1c8;  0 drivers
o0x7fb37398d1f8 .functor BUFZ 1, C4<z>; HiZ drive
v0x10e8410_0 .net "Q", 0 0, o0x7fb37398d1f8;  0 drivers
S_0x10a4710 .scope module, "SB_DFFE" "SB_DFFE" 2 24;
 .timescale 0 0;
    .port_info 0 /INPUT 1 "C"
    .port_info 1 /INPUT 1 "D"
    .port_info 2 /INPUT 1 "E"
    .port_info 3 /OUTPUT 1 "Q"
o0x7fb37398d2b8 .functor BUFZ 1, C4<z>; HiZ drive
v0x10e8530_0 .net "C", 0 0, o0x7fb37398d2b8;  0 drivers
o0x7fb37398d2e8 .functor BUFZ 1, C4<z>; HiZ drive
v0x10e85f0_0 .net "D", 0 0, o0x7fb37398d2e8;  0 drivers
o0x7fb37398d318 .functor BUFZ 1, C4<z>; HiZ drive
v0x10e86b0_0 .net "E", 0 0, o0x7fb37398d318;  0 drivers
o0x7fb37398d348 .functor BUFZ 1, C4<z>; HiZ drive
v0x10e8780_0 .net "Q", 0 0, o0x7fb37398d348;  0 drivers
S_0x10a9250 .scope module, "SB_DFFER" "SB_DFFER" 2 79;
 .timescale 0 0;
    .port_info 0 /INPUT 1 "C"
    .port_info 1 /INPUT 1 "D"
    .port_info 2 /INPUT 1 "R"
    .port_info 3 /INPUT 1 "E"
    .port_info 4 /OUTPUT 1 "Q"
o0x7fb37398d438 .functor BUFZ 1, C4<z>; HiZ drive
v0x10e88f0_0 .net "C", 0 0, o0x7fb37398d438;  0 drivers
o0x7fb37398d468 .functor BUFZ 1, C4<z>; HiZ drive
v0x10e89d0_0 .net "D", 0 0, o0x7fb37398d468;  0 drivers
o0x7fb37398d498 .functor BUFZ 1, C4<z>; HiZ drive
v0x10e8a90_0 .net "E", 0 0, o0x7fb37398d498;  0 drivers
o0x7fb37398d4c8 .functor BUFZ 1, C4<z>; HiZ drive
v0x10e8b30_0 .net "Q", 0 0, o0x7fb37398d4c8;  0 drivers
o0x7fb37398d4f8 .functor BUFZ 1, C4<z>; HiZ drive
v0x10e8bf0_0 .net "R", 0 0, o0x7fb37398d4f8;  0 drivers
S_0x10a9480 .scope module, "SB_DFFES" "SB_DFFES" 2 99;
 .timescale 0 0;
    .port_info 0 /INPUT 1 "C"
    .port_info 1 /INPUT 1 "D"
    .port_info 2 /INPUT 1 "E"
    .port_info 3 /INPUT 1 "S"
    .port_info 4 /OUTPUT 1 "Q"
o0x7fb37398d618 .functor BUFZ 1, C4<z>; HiZ drive
v0x10e8da0_0 .net "C", 0 0, o0x7fb37398d618;  0 drivers
o0x7fb37398d648 .functor BUFZ 1, C4<z>; HiZ drive
v0x10e8e80_0 .net "D", 0 0, o0x7fb37398d648;  0 drivers
o0x7fb37398d678 .functor BUFZ 1, C4<z>; HiZ drive
v0x10e8f40_0 .net "E", 0 0, o0x7fb37398d678;  0 drivers
o0x7fb37398d6a8 .functor BUFZ 1, C4<z>; HiZ drive
v0x10e8fe0_0 .net "Q", 0 0, o0x7fb37398d6a8;  0 drivers
o0x7fb37398d6d8 .functor BUFZ 1, C4<z>; HiZ drive
v0x10e90a0_0 .net "S", 0 0, o0x7fb37398d6d8;  0 drivers
S_0x10aaf30 .scope module, "SB_DFFESR" "SB_DFFESR" 2 69;
 .timescale 0 0;
    .port_info 0 /INPUT 1 "C"
    .port_info 1 /INPUT 1 "D"
    .port_info 2 /INPUT 1 "R"
    .port_info 3 /INPUT 1 "E"
    .port_info 4 /OUTPUT 1 "Q"
o0x7fb37398d7f8 .functor BUFZ 1, C4<z>; HiZ drive
v0x10e9250_0 .net "C", 0 0, o0x7fb37398d7f8;  0 drivers
o0x7fb37398d828 .functor BUFZ 1, C4<z>; HiZ drive
v0x10e9330_0 .net "D", 0 0, o0x7fb37398d828;  0 drivers
o0x7fb37398d858 .functor BUFZ 1, C4<z>; HiZ drive
v0x10e93f0_0 .net "E", 0 0, o0x7fb37398d858;  0 drivers
o0x7fb37398d888 .functor BUFZ 1, C4<z>; HiZ drive
v0x10e94c0_0 .net "Q", 0 0, o0x7fb37398d888;  0 drivers
o0x7fb37398d8b8 .functor BUFZ 1, C4<z>; HiZ drive
v0x10e9580_0 .net "R", 0 0, o0x7fb37398d8b8;  0 drivers
S_0x10ab130 .scope module, "SB_DFFESS" "SB_DFFESS" 2 89;
 .timescale 0 0;
    .port_info 0 /INPUT 1 "C"
    .port_info 1 /INPUT 1 "D"
    .port_info 2 /INPUT 1 "E"
    .port_info 3 /INPUT 1 "S"
    .port_info 4 /OUTPUT 1 "Q"
o0x7fb37398d9d8 .functor BUFZ 1, C4<z>; HiZ drive
v0x10e9730_0 .net "C", 0 0, o0x7fb37398d9d8;  0 drivers
o0x7fb37398da08 .functor BUFZ 1, C4<z>; HiZ drive
v0x10e9810_0 .net "D", 0 0, o0x7fb37398da08;  0 drivers
o0x7fb37398da38 .functor BUFZ 1, C4<z>; HiZ drive
v0x10e98d0_0 .net "E", 0 0, o0x7fb37398da38;  0 drivers
o0x7fb37398da68 .functor BUFZ 1, C4<z>; HiZ drive
v0x10e9970_0 .net "Q", 0 0, o0x7fb37398da68;  0 drivers
o0x7fb37398da98 .functor BUFZ 1, C4<z>; HiZ drive
v0x10e9a30_0 .net "S", 0 0, o0x7fb37398da98;  0 drivers
S_0x10a83c0 .scope module, "SB_DFFN" "SB_DFFN" 2 109;
 .timescale 0 0;
    .port_info 0 /INPUT 1 "C"
    .port_info 1 /INPUT 1 "D"
    .port_info 2 /OUTPUT 1 "Q"
o0x7fb37398dbb8 .functor BUFZ 1, C4<z>; HiZ drive
v0x10e9be0_0 .net "C", 0 0, o0x7fb37398dbb8;  0 drivers
o0x7fb37398dbe8 .functor BUFZ 1, C4<z>; HiZ drive
v0x10e9cc0_0 .net "D", 0 0, o0x7fb37398dbe8;  0 drivers
o0x7fb37398dc18 .functor BUFZ 1, C4<z>; HiZ drive
v0x10e9d80_0 .net "Q", 0 0, o0x7fb37398dc18;  0 drivers
S_0x10a8540 .scope module, "SB_DFFNE" "SB_DFFNE" 2 117;
 .timescale 0 0;
    .port_info 0 /INPUT 1 "C"
    .port_info 1 /INPUT 1 "D"
    .port_info 2 /INPUT 1 "E"
    .port_info 3 /OUTPUT 1 "Q"
o0x7fb37398dcd8 .functor BUFZ 1, C4<z>; HiZ drive
v0x10e9ea0_0 .net "C", 0 0, o0x7fb37398dcd8;  0 drivers
o0x7fb37398dd08 .functor BUFZ 1, C4<z>; HiZ drive
v0x10e9f60_0 .net "D", 0 0, o0x7fb37398dd08;  0 drivers
o0x7fb37398dd38 .functor BUFZ 1, C4<z>; HiZ drive
v0x10ea020_0 .net "E", 0 0, o0x7fb37398dd38;  0 drivers
o0x7fb37398dd68 .functor BUFZ 1, C4<z>; HiZ drive
v0x10ea0f0_0 .net "Q", 0 0, o0x7fb37398dd68;  0 drivers
S_0x10aa0c0 .scope module, "SB_DFFNER" "SB_DFFNER" 2 172;
 .timescale 0 0;
    .port_info 0 /INPUT 1 "C"
    .port_info 1 /INPUT 1 "D"
    .port_info 2 /INPUT 1 "E"
    .port_info 3 /INPUT 1 "R"
    .port_info 4 /OUTPUT 1 "Q"
o0x7fb37398de58 .functor BUFZ 1, C4<z>; HiZ drive
v0x10ea260_0 .net "C", 0 0, o0x7fb37398de58;  0 drivers
o0x7fb37398de88 .functor BUFZ 1, C4<z>; HiZ drive
v0x10ea340_0 .net "D", 0 0, o0x7fb37398de88;  0 drivers
o0x7fb37398deb8 .functor BUFZ 1, C4<z>; HiZ drive
v0x10ea400_0 .net "E", 0 0, o0x7fb37398deb8;  0 drivers
o0x7fb37398dee8 .functor BUFZ 1, C4<z>; HiZ drive
v0x10ea4a0_0 .net "Q", 0 0, o0x7fb37398dee8;  0 drivers
o0x7fb37398df18 .functor BUFZ 1, C4<z>; HiZ drive
v0x10ea560_0 .net "R", 0 0, o0x7fb37398df18;  0 drivers
S_0x10aa2f0 .scope module, "SB_DFFNES" "SB_DFFNES" 2 192;
 .timescale 0 0;
    .port_info 0 /INPUT 1 "C"
    .port_info 1 /INPUT 1 "D"
    .port_info 2 /INPUT 1 "E"
    .port_info 3 /INPUT 1 "S"
    .port_info 4 /OUTPUT 1 "Q"
o0x7fb37398e038 .functor BUFZ 1, C4<z>; HiZ drive
v0x10ea710_0 .net "C", 0 0, o0x7fb37398e038;  0 drivers
o0x7fb37398e068 .functor BUFZ 1, C4<z>; HiZ drive
v0x10ea7f0_0 .net "D", 0 0, o0x7fb37398e068;  0 drivers
o0x7fb37398e098 .functor BUFZ 1, C4<z>; HiZ drive
v0x10ea8b0_0 .net "E", 0 0, o0x7fb37398e098;  0 drivers
o0x7fb37398e0c8 .functor BUFZ 1, C4<z>; HiZ drive
v0x10ea950_0 .net "Q", 0 0, o0x7fb37398e0c8;  0 drivers
o0x7fb37398e0f8 .functor BUFZ 1, C4<z>; HiZ drive
v0x10eaa10_0 .net "S", 0 0, o0x7fb37398e0f8;  0 drivers
S_0x10abda0 .scope module, "SB_DFFNESR" "SB_DFFNESR" 2 162;
 .timescale 0 0;
    .port_info 0 /INPUT 1 "C"
    .port_info 1 /INPUT 1 "D"
    .port_info 2 /INPUT 1 "E"
    .port_info 3 /INPUT 1 "R"
    .port_info 4 /OUTPUT 1 "Q"
o0x7fb37398e218 .functor BUFZ 1, C4<z>; HiZ drive
v0x10eabc0_0 .net "C", 0 0, o0x7fb37398e218;  0 drivers
o0x7fb37398e248 .functor BUFZ 1, C4<z>; HiZ drive
v0x10eaca0_0 .net "D", 0 0, o0x7fb37398e248;  0 drivers
o0x7fb37398e278 .functor BUFZ 1, C4<z>; HiZ drive
v0x10ead60_0 .net "E", 0 0, o0x7fb37398e278;  0 drivers
o0x7fb37398e2a8 .functor BUFZ 1, C4<z>; HiZ drive
v0x10eae30_0 .net "Q", 0 0, o0x7fb37398e2a8;  0 drivers
o0x7fb37398e2d8 .functor BUFZ 1, C4<z>; HiZ drive
v0x10eaef0_0 .net "R", 0 0, o0x7fb37398e2d8;  0 drivers
S_0x10abfd0 .scope module, "SB_DFFNESS" "SB_DFFNESS" 2 182;
 .timescale 0 0;
    .port_info 0 /INPUT 1 "C"
    .port_info 1 /INPUT 1 "D"
    .port_info 2 /INPUT 1 "E"
    .port_info 3 /INPUT 1 "S"
    .port_info 4 /OUTPUT 1 "Q"
o0x7fb37398e3f8 .functor BUFZ 1, C4<z>; HiZ drive
v0x10eb0a0_0 .net "C", 0 0, o0x7fb37398e3f8;  0 drivers
o0x7fb37398e428 .functor BUFZ 1, C4<z>; HiZ drive
v0x10eb180_0 .net "D", 0 0, o0x7fb37398e428;  0 drivers
o0x7fb37398e458 .functor BUFZ 1, C4<z>; HiZ drive
v0x10eb240_0 .net "E", 0 0, o0x7fb37398e458;  0 drivers
o0x7fb37398e488 .functor BUFZ 1, C4<z>; HiZ drive
v0x10eb2e0_0 .net "Q", 0 0, o0x7fb37398e488;  0 drivers
o0x7fb37398e4b8 .functor BUFZ 1, C4<z>; HiZ drive
v0x10eb3a0_0 .net "S", 0 0, o0x7fb37398e4b8;  0 drivers
S_0x10ac7e0 .scope module, "SB_DFFNR" "SB_DFFNR" 2 135;
 .timescale 0 0;
    .port_info 0 /INPUT 1 "C"
    .port_info 1 /INPUT 1 "D"
    .port_info 2 /INPUT 1 "R"
    .port_info 3 /OUTPUT 1 "Q"
o0x7fb37398e5d8 .functor BUFZ 1, C4<z>; HiZ drive
v0x10eb550_0 .net "C", 0 0, o0x7fb37398e5d8;  0 drivers
o0x7fb37398e608 .functor BUFZ 1, C4<z>; HiZ drive
v0x10eb630_0 .net "D", 0 0, o0x7fb37398e608;  0 drivers
o0x7fb37398e638 .functor BUFZ 1, C4<z>; HiZ drive
v0x10eb6f0_0 .net "Q", 0 0, o0x7fb37398e638;  0 drivers
o0x7fb37398e668 .functor BUFZ 1, C4<z>; HiZ drive
v0x10eb7c0_0 .net "R", 0 0, o0x7fb37398e668;  0 drivers
S_0x10ac990 .scope module, "SB_DFFNS" "SB_DFFNS" 2 153;
 .timescale 0 0;
    .port_info 0 /INPUT 1 "C"
    .port_info 1 /INPUT 1 "D"
    .port_info 2 /INPUT 1 "S"
    .port_info 3 /OUTPUT 1 "Q"
o0x7fb37398e758 .functor BUFZ 1, C4<z>; HiZ drive
v0x10eb930_0 .net "C", 0 0, o0x7fb37398e758;  0 drivers
o0x7fb37398e788 .functor BUFZ 1, C4<z>; HiZ drive
v0x10eba10_0 .net "D", 0 0, o0x7fb37398e788;  0 drivers
o0x7fb37398e7b8 .functor BUFZ 1, C4<z>; HiZ drive
v0x10ebad0_0 .net "Q", 0 0, o0x7fb37398e7b8;  0 drivers
o0x7fb37398e7e8 .functor BUFZ 1, C4<z>; HiZ drive
v0x10ebb70_0 .net "S", 0 0, o0x7fb37398e7e8;  0 drivers
S_0x10b14a0 .scope module, "SB_DFFNSR" "SB_DFFNSR" 2 126;
 .timescale 0 0;
    .port_info 0 /INPUT 1 "C"
    .port_info 1 /INPUT 1 "D"
    .port_info 2 /INPUT 1 "R"
    .port_info 3 /OUTPUT 1 "Q"
o0x7fb37398e8d8 .functor BUFZ 1, C4<z>; HiZ drive
v0x10ebce0_0 .net "C", 0 0, o0x7fb37398e8d8;  0 drivers
o0x7fb37398e908 .functor BUFZ 1, C4<z>; HiZ drive
v0x10ebdc0_0 .net "D", 0 0, o0x7fb37398e908;  0 drivers
o0x7fb37398e938 .functor BUFZ 1, C4<z>; HiZ drive
v0x10ebe80_0 .net "Q", 0 0, o0x7fb37398e938;  0 drivers
o0x7fb37398e968 .functor BUFZ 1, C4<z>; HiZ drive
v0x10ebf20_0 .net "R", 0 0, o0x7fb37398e968;  0 drivers
S_0x10b1650 .scope module, "SB_DFFNSS" "SB_DFFNSS" 2 144;
 .timescale 0 0;
    .port_info 0 /INPUT 1 "C"
    .port_info 1 /INPUT 1 "D"
    .port_info 2 /INPUT 1 "S"
    .port_info 3 /OUTPUT 1 "Q"
o0x7fb37398ea58 .functor BUFZ 1, C4<z>; HiZ drive
v0x10ec090_0 .net "C", 0 0, o0x7fb37398ea58;  0 drivers
o0x7fb37398ea88 .functor BUFZ 1, C4<z>; HiZ drive
v0x10ec170_0 .net "D", 0 0, o0x7fb37398ea88;  0 drivers
o0x7fb37398eab8 .functor BUFZ 1, C4<z>; HiZ drive
v0x10ec230_0 .net "Q", 0 0, o0x7fb37398eab8;  0 drivers
o0x7fb37398eae8 .functor BUFZ 1, C4<z>; HiZ drive
v0x10ec2d0_0 .net "S", 0 0, o0x7fb37398eae8;  0 drivers
S_0x10b3290 .scope module, "SB_DFFR" "SB_DFFR" 2 42;
 .timescale 0 0;
    .port_info 0 /INPUT 1 "C"
    .port_info 1 /INPUT 1 "D"
    .port_info 2 /INPUT 1 "R"
    .port_info 3 /OUTPUT 1 "Q"
o0x7fb37398ebd8 .functor BUFZ 1, C4<z>; HiZ drive
v0x10ec440_0 .net "C", 0 0, o0x7fb37398ebd8;  0 drivers
o0x7fb37398ec08 .functor BUFZ 1, C4<z>; HiZ drive
v0x10ec520_0 .net "D", 0 0, o0x7fb37398ec08;  0 drivers
o0x7fb37398ec38 .functor BUFZ 1, C4<z>; HiZ drive
v0x10ec5e0_0 .net "Q", 0 0, o0x7fb37398ec38;  0 drivers
o0x7fb37398ec68 .functor BUFZ 1, C4<z>; HiZ drive
v0x10ec680_0 .net "R", 0 0, o0x7fb37398ec68;  0 drivers
S_0x10b0610 .scope module, "SB_DFFS" "SB_DFFS" 2 60;
 .timescale 0 0;
    .port_info 0 /INPUT 1 "C"
    .port_info 1 /INPUT 1 "D"
    .port_info 2 /INPUT 1 "S"
    .port_info 3 /OUTPUT 1 "Q"
o0x7fb37398ed58 .functor BUFZ 1, C4<z>; HiZ drive
v0x10ec7f0_0 .net "C", 0 0, o0x7fb37398ed58;  0 drivers
o0x7fb37398ed88 .functor BUFZ 1, C4<z>; HiZ drive
v0x10ec8d0_0 .net "D", 0 0, o0x7fb37398ed88;  0 drivers
o0x7fb37398edb8 .functor BUFZ 1, C4<z>; HiZ drive
v0x10ec990_0 .net "Q", 0 0, o0x7fb37398edb8;  0 drivers
o0x7fb37398ede8 .functor BUFZ 1, C4<z>; HiZ drive
v0x10eca30_0 .net "S", 0 0, o0x7fb37398ede8;  0 drivers
S_0x10b07c0 .scope module, "SB_DFFSR" "SB_DFFSR" 2 33;
 .timescale 0 0;
    .port_info 0 /INPUT 1 "C"
    .port_info 1 /INPUT 1 "D"
    .port_info 2 /INPUT 1 "R"
    .port_info 3 /OUTPUT 1 "Q"
o0x7fb37398eed8 .functor BUFZ 1, C4<z>; HiZ drive
v0x10ecba0_0 .net "C", 0 0, o0x7fb37398eed8;  0 drivers
o0x7fb37398ef08 .functor BUFZ 1, C4<z>; HiZ drive
v0x10ecc80_0 .net "D", 0 0, o0x7fb37398ef08;  0 drivers
o0x7fb37398ef38 .functor BUFZ 1, C4<z>; HiZ drive
v0x10ecd40_0 .net "Q", 0 0, o0x7fb37398ef38;  0 drivers
o0x7fb37398ef68 .functor BUFZ 1, C4<z>; HiZ drive
v0x10ecde0_0 .net "R", 0 0, o0x7fb37398ef68;  0 drivers
S_0x10b2310 .scope module, "SB_DFFSS" "SB_DFFSS" 2 51;
 .timescale 0 0;
    .port_info 0 /INPUT 1 "C"
    .port_info 1 /INPUT 1 "D"
    .port_info 2 /INPUT 1 "S"
    .port_info 3 /OUTPUT 1 "Q"
o0x7fb37398f058 .functor BUFZ 1, C4<z>; HiZ drive
v0x10ecf50_0 .net "C", 0 0, o0x7fb37398f058;  0 drivers
o0x7fb37398f088 .functor BUFZ 1, C4<z>; HiZ drive
v0x10ed030_0 .net "D", 0 0, o0x7fb37398f088;  0 drivers
o0x7fb37398f0b8 .functor BUFZ 1, C4<z>; HiZ drive
v0x10ed0f0_0 .net "Q", 0 0, o0x7fb37398f0b8;  0 drivers
o0x7fb37398f0e8 .functor BUFZ 1, C4<z>; HiZ drive
v0x10ed190_0 .net "S", 0 0, o0x7fb37398f0e8;  0 drivers
S_0x10b24c0 .scope module, "SB_IO" "SB_IO" 2 1;
 .timescale 0 0;
    .port_info 0 /INOUT 1 "PACKAGE_PIN"
    .port_info 1 /INPUT 1 "LATCH_INPUT_VALUE"
    .port_info 2 /INPUT 1 "CLOCK_ENABLE"
    .port_info 3 /INPUT 1 "INPUT_CLK"
    .port_info 4 /INPUT 1 "OUTPUT_CLK"
    .port_info 5 /INPUT 1 "OUTPUT_ENABLE"
    .port_info 6 /INPUT 1 "D_OUT_0"
    .port_info 7 /INPUT 1 "D_OUT_1"
    .port_info 8 /OUTPUT 1 "D_IN_0"
    .port_info 9 /OUTPUT 1 "D_IN_1"
o0x7fb37398f1d8 .functor BUFZ 1, C4<z>; HiZ drive
v0x10ed300_0 .net "CLOCK_ENABLE", 0 0, o0x7fb37398f1d8;  0 drivers
o0x7fb37398f208 .functor BUFZ 1, C4<z>; HiZ drive
v0x10ed3e0_0 .net "D_IN_0", 0 0, o0x7fb37398f208;  0 drivers
o0x7fb37398f238 .functor BUFZ 1, C4<z>; HiZ drive
v0x10ed4a0_0 .net "D_IN_1", 0 0, o0x7fb37398f238;  0 drivers
o0x7fb37398f268 .functor BUFZ 1, C4<z>; HiZ drive
v0x10ed540_0 .net "D_OUT_0", 0 0, o0x7fb37398f268;  0 drivers
o0x7fb37398f298 .functor BUFZ 1, C4<z>; HiZ drive
v0x10ed600_0 .net "D_OUT_1", 0 0, o0x7fb37398f298;  0 drivers
o0x7fb37398f2c8 .functor BUFZ 1, C4<z>; HiZ drive
v0x10ed710_0 .net "INPUT_CLK", 0 0, o0x7fb37398f2c8;  0 drivers
o0x7fb37398f2f8 .functor BUFZ 1, C4<z>; HiZ drive
v0x10ed7d0_0 .net "LATCH_INPUT_VALUE", 0 0, o0x7fb37398f2f8;  0 drivers
o0x7fb37398f328 .functor BUFZ 1, C4<z>; HiZ drive
v0x10ed890_0 .net "OUTPUT_CLK", 0 0, o0x7fb37398f328;  0 drivers
o0x7fb37398f358 .functor BUFZ 1, C4<z>; HiZ drive
v0x10ed950_0 .net "OUTPUT_ENABLE", 0 0, o0x7fb37398f358;  0 drivers
o0x7fb37398f388 .functor BUFZ 1, C4<z>; HiZ drive
v0x10edaa0_0 .net "PACKAGE_PIN", 0 0, o0x7fb37398f388;  0 drivers
S_0x10ae0c0 .scope module, "SB_LUT4" "SB_LUT4" 2 211;
 .timescale 0 0;
    .port_info 0 /INPUT 1 "I0"
    .port_info 1 /INPUT 1 "I1"
    .port_info 2 /INPUT 1 "I2"
    .port_info 3 /INPUT 1 "I3"
    .port_info 4 /OUTPUT 1 "O"
o0x7fb37398f598 .functor BUFZ 1, C4<z>; HiZ drive
v0x10edd00_0 .net "I0", 0 0, o0x7fb37398f598;  0 drivers
o0x7fb37398f5c8 .functor BUFZ 1, C4<z>; HiZ drive
v0x10edde0_0 .net "I1", 0 0, o0x7fb37398f5c8;  0 drivers
o0x7fb37398f5f8 .functor BUFZ 1, C4<z>; HiZ drive
v0x10edea0_0 .net "I2", 0 0, o0x7fb37398f5f8;  0 drivers
o0x7fb37398f628 .functor BUFZ 1, C4<z>; HiZ drive
v0x10edf40_0 .net "I3", 0 0, o0x7fb37398f628;  0 drivers
o0x7fb37398f658 .functor BUFZ 1, C4<z>; HiZ drive
v0x10ee000_0 .net "O", 0 0, o0x7fb37398f658;  0 drivers
S_0x10ae2f0 .scope module, "counter" "counter" 3 2;
 .timescale 0 0;
    .port_info 0 /INPUT 1 "clk"
    .port_info 1 /OUTPUT 4 "data"
P_0x10a9600 .param/l "N" 0 3 7, +C4<00000000000000000000000000010100>;
o0x7fb37398f778 .functor BUFZ 1, C4<z>; HiZ drive
v0x10ee720_0 .net "clk", 0 0, o0x7fb37398f778;  0 drivers
v0x10ee7f0_0 .net "clk_pres", 0 0, L_0x10ee9d0;  1 drivers
v0x10ee8c0_0 .var "data", 3 0;
E_0x10a59b0 .event posedge, v0x10ee510_0;
S_0x10ee1a0 .scope module, "pres1" "prescaler" 3 15, 4 10 0, S_0x10ae2f0;
 .timescale 0 0;
    .port_info 0 /INPUT 1 "clk_in"
    .port_info 1 /OUTPUT 1 "clk_out"
P_0x10ee390 .param/l "N" 0 4 15, +C4<00000000000000000000000000010100>;
v0x10ee430_0 .net "clk_in", 0 0, o0x7fb37398f778;  alias, 0 drivers
v0x10ee510_0 .net "clk_out", 0 0, L_0x10ee9d0;  alias, 1 drivers
v0x10ee5d0_0 .var "count", 19 0;
E_0x10ac310 .event posedge, v0x10ee430_0;
L_0x10ee9d0 .part v0x10ee5d0_0, 19, 1;
    .scope S_0x10ee1a0;
T_0 ;
    %pushi/vec4 0, 0, 20;
    %store/vec4 v0x10ee5d0_0, 0, 20;
    %end;
    .thread T_0;
    .scope S_0x10ee1a0;
T_1 ;
    %wait E_0x10ac310;
    %load/vec4 v0x10ee5d0_0;
    %addi 1, 0, 20;
    %assign/vec4 v0x10ee5d0_0, 0;
    %jmp T_1;
    .thread T_1;
    .scope S_0x10ae2f0;
T_2 ;
    %pushi/vec4 0, 0, 4;
    %store/vec4 v0x10ee8c0_0, 0, 4;
    %end;
    .thread T_2;
    .scope S_0x10ae2f0;
T_3 ;
    %wait E_0x10a59b0;
    %load/vec4 v0x10ee8c0_0;
    %addi 1, 0, 4;
    %assign/vec4 v0x10ee8c0_0, 0;
    %jmp T_3;
    .thread T_3;
# The file index is used to find the file name in the following table.
:file_names 5;
    "N/A";
    "<interactive>";
    "/home/jcarolinares/.apio/packages/toolchain-iverilog/vlib/system.v";
    "counter.v";
    "prescaler.v";
