#! /usr/local/bin/vvp
:ivl_version "10.1 (stable)";
:ivl_delay_selection "TYPICAL";
:vpi_time_precision + 0;
:vpi_module "system";
:vpi_module "vhdl_sys";
:vpi_module "v2005_math";
:vpi_module "va_math";
S_0x13edf40 .scope module, "SB_CARRY" "SB_CARRY" 2 202;
 .timescale 0 0;
    .port_info 0 /INPUT 1 "I0"
    .port_info 1 /INPUT 1 "I1"
    .port_info 2 /INPUT 1 "CI"
    .port_info 3 /OUTPUT 1 "CO"
o0x7fcb223c3018 .functor BUFZ 1, C4<z>; HiZ drive
v0x13ebd60_0 .net "CI", 0 0, o0x7fcb223c3018;  0 drivers
o0x7fcb223c3048 .functor BUFZ 1, C4<z>; HiZ drive
v0x140afc0_0 .net "CO", 0 0, o0x7fcb223c3048;  0 drivers
o0x7fcb223c3078 .functor BUFZ 1, C4<z>; HiZ drive
v0x140b080_0 .net "I0", 0 0, o0x7fcb223c3078;  0 drivers
o0x7fcb223c30a8 .functor BUFZ 1, C4<z>; HiZ drive
v0x140b150_0 .net "I1", 0 0, o0x7fcb223c30a8;  0 drivers
S_0x13eb330 .scope module, "SB_DFF" "SB_DFF" 2 16;
 .timescale 0 0;
    .port_info 0 /INPUT 1 "C"
    .port_info 1 /INPUT 1 "D"
    .port_info 2 /OUTPUT 1 "Q"
o0x7fcb223c3198 .functor BUFZ 1, C4<z>; HiZ drive
v0x140b2c0_0 .net "C", 0 0, o0x7fcb223c3198;  0 drivers
o0x7fcb223c31c8 .functor BUFZ 1, C4<z>; HiZ drive
v0x140b3a0_0 .net "D", 0 0, o0x7fcb223c31c8;  0 drivers
o0x7fcb223c31f8 .functor BUFZ 1, C4<z>; HiZ drive
v0x140b460_0 .net "Q", 0 0, o0x7fcb223c31f8;  0 drivers
S_0x13efcf0 .scope module, "SB_DFFE" "SB_DFFE" 2 24;
 .timescale 0 0;
    .port_info 0 /INPUT 1 "C"
    .port_info 1 /INPUT 1 "D"
    .port_info 2 /INPUT 1 "E"
    .port_info 3 /OUTPUT 1 "Q"
o0x7fcb223c32b8 .functor BUFZ 1, C4<z>; HiZ drive
v0x140b5b0_0 .net "C", 0 0, o0x7fcb223c32b8;  0 drivers
o0x7fcb223c32e8 .functor BUFZ 1, C4<z>; HiZ drive
v0x140b670_0 .net "D", 0 0, o0x7fcb223c32e8;  0 drivers
o0x7fcb223c3318 .functor BUFZ 1, C4<z>; HiZ drive
v0x140b730_0 .net "E", 0 0, o0x7fcb223c3318;  0 drivers
o0x7fcb223c3348 .functor BUFZ 1, C4<z>; HiZ drive
v0x140b800_0 .net "Q", 0 0, o0x7fcb223c3348;  0 drivers
S_0x137eef0 .scope module, "SB_DFFER" "SB_DFFER" 2 79;
 .timescale 0 0;
    .port_info 0 /INPUT 1 "C"
    .port_info 1 /INPUT 1 "D"
    .port_info 2 /INPUT 1 "R"
    .port_info 3 /INPUT 1 "E"
    .port_info 4 /OUTPUT 1 "Q"
o0x7fcb223c3438 .functor BUFZ 1, C4<z>; HiZ drive
v0x140b970_0 .net "C", 0 0, o0x7fcb223c3438;  0 drivers
o0x7fcb223c3468 .functor BUFZ 1, C4<z>; HiZ drive
v0x140ba50_0 .net "D", 0 0, o0x7fcb223c3468;  0 drivers
o0x7fcb223c3498 .functor BUFZ 1, C4<z>; HiZ drive
v0x140bb10_0 .net "E", 0 0, o0x7fcb223c3498;  0 drivers
o0x7fcb223c34c8 .functor BUFZ 1, C4<z>; HiZ drive
v0x140bbe0_0 .net "Q", 0 0, o0x7fcb223c34c8;  0 drivers
o0x7fcb223c34f8 .functor BUFZ 1, C4<z>; HiZ drive
v0x140bca0_0 .net "R", 0 0, o0x7fcb223c34f8;  0 drivers
S_0x13b6590 .scope module, "SB_DFFES" "SB_DFFES" 2 99;
 .timescale 0 0;
    .port_info 0 /INPUT 1 "C"
    .port_info 1 /INPUT 1 "D"
    .port_info 2 /INPUT 1 "E"
    .port_info 3 /INPUT 1 "S"
    .port_info 4 /OUTPUT 1 "Q"
o0x7fcb223c3618 .functor BUFZ 1, C4<z>; HiZ drive
v0x140be50_0 .net "C", 0 0, o0x7fcb223c3618;  0 drivers
o0x7fcb223c3648 .functor BUFZ 1, C4<z>; HiZ drive
v0x140bf30_0 .net "D", 0 0, o0x7fcb223c3648;  0 drivers
o0x7fcb223c3678 .functor BUFZ 1, C4<z>; HiZ drive
v0x140bff0_0 .net "E", 0 0, o0x7fcb223c3678;  0 drivers
o0x7fcb223c36a8 .functor BUFZ 1, C4<z>; HiZ drive
v0x140c090_0 .net "Q", 0 0, o0x7fcb223c36a8;  0 drivers
o0x7fcb223c36d8 .functor BUFZ 1, C4<z>; HiZ drive
v0x140c150_0 .net "S", 0 0, o0x7fcb223c36d8;  0 drivers
S_0x13b67c0 .scope module, "SB_DFFESR" "SB_DFFESR" 2 69;
 .timescale 0 0;
    .port_info 0 /INPUT 1 "C"
    .port_info 1 /INPUT 1 "D"
    .port_info 2 /INPUT 1 "R"
    .port_info 3 /INPUT 1 "E"
    .port_info 4 /OUTPUT 1 "Q"
o0x7fcb223c37f8 .functor BUFZ 1, C4<z>; HiZ drive
v0x140c300_0 .net "C", 0 0, o0x7fcb223c37f8;  0 drivers
o0x7fcb223c3828 .functor BUFZ 1, C4<z>; HiZ drive
v0x140c3e0_0 .net "D", 0 0, o0x7fcb223c3828;  0 drivers
o0x7fcb223c3858 .functor BUFZ 1, C4<z>; HiZ drive
v0x140c4a0_0 .net "E", 0 0, o0x7fcb223c3858;  0 drivers
o0x7fcb223c3888 .functor BUFZ 1, C4<z>; HiZ drive
v0x140c540_0 .net "Q", 0 0, o0x7fcb223c3888;  0 drivers
o0x7fcb223c38b8 .functor BUFZ 1, C4<z>; HiZ drive
v0x140c600_0 .net "R", 0 0, o0x7fcb223c38b8;  0 drivers
S_0x13bb250 .scope module, "SB_DFFESS" "SB_DFFESS" 2 89;
 .timescale 0 0;
    .port_info 0 /INPUT 1 "C"
    .port_info 1 /INPUT 1 "D"
    .port_info 2 /INPUT 1 "E"
    .port_info 3 /INPUT 1 "S"
    .port_info 4 /OUTPUT 1 "Q"
o0x7fcb223c39d8 .functor BUFZ 1, C4<z>; HiZ drive
v0x140c7b0_0 .net "C", 0 0, o0x7fcb223c39d8;  0 drivers
o0x7fcb223c3a08 .functor BUFZ 1, C4<z>; HiZ drive
v0x140c890_0 .net "D", 0 0, o0x7fcb223c3a08;  0 drivers
o0x7fcb223c3a38 .functor BUFZ 1, C4<z>; HiZ drive
v0x140c950_0 .net "E", 0 0, o0x7fcb223c3a38;  0 drivers
o0x7fcb223c3a68 .functor BUFZ 1, C4<z>; HiZ drive
v0x140ca20_0 .net "Q", 0 0, o0x7fcb223c3a68;  0 drivers
o0x7fcb223c3a98 .functor BUFZ 1, C4<z>; HiZ drive
v0x140cae0_0 .net "S", 0 0, o0x7fcb223c3a98;  0 drivers
S_0x13bb480 .scope module, "SB_DFFN" "SB_DFFN" 2 109;
 .timescale 0 0;
    .port_info 0 /INPUT 1 "C"
    .port_info 1 /INPUT 1 "D"
    .port_info 2 /OUTPUT 1 "Q"
o0x7fcb223c3bb8 .functor BUFZ 1, C4<z>; HiZ drive
v0x140cc90_0 .net "C", 0 0, o0x7fcb223c3bb8;  0 drivers
o0x7fcb223c3be8 .functor BUFZ 1, C4<z>; HiZ drive
v0x140cd70_0 .net "D", 0 0, o0x7fcb223c3be8;  0 drivers
o0x7fcb223c3c18 .functor BUFZ 1, C4<z>; HiZ drive
v0x140ce30_0 .net "Q", 0 0, o0x7fcb223c3c18;  0 drivers
S_0x13bcf30 .scope module, "SB_DFFNE" "SB_DFFNE" 2 117;
 .timescale 0 0;
    .port_info 0 /INPUT 1 "C"
    .port_info 1 /INPUT 1 "D"
    .port_info 2 /INPUT 1 "E"
    .port_info 3 /OUTPUT 1 "Q"
o0x7fcb223c3cd8 .functor BUFZ 1, C4<z>; HiZ drive
v0x140cf50_0 .net "C", 0 0, o0x7fcb223c3cd8;  0 drivers
o0x7fcb223c3d08 .functor BUFZ 1, C4<z>; HiZ drive
v0x140d010_0 .net "D", 0 0, o0x7fcb223c3d08;  0 drivers
o0x7fcb223c3d38 .functor BUFZ 1, C4<z>; HiZ drive
v0x140d0d0_0 .net "E", 0 0, o0x7fcb223c3d38;  0 drivers
o0x7fcb223c3d68 .functor BUFZ 1, C4<z>; HiZ drive
v0x140d1a0_0 .net "Q", 0 0, o0x7fcb223c3d68;  0 drivers
S_0x13bd0e0 .scope module, "SB_DFFNER" "SB_DFFNER" 2 172;
 .timescale 0 0;
    .port_info 0 /INPUT 1 "C"
    .port_info 1 /INPUT 1 "D"
    .port_info 2 /INPUT 1 "E"
    .port_info 3 /INPUT 1 "R"
    .port_info 4 /OUTPUT 1 "Q"
o0x7fcb223c3e58 .functor BUFZ 1, C4<z>; HiZ drive
v0x140d310_0 .net "C", 0 0, o0x7fcb223c3e58;  0 drivers
o0x7fcb223c3e88 .functor BUFZ 1, C4<z>; HiZ drive
v0x140d3f0_0 .net "D", 0 0, o0x7fcb223c3e88;  0 drivers
o0x7fcb223c3eb8 .functor BUFZ 1, C4<z>; HiZ drive
v0x140d4b0_0 .net "E", 0 0, o0x7fcb223c3eb8;  0 drivers
o0x7fcb223c3ee8 .functor BUFZ 1, C4<z>; HiZ drive
v0x140d550_0 .net "Q", 0 0, o0x7fcb223c3ee8;  0 drivers
o0x7fcb223c3f18 .functor BUFZ 1, C4<z>; HiZ drive
v0x140d610_0 .net "R", 0 0, o0x7fcb223c3f18;  0 drivers
S_0x13ba3c0 .scope module, "SB_DFFNES" "SB_DFFNES" 2 192;
 .timescale 0 0;
    .port_info 0 /INPUT 1 "C"
    .port_info 1 /INPUT 1 "D"
    .port_info 2 /INPUT 1 "E"
    .port_info 3 /INPUT 1 "S"
    .port_info 4 /OUTPUT 1 "Q"
o0x7fcb223c4038 .functor BUFZ 1, C4<z>; HiZ drive
v0x140d7c0_0 .net "C", 0 0, o0x7fcb223c4038;  0 drivers
o0x7fcb223c4068 .functor BUFZ 1, C4<z>; HiZ drive
v0x140d8a0_0 .net "D", 0 0, o0x7fcb223c4068;  0 drivers
o0x7fcb223c4098 .functor BUFZ 1, C4<z>; HiZ drive
v0x140d960_0 .net "E", 0 0, o0x7fcb223c4098;  0 drivers
o0x7fcb223c40c8 .functor BUFZ 1, C4<z>; HiZ drive
v0x140da00_0 .net "Q", 0 0, o0x7fcb223c40c8;  0 drivers
o0x7fcb223c40f8 .functor BUFZ 1, C4<z>; HiZ drive
v0x140dac0_0 .net "S", 0 0, o0x7fcb223c40f8;  0 drivers
S_0x13ba5f0 .scope module, "SB_DFFNESR" "SB_DFFNESR" 2 162;
 .timescale 0 0;
    .port_info 0 /INPUT 1 "C"
    .port_info 1 /INPUT 1 "D"
    .port_info 2 /INPUT 1 "E"
    .port_info 3 /INPUT 1 "R"
    .port_info 4 /OUTPUT 1 "Q"
o0x7fcb223c4218 .functor BUFZ 1, C4<z>; HiZ drive
v0x140dc70_0 .net "C", 0 0, o0x7fcb223c4218;  0 drivers
o0x7fcb223c4248 .functor BUFZ 1, C4<z>; HiZ drive
v0x140dd50_0 .net "D", 0 0, o0x7fcb223c4248;  0 drivers
o0x7fcb223c4278 .functor BUFZ 1, C4<z>; HiZ drive
v0x140de10_0 .net "E", 0 0, o0x7fcb223c4278;  0 drivers
o0x7fcb223c42a8 .functor BUFZ 1, C4<z>; HiZ drive
v0x140deb0_0 .net "Q", 0 0, o0x7fcb223c42a8;  0 drivers
o0x7fcb223c42d8 .functor BUFZ 1, C4<z>; HiZ drive
v0x140df70_0 .net "R", 0 0, o0x7fcb223c42d8;  0 drivers
S_0x13bc0c0 .scope module, "SB_DFFNESS" "SB_DFFNESS" 2 182;
 .timescale 0 0;
    .port_info 0 /INPUT 1 "C"
    .port_info 1 /INPUT 1 "D"
    .port_info 2 /INPUT 1 "E"
    .port_info 3 /INPUT 1 "S"
    .port_info 4 /OUTPUT 1 "Q"
o0x7fcb223c43f8 .functor BUFZ 1, C4<z>; HiZ drive
v0x140e120_0 .net "C", 0 0, o0x7fcb223c43f8;  0 drivers
o0x7fcb223c4428 .functor BUFZ 1, C4<z>; HiZ drive
v0x140e200_0 .net "D", 0 0, o0x7fcb223c4428;  0 drivers
o0x7fcb223c4458 .functor BUFZ 1, C4<z>; HiZ drive
v0x140e2c0_0 .net "E", 0 0, o0x7fcb223c4458;  0 drivers
o0x7fcb223c4488 .functor BUFZ 1, C4<z>; HiZ drive
v0x140e390_0 .net "Q", 0 0, o0x7fcb223c4488;  0 drivers
o0x7fcb223c44b8 .functor BUFZ 1, C4<z>; HiZ drive
v0x140e450_0 .net "S", 0 0, o0x7fcb223c44b8;  0 drivers
S_0x13bc2f0 .scope module, "SB_DFFNR" "SB_DFFNR" 2 135;
 .timescale 0 0;
    .port_info 0 /INPUT 1 "C"
    .port_info 1 /INPUT 1 "D"
    .port_info 2 /INPUT 1 "R"
    .port_info 3 /OUTPUT 1 "Q"
o0x7fcb223c45d8 .functor BUFZ 1, C4<z>; HiZ drive
v0x140e600_0 .net "C", 0 0, o0x7fcb223c45d8;  0 drivers
o0x7fcb223c4608 .functor BUFZ 1, C4<z>; HiZ drive
v0x140e6e0_0 .net "D", 0 0, o0x7fcb223c4608;  0 drivers
o0x7fcb223c4638 .functor BUFZ 1, C4<z>; HiZ drive
v0x140e7a0_0 .net "Q", 0 0, o0x7fcb223c4638;  0 drivers
o0x7fcb223c4668 .functor BUFZ 1, C4<z>; HiZ drive
v0x140e840_0 .net "R", 0 0, o0x7fcb223c4668;  0 drivers
S_0x13bdda0 .scope module, "SB_DFFNS" "SB_DFFNS" 2 153;
 .timescale 0 0;
    .port_info 0 /INPUT 1 "C"
    .port_info 1 /INPUT 1 "D"
    .port_info 2 /INPUT 1 "S"
    .port_info 3 /OUTPUT 1 "Q"
o0x7fcb223c4758 .functor BUFZ 1, C4<z>; HiZ drive
v0x140e9b0_0 .net "C", 0 0, o0x7fcb223c4758;  0 drivers
o0x7fcb223c4788 .functor BUFZ 1, C4<z>; HiZ drive
v0x140ea90_0 .net "D", 0 0, o0x7fcb223c4788;  0 drivers
o0x7fcb223c47b8 .functor BUFZ 1, C4<z>; HiZ drive
v0x140eb50_0 .net "Q", 0 0, o0x7fcb223c47b8;  0 drivers
o0x7fcb223c47e8 .functor BUFZ 1, C4<z>; HiZ drive
v0x140ec20_0 .net "S", 0 0, o0x7fcb223c47e8;  0 drivers
S_0x13bdf50 .scope module, "SB_DFFNSR" "SB_DFFNSR" 2 126;
 .timescale 0 0;
    .port_info 0 /INPUT 1 "C"
    .port_info 1 /INPUT 1 "D"
    .port_info 2 /INPUT 1 "R"
    .port_info 3 /OUTPUT 1 "Q"
o0x7fcb223c48d8 .functor BUFZ 1, C4<z>; HiZ drive
v0x140ed90_0 .net "C", 0 0, o0x7fcb223c48d8;  0 drivers
o0x7fcb223c4908 .functor BUFZ 1, C4<z>; HiZ drive
v0x140ee70_0 .net "D", 0 0, o0x7fcb223c4908;  0 drivers
o0x7fcb223c4938 .functor BUFZ 1, C4<z>; HiZ drive
v0x140ef30_0 .net "Q", 0 0, o0x7fcb223c4938;  0 drivers
o0x7fcb223c4968 .functor BUFZ 1, C4<z>; HiZ drive
v0x140efd0_0 .net "R", 0 0, o0x7fcb223c4968;  0 drivers
S_0x13be7e0 .scope module, "SB_DFFNSS" "SB_DFFNSS" 2 144;
 .timescale 0 0;
    .port_info 0 /INPUT 1 "C"
    .port_info 1 /INPUT 1 "D"
    .port_info 2 /INPUT 1 "S"
    .port_info 3 /OUTPUT 1 "Q"
o0x7fcb223c4a58 .functor BUFZ 1, C4<z>; HiZ drive
v0x140f140_0 .net "C", 0 0, o0x7fcb223c4a58;  0 drivers
o0x7fcb223c4a88 .functor BUFZ 1, C4<z>; HiZ drive
v0x140f220_0 .net "D", 0 0, o0x7fcb223c4a88;  0 drivers
o0x7fcb223c4ab8 .functor BUFZ 1, C4<z>; HiZ drive
v0x140f2e0_0 .net "Q", 0 0, o0x7fcb223c4ab8;  0 drivers
o0x7fcb223c4ae8 .functor BUFZ 1, C4<z>; HiZ drive
v0x140f380_0 .net "S", 0 0, o0x7fcb223c4ae8;  0 drivers
S_0x13c34a0 .scope module, "SB_DFFR" "SB_DFFR" 2 42;
 .timescale 0 0;
    .port_info 0 /INPUT 1 "C"
    .port_info 1 /INPUT 1 "D"
    .port_info 2 /INPUT 1 "R"
    .port_info 3 /OUTPUT 1 "Q"
o0x7fcb223c4bd8 .functor BUFZ 1, C4<z>; HiZ drive
v0x140f4f0_0 .net "C", 0 0, o0x7fcb223c4bd8;  0 drivers
o0x7fcb223c4c08 .functor BUFZ 1, C4<z>; HiZ drive
v0x140f5d0_0 .net "D", 0 0, o0x7fcb223c4c08;  0 drivers
o0x7fcb223c4c38 .functor BUFZ 1, C4<z>; HiZ drive
v0x140f690_0 .net "Q", 0 0, o0x7fcb223c4c38;  0 drivers
o0x7fcb223c4c68 .functor BUFZ 1, C4<z>; HiZ drive
v0x140f730_0 .net "R", 0 0, o0x7fcb223c4c68;  0 drivers
S_0x13c3650 .scope module, "SB_DFFS" "SB_DFFS" 2 60;
 .timescale 0 0;
    .port_info 0 /INPUT 1 "C"
    .port_info 1 /INPUT 1 "D"
    .port_info 2 /INPUT 1 "S"
    .port_info 3 /OUTPUT 1 "Q"
o0x7fcb223c4d58 .functor BUFZ 1, C4<z>; HiZ drive
v0x140f8a0_0 .net "C", 0 0, o0x7fcb223c4d58;  0 drivers
o0x7fcb223c4d88 .functor BUFZ 1, C4<z>; HiZ drive
v0x140f980_0 .net "D", 0 0, o0x7fcb223c4d88;  0 drivers
o0x7fcb223c4db8 .functor BUFZ 1, C4<z>; HiZ drive
v0x140fa40_0 .net "Q", 0 0, o0x7fcb223c4db8;  0 drivers
o0x7fcb223c4de8 .functor BUFZ 1, C4<z>; HiZ drive
v0x140fae0_0 .net "S", 0 0, o0x7fcb223c4de8;  0 drivers
S_0x13c5180 .scope module, "SB_DFFSR" "SB_DFFSR" 2 33;
 .timescale 0 0;
    .port_info 0 /INPUT 1 "C"
    .port_info 1 /INPUT 1 "D"
    .port_info 2 /INPUT 1 "R"
    .port_info 3 /OUTPUT 1 "Q"
o0x7fcb223c4ed8 .functor BUFZ 1, C4<z>; HiZ drive
v0x140fc50_0 .net "C", 0 0, o0x7fcb223c4ed8;  0 drivers
o0x7fcb223c4f08 .functor BUFZ 1, C4<z>; HiZ drive
v0x140fd30_0 .net "D", 0 0, o0x7fcb223c4f08;  0 drivers
o0x7fcb223c4f38 .functor BUFZ 1, C4<z>; HiZ drive
v0x140fdf0_0 .net "Q", 0 0, o0x7fcb223c4f38;  0 drivers
o0x7fcb223c4f68 .functor BUFZ 1, C4<z>; HiZ drive
v0x140fe90_0 .net "R", 0 0, o0x7fcb223c4f68;  0 drivers
S_0x13c5330 .scope module, "SB_DFFSS" "SB_DFFSS" 2 51;
 .timescale 0 0;
    .port_info 0 /INPUT 1 "C"
    .port_info 1 /INPUT 1 "D"
    .port_info 2 /INPUT 1 "S"
    .port_info 3 /OUTPUT 1 "Q"
o0x7fcb223c5058 .functor BUFZ 1, C4<z>; HiZ drive
v0x1410000_0 .net "C", 0 0, o0x7fcb223c5058;  0 drivers
o0x7fcb223c5088 .functor BUFZ 1, C4<z>; HiZ drive
v0x14100e0_0 .net "D", 0 0, o0x7fcb223c5088;  0 drivers
o0x7fcb223c50b8 .functor BUFZ 1, C4<z>; HiZ drive
v0x14101a0_0 .net "Q", 0 0, o0x7fcb223c50b8;  0 drivers
o0x7fcb223c50e8 .functor BUFZ 1, C4<z>; HiZ drive
v0x1410240_0 .net "S", 0 0, o0x7fcb223c50e8;  0 drivers
S_0x13c2610 .scope module, "SB_IO" "SB_IO" 2 1;
 .timescale 0 0;
    .port_info 0 /INOUT 1 "PACKAGE_PIN"
    .port_info 1 /INPUT 1 "LATCH_INPUT_VALUE"
    .port_info 2 /INPUT 1 "CLOCK_ENABLE"
    .port_info 3 /INPUT 1 "INPUT_CLK"
    .port_info 4 /INPUT 1 "OUTPUT_CLK"
    .port_info 5 /INPUT 1 "OUTPUT_ENABLE"
    .port_info 6 /INPUT 1 "D_OUT_0"
    .port_info 7 /INPUT 1 "D_OUT_1"
    .port_info 8 /OUTPUT 1 "D_IN_0"
    .port_info 9 /OUTPUT 1 "D_IN_1"
o0x7fcb223c51d8 .functor BUFZ 1, C4<z>; HiZ drive
v0x14103b0_0 .net "CLOCK_ENABLE", 0 0, o0x7fcb223c51d8;  0 drivers
o0x7fcb223c5208 .functor BUFZ 1, C4<z>; HiZ drive
v0x1410490_0 .net "D_IN_0", 0 0, o0x7fcb223c5208;  0 drivers
o0x7fcb223c5238 .functor BUFZ 1, C4<z>; HiZ drive
v0x1410550_0 .net "D_IN_1", 0 0, o0x7fcb223c5238;  0 drivers
o0x7fcb223c5268 .functor BUFZ 1, C4<z>; HiZ drive
v0x14105f0_0 .net "D_OUT_0", 0 0, o0x7fcb223c5268;  0 drivers
o0x7fcb223c5298 .functor BUFZ 1, C4<z>; HiZ drive
v0x14106b0_0 .net "D_OUT_1", 0 0, o0x7fcb223c5298;  0 drivers
o0x7fcb223c52c8 .functor BUFZ 1, C4<z>; HiZ drive
v0x14107c0_0 .net "INPUT_CLK", 0 0, o0x7fcb223c52c8;  0 drivers
o0x7fcb223c52f8 .functor BUFZ 1, C4<z>; HiZ drive
v0x1410880_0 .net "LATCH_INPUT_VALUE", 0 0, o0x7fcb223c52f8;  0 drivers
o0x7fcb223c5328 .functor BUFZ 1, C4<z>; HiZ drive
v0x1410940_0 .net "OUTPUT_CLK", 0 0, o0x7fcb223c5328;  0 drivers
o0x7fcb223c5358 .functor BUFZ 1, C4<z>; HiZ drive
v0x1410a00_0 .net "OUTPUT_ENABLE", 0 0, o0x7fcb223c5358;  0 drivers
o0x7fcb223c5388 .functor BUFZ 1, C4<z>; HiZ drive
v0x1410b50_0 .net "PACKAGE_PIN", 0 0, o0x7fcb223c5388;  0 drivers
S_0x13c2890 .scope module, "SB_LUT4" "SB_LUT4" 2 211;
 .timescale 0 0;
    .port_info 0 /INPUT 1 "I0"
    .port_info 1 /INPUT 1 "I1"
    .port_info 2 /INPUT 1 "I2"
    .port_info 3 /INPUT 1 "I3"
    .port_info 4 /OUTPUT 1 "O"
o0x7fcb223c5598 .functor BUFZ 1, C4<z>; HiZ drive
v0x1410db0_0 .net "I0", 0 0, o0x7fcb223c5598;  0 drivers
o0x7fcb223c55c8 .functor BUFZ 1, C4<z>; HiZ drive
v0x1410e90_0 .net "I1", 0 0, o0x7fcb223c55c8;  0 drivers
o0x7fcb223c55f8 .functor BUFZ 1, C4<z>; HiZ drive
v0x1410f50_0 .net "I2", 0 0, o0x7fcb223c55f8;  0 drivers
o0x7fcb223c5628 .functor BUFZ 1, C4<z>; HiZ drive
v0x1410ff0_0 .net "I3", 0 0, o0x7fcb223c5628;  0 drivers
o0x7fcb223c5658 .functor BUFZ 1, C4<z>; HiZ drive
v0x14110b0_0 .net "O", 0 0, o0x7fcb223c5658;  0 drivers
S_0x13c4310 .scope module, "osc" "osc" 3 6;
 .timescale 0 0;
    .port_info 0 /INPUT 1 "clk"
    .port_info 1 /OUTPUT 1 "clk_out"
    .port_info 2 /OUTPUT 1 "led0"
P_0x13c4490 .param/l "AW" 0 3 16, +C4<00000000000000000000000000000101>;
P_0x13c44d0 .param/l "DW" 0 3 17, +C4<00000000000000000000000000001000>;
P_0x13c4510 .param/str "ROMFILE" 0 3 13, "rom1.list";
P_0x13c4550 .param/l "WAIT_DELAY" 0 3 10, +C4<000000000000010101111110010000000>;
L_0x7fcb2237a0f0 .functor BUFT 1, C4<0>, C4<0>, C4<0>, C4<0>;
v0x1413780_0 .net/2u *"_s2", 0 0, L_0x7fcb2237a0f0;  1 drivers
v0x1413860_0 .net *"_s5", 6 0, L_0x1424250;  1 drivers
v0x1413940_0 .net *"_s6", 7 0, L_0x1424370;  1 drivers
L_0x7fcb2237a138 .functor BUFT 1, C4<01000000>, C4<0>, C4<0>, C4<0>;
v0x1413a00_0 .net/2u *"_s8", 7 0, L_0x7fcb2237a138;  1 drivers
v0x1413ae0_0 .var "addr", 4 0;
o0x7fcb223c57a8 .functor BUFZ 1, C4<z>; HiZ drive
v0x1413ba0_0 .net "clk", 0 0, o0x7fcb223c57a8;  0 drivers
v0x1413c40_0 .net "clk_out", 0 0, v0x1412690_0;  1 drivers
L_0x7fcb2237a018 .functor BUFT 1, C4<1>, C4<0>, C4<0>, C4<0>;
v0x1413ce0_0 .net "led0", 0 0, L_0x7fcb2237a018;  1 drivers
v0x1413d80_0 .net "pos", 7 0, v0x1411980_0;  1 drivers
v0x1413ee0_0 .net "tic", 0 0, L_0x1424b20;  1 drivers
L_0x1424250 .part v0x1411980_0, 1, 7;
L_0x1424370 .concat [ 7 1 0 0], L_0x1424250, L_0x7fcb2237a0f0;
L_0x1424500 .arith/sum 8, L_0x1424370, L_0x7fcb2237a138;
S_0x1411210 .scope module, "ROM" "genrom" 3 48, 4 15 0, S_0x13c4310;
 .timescale 0 0;
    .port_info 0 /INPUT 1 "clk"
    .port_info 1 /INPUT 5 "addr"
    .port_info 2 /OUTPUT 8 "data"
P_0x1411400 .param/l "AW" 0 4 16, +C4<00000000000000000000000000000101>;
P_0x1411440 .param/l "DW" 0 4 17, +C4<00000000000000000000000000001000>;
P_0x1411480 .param/l "NPOS" 1 4 28, +C4<00000000000000000000000000100000>;
P_0x14114c0 .param/str "ROMFILE" 0 4 25, "rom1.list";
v0x14117c0_0 .net "addr", 4 0, v0x1413ae0_0;  1 drivers
v0x14118c0_0 .net "clk", 0 0, o0x7fcb223c57a8;  alias, 0 drivers
v0x1411980_0 .var "data", 7 0;
v0x1411a70 .array "rom", 31 0, 7 0;
E_0x13cf670 .event posedge, v0x14118c0_0;
S_0x1411bb0 .scope module, "SERVO0" "ServoUnit" 3 26, 5 4 0, S_0x13c4310;
 .timescale 0 0;
    .port_info 0 /INPUT 1 "clk"
    .port_info 1 /INPUT 8 "pos"
    .port_info 2 /OUTPUT 1 "servo"
P_0x1411d80 .param/l "M" 1 5 8, +C4<00000000000000000000000001011101>;
P_0x1411dc0 .param/l "N" 1 5 9, +C4<00000000000000000000000000000111>;
L_0x7fcb2237a060 .functor BUFT 1, C4<0>, C4<0>, C4<0>, C4<0>;
v0x1411f70_0 .net/2u *"_s0", 0 0, L_0x7fcb2237a060;  1 drivers
v0x1412070_0 .net *"_s2", 8 0, L_0x1413ff0;  1 drivers
L_0x7fcb2237a0a8 .functor BUFT 1, C4<000101110>, C4<0>, C4<0>, C4<0>;
v0x1412150_0 .net/2u *"_s4", 8 0, L_0x7fcb2237a0a8;  1 drivers
v0x1412240_0 .var "angle_counter", 10 0;
v0x1412320_0 .net "clk", 0 0, o0x7fcb223c57a8;  alias, 0 drivers
v0x1412410_0 .var "divcounter", 6 0;
v0x14124d0_0 .net "pos", 7 0, L_0x1424500;  1 drivers
v0x14125b0_0 .net "pose", 8 0, L_0x14240a0;  1 drivers
v0x1412690_0 .var "servo", 0 0;
v0x14127e0_0 .var "tic", 0 0;
L_0x1413ff0 .concat [ 8 1 0 0], L_0x1424500, L_0x7fcb2237a060;
L_0x14240a0 .arith/sum 9, L_0x1413ff0, L_0x7fcb2237a0a8;
S_0x1412920 .scope module, "TIMMER0" "dividerp1" 3 33, 6 18 0, S_0x13c4310;
 .timescale 0 0;
    .port_info 0 /INPUT 1 "clk"
    .port_info 1 /INPUT 1 "timer_ena"
    .port_info 2 /OUTPUT 1 "clk_out"
P_0x1412ad0 .param/l "M" 0 6 23, +C4<000000000000010101111110010000000>;
P_0x1412b10 .param/l "N" 1 6 26, +C4<00000000000000000000000000010100>;
v0x1412cc0_0 .net *"_s0", 32 0, L_0x1424690;  1 drivers
L_0x7fcb2237a258 .functor BUFT 1, C4<00>, C4<0>, C4<0>, C4<0>;
v0x1412da0_0 .net/2s *"_s10", 1 0, L_0x7fcb2237a258;  1 drivers
v0x1412e80_0 .net *"_s12", 1 0, L_0x14249b0;  1 drivers
L_0x7fcb2237a180 .functor BUFT 1, C4<0000000000000>, C4<0>, C4<0>, C4<0>;
v0x1412f70_0 .net *"_s3", 12 0, L_0x7fcb2237a180;  1 drivers
L_0x7fcb2237a1c8 .functor BUFT 1, C4<000000000000010101111110001111111>, C4<0>, C4<0>, C4<0>;
v0x1413050_0 .net/2u *"_s4", 32 0, L_0x7fcb2237a1c8;  1 drivers
v0x1413180_0 .net *"_s6", 0 0, L_0x14247b0;  1 drivers
L_0x7fcb2237a210 .functor BUFT 1, C4<01>, C4<0>, C4<0>, C4<0>;
v0x1413240_0 .net/2s *"_s8", 1 0, L_0x7fcb2237a210;  1 drivers
v0x1413320_0 .net "clk", 0 0, o0x7fcb223c57a8;  alias, 0 drivers
v0x1413410_0 .net "clk_out", 0 0, L_0x1424b20;  alias, 1 drivers
v0x1413560_0 .var "divcounter", 19 0;
L_0x7fcb2237a2a0 .functor BUFT 1, C4<1>, C4<0>, C4<0>, C4<0>;
v0x1413640_0 .net "timer_ena", 0 0, L_0x7fcb2237a2a0;  1 drivers
L_0x1424690 .concat [ 20 13 0 0], v0x1413560_0, L_0x7fcb2237a180;
L_0x14247b0 .cmp/eq 33, L_0x1424690, L_0x7fcb2237a1c8;
L_0x14249b0 .functor MUXZ 2, L_0x7fcb2237a258, L_0x7fcb2237a210, L_0x14247b0, C4<>;
L_0x1424b20 .part L_0x14249b0, 0, 1;
    .scope S_0x1411bb0;
T_0 ;
    %pushi/vec4 0, 0, 7;
    %store/vec4 v0x1412410_0, 0, 7;
    %end;
    .thread T_0;
    .scope S_0x1411bb0;
T_1 ;
    %pushi/vec4 0, 0, 1;
    %store/vec4 v0x14127e0_0, 0, 1;
    %end;
    .thread T_1;
    .scope S_0x1411bb0;
T_2 ;
    %wait E_0x13cf670;
    %load/vec4 v0x1412410_0;
    %pad/u 32;
    %pushi/vec4 91, 0, 32;
    %cmp/e;
    %flag_get/vec4 4;
    %assign/vec4 v0x14127e0_0, 0;
    %jmp T_2;
    .thread T_2;
    .scope S_0x1411bb0;
T_3 ;
    %wait E_0x13cf670;
    %load/vec4 v0x14127e0_0;
    %flag_set/vec4 8;
    %jmp/0xz  T_3.0, 8;
    %pushi/vec4 0, 0, 7;
    %assign/vec4 v0x1412410_0, 0;
    %jmp T_3.1;
T_3.0 ;
    %load/vec4 v0x1412410_0;
    %addi 1, 0, 7;
    %assign/vec4 v0x1412410_0, 0;
T_3.1 ;
    %jmp T_3;
    .thread T_3;
    .scope S_0x1411bb0;
T_4 ;
    %pushi/vec4 0, 0, 11;
    %store/vec4 v0x1412240_0, 0, 11;
    %end;
    .thread T_4;
    .scope S_0x1411bb0;
T_5 ;
    %wait E_0x13cf670;
    %load/vec4 v0x14127e0_0;
    %flag_set/vec4 8;
    %jmp/0xz  T_5.0, 8;
    %load/vec4 v0x1412240_0;
    %addi 1, 0, 11;
    %assign/vec4 v0x1412240_0, 0;
T_5.0 ;
    %jmp T_5;
    .thread T_5;
    .scope S_0x1411bb0;
T_6 ;
    %wait E_0x13cf670;
    %load/vec4 v0x1412240_0;
    %pad/u 12;
    %pushi/vec4 0, 0, 3;
    %load/vec4 v0x14125b0_0;
    %concat/vec4; draw_concat_vec4
    %cmp/u;
    %flag_get/vec4 5;
    %assign/vec4 v0x1412690_0, 0;
    %jmp T_6;
    .thread T_6;
    .scope S_0x1412920;
T_7 ;
    %pushi/vec4 0, 0, 20;
    %store/vec4 v0x1413560_0, 0, 20;
    %end;
    .thread T_7;
    .scope S_0x1412920;
T_8 ;
    %wait E_0x13cf670;
    %load/vec4 v0x1413640_0;
    %flag_set/vec4 8;
    %jmp/0xz  T_8.0, 8;
    %load/vec4 v0x1413560_0;
    %pad/u 33;
    %cmpi/e 719999, 0, 33;
    %flag_mov 8, 4;
    %jmp/0 T_8.2, 8;
    %pushi/vec4 0, 0, 20;
    %jmp/1 T_8.3, 8;
T_8.2 ; End of true expr.
    %load/vec4 v0x1413560_0;
    %addi 1, 0, 20;
    %jmp/0 T_8.3, 8;
 ; End of false expr.
    %blend;
T_8.3;
    %assign/vec4 v0x1413560_0, 0;
    %jmp T_8.1;
T_8.0 ;
    %pushi/vec4 0, 0, 20;
    %assign/vec4 v0x1413560_0, 0;
T_8.1 ;
    %jmp T_8;
    .thread T_8;
    .scope S_0x1411210;
T_9 ;
    %wait E_0x13cf670;
    %load/vec4 v0x14117c0_0;
    %pad/u 7;
    %ix/vec4 4;
    %load/vec4a v0x1411a70, 4;
    %assign/vec4 v0x1411980_0, 0;
    %jmp T_9;
    .thread T_9;
    .scope S_0x1411210;
T_10 ;
    %vpi_call 4 41 "$readmemh", P_0x14114c0, v0x1411a70 {0 0 0};
    %end;
    .thread T_10;
    .scope S_0x13c4310;
T_11 ;
    %pushi/vec4 0, 0, 5;
    %store/vec4 v0x1413ae0_0, 0, 5;
    %end;
    .thread T_11;
    .scope S_0x13c4310;
T_12 ;
    %wait E_0x13cf670;
    %load/vec4 v0x1413ee0_0;
    %flag_set/vec4 8;
    %jmp/0xz  T_12.0, 8;
    %load/vec4 v0x1413ae0_0;
    %addi 1, 0, 5;
    %assign/vec4 v0x1413ae0_0, 0;
T_12.0 ;
    %jmp T_12;
    .thread T_12;
# The file index is used to find the file name in the following table.
:file_names 7;
    "N/A";
    "<interactive>";
    "/home/jcarolinares/.apio/packages/toolchain-iverilog/vlib/system.v";
    "osc.v";
    "genrom.v";
    "ServoUnit.v";
    "dividerp1.v";
