#! /usr/local/bin/vvp
:ivl_version "10.1 (stable)";
:ivl_delay_selection "TYPICAL";
:vpi_time_precision - 12;
:vpi_module "system";
:vpi_module "vhdl_sys";
:vpi_module "v2005_math";
:vpi_module "va_math";
S_0x1b0e3a0 .scope module, "SB_CARRY" "SB_CARRY" 2 202;
 .timescale 0 0;
    .port_info 0 /INPUT 1 "I0"
    .port_info 1 /INPUT 1 "I1"
    .port_info 2 /INPUT 1 "CI"
    .port_info 3 /OUTPUT 1 "CO"
o0x7f1d16d4c018 .functor BUFZ 1, C4<z>; HiZ drive
v0x1b0c1c0_0 .net "CI", 0 0, o0x7f1d16d4c018;  0 drivers
o0x7f1d16d4c048 .functor BUFZ 1, C4<z>; HiZ drive
v0x1b2b770_0 .net "CO", 0 0, o0x7f1d16d4c048;  0 drivers
o0x7f1d16d4c078 .functor BUFZ 1, C4<z>; HiZ drive
v0x1b2b830_0 .net "I0", 0 0, o0x7f1d16d4c078;  0 drivers
o0x7f1d16d4c0a8 .functor BUFZ 1, C4<z>; HiZ drive
v0x1b2b900_0 .net "I1", 0 0, o0x7f1d16d4c0a8;  0 drivers
S_0x1b0b790 .scope module, "SB_DFF" "SB_DFF" 2 16;
 .timescale 0 0;
    .port_info 0 /INPUT 1 "C"
    .port_info 1 /INPUT 1 "D"
    .port_info 2 /OUTPUT 1 "Q"
o0x7f1d16d4c198 .functor BUFZ 1, C4<z>; HiZ drive
v0x1b2ba70_0 .net "C", 0 0, o0x7f1d16d4c198;  0 drivers
o0x7f1d16d4c1c8 .functor BUFZ 1, C4<z>; HiZ drive
v0x1b2bb50_0 .net "D", 0 0, o0x7f1d16d4c1c8;  0 drivers
o0x7f1d16d4c1f8 .functor BUFZ 1, C4<z>; HiZ drive
v0x1b2bc10_0 .net "Q", 0 0, o0x7f1d16d4c1f8;  0 drivers
S_0x1b10150 .scope module, "SB_DFFE" "SB_DFFE" 2 24;
 .timescale 0 0;
    .port_info 0 /INPUT 1 "C"
    .port_info 1 /INPUT 1 "D"
    .port_info 2 /INPUT 1 "E"
    .port_info 3 /OUTPUT 1 "Q"
o0x7f1d16d4c2b8 .functor BUFZ 1, C4<z>; HiZ drive
v0x1b2bd60_0 .net "C", 0 0, o0x7f1d16d4c2b8;  0 drivers
o0x7f1d16d4c2e8 .functor BUFZ 1, C4<z>; HiZ drive
v0x1b2be20_0 .net "D", 0 0, o0x7f1d16d4c2e8;  0 drivers
o0x7f1d16d4c318 .functor BUFZ 1, C4<z>; HiZ drive
v0x1b2bee0_0 .net "E", 0 0, o0x7f1d16d4c318;  0 drivers
o0x7f1d16d4c348 .functor BUFZ 1, C4<z>; HiZ drive
v0x1b2bfb0_0 .net "Q", 0 0, o0x7f1d16d4c348;  0 drivers
S_0x1a9cef0 .scope module, "SB_DFFER" "SB_DFFER" 2 79;
 .timescale 0 0;
    .port_info 0 /INPUT 1 "C"
    .port_info 1 /INPUT 1 "D"
    .port_info 2 /INPUT 1 "R"
    .port_info 3 /INPUT 1 "E"
    .port_info 4 /OUTPUT 1 "Q"
o0x7f1d16d4c438 .functor BUFZ 1, C4<z>; HiZ drive
v0x1b2c120_0 .net "C", 0 0, o0x7f1d16d4c438;  0 drivers
o0x7f1d16d4c468 .functor BUFZ 1, C4<z>; HiZ drive
v0x1b2c200_0 .net "D", 0 0, o0x7f1d16d4c468;  0 drivers
o0x7f1d16d4c498 .functor BUFZ 1, C4<z>; HiZ drive
v0x1b2c2c0_0 .net "E", 0 0, o0x7f1d16d4c498;  0 drivers
o0x7f1d16d4c4c8 .functor BUFZ 1, C4<z>; HiZ drive
v0x1b2c390_0 .net "Q", 0 0, o0x7f1d16d4c4c8;  0 drivers
o0x7f1d16d4c4f8 .functor BUFZ 1, C4<z>; HiZ drive
v0x1b2c450_0 .net "R", 0 0, o0x7f1d16d4c4f8;  0 drivers
S_0x1b12a40 .scope module, "SB_DFFES" "SB_DFFES" 2 99;
 .timescale 0 0;
    .port_info 0 /INPUT 1 "C"
    .port_info 1 /INPUT 1 "D"
    .port_info 2 /INPUT 1 "E"
    .port_info 3 /INPUT 1 "S"
    .port_info 4 /OUTPUT 1 "Q"
o0x7f1d16d4c618 .functor BUFZ 1, C4<z>; HiZ drive
v0x1b2c600_0 .net "C", 0 0, o0x7f1d16d4c618;  0 drivers
o0x7f1d16d4c648 .functor BUFZ 1, C4<z>; HiZ drive
v0x1b2c6e0_0 .net "D", 0 0, o0x7f1d16d4c648;  0 drivers
o0x7f1d16d4c678 .functor BUFZ 1, C4<z>; HiZ drive
v0x1b2c7a0_0 .net "E", 0 0, o0x7f1d16d4c678;  0 drivers
o0x7f1d16d4c6a8 .functor BUFZ 1, C4<z>; HiZ drive
v0x1b2c840_0 .net "Q", 0 0, o0x7f1d16d4c6a8;  0 drivers
o0x7f1d16d4c6d8 .functor BUFZ 1, C4<z>; HiZ drive
v0x1b2c900_0 .net "S", 0 0, o0x7f1d16d4c6d8;  0 drivers
S_0x1ad4590 .scope module, "SB_DFFESR" "SB_DFFESR" 2 69;
 .timescale 0 0;
    .port_info 0 /INPUT 1 "C"
    .port_info 1 /INPUT 1 "D"
    .port_info 2 /INPUT 1 "R"
    .port_info 3 /INPUT 1 "E"
    .port_info 4 /OUTPUT 1 "Q"
o0x7f1d16d4c7f8 .functor BUFZ 1, C4<z>; HiZ drive
v0x1b2cab0_0 .net "C", 0 0, o0x7f1d16d4c7f8;  0 drivers
o0x7f1d16d4c828 .functor BUFZ 1, C4<z>; HiZ drive
v0x1b2cb90_0 .net "D", 0 0, o0x7f1d16d4c828;  0 drivers
o0x7f1d16d4c858 .functor BUFZ 1, C4<z>; HiZ drive
v0x1b2cc50_0 .net "E", 0 0, o0x7f1d16d4c858;  0 drivers
o0x7f1d16d4c888 .functor BUFZ 1, C4<z>; HiZ drive
v0x1b2ccf0_0 .net "Q", 0 0, o0x7f1d16d4c888;  0 drivers
o0x7f1d16d4c8b8 .functor BUFZ 1, C4<z>; HiZ drive
v0x1b2cdb0_0 .net "R", 0 0, o0x7f1d16d4c8b8;  0 drivers
S_0x1ad47c0 .scope module, "SB_DFFESS" "SB_DFFESS" 2 89;
 .timescale 0 0;
    .port_info 0 /INPUT 1 "C"
    .port_info 1 /INPUT 1 "D"
    .port_info 2 /INPUT 1 "E"
    .port_info 3 /INPUT 1 "S"
    .port_info 4 /OUTPUT 1 "Q"
o0x7f1d16d4c9d8 .functor BUFZ 1, C4<z>; HiZ drive
v0x1b2cf60_0 .net "C", 0 0, o0x7f1d16d4c9d8;  0 drivers
o0x7f1d16d4ca08 .functor BUFZ 1, C4<z>; HiZ drive
v0x1b2d040_0 .net "D", 0 0, o0x7f1d16d4ca08;  0 drivers
o0x7f1d16d4ca38 .functor BUFZ 1, C4<z>; HiZ drive
v0x1b2d100_0 .net "E", 0 0, o0x7f1d16d4ca38;  0 drivers
o0x7f1d16d4ca68 .functor BUFZ 1, C4<z>; HiZ drive
v0x1b2d1a0_0 .net "Q", 0 0, o0x7f1d16d4ca68;  0 drivers
o0x7f1d16d4ca98 .functor BUFZ 1, C4<z>; HiZ drive
v0x1b2d260_0 .net "S", 0 0, o0x7f1d16d4ca98;  0 drivers
S_0x1ad9250 .scope module, "SB_DFFN" "SB_DFFN" 2 109;
 .timescale 0 0;
    .port_info 0 /INPUT 1 "C"
    .port_info 1 /INPUT 1 "D"
    .port_info 2 /OUTPUT 1 "Q"
o0x7f1d16d4cbb8 .functor BUFZ 1, C4<z>; HiZ drive
v0x1b2d410_0 .net "C", 0 0, o0x7f1d16d4cbb8;  0 drivers
o0x7f1d16d4cbe8 .functor BUFZ 1, C4<z>; HiZ drive
v0x1b2d4f0_0 .net "D", 0 0, o0x7f1d16d4cbe8;  0 drivers
o0x7f1d16d4cc18 .functor BUFZ 1, C4<z>; HiZ drive
v0x1b2d5b0_0 .net "Q", 0 0, o0x7f1d16d4cc18;  0 drivers
S_0x1ad93d0 .scope module, "SB_DFFNE" "SB_DFFNE" 2 117;
 .timescale 0 0;
    .port_info 0 /INPUT 1 "C"
    .port_info 1 /INPUT 1 "D"
    .port_info 2 /INPUT 1 "E"
    .port_info 3 /OUTPUT 1 "Q"
o0x7f1d16d4ccd8 .functor BUFZ 1, C4<z>; HiZ drive
v0x1b2d700_0 .net "C", 0 0, o0x7f1d16d4ccd8;  0 drivers
o0x7f1d16d4cd08 .functor BUFZ 1, C4<z>; HiZ drive
v0x1b2d7c0_0 .net "D", 0 0, o0x7f1d16d4cd08;  0 drivers
o0x7f1d16d4cd38 .functor BUFZ 1, C4<z>; HiZ drive
v0x1b2d880_0 .net "E", 0 0, o0x7f1d16d4cd38;  0 drivers
o0x7f1d16d4cd68 .functor BUFZ 1, C4<z>; HiZ drive
v0x1b2d950_0 .net "Q", 0 0, o0x7f1d16d4cd68;  0 drivers
S_0x1adaf30 .scope module, "SB_DFFNER" "SB_DFFNER" 2 172;
 .timescale 0 0;
    .port_info 0 /INPUT 1 "C"
    .port_info 1 /INPUT 1 "D"
    .port_info 2 /INPUT 1 "E"
    .port_info 3 /INPUT 1 "R"
    .port_info 4 /OUTPUT 1 "Q"
o0x7f1d16d4ce58 .functor BUFZ 1, C4<z>; HiZ drive
v0x1b2dac0_0 .net "C", 0 0, o0x7f1d16d4ce58;  0 drivers
o0x7f1d16d4ce88 .functor BUFZ 1, C4<z>; HiZ drive
v0x1b2dba0_0 .net "D", 0 0, o0x7f1d16d4ce88;  0 drivers
o0x7f1d16d4ceb8 .functor BUFZ 1, C4<z>; HiZ drive
v0x1b2dc60_0 .net "E", 0 0, o0x7f1d16d4ceb8;  0 drivers
o0x7f1d16d4cee8 .functor BUFZ 1, C4<z>; HiZ drive
v0x1b2dd00_0 .net "Q", 0 0, o0x7f1d16d4cee8;  0 drivers
o0x7f1d16d4cf18 .functor BUFZ 1, C4<z>; HiZ drive
v0x1b2ddc0_0 .net "R", 0 0, o0x7f1d16d4cf18;  0 drivers
S_0x1adb160 .scope module, "SB_DFFNES" "SB_DFFNES" 2 192;
 .timescale 0 0;
    .port_info 0 /INPUT 1 "C"
    .port_info 1 /INPUT 1 "D"
    .port_info 2 /INPUT 1 "E"
    .port_info 3 /INPUT 1 "S"
    .port_info 4 /OUTPUT 1 "Q"
o0x7f1d16d4d038 .functor BUFZ 1, C4<z>; HiZ drive
v0x1b2df70_0 .net "C", 0 0, o0x7f1d16d4d038;  0 drivers
o0x7f1d16d4d068 .functor BUFZ 1, C4<z>; HiZ drive
v0x1b2e050_0 .net "D", 0 0, o0x7f1d16d4d068;  0 drivers
o0x7f1d16d4d098 .functor BUFZ 1, C4<z>; HiZ drive
v0x1b2e110_0 .net "E", 0 0, o0x7f1d16d4d098;  0 drivers
o0x7f1d16d4d0c8 .functor BUFZ 1, C4<z>; HiZ drive
v0x1b2e1b0_0 .net "Q", 0 0, o0x7f1d16d4d0c8;  0 drivers
o0x7f1d16d4d0f8 .functor BUFZ 1, C4<z>; HiZ drive
v0x1b2e270_0 .net "S", 0 0, o0x7f1d16d4d0f8;  0 drivers
S_0x1ad83c0 .scope module, "SB_DFFNESR" "SB_DFFNESR" 2 162;
 .timescale 0 0;
    .port_info 0 /INPUT 1 "C"
    .port_info 1 /INPUT 1 "D"
    .port_info 2 /INPUT 1 "E"
    .port_info 3 /INPUT 1 "R"
    .port_info 4 /OUTPUT 1 "Q"
o0x7f1d16d4d218 .functor BUFZ 1, C4<z>; HiZ drive
v0x1b2e420_0 .net "C", 0 0, o0x7f1d16d4d218;  0 drivers
o0x7f1d16d4d248 .functor BUFZ 1, C4<z>; HiZ drive
v0x1b2e500_0 .net "D", 0 0, o0x7f1d16d4d248;  0 drivers
o0x7f1d16d4d278 .functor BUFZ 1, C4<z>; HiZ drive
v0x1b2e5c0_0 .net "E", 0 0, o0x7f1d16d4d278;  0 drivers
o0x7f1d16d4d2a8 .functor BUFZ 1, C4<z>; HiZ drive
v0x1b2e690_0 .net "Q", 0 0, o0x7f1d16d4d2a8;  0 drivers
o0x7f1d16d4d2d8 .functor BUFZ 1, C4<z>; HiZ drive
v0x1b2e750_0 .net "R", 0 0, o0x7f1d16d4d2d8;  0 drivers
S_0x1ad85f0 .scope module, "SB_DFFNESS" "SB_DFFNESS" 2 182;
 .timescale 0 0;
    .port_info 0 /INPUT 1 "C"
    .port_info 1 /INPUT 1 "D"
    .port_info 2 /INPUT 1 "E"
    .port_info 3 /INPUT 1 "S"
    .port_info 4 /OUTPUT 1 "Q"
o0x7f1d16d4d3f8 .functor BUFZ 1, C4<z>; HiZ drive
v0x1b2e900_0 .net "C", 0 0, o0x7f1d16d4d3f8;  0 drivers
o0x7f1d16d4d428 .functor BUFZ 1, C4<z>; HiZ drive
v0x1b2e9e0_0 .net "D", 0 0, o0x7f1d16d4d428;  0 drivers
o0x7f1d16d4d458 .functor BUFZ 1, C4<z>; HiZ drive
v0x1b2eaa0_0 .net "E", 0 0, o0x7f1d16d4d458;  0 drivers
o0x7f1d16d4d488 .functor BUFZ 1, C4<z>; HiZ drive
v0x1b2eb40_0 .net "Q", 0 0, o0x7f1d16d4d488;  0 drivers
o0x7f1d16d4d4b8 .functor BUFZ 1, C4<z>; HiZ drive
v0x1b2ec00_0 .net "S", 0 0, o0x7f1d16d4d4b8;  0 drivers
S_0x1ada0c0 .scope module, "SB_DFFNR" "SB_DFFNR" 2 135;
 .timescale 0 0;
    .port_info 0 /INPUT 1 "C"
    .port_info 1 /INPUT 1 "D"
    .port_info 2 /INPUT 1 "R"
    .port_info 3 /OUTPUT 1 "Q"
o0x7f1d16d4d5d8 .functor BUFZ 1, C4<z>; HiZ drive
v0x1b2edb0_0 .net "C", 0 0, o0x7f1d16d4d5d8;  0 drivers
o0x7f1d16d4d608 .functor BUFZ 1, C4<z>; HiZ drive
v0x1b2ee90_0 .net "D", 0 0, o0x7f1d16d4d608;  0 drivers
o0x7f1d16d4d638 .functor BUFZ 1, C4<z>; HiZ drive
v0x1b2ef50_0 .net "Q", 0 0, o0x7f1d16d4d638;  0 drivers
o0x7f1d16d4d668 .functor BUFZ 1, C4<z>; HiZ drive
v0x1b2f020_0 .net "R", 0 0, o0x7f1d16d4d668;  0 drivers
S_0x1ada270 .scope module, "SB_DFFNS" "SB_DFFNS" 2 153;
 .timescale 0 0;
    .port_info 0 /INPUT 1 "C"
    .port_info 1 /INPUT 1 "D"
    .port_info 2 /INPUT 1 "S"
    .port_info 3 /OUTPUT 1 "Q"
o0x7f1d16d4d758 .functor BUFZ 1, C4<z>; HiZ drive
v0x1b2f190_0 .net "C", 0 0, o0x7f1d16d4d758;  0 drivers
o0x7f1d16d4d788 .functor BUFZ 1, C4<z>; HiZ drive
v0x1b2f270_0 .net "D", 0 0, o0x7f1d16d4d788;  0 drivers
o0x7f1d16d4d7b8 .functor BUFZ 1, C4<z>; HiZ drive
v0x1b2f330_0 .net "Q", 0 0, o0x7f1d16d4d7b8;  0 drivers
o0x7f1d16d4d7e8 .functor BUFZ 1, C4<z>; HiZ drive
v0x1b2f3d0_0 .net "S", 0 0, o0x7f1d16d4d7e8;  0 drivers
S_0x1adbda0 .scope module, "SB_DFFNSR" "SB_DFFNSR" 2 126;
 .timescale 0 0;
    .port_info 0 /INPUT 1 "C"
    .port_info 1 /INPUT 1 "D"
    .port_info 2 /INPUT 1 "R"
    .port_info 3 /OUTPUT 1 "Q"
o0x7f1d16d4d8d8 .functor BUFZ 1, C4<z>; HiZ drive
v0x1b2f540_0 .net "C", 0 0, o0x7f1d16d4d8d8;  0 drivers
o0x7f1d16d4d908 .functor BUFZ 1, C4<z>; HiZ drive
v0x1b2f620_0 .net "D", 0 0, o0x7f1d16d4d908;  0 drivers
o0x7f1d16d4d938 .functor BUFZ 1, C4<z>; HiZ drive
v0x1b2f6e0_0 .net "Q", 0 0, o0x7f1d16d4d938;  0 drivers
o0x7f1d16d4d968 .functor BUFZ 1, C4<z>; HiZ drive
v0x1b2f780_0 .net "R", 0 0, o0x7f1d16d4d968;  0 drivers
S_0x1adbf50 .scope module, "SB_DFFNSS" "SB_DFFNSS" 2 144;
 .timescale 0 0;
    .port_info 0 /INPUT 1 "C"
    .port_info 1 /INPUT 1 "D"
    .port_info 2 /INPUT 1 "S"
    .port_info 3 /OUTPUT 1 "Q"
o0x7f1d16d4da58 .functor BUFZ 1, C4<z>; HiZ drive
v0x1b2f8f0_0 .net "C", 0 0, o0x7f1d16d4da58;  0 drivers
o0x7f1d16d4da88 .functor BUFZ 1, C4<z>; HiZ drive
v0x1b2f9d0_0 .net "D", 0 0, o0x7f1d16d4da88;  0 drivers
o0x7f1d16d4dab8 .functor BUFZ 1, C4<z>; HiZ drive
v0x1b2fa90_0 .net "Q", 0 0, o0x7f1d16d4dab8;  0 drivers
o0x7f1d16d4dae8 .functor BUFZ 1, C4<z>; HiZ drive
v0x1b2fb30_0 .net "S", 0 0, o0x7f1d16d4dae8;  0 drivers
S_0x1adc7e0 .scope module, "SB_DFFR" "SB_DFFR" 2 42;
 .timescale 0 0;
    .port_info 0 /INPUT 1 "C"
    .port_info 1 /INPUT 1 "D"
    .port_info 2 /INPUT 1 "R"
    .port_info 3 /OUTPUT 1 "Q"
o0x7f1d16d4dbd8 .functor BUFZ 1, C4<z>; HiZ drive
v0x1b2fca0_0 .net "C", 0 0, o0x7f1d16d4dbd8;  0 drivers
o0x7f1d16d4dc08 .functor BUFZ 1, C4<z>; HiZ drive
v0x1b2fd80_0 .net "D", 0 0, o0x7f1d16d4dc08;  0 drivers
o0x7f1d16d4dc38 .functor BUFZ 1, C4<z>; HiZ drive
v0x1b2fe40_0 .net "Q", 0 0, o0x7f1d16d4dc38;  0 drivers
o0x7f1d16d4dc68 .functor BUFZ 1, C4<z>; HiZ drive
v0x1b2fee0_0 .net "R", 0 0, o0x7f1d16d4dc68;  0 drivers
S_0x1adc960 .scope module, "SB_DFFS" "SB_DFFS" 2 60;
 .timescale 0 0;
    .port_info 0 /INPUT 1 "C"
    .port_info 1 /INPUT 1 "D"
    .port_info 2 /INPUT 1 "S"
    .port_info 3 /OUTPUT 1 "Q"
o0x7f1d16d4dd58 .functor BUFZ 1, C4<z>; HiZ drive
v0x1b30050_0 .net "C", 0 0, o0x7f1d16d4dd58;  0 drivers
o0x7f1d16d4dd88 .functor BUFZ 1, C4<z>; HiZ drive
v0x1b30130_0 .net "D", 0 0, o0x7f1d16d4dd88;  0 drivers
o0x7f1d16d4ddb8 .functor BUFZ 1, C4<z>; HiZ drive
v0x1b301f0_0 .net "Q", 0 0, o0x7f1d16d4ddb8;  0 drivers
o0x7f1d16d4dde8 .functor BUFZ 1, C4<z>; HiZ drive
v0x1b30290_0 .net "S", 0 0, o0x7f1d16d4dde8;  0 drivers
S_0x1ae14a0 .scope module, "SB_DFFSR" "SB_DFFSR" 2 33;
 .timescale 0 0;
    .port_info 0 /INPUT 1 "C"
    .port_info 1 /INPUT 1 "D"
    .port_info 2 /INPUT 1 "R"
    .port_info 3 /OUTPUT 1 "Q"
o0x7f1d16d4ded8 .functor BUFZ 1, C4<z>; HiZ drive
v0x1b30400_0 .net "C", 0 0, o0x7f1d16d4ded8;  0 drivers
o0x7f1d16d4df08 .functor BUFZ 1, C4<z>; HiZ drive
v0x1b304e0_0 .net "D", 0 0, o0x7f1d16d4df08;  0 drivers
o0x7f1d16d4df38 .functor BUFZ 1, C4<z>; HiZ drive
v0x1b305a0_0 .net "Q", 0 0, o0x7f1d16d4df38;  0 drivers
o0x7f1d16d4df68 .functor BUFZ 1, C4<z>; HiZ drive
v0x1b30640_0 .net "R", 0 0, o0x7f1d16d4df68;  0 drivers
S_0x1ae1650 .scope module, "SB_DFFSS" "SB_DFFSS" 2 51;
 .timescale 0 0;
    .port_info 0 /INPUT 1 "C"
    .port_info 1 /INPUT 1 "D"
    .port_info 2 /INPUT 1 "S"
    .port_info 3 /OUTPUT 1 "Q"
o0x7f1d16d4e058 .functor BUFZ 1, C4<z>; HiZ drive
v0x1b307b0_0 .net "C", 0 0, o0x7f1d16d4e058;  0 drivers
o0x7f1d16d4e088 .functor BUFZ 1, C4<z>; HiZ drive
v0x1b30890_0 .net "D", 0 0, o0x7f1d16d4e088;  0 drivers
o0x7f1d16d4e0b8 .functor BUFZ 1, C4<z>; HiZ drive
v0x1b30950_0 .net "Q", 0 0, o0x7f1d16d4e0b8;  0 drivers
o0x7f1d16d4e0e8 .functor BUFZ 1, C4<z>; HiZ drive
v0x1b309f0_0 .net "S", 0 0, o0x7f1d16d4e0e8;  0 drivers
S_0x1ae3180 .scope module, "SB_IO" "SB_IO" 2 1;
 .timescale 0 0;
    .port_info 0 /INOUT 1 "PACKAGE_PIN"
    .port_info 1 /INPUT 1 "LATCH_INPUT_VALUE"
    .port_info 2 /INPUT 1 "CLOCK_ENABLE"
    .port_info 3 /INPUT 1 "INPUT_CLK"
    .port_info 4 /INPUT 1 "OUTPUT_CLK"
    .port_info 5 /INPUT 1 "OUTPUT_ENABLE"
    .port_info 6 /INPUT 1 "D_OUT_0"
    .port_info 7 /INPUT 1 "D_OUT_1"
    .port_info 8 /OUTPUT 1 "D_IN_0"
    .port_info 9 /OUTPUT 1 "D_IN_1"
o0x7f1d16d4e1d8 .functor BUFZ 1, C4<z>; HiZ drive
v0x1b30b60_0 .net "CLOCK_ENABLE", 0 0, o0x7f1d16d4e1d8;  0 drivers
o0x7f1d16d4e208 .functor BUFZ 1, C4<z>; HiZ drive
v0x1b30c40_0 .net "D_IN_0", 0 0, o0x7f1d16d4e208;  0 drivers
o0x7f1d16d4e238 .functor BUFZ 1, C4<z>; HiZ drive
v0x1b30d00_0 .net "D_IN_1", 0 0, o0x7f1d16d4e238;  0 drivers
o0x7f1d16d4e268 .functor BUFZ 1, C4<z>; HiZ drive
v0x1b30da0_0 .net "D_OUT_0", 0 0, o0x7f1d16d4e268;  0 drivers
o0x7f1d16d4e298 .functor BUFZ 1, C4<z>; HiZ drive
v0x1b30e60_0 .net "D_OUT_1", 0 0, o0x7f1d16d4e298;  0 drivers
o0x7f1d16d4e2c8 .functor BUFZ 1, C4<z>; HiZ drive
v0x1b30f70_0 .net "INPUT_CLK", 0 0, o0x7f1d16d4e2c8;  0 drivers
o0x7f1d16d4e2f8 .functor BUFZ 1, C4<z>; HiZ drive
v0x1b31030_0 .net "LATCH_INPUT_VALUE", 0 0, o0x7f1d16d4e2f8;  0 drivers
o0x7f1d16d4e328 .functor BUFZ 1, C4<z>; HiZ drive
v0x1b310f0_0 .net "OUTPUT_CLK", 0 0, o0x7f1d16d4e328;  0 drivers
o0x7f1d16d4e358 .functor BUFZ 1, C4<z>; HiZ drive
v0x1b311b0_0 .net "OUTPUT_ENABLE", 0 0, o0x7f1d16d4e358;  0 drivers
o0x7f1d16d4e388 .functor BUFZ 1, C4<z>; HiZ drive
v0x1b31300_0 .net "PACKAGE_PIN", 0 0, o0x7f1d16d4e388;  0 drivers
S_0x1ae3400 .scope module, "SB_LUT4" "SB_LUT4" 2 211;
 .timescale 0 0;
    .port_info 0 /INPUT 1 "I0"
    .port_info 1 /INPUT 1 "I1"
    .port_info 2 /INPUT 1 "I2"
    .port_info 3 /INPUT 1 "I3"
    .port_info 4 /OUTPUT 1 "O"
o0x7f1d16d4e598 .functor BUFZ 1, C4<z>; HiZ drive
v0x1b31560_0 .net "I0", 0 0, o0x7f1d16d4e598;  0 drivers
o0x7f1d16d4e5c8 .functor BUFZ 1, C4<z>; HiZ drive
v0x1b31640_0 .net "I1", 0 0, o0x7f1d16d4e5c8;  0 drivers
o0x7f1d16d4e5f8 .functor BUFZ 1, C4<z>; HiZ drive
v0x1b31700_0 .net "I2", 0 0, o0x7f1d16d4e5f8;  0 drivers
o0x7f1d16d4e628 .functor BUFZ 1, C4<z>; HiZ drive
v0x1b317a0_0 .net "I3", 0 0, o0x7f1d16d4e628;  0 drivers
o0x7f1d16d4e658 .functor BUFZ 1, C4<z>; HiZ drive
v0x1b31860_0 .net "O", 0 0, o0x7f1d16d4e658;  0 drivers
S_0x1ae0610 .scope module, "osc_tb" "osc_tb" 3 10;
 .timescale -7 -12;
v0x1b34d10_0 .var "clk", 0 0;
v0x1b34e40_0 .net "clk_out", 0 0, v0x1b333b0_0;  1 drivers
L_0x7f1d16d03018 .functor BUFT 1, C4<1>, C4<0>, C4<0>, C4<0>;
v0x1b34f00_0 .net "led0", 0 0, L_0x7f1d16d03018;  1 drivers
S_0x1b319c0 .scope module, "dut" "osc" 3 18, 4 6 0, S_0x1ae0610;
 .timescale 0 0;
    .port_info 0 /INPUT 1 "clk"
    .port_info 1 /OUTPUT 1 "clk_out"
    .port_info 2 /OUTPUT 1 "led0"
P_0x1b31bb0 .param/l "AW" 0 4 16, +C4<00000000000000000000000000000101>;
P_0x1b31bf0 .param/l "DW" 0 4 17, +C4<00000000000000000000000000001000>;
P_0x1b31c30 .param/str "ROMFILE" 0 4 13, "rom1.list";
P_0x1b31c70 .param/l "WAIT_DELAY" 0 4 10, +C4<000000000000010101111110010000000>;
L_0x7f1d16d030f0 .functor BUFT 1, C4<0>, C4<0>, C4<0>, C4<0>;
v0x1b344a0_0 .net/2u *"_s2", 0 0, L_0x7f1d16d030f0;  1 drivers
v0x1b34580_0 .net *"_s5", 6 0, L_0x1b45230;  1 drivers
v0x1b34660_0 .net *"_s6", 7 0, L_0x1b45320;  1 drivers
L_0x7f1d16d03138 .functor BUFT 1, C4<01000000>, C4<0>, C4<0>, C4<0>;
v0x1b34720_0 .net/2u *"_s8", 7 0, L_0x7f1d16d03138;  1 drivers
v0x1b34800_0 .var "addr", 4 0;
v0x1b348c0_0 .net "clk", 0 0, v0x1b34d10_0;  1 drivers
v0x1b34960_0 .net "clk_out", 0 0, v0x1b333b0_0;  alias, 1 drivers
v0x1b34a00_0 .net "led0", 0 0, L_0x7f1d16d03018;  alias, 1 drivers
v0x1b34aa0_0 .net "pos", 7 0, v0x1b326a0_0;  1 drivers
v0x1b34c00_0 .net "tic", 0 0, L_0x1b45b00;  1 drivers
L_0x1b45230 .part v0x1b326a0_0, 1, 7;
L_0x1b45320 .concat [ 7 1 0 0], L_0x1b45230, L_0x7f1d16d030f0;
L_0x1b454b0 .arith/sum 8, L_0x1b45320, L_0x7f1d16d03138;
S_0x1b31f50 .scope module, "ROM" "genrom" 4 48, 5 15 0, S_0x1b319c0;
 .timescale 0 0;
    .port_info 0 /INPUT 1 "clk"
    .port_info 1 /INPUT 5 "addr"
    .port_info 2 /OUTPUT 8 "data"
P_0x1b32120 .param/l "AW" 0 5 16, +C4<00000000000000000000000000000101>;
P_0x1b32160 .param/l "DW" 0 5 17, +C4<00000000000000000000000000001000>;
P_0x1b321a0 .param/l "NPOS" 1 5 28, +C4<00000000000000000000000000100000>;
P_0x1b321e0 .param/str "ROMFILE" 0 5 25, "rom1.list";
v0x1b324e0_0 .net "addr", 4 0, v0x1b34800_0;  1 drivers
v0x1b325e0_0 .net "clk", 0 0, v0x1b34d10_0;  alias, 1 drivers
v0x1b326a0_0 .var "data", 7 0;
v0x1b32790 .array "rom", 31 0, 7 0;
E_0x1aef790 .event posedge, v0x1b325e0_0;
S_0x1b328d0 .scope module, "SERVO0" "ServoUnit" 4 26, 6 4 0, S_0x1b319c0;
 .timescale 0 0;
    .port_info 0 /INPUT 1 "clk"
    .port_info 1 /INPUT 8 "pos"
    .port_info 2 /OUTPUT 1 "servo"
P_0x1b32aa0 .param/l "M" 1 6 8, +C4<00000000000000000000000001011101>;
P_0x1b32ae0 .param/l "N" 1 6 9, +C4<00000000000000000000000000000111>;
L_0x7f1d16d03060 .functor BUFT 1, C4<0>, C4<0>, C4<0>, C4<0>;
v0x1b32c90_0 .net/2u *"_s0", 0 0, L_0x7f1d16d03060;  1 drivers
v0x1b32d90_0 .net *"_s2", 8 0, L_0x1b34fd0;  1 drivers
L_0x7f1d16d030a8 .functor BUFT 1, C4<000101110>, C4<0>, C4<0>, C4<0>;
v0x1b32e70_0 .net/2u *"_s4", 8 0, L_0x7f1d16d030a8;  1 drivers
v0x1b32f60_0 .var "angle_counter", 10 0;
v0x1b33040_0 .net "clk", 0 0, v0x1b34d10_0;  alias, 1 drivers
v0x1b33130_0 .var "divcounter", 6 0;
v0x1b331f0_0 .net "pos", 7 0, L_0x1b454b0;  1 drivers
v0x1b332d0_0 .net "pose", 8 0, L_0x1b45080;  1 drivers
v0x1b333b0_0 .var "servo", 0 0;
v0x1b33500_0 .var "tic", 0 0;
L_0x1b34fd0 .concat [ 8 1 0 0], L_0x1b454b0, L_0x7f1d16d03060;
L_0x1b45080 .arith/sum 9, L_0x1b34fd0, L_0x7f1d16d030a8;
S_0x1b33640 .scope module, "TIMMER0" "dividerp1" 4 33, 7 18 0, S_0x1b319c0;
 .timescale 0 0;
    .port_info 0 /INPUT 1 "clk"
    .port_info 1 /INPUT 1 "timer_ena"
    .port_info 2 /OUTPUT 1 "clk_out"
P_0x1b337f0 .param/l "M" 0 7 23, +C4<000000000000010101111110010000000>;
P_0x1b33830 .param/l "N" 1 7 26, +C4<00000000000000000000000000010100>;
v0x1b339e0_0 .net *"_s0", 32 0, L_0x1b45640;  1 drivers
L_0x7f1d16d03258 .functor BUFT 1, C4<00>, C4<0>, C4<0>, C4<0>;
v0x1b33ac0_0 .net/2s *"_s10", 1 0, L_0x7f1d16d03258;  1 drivers
v0x1b33ba0_0 .net *"_s12", 1 0, L_0x1b45990;  1 drivers
L_0x7f1d16d03180 .functor BUFT 1, C4<0000000000000>, C4<0>, C4<0>, C4<0>;
v0x1b33c90_0 .net *"_s3", 12 0, L_0x7f1d16d03180;  1 drivers
L_0x7f1d16d031c8 .functor BUFT 1, C4<000000000000010101111110001111111>, C4<0>, C4<0>, C4<0>;
v0x1b33d70_0 .net/2u *"_s4", 32 0, L_0x7f1d16d031c8;  1 drivers
v0x1b33ea0_0 .net *"_s6", 0 0, L_0x1b45790;  1 drivers
L_0x7f1d16d03210 .functor BUFT 1, C4<01>, C4<0>, C4<0>, C4<0>;
v0x1b33f60_0 .net/2s *"_s8", 1 0, L_0x7f1d16d03210;  1 drivers
v0x1b34040_0 .net "clk", 0 0, v0x1b34d10_0;  alias, 1 drivers
v0x1b34130_0 .net "clk_out", 0 0, L_0x1b45b00;  alias, 1 drivers
v0x1b34280_0 .var "divcounter", 19 0;
L_0x7f1d16d032a0 .functor BUFT 1, C4<1>, C4<0>, C4<0>, C4<0>;
v0x1b34360_0 .net "timer_ena", 0 0, L_0x7f1d16d032a0;  1 drivers
L_0x1b45640 .concat [ 20 13 0 0], v0x1b34280_0, L_0x7f1d16d03180;
L_0x1b45790 .cmp/eq 33, L_0x1b45640, L_0x7f1d16d031c8;
L_0x1b45990 .functor MUXZ 2, L_0x7f1d16d03258, L_0x7f1d16d03210, L_0x1b45790, C4<>;
L_0x1b45b00 .part L_0x1b45990, 0, 1;
    .scope S_0x1b328d0;
T_0 ;
    %pushi/vec4 0, 0, 7;
    %store/vec4 v0x1b33130_0, 0, 7;
    %end;
    .thread T_0;
    .scope S_0x1b328d0;
T_1 ;
    %pushi/vec4 0, 0, 1;
    %store/vec4 v0x1b33500_0, 0, 1;
    %end;
    .thread T_1;
    .scope S_0x1b328d0;
T_2 ;
    %wait E_0x1aef790;
    %load/vec4 v0x1b33130_0;
    %pad/u 32;
    %pushi/vec4 91, 0, 32;
    %cmp/e;
    %flag_get/vec4 4;
    %assign/vec4 v0x1b33500_0, 0;
    %jmp T_2;
    .thread T_2;
    .scope S_0x1b328d0;
T_3 ;
    %wait E_0x1aef790;
    %load/vec4 v0x1b33500_0;
    %flag_set/vec4 8;
    %jmp/0xz  T_3.0, 8;
    %pushi/vec4 0, 0, 7;
    %assign/vec4 v0x1b33130_0, 0;
    %jmp T_3.1;
T_3.0 ;
    %load/vec4 v0x1b33130_0;
    %addi 1, 0, 7;
    %assign/vec4 v0x1b33130_0, 0;
T_3.1 ;
    %jmp T_3;
    .thread T_3;
    .scope S_0x1b328d0;
T_4 ;
    %pushi/vec4 0, 0, 11;
    %store/vec4 v0x1b32f60_0, 0, 11;
    %end;
    .thread T_4;
    .scope S_0x1b328d0;
T_5 ;
    %wait E_0x1aef790;
    %load/vec4 v0x1b33500_0;
    %flag_set/vec4 8;
    %jmp/0xz  T_5.0, 8;
    %load/vec4 v0x1b32f60_0;
    %addi 1, 0, 11;
    %assign/vec4 v0x1b32f60_0, 0;
T_5.0 ;
    %jmp T_5;
    .thread T_5;
    .scope S_0x1b328d0;
T_6 ;
    %wait E_0x1aef790;
    %load/vec4 v0x1b32f60_0;
    %pad/u 12;
    %pushi/vec4 0, 0, 3;
    %load/vec4 v0x1b332d0_0;
    %concat/vec4; draw_concat_vec4
    %cmp/u;
    %flag_get/vec4 5;
    %assign/vec4 v0x1b333b0_0, 0;
    %jmp T_6;
    .thread T_6;
    .scope S_0x1b33640;
T_7 ;
    %pushi/vec4 0, 0, 20;
    %store/vec4 v0x1b34280_0, 0, 20;
    %end;
    .thread T_7;
    .scope S_0x1b33640;
T_8 ;
    %wait E_0x1aef790;
    %load/vec4 v0x1b34360_0;
    %flag_set/vec4 8;
    %jmp/0xz  T_8.0, 8;
    %load/vec4 v0x1b34280_0;
    %pad/u 33;
    %cmpi/e 719999, 0, 33;
    %flag_mov 8, 4;
    %jmp/0 T_8.2, 8;
    %pushi/vec4 0, 0, 20;
    %jmp/1 T_8.3, 8;
T_8.2 ; End of true expr.
    %load/vec4 v0x1b34280_0;
    %addi 1, 0, 20;
    %jmp/0 T_8.3, 8;
 ; End of false expr.
    %blend;
T_8.3;
    %assign/vec4 v0x1b34280_0, 0;
    %jmp T_8.1;
T_8.0 ;
    %pushi/vec4 0, 0, 20;
    %assign/vec4 v0x1b34280_0, 0;
T_8.1 ;
    %jmp T_8;
    .thread T_8;
    .scope S_0x1b31f50;
T_9 ;
    %wait E_0x1aef790;
    %load/vec4 v0x1b324e0_0;
    %pad/u 7;
    %ix/vec4 4;
    %load/vec4a v0x1b32790, 4;
    %assign/vec4 v0x1b326a0_0, 0;
    %jmp T_9;
    .thread T_9;
    .scope S_0x1b31f50;
T_10 ;
    %vpi_call 5 41 "$readmemh", P_0x1b321e0, v0x1b32790 {0 0 0};
    %end;
    .thread T_10;
    .scope S_0x1b319c0;
T_11 ;
    %pushi/vec4 0, 0, 5;
    %store/vec4 v0x1b34800_0, 0, 5;
    %end;
    .thread T_11;
    .scope S_0x1b319c0;
T_12 ;
    %wait E_0x1aef790;
    %load/vec4 v0x1b34c00_0;
    %flag_set/vec4 8;
    %jmp/0xz  T_12.0, 8;
    %load/vec4 v0x1b34800_0;
    %addi 1, 0, 5;
    %assign/vec4 v0x1b34800_0, 0;
T_12.0 ;
    %jmp T_12;
    .thread T_12;
    .scope S_0x1ae0610;
T_13 ;
    %pushi/vec4 0, 0, 1;
    %store/vec4 v0x1b34d10_0, 0, 1;
    %end;
    .thread T_13;
    .scope S_0x1ae0610;
T_14 ;
    %delay 41667, 0;
    %load/vec4 v0x1b34d10_0;
    %inv;
    %store/vec4 v0x1b34d10_0, 0, 1;
    %jmp T_14;
    .thread T_14;
    .scope S_0x1ae0610;
T_15 ;
    %vpi_call 3 32 "$dumpfile", "osc_tb.vcd" {0 0 0};
    %vpi_call 3 33 "$dumpvars", 32'sb00000000000000000000000000000000, S_0x1ae0610 {0 0 0};
    %delay 1345294336, 9;
    %vpi_call 3 35 "$display", "FIN de la simulacion" {0 0 0};
    %vpi_call 3 36 "$finish" {0 0 0};
    %end;
    .thread T_15;
# The file index is used to find the file name in the following table.
:file_names 8;
    "N/A";
    "<interactive>";
    "/home/jcarolinares/.apio/packages/toolchain-iverilog/vlib/system.v";
    "osc_tb.v";
    "osc.v";
    "genrom.v";
    "ServoUnit.v";
    "dividerp1.v";
