#! /usr/local/bin/vvp
:ivl_version "10.1 (stable)";
:ivl_delay_selection "TYPICAL";
:vpi_time_precision + 0;
:vpi_module "system";
:vpi_module "vhdl_sys";
:vpi_module "v2005_math";
:vpi_module "va_math";
S_0x104a170 .scope module, "SB_CARRY" "SB_CARRY" 2 202;
 .timescale 0 0;
    .port_info 0 /INPUT 1 "I0"
    .port_info 1 /INPUT 1 "I1"
    .port_info 2 /INPUT 1 "CI"
    .port_info 3 /OUTPUT 1 "CO"
o0x7f4ce6558018 .functor BUFZ 1, C4<z>; HiZ drive
v0x10c51b0_0 .net "CI", 0 0, o0x7f4ce6558018;  0 drivers
o0x7f4ce6558048 .functor BUFZ 1, C4<z>; HiZ drive
v0x10eca70_0 .net "CO", 0 0, o0x7f4ce6558048;  0 drivers
o0x7f4ce6558078 .functor BUFZ 1, C4<z>; HiZ drive
v0x10ecb30_0 .net "I0", 0 0, o0x7f4ce6558078;  0 drivers
o0x7f4ce65580a8 .functor BUFZ 1, C4<z>; HiZ drive
v0x10ecc00_0 .net "I1", 0 0, o0x7f4ce65580a8;  0 drivers
S_0x1049e70 .scope module, "SB_DFF" "SB_DFF" 2 16;
 .timescale 0 0;
    .port_info 0 /INPUT 1 "C"
    .port_info 1 /INPUT 1 "D"
    .port_info 2 /OUTPUT 1 "Q"
o0x7f4ce6558198 .functor BUFZ 1, C4<z>; HiZ drive
v0x10ecd70_0 .net "C", 0 0, o0x7f4ce6558198;  0 drivers
o0x7f4ce65581c8 .functor BUFZ 1, C4<z>; HiZ drive
v0x10ece50_0 .net "D", 0 0, o0x7f4ce65581c8;  0 drivers
o0x7f4ce65581f8 .functor BUFZ 1, C4<z>; HiZ drive
v0x10ecf10_0 .net "Q", 0 0, o0x7f4ce65581f8;  0 drivers
S_0x1081590 .scope module, "SB_DFFE" "SB_DFFE" 2 24;
 .timescale 0 0;
    .port_info 0 /INPUT 1 "C"
    .port_info 1 /INPUT 1 "D"
    .port_info 2 /INPUT 1 "E"
    .port_info 3 /OUTPUT 1 "Q"
o0x7f4ce65582b8 .functor BUFZ 1, C4<z>; HiZ drive
v0x10ed030_0 .net "C", 0 0, o0x7f4ce65582b8;  0 drivers
o0x7f4ce65582e8 .functor BUFZ 1, C4<z>; HiZ drive
v0x10ed0f0_0 .net "D", 0 0, o0x7f4ce65582e8;  0 drivers
o0x7f4ce6558318 .functor BUFZ 1, C4<z>; HiZ drive
v0x10ed1b0_0 .net "E", 0 0, o0x7f4ce6558318;  0 drivers
o0x7f4ce6558348 .functor BUFZ 1, C4<z>; HiZ drive
v0x10ed280_0 .net "Q", 0 0, o0x7f4ce6558348;  0 drivers
S_0x1081710 .scope module, "SB_DFFER" "SB_DFFER" 2 79;
 .timescale 0 0;
    .port_info 0 /INPUT 1 "C"
    .port_info 1 /INPUT 1 "D"
    .port_info 2 /INPUT 1 "R"
    .port_info 3 /INPUT 1 "E"
    .port_info 4 /OUTPUT 1 "Q"
o0x7f4ce6558438 .functor BUFZ 1, C4<z>; HiZ drive
v0x10ed3f0_0 .net "C", 0 0, o0x7f4ce6558438;  0 drivers
o0x7f4ce6558468 .functor BUFZ 1, C4<z>; HiZ drive
v0x10ed4d0_0 .net "D", 0 0, o0x7f4ce6558468;  0 drivers
o0x7f4ce6558498 .functor BUFZ 1, C4<z>; HiZ drive
v0x10ed590_0 .net "E", 0 0, o0x7f4ce6558498;  0 drivers
o0x7f4ce65584c8 .functor BUFZ 1, C4<z>; HiZ drive
v0x10ed630_0 .net "Q", 0 0, o0x7f4ce65584c8;  0 drivers
o0x7f4ce65584f8 .functor BUFZ 1, C4<z>; HiZ drive
v0x10ed6f0_0 .net "R", 0 0, o0x7f4ce65584f8;  0 drivers
S_0x1086250 .scope module, "SB_DFFES" "SB_DFFES" 2 99;
 .timescale 0 0;
    .port_info 0 /INPUT 1 "C"
    .port_info 1 /INPUT 1 "D"
    .port_info 2 /INPUT 1 "E"
    .port_info 3 /INPUT 1 "S"
    .port_info 4 /OUTPUT 1 "Q"
o0x7f4ce6558618 .functor BUFZ 1, C4<z>; HiZ drive
v0x10ed8a0_0 .net "C", 0 0, o0x7f4ce6558618;  0 drivers
o0x7f4ce6558648 .functor BUFZ 1, C4<z>; HiZ drive
v0x10ed980_0 .net "D", 0 0, o0x7f4ce6558648;  0 drivers
o0x7f4ce6558678 .functor BUFZ 1, C4<z>; HiZ drive
v0x10eda40_0 .net "E", 0 0, o0x7f4ce6558678;  0 drivers
o0x7f4ce65586a8 .functor BUFZ 1, C4<z>; HiZ drive
v0x10edae0_0 .net "Q", 0 0, o0x7f4ce65586a8;  0 drivers
o0x7f4ce65586d8 .functor BUFZ 1, C4<z>; HiZ drive
v0x10edba0_0 .net "S", 0 0, o0x7f4ce65586d8;  0 drivers
S_0x1086420 .scope module, "SB_DFFESR" "SB_DFFESR" 2 69;
 .timescale 0 0;
    .port_info 0 /INPUT 1 "C"
    .port_info 1 /INPUT 1 "D"
    .port_info 2 /INPUT 1 "R"
    .port_info 3 /INPUT 1 "E"
    .port_info 4 /OUTPUT 1 "Q"
o0x7f4ce65587f8 .functor BUFZ 1, C4<z>; HiZ drive
v0x10edd50_0 .net "C", 0 0, o0x7f4ce65587f8;  0 drivers
o0x7f4ce6558828 .functor BUFZ 1, C4<z>; HiZ drive
v0x10ede30_0 .net "D", 0 0, o0x7f4ce6558828;  0 drivers
o0x7f4ce6558858 .functor BUFZ 1, C4<z>; HiZ drive
v0x10edef0_0 .net "E", 0 0, o0x7f4ce6558858;  0 drivers
o0x7f4ce6558888 .functor BUFZ 1, C4<z>; HiZ drive
v0x10edf90_0 .net "Q", 0 0, o0x7f4ce6558888;  0 drivers
o0x7f4ce65588b8 .functor BUFZ 1, C4<z>; HiZ drive
v0x10ee050_0 .net "R", 0 0, o0x7f4ce65588b8;  0 drivers
S_0x1087f30 .scope module, "SB_DFFESS" "SB_DFFESS" 2 89;
 .timescale 0 0;
    .port_info 0 /INPUT 1 "C"
    .port_info 1 /INPUT 1 "D"
    .port_info 2 /INPUT 1 "E"
    .port_info 3 /INPUT 1 "S"
    .port_info 4 /OUTPUT 1 "Q"
o0x7f4ce65589d8 .functor BUFZ 1, C4<z>; HiZ drive
v0x10ee200_0 .net "C", 0 0, o0x7f4ce65589d8;  0 drivers
o0x7f4ce6558a08 .functor BUFZ 1, C4<z>; HiZ drive
v0x10ee2e0_0 .net "D", 0 0, o0x7f4ce6558a08;  0 drivers
o0x7f4ce6558a38 .functor BUFZ 1, C4<z>; HiZ drive
v0x10ee3a0_0 .net "E", 0 0, o0x7f4ce6558a38;  0 drivers
o0x7f4ce6558a68 .functor BUFZ 1, C4<z>; HiZ drive
v0x10ee440_0 .net "Q", 0 0, o0x7f4ce6558a68;  0 drivers
o0x7f4ce6558a98 .functor BUFZ 1, C4<z>; HiZ drive
v0x10ee500_0 .net "S", 0 0, o0x7f4ce6558a98;  0 drivers
S_0x1088130 .scope module, "SB_DFFN" "SB_DFFN" 2 109;
 .timescale 0 0;
    .port_info 0 /INPUT 1 "C"
    .port_info 1 /INPUT 1 "D"
    .port_info 2 /OUTPUT 1 "Q"
o0x7f4ce6558bb8 .functor BUFZ 1, C4<z>; HiZ drive
v0x10ee6b0_0 .net "C", 0 0, o0x7f4ce6558bb8;  0 drivers
o0x7f4ce6558be8 .functor BUFZ 1, C4<z>; HiZ drive
v0x10ee790_0 .net "D", 0 0, o0x7f4ce6558be8;  0 drivers
o0x7f4ce6558c18 .functor BUFZ 1, C4<z>; HiZ drive
v0x10ee850_0 .net "Q", 0 0, o0x7f4ce6558c18;  0 drivers
S_0x10853c0 .scope module, "SB_DFFNE" "SB_DFFNE" 2 117;
 .timescale 0 0;
    .port_info 0 /INPUT 1 "C"
    .port_info 1 /INPUT 1 "D"
    .port_info 2 /INPUT 1 "E"
    .port_info 3 /OUTPUT 1 "Q"
o0x7f4ce6558cd8 .functor BUFZ 1, C4<z>; HiZ drive
v0x10ee970_0 .net "C", 0 0, o0x7f4ce6558cd8;  0 drivers
o0x7f4ce6558d08 .functor BUFZ 1, C4<z>; HiZ drive
v0x10eea30_0 .net "D", 0 0, o0x7f4ce6558d08;  0 drivers
o0x7f4ce6558d38 .functor BUFZ 1, C4<z>; HiZ drive
v0x10eeaf0_0 .net "E", 0 0, o0x7f4ce6558d38;  0 drivers
o0x7f4ce6558d68 .functor BUFZ 1, C4<z>; HiZ drive
v0x10eebc0_0 .net "Q", 0 0, o0x7f4ce6558d68;  0 drivers
S_0x1085540 .scope module, "SB_DFFNER" "SB_DFFNER" 2 172;
 .timescale 0 0;
    .port_info 0 /INPUT 1 "C"
    .port_info 1 /INPUT 1 "D"
    .port_info 2 /INPUT 1 "E"
    .port_info 3 /INPUT 1 "R"
    .port_info 4 /OUTPUT 1 "Q"
o0x7f4ce6558e58 .functor BUFZ 1, C4<z>; HiZ drive
v0x10eed30_0 .net "C", 0 0, o0x7f4ce6558e58;  0 drivers
o0x7f4ce6558e88 .functor BUFZ 1, C4<z>; HiZ drive
v0x10eee10_0 .net "D", 0 0, o0x7f4ce6558e88;  0 drivers
o0x7f4ce6558eb8 .functor BUFZ 1, C4<z>; HiZ drive
v0x10eeed0_0 .net "E", 0 0, o0x7f4ce6558eb8;  0 drivers
o0x7f4ce6558ee8 .functor BUFZ 1, C4<z>; HiZ drive
v0x10eef70_0 .net "Q", 0 0, o0x7f4ce6558ee8;  0 drivers
o0x7f4ce6558f18 .functor BUFZ 1, C4<z>; HiZ drive
v0x10ef030_0 .net "R", 0 0, o0x7f4ce6558f18;  0 drivers
S_0x10870c0 .scope module, "SB_DFFNES" "SB_DFFNES" 2 192;
 .timescale 0 0;
    .port_info 0 /INPUT 1 "C"
    .port_info 1 /INPUT 1 "D"
    .port_info 2 /INPUT 1 "E"
    .port_info 3 /INPUT 1 "S"
    .port_info 4 /OUTPUT 1 "Q"
o0x7f4ce6559038 .functor BUFZ 1, C4<z>; HiZ drive
v0x10ef1e0_0 .net "C", 0 0, o0x7f4ce6559038;  0 drivers
o0x7f4ce6559068 .functor BUFZ 1, C4<z>; HiZ drive
v0x10ef2c0_0 .net "D", 0 0, o0x7f4ce6559068;  0 drivers
o0x7f4ce6559098 .functor BUFZ 1, C4<z>; HiZ drive
v0x10ef380_0 .net "E", 0 0, o0x7f4ce6559098;  0 drivers
o0x7f4ce65590c8 .functor BUFZ 1, C4<z>; HiZ drive
v0x10ef420_0 .net "Q", 0 0, o0x7f4ce65590c8;  0 drivers
o0x7f4ce65590f8 .functor BUFZ 1, C4<z>; HiZ drive
v0x10ef4e0_0 .net "S", 0 0, o0x7f4ce65590f8;  0 drivers
S_0x1087270 .scope module, "SB_DFFNESR" "SB_DFFNESR" 2 162;
 .timescale 0 0;
    .port_info 0 /INPUT 1 "C"
    .port_info 1 /INPUT 1 "D"
    .port_info 2 /INPUT 1 "E"
    .port_info 3 /INPUT 1 "R"
    .port_info 4 /OUTPUT 1 "Q"
o0x7f4ce6559218 .functor BUFZ 1, C4<z>; HiZ drive
v0x10ef690_0 .net "C", 0 0, o0x7f4ce6559218;  0 drivers
o0x7f4ce6559248 .functor BUFZ 1, C4<z>; HiZ drive
v0x10ef770_0 .net "D", 0 0, o0x7f4ce6559248;  0 drivers
o0x7f4ce6559278 .functor BUFZ 1, C4<z>; HiZ drive
v0x10ef830_0 .net "E", 0 0, o0x7f4ce6559278;  0 drivers
o0x7f4ce65592a8 .functor BUFZ 1, C4<z>; HiZ drive
v0x10ef8d0_0 .net "Q", 0 0, o0x7f4ce65592a8;  0 drivers
o0x7f4ce65592d8 .functor BUFZ 1, C4<z>; HiZ drive
v0x10ef990_0 .net "R", 0 0, o0x7f4ce65592d8;  0 drivers
S_0x1088da0 .scope module, "SB_DFFNESS" "SB_DFFNESS" 2 182;
 .timescale 0 0;
    .port_info 0 /INPUT 1 "C"
    .port_info 1 /INPUT 1 "D"
    .port_info 2 /INPUT 1 "E"
    .port_info 3 /INPUT 1 "S"
    .port_info 4 /OUTPUT 1 "Q"
o0x7f4ce65593f8 .functor BUFZ 1, C4<z>; HiZ drive
v0x10efb40_0 .net "C", 0 0, o0x7f4ce65593f8;  0 drivers
o0x7f4ce6559428 .functor BUFZ 1, C4<z>; HiZ drive
v0x10efc20_0 .net "D", 0 0, o0x7f4ce6559428;  0 drivers
o0x7f4ce6559458 .functor BUFZ 1, C4<z>; HiZ drive
v0x10efce0_0 .net "E", 0 0, o0x7f4ce6559458;  0 drivers
o0x7f4ce6559488 .functor BUFZ 1, C4<z>; HiZ drive
v0x10efd80_0 .net "Q", 0 0, o0x7f4ce6559488;  0 drivers
o0x7f4ce65594b8 .functor BUFZ 1, C4<z>; HiZ drive
v0x10efe40_0 .net "S", 0 0, o0x7f4ce65594b8;  0 drivers
S_0x1088fd0 .scope module, "SB_DFFNR" "SB_DFFNR" 2 135;
 .timescale 0 0;
    .port_info 0 /INPUT 1 "C"
    .port_info 1 /INPUT 1 "D"
    .port_info 2 /INPUT 1 "R"
    .port_info 3 /OUTPUT 1 "Q"
o0x7f4ce65595d8 .functor BUFZ 1, C4<z>; HiZ drive
v0x10efff0_0 .net "C", 0 0, o0x7f4ce65595d8;  0 drivers
o0x7f4ce6559608 .functor BUFZ 1, C4<z>; HiZ drive
v0x10f00d0_0 .net "D", 0 0, o0x7f4ce6559608;  0 drivers
o0x7f4ce6559638 .functor BUFZ 1, C4<z>; HiZ drive
v0x10f0190_0 .net "Q", 0 0, o0x7f4ce6559638;  0 drivers
o0x7f4ce6559668 .functor BUFZ 1, C4<z>; HiZ drive
v0x10f0230_0 .net "R", 0 0, o0x7f4ce6559668;  0 drivers
S_0x10897e0 .scope module, "SB_DFFNS" "SB_DFFNS" 2 153;
 .timescale 0 0;
    .port_info 0 /INPUT 1 "C"
    .port_info 1 /INPUT 1 "D"
    .port_info 2 /INPUT 1 "S"
    .port_info 3 /OUTPUT 1 "Q"
o0x7f4ce6559758 .functor BUFZ 1, C4<z>; HiZ drive
v0x10f03a0_0 .net "C", 0 0, o0x7f4ce6559758;  0 drivers
o0x7f4ce6559788 .functor BUFZ 1, C4<z>; HiZ drive
v0x10f0480_0 .net "D", 0 0, o0x7f4ce6559788;  0 drivers
o0x7f4ce65597b8 .functor BUFZ 1, C4<z>; HiZ drive
v0x10f0540_0 .net "Q", 0 0, o0x7f4ce65597b8;  0 drivers
o0x7f4ce65597e8 .functor BUFZ 1, C4<z>; HiZ drive
v0x10f0610_0 .net "S", 0 0, o0x7f4ce65597e8;  0 drivers
S_0x1089990 .scope module, "SB_DFFNSR" "SB_DFFNSR" 2 126;
 .timescale 0 0;
    .port_info 0 /INPUT 1 "C"
    .port_info 1 /INPUT 1 "D"
    .port_info 2 /INPUT 1 "R"
    .port_info 3 /OUTPUT 1 "Q"
o0x7f4ce65598d8 .functor BUFZ 1, C4<z>; HiZ drive
v0x10f0780_0 .net "C", 0 0, o0x7f4ce65598d8;  0 drivers
o0x7f4ce6559908 .functor BUFZ 1, C4<z>; HiZ drive
v0x10f0860_0 .net "D", 0 0, o0x7f4ce6559908;  0 drivers
o0x7f4ce6559938 .functor BUFZ 1, C4<z>; HiZ drive
v0x10f0920_0 .net "Q", 0 0, o0x7f4ce6559938;  0 drivers
o0x7f4ce6559968 .functor BUFZ 1, C4<z>; HiZ drive
v0x10f09c0_0 .net "R", 0 0, o0x7f4ce6559968;  0 drivers
S_0x108e4a0 .scope module, "SB_DFFNSS" "SB_DFFNSS" 2 144;
 .timescale 0 0;
    .port_info 0 /INPUT 1 "C"
    .port_info 1 /INPUT 1 "D"
    .port_info 2 /INPUT 1 "S"
    .port_info 3 /OUTPUT 1 "Q"
o0x7f4ce6559a58 .functor BUFZ 1, C4<z>; HiZ drive
v0x10f0b30_0 .net "C", 0 0, o0x7f4ce6559a58;  0 drivers
o0x7f4ce6559a88 .functor BUFZ 1, C4<z>; HiZ drive
v0x10f0c10_0 .net "D", 0 0, o0x7f4ce6559a88;  0 drivers
o0x7f4ce6559ab8 .functor BUFZ 1, C4<z>; HiZ drive
v0x10f0cd0_0 .net "Q", 0 0, o0x7f4ce6559ab8;  0 drivers
o0x7f4ce6559ae8 .functor BUFZ 1, C4<z>; HiZ drive
v0x10f0d70_0 .net "S", 0 0, o0x7f4ce6559ae8;  0 drivers
S_0x1090180 .scope module, "SB_DFFR" "SB_DFFR" 2 42;
 .timescale 0 0;
    .port_info 0 /INPUT 1 "C"
    .port_info 1 /INPUT 1 "D"
    .port_info 2 /INPUT 1 "R"
    .port_info 3 /OUTPUT 1 "Q"
o0x7f4ce6559bd8 .functor BUFZ 1, C4<z>; HiZ drive
v0x10f0ee0_0 .net "C", 0 0, o0x7f4ce6559bd8;  0 drivers
o0x7f4ce6559c08 .functor BUFZ 1, C4<z>; HiZ drive
v0x10f0fc0_0 .net "D", 0 0, o0x7f4ce6559c08;  0 drivers
o0x7f4ce6559c38 .functor BUFZ 1, C4<z>; HiZ drive
v0x10f1080_0 .net "Q", 0 0, o0x7f4ce6559c38;  0 drivers
o0x7f4ce6559c68 .functor BUFZ 1, C4<z>; HiZ drive
v0x10f1120_0 .net "R", 0 0, o0x7f4ce6559c68;  0 drivers
S_0x1090330 .scope module, "SB_DFFS" "SB_DFFS" 2 60;
 .timescale 0 0;
    .port_info 0 /INPUT 1 "C"
    .port_info 1 /INPUT 1 "D"
    .port_info 2 /INPUT 1 "S"
    .port_info 3 /OUTPUT 1 "Q"
o0x7f4ce6559d58 .functor BUFZ 1, C4<z>; HiZ drive
v0x10f1290_0 .net "C", 0 0, o0x7f4ce6559d58;  0 drivers
o0x7f4ce6559d88 .functor BUFZ 1, C4<z>; HiZ drive
v0x10f1370_0 .net "D", 0 0, o0x7f4ce6559d88;  0 drivers
o0x7f4ce6559db8 .functor BUFZ 1, C4<z>; HiZ drive
v0x10f1430_0 .net "Q", 0 0, o0x7f4ce6559db8;  0 drivers
o0x7f4ce6559de8 .functor BUFZ 1, C4<z>; HiZ drive
v0x10f14d0_0 .net "S", 0 0, o0x7f4ce6559de8;  0 drivers
S_0x108d610 .scope module, "SB_DFFSR" "SB_DFFSR" 2 33;
 .timescale 0 0;
    .port_info 0 /INPUT 1 "C"
    .port_info 1 /INPUT 1 "D"
    .port_info 2 /INPUT 1 "R"
    .port_info 3 /OUTPUT 1 "Q"
o0x7f4ce6559ed8 .functor BUFZ 1, C4<z>; HiZ drive
v0x10f1640_0 .net "C", 0 0, o0x7f4ce6559ed8;  0 drivers
o0x7f4ce6559f08 .functor BUFZ 1, C4<z>; HiZ drive
v0x10f1720_0 .net "D", 0 0, o0x7f4ce6559f08;  0 drivers
o0x7f4ce6559f38 .functor BUFZ 1, C4<z>; HiZ drive
v0x10f17e0_0 .net "Q", 0 0, o0x7f4ce6559f38;  0 drivers
o0x7f4ce6559f68 .functor BUFZ 1, C4<z>; HiZ drive
v0x10f1880_0 .net "R", 0 0, o0x7f4ce6559f68;  0 drivers
S_0x108d7c0 .scope module, "SB_DFFSS" "SB_DFFSS" 2 51;
 .timescale 0 0;
    .port_info 0 /INPUT 1 "C"
    .port_info 1 /INPUT 1 "D"
    .port_info 2 /INPUT 1 "S"
    .port_info 3 /OUTPUT 1 "Q"
o0x7f4ce655a058 .functor BUFZ 1, C4<z>; HiZ drive
v0x10f19f0_0 .net "C", 0 0, o0x7f4ce655a058;  0 drivers
o0x7f4ce655a088 .functor BUFZ 1, C4<z>; HiZ drive
v0x10f1ad0_0 .net "D", 0 0, o0x7f4ce655a088;  0 drivers
o0x7f4ce655a0b8 .functor BUFZ 1, C4<z>; HiZ drive
v0x10f1b90_0 .net "Q", 0 0, o0x7f4ce655a0b8;  0 drivers
o0x7f4ce655a0e8 .functor BUFZ 1, C4<z>; HiZ drive
v0x10f1c30_0 .net "S", 0 0, o0x7f4ce655a0e8;  0 drivers
S_0x108f310 .scope module, "SB_IO" "SB_IO" 2 1;
 .timescale 0 0;
    .port_info 0 /INOUT 1 "PACKAGE_PIN"
    .port_info 1 /INPUT 1 "LATCH_INPUT_VALUE"
    .port_info 2 /INPUT 1 "CLOCK_ENABLE"
    .port_info 3 /INPUT 1 "INPUT_CLK"
    .port_info 4 /INPUT 1 "OUTPUT_CLK"
    .port_info 5 /INPUT 1 "OUTPUT_ENABLE"
    .port_info 6 /INPUT 1 "D_OUT_0"
    .port_info 7 /INPUT 1 "D_OUT_1"
    .port_info 8 /OUTPUT 1 "D_IN_0"
    .port_info 9 /OUTPUT 1 "D_IN_1"
o0x7f4ce655a1d8 .functor BUFZ 1, C4<z>; HiZ drive
v0x10f1da0_0 .net "CLOCK_ENABLE", 0 0, o0x7f4ce655a1d8;  0 drivers
o0x7f4ce655a208 .functor BUFZ 1, C4<z>; HiZ drive
v0x10f1e80_0 .net "D_IN_0", 0 0, o0x7f4ce655a208;  0 drivers
o0x7f4ce655a238 .functor BUFZ 1, C4<z>; HiZ drive
v0x10f1f40_0 .net "D_IN_1", 0 0, o0x7f4ce655a238;  0 drivers
o0x7f4ce655a268 .functor BUFZ 1, C4<z>; HiZ drive
v0x10f1fe0_0 .net "D_OUT_0", 0 0, o0x7f4ce655a268;  0 drivers
o0x7f4ce655a298 .functor BUFZ 1, C4<z>; HiZ drive
v0x10f20a0_0 .net "D_OUT_1", 0 0, o0x7f4ce655a298;  0 drivers
o0x7f4ce655a2c8 .functor BUFZ 1, C4<z>; HiZ drive
v0x10f21b0_0 .net "INPUT_CLK", 0 0, o0x7f4ce655a2c8;  0 drivers
o0x7f4ce655a2f8 .functor BUFZ 1, C4<z>; HiZ drive
v0x10f2270_0 .net "LATCH_INPUT_VALUE", 0 0, o0x7f4ce655a2f8;  0 drivers
o0x7f4ce655a328 .functor BUFZ 1, C4<z>; HiZ drive
v0x10f2330_0 .net "OUTPUT_CLK", 0 0, o0x7f4ce655a328;  0 drivers
o0x7f4ce655a358 .functor BUFZ 1, C4<z>; HiZ drive
v0x10f23f0_0 .net "OUTPUT_ENABLE", 0 0, o0x7f4ce655a358;  0 drivers
o0x7f4ce655a388 .functor BUFZ 1, C4<z>; HiZ drive
v0x10f2540_0 .net "PACKAGE_PIN", 0 0, o0x7f4ce655a388;  0 drivers
S_0x108f590 .scope module, "SB_LUT4" "SB_LUT4" 2 211;
 .timescale 0 0;
    .port_info 0 /INPUT 1 "I0"
    .port_info 1 /INPUT 1 "I1"
    .port_info 2 /INPUT 1 "I2"
    .port_info 3 /INPUT 1 "I3"
    .port_info 4 /OUTPUT 1 "O"
o0x7f4ce655a598 .functor BUFZ 1, C4<z>; HiZ drive
v0x10f27a0_0 .net "I0", 0 0, o0x7f4ce655a598;  0 drivers
o0x7f4ce655a5c8 .functor BUFZ 1, C4<z>; HiZ drive
v0x10f2880_0 .net "I1", 0 0, o0x7f4ce655a5c8;  0 drivers
o0x7f4ce655a5f8 .functor BUFZ 1, C4<z>; HiZ drive
v0x10f2940_0 .net "I2", 0 0, o0x7f4ce655a5f8;  0 drivers
o0x7f4ce655a628 .functor BUFZ 1, C4<z>; HiZ drive
v0x10f29e0_0 .net "I3", 0 0, o0x7f4ce655a628;  0 drivers
o0x7f4ce655a658 .functor BUFZ 1, C4<z>; HiZ drive
v0x10f2aa0_0 .net "O", 0 0, o0x7f4ce655a658;  0 drivers
S_0x108b0c0 .scope module, "secnotas" "secnotas" 3 8;
 .timescale 0 0;
    .port_info 0 /INPUT 1 "clk"
    .port_info 1 /OUTPUT 1 "ch_out"
    .port_info 2 /OUTPUT 1 "ch_out2"
P_0x108b240 .param/l "DUR" 0 3 23, +C4<00000000010110111000110110000000>;
P_0x108b280 .param/l "N0" 0 3 13, +C4<00000000000000000000001011001101>;
P_0x108b2c0 .param/l "N1" 0 3 14, +C4<00000000000000000000001001111110>;
P_0x108b300 .param/l "N2" 0 3 15, +C4<00000000000000000000001000111001>;
P_0x108b340 .param/l "N3" 0 3 16, +C4<00000000000000000000001000011001>;
P_0x108b380 .param/l "N4" 0 3 17, +C4<00000000000000000000000111011110>;
P_0x108b3c0 .param/l "N5" 0 3 18, +C4<00000000000000000000000110101010>;
P_0x108b400 .param/l "N6" 0 3 19, +C4<00000000000000000000000101111100>;
P_0x108b440 .param/l "N7" 0 3 20, +C4<00000000000000000000001011001101>;
v0x10f69a0_0 .net "ch0", 0 0, L_0x10f74c0;  1 drivers
v0x10f6a40_0 .net "ch1", 0 0, L_0x10f7560;  1 drivers
v0x10f6b10_0 .net "ch2", 0 0, L_0x10f7650;  1 drivers
v0x10f6c10_0 .net "ch3", 0 0, L_0x10f7740;  1 drivers
v0x10f6ce0_0 .net "ch4", 0 0, L_0x10f7830;  1 drivers
v0x10f6dd0_0 .net "ch5", 0 0, L_0x10f7920;  1 drivers
v0x10f6ea0_0 .net "ch6", 0 0, L_0x10f7a10;  1 drivers
v0x10f6f70_0 .net "ch7", 0 0, L_0x10f7b00;  1 drivers
v0x10f7040_0 .var "ch_out", 0 0;
v0x10f7170_0 .var "ch_out2", 0 0;
o0x7f4ce655a778 .functor BUFZ 1, C4<z>; HiZ drive
v0x10f7210_0 .net "clk", 0 0, o0x7f4ce655a778;  0 drivers
v0x10f72b0_0 .net "clk_dur", 0 0, L_0x10f7bf0;  1 drivers
v0x10f7380_0 .var "sel", 5 0;
v0x10f7420_0 .var "sel2", 5 0;
E_0x1095f00 .event posedge, v0x10f6820_0;
E_0x10d2c20/0 .event edge, v0x10f7420_0, v0x10f3250_0, v0x10f3900_0, v0x10f3fc0_0;
E_0x10d2c20/1 .event edge, v0x10f4610_0, v0x10f4d60_0, v0x10f5380_0;
E_0x10d2c20 .event/or E_0x10d2c20/0, E_0x10d2c20/1;
E_0x10f2c80/0 .event edge, v0x10f7380_0, v0x10f3250_0, v0x10f3900_0, v0x10f3fc0_0;
E_0x10f2c80/1 .event edge, v0x10f4610_0, v0x10f4d60_0, v0x10f5380_0;
E_0x10f2c80 .event/or E_0x10f2c80/0, E_0x10f2c80/1;
S_0x10f2d00 .scope module, "CH0" "divider" 3 38, 4 12 0, S_0x108b0c0;
 .timescale 0 0;
    .port_info 0 /INPUT 1 "clk_in"
    .port_info 1 /OUTPUT 1 "clk_out"
P_0x10f2ef0 .param/l "M" 0 4 16, +C4<00000000000000000000001011001101>;
P_0x10f2f30 .param/l "N" 1 4 22, +C4<00000000000000000000000000001010>;
v0x10f3170_0 .net "clk_in", 0 0, o0x7f4ce655a778;  alias, 0 drivers
v0x10f3250_0 .net "clk_out", 0 0, L_0x10f74c0;  alias, 1 drivers
v0x10f3310_0 .var "divcounter", 9 0;
E_0x10f30f0 .event posedge, v0x10f3170_0;
L_0x10f74c0 .part v0x10f3310_0, 9, 1;
S_0x10f3460 .scope module, "CH1" "divider" 3 45, 4 12 0, S_0x108b0c0;
 .timescale 0 0;
    .port_info 0 /INPUT 1 "clk_in"
    .port_info 1 /OUTPUT 1 "clk_out"
P_0x10f3630 .param/l "M" 0 4 16, +C4<00000000000000000000001001111110>;
P_0x10f3670 .param/l "N" 1 4 22, +C4<00000000000000000000000000001010>;
v0x10f3810_0 .net "clk_in", 0 0, o0x7f4ce655a778;  alias, 0 drivers
v0x10f3900_0 .net "clk_out", 0 0, L_0x10f7560;  alias, 1 drivers
v0x10f39a0_0 .var "divcounter", 9 0;
L_0x10f7560 .part v0x10f39a0_0, 9, 1;
S_0x10f3af0 .scope module, "CH2" "divider" 3 52, 4 12 0, S_0x108b0c0;
 .timescale 0 0;
    .port_info 0 /INPUT 1 "clk_in"
    .port_info 1 /OUTPUT 1 "clk_out"
P_0x10f3cf0 .param/l "M" 0 4 16, +C4<00000000000000000000001000111001>;
P_0x10f3d30 .param/l "N" 1 4 22, +C4<00000000000000000000000000001010>;
v0x10f3ed0_0 .net "clk_in", 0 0, o0x7f4ce655a778;  alias, 0 drivers
v0x10f3fc0_0 .net "clk_out", 0 0, L_0x10f7650;  alias, 1 drivers
v0x10f4080_0 .var "divcounter", 9 0;
L_0x10f7650 .part v0x10f4080_0, 9, 1;
S_0x10f41a0 .scope module, "CH3" "divider" 3 59, 4 12 0, S_0x108b0c0;
 .timescale 0 0;
    .port_info 0 /INPUT 1 "clk_in"
    .port_info 1 /OUTPUT 1 "clk_out"
P_0x10f4370 .param/l "M" 0 4 16, +C4<00000000000000000000001000011001>;
P_0x10f43b0 .param/l "N" 1 4 22, +C4<00000000000000000000000000001010>;
v0x10f4550_0 .net "clk_in", 0 0, o0x7f4ce655a778;  alias, 0 drivers
v0x10f4610_0 .net "clk_out", 0 0, L_0x10f7740;  alias, 1 drivers
v0x10f46d0_0 .var "divcounter", 9 0;
L_0x10f7740 .part v0x10f46d0_0, 9, 1;
S_0x10f4820 .scope module, "CH4" "divider" 3 66, 4 12 0, S_0x108b0c0;
 .timescale 0 0;
    .port_info 0 /INPUT 1 "clk_in"
    .port_info 1 /OUTPUT 1 "clk_out"
P_0x10f4a40 .param/l "M" 0 4 16, +C4<00000000000000000000000111011110>;
P_0x10f4a80 .param/l "N" 1 4 22, +C4<00000000000000000000000000001001>;
v0x10f4c30_0 .net "clk_in", 0 0, o0x7f4ce655a778;  alias, 0 drivers
v0x10f4d60_0 .net "clk_out", 0 0, L_0x10f7830;  alias, 1 drivers
v0x10f4e00_0 .var "divcounter", 8 0;
L_0x10f7830 .part v0x10f4e00_0, 8, 1;
S_0x10f4f70 .scope module, "CH5" "divider" 3 73, 4 12 0, S_0x108b0c0;
 .timescale 0 0;
    .port_info 0 /INPUT 1 "clk_in"
    .port_info 1 /OUTPUT 1 "clk_out"
P_0x10f50f0 .param/l "M" 0 4 16, +C4<00000000000000000000000110101010>;
P_0x10f5130 .param/l "N" 1 4 22, +C4<00000000000000000000000000001001>;
v0x10f52e0_0 .net "clk_in", 0 0, o0x7f4ce655a778;  alias, 0 drivers
v0x10f5380_0 .net "clk_out", 0 0, L_0x10f7920;  alias, 1 drivers
v0x10f5420_0 .var "divcounter", 8 0;
L_0x10f7920 .part v0x10f5420_0, 8, 1;
S_0x10f5590 .scope module, "CH6" "divider" 3 80, 4 12 0, S_0x108b0c0;
 .timescale 0 0;
    .port_info 0 /INPUT 1 "clk_in"
    .port_info 1 /OUTPUT 1 "clk_out"
P_0x10f5760 .param/l "M" 0 4 16, +C4<00000000000000000000000101111100>;
P_0x10f57a0 .param/l "N" 1 4 22, +C4<00000000000000000000000000001001>;
v0x10f5950_0 .net "clk_in", 0 0, o0x7f4ce655a778;  alias, 0 drivers
v0x10f59f0_0 .net "clk_out", 0 0, L_0x10f7a10;  alias, 1 drivers
v0x10f5a90_0 .var "divcounter", 8 0;
L_0x10f7a10 .part v0x10f5a90_0, 8, 1;
S_0x10f5c00 .scope module, "CH7" "divider" 3 87, 4 12 0, S_0x108b0c0;
 .timescale 0 0;
    .port_info 0 /INPUT 1 "clk_in"
    .port_info 1 /OUTPUT 1 "clk_out"
P_0x10f5dd0 .param/l "M" 0 4 16, +C4<00000000000000000000001011001101>;
P_0x10f5e10 .param/l "N" 1 4 22, +C4<00000000000000000000000000001010>;
v0x10f5fc0_0 .net "clk_in", 0 0, o0x7f4ce655a778;  alias, 0 drivers
v0x10f6060_0 .net "clk_out", 0 0, L_0x10f7b00;  alias, 1 drivers
v0x10f6100_0 .var "divcounter", 9 0;
L_0x10f7b00 .part v0x10f6100_0, 9, 1;
S_0x10f6270 .scope module, "TIMER0" "divider" 3 241, 4 12 0, S_0x108b0c0;
 .timescale 0 0;
    .port_info 0 /INPUT 1 "clk_in"
    .port_info 1 /OUTPUT 1 "clk_out"
P_0x10f64d0 .param/l "M" 0 4 16, +C4<00000000010110111000110110000000>;
P_0x10f6510 .param/l "N" 1 4 22, +C4<00000000000000000000000000010111>;
v0x10f6670_0 .net "clk_in", 0 0, o0x7f4ce655a778;  alias, 0 drivers
v0x10f6820_0 .net "clk_out", 0 0, L_0x10f7bf0;  alias, 1 drivers
v0x10f68c0_0 .var "divcounter", 22 0;
L_0x10f7bf0 .part v0x10f68c0_0, 22, 1;
    .scope S_0x10f2d00;
T_0 ;
    %pushi/vec4 0, 0, 10;
    %store/vec4 v0x10f3310_0, 0, 10;
    %end;
    .thread T_0;
    .scope S_0x10f2d00;
T_1 ;
    %wait E_0x10f30f0;
    %load/vec4 v0x10f3310_0;
    %pad/u 32;
    %cmpi/e 716, 0, 32;
    %flag_mov 8, 4;
    %jmp/0 T_1.0, 8;
    %pushi/vec4 0, 0, 10;
    %jmp/1 T_1.1, 8;
T_1.0 ; End of true expr.
    %load/vec4 v0x10f3310_0;
    %addi 1, 0, 10;
    %jmp/0 T_1.1, 8;
 ; End of false expr.
    %blend;
T_1.1;
    %assign/vec4 v0x10f3310_0, 0;
    %jmp T_1;
    .thread T_1;
    .scope S_0x10f3460;
T_2 ;
    %pushi/vec4 0, 0, 10;
    %store/vec4 v0x10f39a0_0, 0, 10;
    %end;
    .thread T_2;
    .scope S_0x10f3460;
T_3 ;
    %wait E_0x10f30f0;
    %load/vec4 v0x10f39a0_0;
    %pad/u 32;
    %cmpi/e 637, 0, 32;
    %flag_mov 8, 4;
    %jmp/0 T_3.0, 8;
    %pushi/vec4 0, 0, 10;
    %jmp/1 T_3.1, 8;
T_3.0 ; End of true expr.
    %load/vec4 v0x10f39a0_0;
    %addi 1, 0, 10;
    %jmp/0 T_3.1, 8;
 ; End of false expr.
    %blend;
T_3.1;
    %assign/vec4 v0x10f39a0_0, 0;
    %jmp T_3;
    .thread T_3;
    .scope S_0x10f3af0;
T_4 ;
    %pushi/vec4 0, 0, 10;
    %store/vec4 v0x10f4080_0, 0, 10;
    %end;
    .thread T_4;
    .scope S_0x10f3af0;
T_5 ;
    %wait E_0x10f30f0;
    %load/vec4 v0x10f4080_0;
    %pad/u 32;
    %cmpi/e 568, 0, 32;
    %flag_mov 8, 4;
    %jmp/0 T_5.0, 8;
    %pushi/vec4 0, 0, 10;
    %jmp/1 T_5.1, 8;
T_5.0 ; End of true expr.
    %load/vec4 v0x10f4080_0;
    %addi 1, 0, 10;
    %jmp/0 T_5.1, 8;
 ; End of false expr.
    %blend;
T_5.1;
    %assign/vec4 v0x10f4080_0, 0;
    %jmp T_5;
    .thread T_5;
    .scope S_0x10f41a0;
T_6 ;
    %pushi/vec4 0, 0, 10;
    %store/vec4 v0x10f46d0_0, 0, 10;
    %end;
    .thread T_6;
    .scope S_0x10f41a0;
T_7 ;
    %wait E_0x10f30f0;
    %load/vec4 v0x10f46d0_0;
    %pad/u 32;
    %cmpi/e 536, 0, 32;
    %flag_mov 8, 4;
    %jmp/0 T_7.0, 8;
    %pushi/vec4 0, 0, 10;
    %jmp/1 T_7.1, 8;
T_7.0 ; End of true expr.
    %load/vec4 v0x10f46d0_0;
    %addi 1, 0, 10;
    %jmp/0 T_7.1, 8;
 ; End of false expr.
    %blend;
T_7.1;
    %assign/vec4 v0x10f46d0_0, 0;
    %jmp T_7;
    .thread T_7;
    .scope S_0x10f4820;
T_8 ;
    %pushi/vec4 0, 0, 9;
    %store/vec4 v0x10f4e00_0, 0, 9;
    %end;
    .thread T_8;
    .scope S_0x10f4820;
T_9 ;
    %wait E_0x10f30f0;
    %load/vec4 v0x10f4e00_0;
    %pad/u 32;
    %cmpi/e 477, 0, 32;
    %flag_mov 8, 4;
    %jmp/0 T_9.0, 8;
    %pushi/vec4 0, 0, 9;
    %jmp/1 T_9.1, 8;
T_9.0 ; End of true expr.
    %load/vec4 v0x10f4e00_0;
    %addi 1, 0, 9;
    %jmp/0 T_9.1, 8;
 ; End of false expr.
    %blend;
T_9.1;
    %assign/vec4 v0x10f4e00_0, 0;
    %jmp T_9;
    .thread T_9;
    .scope S_0x10f4f70;
T_10 ;
    %pushi/vec4 0, 0, 9;
    %store/vec4 v0x10f5420_0, 0, 9;
    %end;
    .thread T_10;
    .scope S_0x10f4f70;
T_11 ;
    %wait E_0x10f30f0;
    %load/vec4 v0x10f5420_0;
    %pad/u 32;
    %cmpi/e 425, 0, 32;
    %flag_mov 8, 4;
    %jmp/0 T_11.0, 8;
    %pushi/vec4 0, 0, 9;
    %jmp/1 T_11.1, 8;
T_11.0 ; End of true expr.
    %load/vec4 v0x10f5420_0;
    %addi 1, 0, 9;
    %jmp/0 T_11.1, 8;
 ; End of false expr.
    %blend;
T_11.1;
    %assign/vec4 v0x10f5420_0, 0;
    %jmp T_11;
    .thread T_11;
    .scope S_0x10f5590;
T_12 ;
    %pushi/vec4 0, 0, 9;
    %store/vec4 v0x10f5a90_0, 0, 9;
    %end;
    .thread T_12;
    .scope S_0x10f5590;
T_13 ;
    %wait E_0x10f30f0;
    %load/vec4 v0x10f5a90_0;
    %pad/u 32;
    %cmpi/e 379, 0, 32;
    %flag_mov 8, 4;
    %jmp/0 T_13.0, 8;
    %pushi/vec4 0, 0, 9;
    %jmp/1 T_13.1, 8;
T_13.0 ; End of true expr.
    %load/vec4 v0x10f5a90_0;
    %addi 1, 0, 9;
    %jmp/0 T_13.1, 8;
 ; End of false expr.
    %blend;
T_13.1;
    %assign/vec4 v0x10f5a90_0, 0;
    %jmp T_13;
    .thread T_13;
    .scope S_0x10f5c00;
T_14 ;
    %pushi/vec4 0, 0, 10;
    %store/vec4 v0x10f6100_0, 0, 10;
    %end;
    .thread T_14;
    .scope S_0x10f5c00;
T_15 ;
    %wait E_0x10f30f0;
    %load/vec4 v0x10f6100_0;
    %pad/u 32;
    %cmpi/e 716, 0, 32;
    %flag_mov 8, 4;
    %jmp/0 T_15.0, 8;
    %pushi/vec4 0, 0, 10;
    %jmp/1 T_15.1, 8;
T_15.0 ; End of true expr.
    %load/vec4 v0x10f6100_0;
    %addi 1, 0, 10;
    %jmp/0 T_15.1, 8;
 ; End of false expr.
    %blend;
T_15.1;
    %assign/vec4 v0x10f6100_0, 0;
    %jmp T_15;
    .thread T_15;
    .scope S_0x10f6270;
T_16 ;
    %pushi/vec4 0, 0, 23;
    %store/vec4 v0x10f68c0_0, 0, 23;
    %end;
    .thread T_16;
    .scope S_0x10f6270;
T_17 ;
    %wait E_0x10f30f0;
    %load/vec4 v0x10f68c0_0;
    %pad/u 32;
    %cmpi/e 5999999, 0, 32;
    %flag_mov 8, 4;
    %jmp/0 T_17.0, 8;
    %pushi/vec4 0, 0, 23;
    %jmp/1 T_17.1, 8;
T_17.0 ; End of true expr.
    %load/vec4 v0x10f68c0_0;
    %addi 1, 0, 23;
    %jmp/0 T_17.1, 8;
 ; End of false expr.
    %blend;
T_17.1;
    %assign/vec4 v0x10f68c0_0, 0;
    %jmp T_17;
    .thread T_17;
    .scope S_0x108b0c0;
T_18 ;
    %pushi/vec4 0, 0, 6;
    %store/vec4 v0x10f7380_0, 0, 6;
    %end;
    .thread T_18;
    .scope S_0x108b0c0;
T_19 ;
    %pushi/vec4 60, 0, 6;
    %store/vec4 v0x10f7420_0, 0, 6;
    %end;
    .thread T_19;
    .scope S_0x108b0c0;
T_20 ;
    %wait E_0x10f2c80;
    %load/vec4 v0x10f7380_0;
    %dup/vec4;
    %pushi/vec4 0, 0, 6;
    %cmp/u;
    %jmp/1 T_20.0, 6;
    %dup/vec4;
    %pushi/vec4 1, 0, 6;
    %cmp/u;
    %jmp/1 T_20.1, 6;
    %dup/vec4;
    %pushi/vec4 2, 0, 6;
    %cmp/u;
    %jmp/1 T_20.2, 6;
    %dup/vec4;
    %pushi/vec4 3, 0, 6;
    %cmp/u;
    %jmp/1 T_20.3, 6;
    %dup/vec4;
    %pushi/vec4 4, 0, 6;
    %cmp/u;
    %jmp/1 T_20.4, 6;
    %dup/vec4;
    %pushi/vec4 5, 0, 6;
    %cmp/u;
    %jmp/1 T_20.5, 6;
    %dup/vec4;
    %pushi/vec4 6, 0, 6;
    %cmp/u;
    %jmp/1 T_20.6, 6;
    %dup/vec4;
    %pushi/vec4 7, 0, 6;
    %cmp/u;
    %jmp/1 T_20.7, 6;
    %dup/vec4;
    %pushi/vec4 8, 0, 6;
    %cmp/u;
    %jmp/1 T_20.8, 6;
    %dup/vec4;
    %pushi/vec4 9, 0, 6;
    %cmp/u;
    %jmp/1 T_20.9, 6;
    %dup/vec4;
    %pushi/vec4 10, 0, 6;
    %cmp/u;
    %jmp/1 T_20.10, 6;
    %dup/vec4;
    %pushi/vec4 11, 0, 6;
    %cmp/u;
    %jmp/1 T_20.11, 6;
    %dup/vec4;
    %pushi/vec4 12, 0, 6;
    %cmp/u;
    %jmp/1 T_20.12, 6;
    %dup/vec4;
    %pushi/vec4 13, 0, 6;
    %cmp/u;
    %jmp/1 T_20.13, 6;
    %dup/vec4;
    %pushi/vec4 14, 0, 6;
    %cmp/u;
    %jmp/1 T_20.14, 6;
    %dup/vec4;
    %pushi/vec4 15, 0, 6;
    %cmp/u;
    %jmp/1 T_20.15, 6;
    %dup/vec4;
    %pushi/vec4 16, 0, 6;
    %cmp/u;
    %jmp/1 T_20.16, 6;
    %dup/vec4;
    %pushi/vec4 17, 0, 6;
    %cmp/u;
    %jmp/1 T_20.17, 6;
    %dup/vec4;
    %pushi/vec4 18, 0, 6;
    %cmp/u;
    %jmp/1 T_20.18, 6;
    %dup/vec4;
    %pushi/vec4 19, 0, 6;
    %cmp/u;
    %jmp/1 T_20.19, 6;
    %dup/vec4;
    %pushi/vec4 20, 0, 6;
    %cmp/u;
    %jmp/1 T_20.20, 6;
    %dup/vec4;
    %pushi/vec4 21, 0, 6;
    %cmp/u;
    %jmp/1 T_20.21, 6;
    %dup/vec4;
    %pushi/vec4 22, 0, 6;
    %cmp/u;
    %jmp/1 T_20.22, 6;
    %dup/vec4;
    %pushi/vec4 23, 0, 6;
    %cmp/u;
    %jmp/1 T_20.23, 6;
    %dup/vec4;
    %pushi/vec4 24, 0, 6;
    %cmp/u;
    %jmp/1 T_20.24, 6;
    %dup/vec4;
    %pushi/vec4 25, 0, 6;
    %cmp/u;
    %jmp/1 T_20.25, 6;
    %dup/vec4;
    %pushi/vec4 26, 0, 6;
    %cmp/u;
    %jmp/1 T_20.26, 6;
    %dup/vec4;
    %pushi/vec4 27, 0, 6;
    %cmp/u;
    %jmp/1 T_20.27, 6;
    %dup/vec4;
    %pushi/vec4 28, 0, 6;
    %cmp/u;
    %jmp/1 T_20.28, 6;
    %dup/vec4;
    %pushi/vec4 29, 0, 6;
    %cmp/u;
    %jmp/1 T_20.29, 6;
    %dup/vec4;
    %pushi/vec4 30, 0, 6;
    %cmp/u;
    %jmp/1 T_20.30, 6;
    %dup/vec4;
    %pushi/vec4 31, 0, 6;
    %cmp/u;
    %jmp/1 T_20.31, 6;
    %dup/vec4;
    %pushi/vec4 32, 0, 6;
    %cmp/u;
    %jmp/1 T_20.32, 6;
    %dup/vec4;
    %pushi/vec4 33, 0, 6;
    %cmp/u;
    %jmp/1 T_20.33, 6;
    %dup/vec4;
    %pushi/vec4 34, 0, 6;
    %cmp/u;
    %jmp/1 T_20.34, 6;
    %dup/vec4;
    %pushi/vec4 35, 0, 6;
    %cmp/u;
    %jmp/1 T_20.35, 6;
    %dup/vec4;
    %pushi/vec4 36, 0, 6;
    %cmp/u;
    %jmp/1 T_20.36, 6;
    %dup/vec4;
    %pushi/vec4 37, 0, 6;
    %cmp/u;
    %jmp/1 T_20.37, 6;
    %dup/vec4;
    %pushi/vec4 38, 0, 6;
    %cmp/u;
    %jmp/1 T_20.38, 6;
    %dup/vec4;
    %pushi/vec4 39, 0, 6;
    %cmp/u;
    %jmp/1 T_20.39, 6;
    %pushi/vec4 0, 0, 1;
    %assign/vec4 v0x10f7040_0, 0;
    %jmp T_20.41;
T_20.0 ;
    %load/vec4 v0x10f69a0_0;
    %assign/vec4 v0x10f7040_0, 0;
    %jmp T_20.41;
T_20.1 ;
    %load/vec4 v0x10f6a40_0;
    %assign/vec4 v0x10f7040_0, 0;
    %jmp T_20.41;
T_20.2 ;
    %load/vec4 v0x10f6b10_0;
    %assign/vec4 v0x10f7040_0, 0;
    %jmp T_20.41;
T_20.3 ;
    %load/vec4 v0x10f69a0_0;
    %assign/vec4 v0x10f7040_0, 0;
    %jmp T_20.41;
T_20.4 ;
    %pushi/vec4 0, 0, 1;
    %assign/vec4 v0x10f7040_0, 0;
    %jmp T_20.41;
T_20.5 ;
    %load/vec4 v0x10f69a0_0;
    %assign/vec4 v0x10f7040_0, 0;
    %jmp T_20.41;
T_20.6 ;
    %load/vec4 v0x10f6a40_0;
    %assign/vec4 v0x10f7040_0, 0;
    %jmp T_20.41;
T_20.7 ;
    %load/vec4 v0x10f6b10_0;
    %assign/vec4 v0x10f7040_0, 0;
    %jmp T_20.41;
T_20.8 ;
    %load/vec4 v0x10f69a0_0;
    %assign/vec4 v0x10f7040_0, 0;
    %jmp T_20.41;
T_20.9 ;
    %pushi/vec4 0, 0, 1;
    %assign/vec4 v0x10f7040_0, 0;
    %jmp T_20.41;
T_20.10 ;
    %load/vec4 v0x10f6b10_0;
    %assign/vec4 v0x10f7040_0, 0;
    %jmp T_20.41;
T_20.11 ;
    %load/vec4 v0x10f6c10_0;
    %assign/vec4 v0x10f7040_0, 0;
    %jmp T_20.41;
T_20.12 ;
    %load/vec4 v0x10f6ce0_0;
    %assign/vec4 v0x10f7040_0, 0;
    %jmp T_20.41;
T_20.13 ;
    %pushi/vec4 0, 0, 1;
    %assign/vec4 v0x10f7040_0, 0;
    %jmp T_20.41;
T_20.14 ;
    %load/vec4 v0x10f6b10_0;
    %assign/vec4 v0x10f7040_0, 0;
    %jmp T_20.41;
T_20.15 ;
    %load/vec4 v0x10f6c10_0;
    %assign/vec4 v0x10f7040_0, 0;
    %jmp T_20.41;
T_20.16 ;
    %load/vec4 v0x10f6ce0_0;
    %assign/vec4 v0x10f7040_0, 0;
    %jmp T_20.41;
T_20.17 ;
    %pushi/vec4 0, 0, 1;
    %assign/vec4 v0x10f7040_0, 0;
    %jmp T_20.41;
T_20.18 ;
    %load/vec4 v0x10f6ce0_0;
    %assign/vec4 v0x10f7040_0, 0;
    %jmp T_20.41;
T_20.19 ;
    %load/vec4 v0x10f6dd0_0;
    %assign/vec4 v0x10f7040_0, 0;
    %jmp T_20.41;
T_20.20 ;
    %load/vec4 v0x10f6ce0_0;
    %assign/vec4 v0x10f7040_0, 0;
    %jmp T_20.41;
T_20.21 ;
    %load/vec4 v0x10f6c10_0;
    %assign/vec4 v0x10f7040_0, 0;
    %jmp T_20.41;
T_20.22 ;
    %load/vec4 v0x10f6b10_0;
    %assign/vec4 v0x10f7040_0, 0;
    %jmp T_20.41;
T_20.23 ;
    %load/vec4 v0x10f69a0_0;
    %assign/vec4 v0x10f7040_0, 0;
    %jmp T_20.41;
T_20.24 ;
    %pushi/vec4 0, 0, 1;
    %assign/vec4 v0x10f7040_0, 0;
    %jmp T_20.41;
T_20.25 ;
    %load/vec4 v0x10f6ce0_0;
    %assign/vec4 v0x10f7040_0, 0;
    %jmp T_20.41;
T_20.26 ;
    %load/vec4 v0x10f6dd0_0;
    %assign/vec4 v0x10f7040_0, 0;
    %jmp T_20.41;
T_20.27 ;
    %load/vec4 v0x10f6ce0_0;
    %assign/vec4 v0x10f7040_0, 0;
    %jmp T_20.41;
T_20.28 ;
    %load/vec4 v0x10f6c10_0;
    %assign/vec4 v0x10f7040_0, 0;
    %jmp T_20.41;
T_20.29 ;
    %load/vec4 v0x10f6b10_0;
    %assign/vec4 v0x10f7040_0, 0;
    %jmp T_20.41;
T_20.30 ;
    %load/vec4 v0x10f69a0_0;
    %assign/vec4 v0x10f7040_0, 0;
    %jmp T_20.41;
T_20.31 ;
    %pushi/vec4 0, 0, 1;
    %assign/vec4 v0x10f7040_0, 0;
    %jmp T_20.41;
T_20.32 ;
    %load/vec4 v0x10f69a0_0;
    %assign/vec4 v0x10f7040_0, 0;
    %jmp T_20.41;
T_20.33 ;
    %load/vec4 v0x10f6ce0_0;
    %assign/vec4 v0x10f7040_0, 0;
    %jmp T_20.41;
T_20.34 ;
    %load/vec4 v0x10f69a0_0;
    %assign/vec4 v0x10f7040_0, 0;
    %jmp T_20.41;
T_20.35 ;
    %pushi/vec4 0, 0, 1;
    %assign/vec4 v0x10f7040_0, 0;
    %jmp T_20.41;
T_20.36 ;
    %load/vec4 v0x10f69a0_0;
    %assign/vec4 v0x10f7040_0, 0;
    %jmp T_20.41;
T_20.37 ;
    %load/vec4 v0x10f6ce0_0;
    %assign/vec4 v0x10f7040_0, 0;
    %jmp T_20.41;
T_20.38 ;
    %load/vec4 v0x10f69a0_0;
    %assign/vec4 v0x10f7040_0, 0;
    %jmp T_20.41;
T_20.39 ;
    %pushi/vec4 0, 0, 1;
    %assign/vec4 v0x10f7040_0, 0;
    %jmp T_20.41;
T_20.41 ;
    %pop/vec4 1;
    %jmp T_20;
    .thread T_20, $push;
    .scope S_0x108b0c0;
T_21 ;
    %wait E_0x10d2c20;
    %load/vec4 v0x10f7420_0;
    %dup/vec4;
    %pushi/vec4 0, 0, 6;
    %cmp/u;
    %jmp/1 T_21.0, 6;
    %dup/vec4;
    %pushi/vec4 1, 0, 6;
    %cmp/u;
    %jmp/1 T_21.1, 6;
    %dup/vec4;
    %pushi/vec4 2, 0, 6;
    %cmp/u;
    %jmp/1 T_21.2, 6;
    %dup/vec4;
    %pushi/vec4 3, 0, 6;
    %cmp/u;
    %jmp/1 T_21.3, 6;
    %dup/vec4;
    %pushi/vec4 4, 0, 6;
    %cmp/u;
    %jmp/1 T_21.4, 6;
    %dup/vec4;
    %pushi/vec4 5, 0, 6;
    %cmp/u;
    %jmp/1 T_21.5, 6;
    %dup/vec4;
    %pushi/vec4 6, 0, 6;
    %cmp/u;
    %jmp/1 T_21.6, 6;
    %dup/vec4;
    %pushi/vec4 7, 0, 6;
    %cmp/u;
    %jmp/1 T_21.7, 6;
    %dup/vec4;
    %pushi/vec4 8, 0, 6;
    %cmp/u;
    %jmp/1 T_21.8, 6;
    %dup/vec4;
    %pushi/vec4 9, 0, 6;
    %cmp/u;
    %jmp/1 T_21.9, 6;
    %dup/vec4;
    %pushi/vec4 10, 0, 6;
    %cmp/u;
    %jmp/1 T_21.10, 6;
    %dup/vec4;
    %pushi/vec4 11, 0, 6;
    %cmp/u;
    %jmp/1 T_21.11, 6;
    %dup/vec4;
    %pushi/vec4 12, 0, 6;
    %cmp/u;
    %jmp/1 T_21.12, 6;
    %dup/vec4;
    %pushi/vec4 13, 0, 6;
    %cmp/u;
    %jmp/1 T_21.13, 6;
    %dup/vec4;
    %pushi/vec4 14, 0, 6;
    %cmp/u;
    %jmp/1 T_21.14, 6;
    %dup/vec4;
    %pushi/vec4 15, 0, 6;
    %cmp/u;
    %jmp/1 T_21.15, 6;
    %dup/vec4;
    %pushi/vec4 16, 0, 6;
    %cmp/u;
    %jmp/1 T_21.16, 6;
    %dup/vec4;
    %pushi/vec4 17, 0, 6;
    %cmp/u;
    %jmp/1 T_21.17, 6;
    %dup/vec4;
    %pushi/vec4 18, 0, 6;
    %cmp/u;
    %jmp/1 T_21.18, 6;
    %dup/vec4;
    %pushi/vec4 19, 0, 6;
    %cmp/u;
    %jmp/1 T_21.19, 6;
    %dup/vec4;
    %pushi/vec4 20, 0, 6;
    %cmp/u;
    %jmp/1 T_21.20, 6;
    %dup/vec4;
    %pushi/vec4 21, 0, 6;
    %cmp/u;
    %jmp/1 T_21.21, 6;
    %dup/vec4;
    %pushi/vec4 22, 0, 6;
    %cmp/u;
    %jmp/1 T_21.22, 6;
    %dup/vec4;
    %pushi/vec4 23, 0, 6;
    %cmp/u;
    %jmp/1 T_21.23, 6;
    %dup/vec4;
    %pushi/vec4 24, 0, 6;
    %cmp/u;
    %jmp/1 T_21.24, 6;
    %dup/vec4;
    %pushi/vec4 25, 0, 6;
    %cmp/u;
    %jmp/1 T_21.25, 6;
    %dup/vec4;
    %pushi/vec4 26, 0, 6;
    %cmp/u;
    %jmp/1 T_21.26, 6;
    %dup/vec4;
    %pushi/vec4 27, 0, 6;
    %cmp/u;
    %jmp/1 T_21.27, 6;
    %dup/vec4;
    %pushi/vec4 28, 0, 6;
    %cmp/u;
    %jmp/1 T_21.28, 6;
    %dup/vec4;
    %pushi/vec4 29, 0, 6;
    %cmp/u;
    %jmp/1 T_21.29, 6;
    %dup/vec4;
    %pushi/vec4 30, 0, 6;
    %cmp/u;
    %jmp/1 T_21.30, 6;
    %dup/vec4;
    %pushi/vec4 31, 0, 6;
    %cmp/u;
    %jmp/1 T_21.31, 6;
    %dup/vec4;
    %pushi/vec4 32, 0, 6;
    %cmp/u;
    %jmp/1 T_21.32, 6;
    %dup/vec4;
    %pushi/vec4 33, 0, 6;
    %cmp/u;
    %jmp/1 T_21.33, 6;
    %dup/vec4;
    %pushi/vec4 34, 0, 6;
    %cmp/u;
    %jmp/1 T_21.34, 6;
    %dup/vec4;
    %pushi/vec4 35, 0, 6;
    %cmp/u;
    %jmp/1 T_21.35, 6;
    %dup/vec4;
    %pushi/vec4 36, 0, 6;
    %cmp/u;
    %jmp/1 T_21.36, 6;
    %dup/vec4;
    %pushi/vec4 37, 0, 6;
    %cmp/u;
    %jmp/1 T_21.37, 6;
    %dup/vec4;
    %pushi/vec4 38, 0, 6;
    %cmp/u;
    %jmp/1 T_21.38, 6;
    %dup/vec4;
    %pushi/vec4 39, 0, 6;
    %cmp/u;
    %jmp/1 T_21.39, 6;
    %pushi/vec4 0, 0, 1;
    %assign/vec4 v0x10f7170_0, 0;
    %jmp T_21.41;
T_21.0 ;
    %load/vec4 v0x10f69a0_0;
    %assign/vec4 v0x10f7170_0, 0;
    %jmp T_21.41;
T_21.1 ;
    %load/vec4 v0x10f6a40_0;
    %assign/vec4 v0x10f7170_0, 0;
    %jmp T_21.41;
T_21.2 ;
    %load/vec4 v0x10f6b10_0;
    %assign/vec4 v0x10f7170_0, 0;
    %jmp T_21.41;
T_21.3 ;
    %load/vec4 v0x10f69a0_0;
    %assign/vec4 v0x10f7170_0, 0;
    %jmp T_21.41;
T_21.4 ;
    %pushi/vec4 0, 0, 1;
    %assign/vec4 v0x10f7170_0, 0;
    %jmp T_21.41;
T_21.5 ;
    %load/vec4 v0x10f69a0_0;
    %assign/vec4 v0x10f7170_0, 0;
    %jmp T_21.41;
T_21.6 ;
    %load/vec4 v0x10f6a40_0;
    %assign/vec4 v0x10f7170_0, 0;
    %jmp T_21.41;
T_21.7 ;
    %load/vec4 v0x10f6b10_0;
    %assign/vec4 v0x10f7170_0, 0;
    %jmp T_21.41;
T_21.8 ;
    %load/vec4 v0x10f69a0_0;
    %assign/vec4 v0x10f7170_0, 0;
    %jmp T_21.41;
T_21.9 ;
    %pushi/vec4 0, 0, 1;
    %assign/vec4 v0x10f7170_0, 0;
    %jmp T_21.41;
T_21.10 ;
    %load/vec4 v0x10f6b10_0;
    %assign/vec4 v0x10f7170_0, 0;
    %jmp T_21.41;
T_21.11 ;
    %load/vec4 v0x10f6c10_0;
    %assign/vec4 v0x10f7170_0, 0;
    %jmp T_21.41;
T_21.12 ;
    %load/vec4 v0x10f6ce0_0;
    %assign/vec4 v0x10f7170_0, 0;
    %jmp T_21.41;
T_21.13 ;
    %pushi/vec4 0, 0, 1;
    %assign/vec4 v0x10f7170_0, 0;
    %jmp T_21.41;
T_21.14 ;
    %load/vec4 v0x10f6b10_0;
    %assign/vec4 v0x10f7170_0, 0;
    %jmp T_21.41;
T_21.15 ;
    %load/vec4 v0x10f6c10_0;
    %assign/vec4 v0x10f7170_0, 0;
    %jmp T_21.41;
T_21.16 ;
    %load/vec4 v0x10f6ce0_0;
    %assign/vec4 v0x10f7170_0, 0;
    %jmp T_21.41;
T_21.17 ;
    %pushi/vec4 0, 0, 1;
    %assign/vec4 v0x10f7170_0, 0;
    %jmp T_21.41;
T_21.18 ;
    %load/vec4 v0x10f6ce0_0;
    %assign/vec4 v0x10f7170_0, 0;
    %jmp T_21.41;
T_21.19 ;
    %load/vec4 v0x10f6dd0_0;
    %assign/vec4 v0x10f7170_0, 0;
    %jmp T_21.41;
T_21.20 ;
    %load/vec4 v0x10f6ce0_0;
    %assign/vec4 v0x10f7170_0, 0;
    %jmp T_21.41;
T_21.21 ;
    %load/vec4 v0x10f6c10_0;
    %assign/vec4 v0x10f7170_0, 0;
    %jmp T_21.41;
T_21.22 ;
    %load/vec4 v0x10f6b10_0;
    %assign/vec4 v0x10f7170_0, 0;
    %jmp T_21.41;
T_21.23 ;
    %load/vec4 v0x10f69a0_0;
    %assign/vec4 v0x10f7170_0, 0;
    %jmp T_21.41;
T_21.24 ;
    %pushi/vec4 0, 0, 1;
    %assign/vec4 v0x10f7170_0, 0;
    %jmp T_21.41;
T_21.25 ;
    %load/vec4 v0x10f6ce0_0;
    %assign/vec4 v0x10f7170_0, 0;
    %jmp T_21.41;
T_21.26 ;
    %load/vec4 v0x10f6dd0_0;
    %assign/vec4 v0x10f7170_0, 0;
    %jmp T_21.41;
T_21.27 ;
    %load/vec4 v0x10f6ce0_0;
    %assign/vec4 v0x10f7170_0, 0;
    %jmp T_21.41;
T_21.28 ;
    %load/vec4 v0x10f6c10_0;
    %assign/vec4 v0x10f7170_0, 0;
    %jmp T_21.41;
T_21.29 ;
    %load/vec4 v0x10f6b10_0;
    %assign/vec4 v0x10f7170_0, 0;
    %jmp T_21.41;
T_21.30 ;
    %load/vec4 v0x10f69a0_0;
    %assign/vec4 v0x10f7170_0, 0;
    %jmp T_21.41;
T_21.31 ;
    %pushi/vec4 0, 0, 1;
    %assign/vec4 v0x10f7170_0, 0;
    %jmp T_21.41;
T_21.32 ;
    %load/vec4 v0x10f69a0_0;
    %assign/vec4 v0x10f7170_0, 0;
    %jmp T_21.41;
T_21.33 ;
    %load/vec4 v0x10f6ce0_0;
    %assign/vec4 v0x10f7170_0, 0;
    %jmp T_21.41;
T_21.34 ;
    %load/vec4 v0x10f69a0_0;
    %assign/vec4 v0x10f7170_0, 0;
    %jmp T_21.41;
T_21.35 ;
    %pushi/vec4 0, 0, 1;
    %assign/vec4 v0x10f7170_0, 0;
    %jmp T_21.41;
T_21.36 ;
    %load/vec4 v0x10f69a0_0;
    %assign/vec4 v0x10f7170_0, 0;
    %jmp T_21.41;
T_21.37 ;
    %load/vec4 v0x10f6ce0_0;
    %assign/vec4 v0x10f7170_0, 0;
    %jmp T_21.41;
T_21.38 ;
    %load/vec4 v0x10f69a0_0;
    %assign/vec4 v0x10f7170_0, 0;
    %jmp T_21.41;
T_21.39 ;
    %pushi/vec4 0, 0, 1;
    %assign/vec4 v0x10f7170_0, 0;
    %jmp T_21.41;
T_21.41 ;
    %pop/vec4 1;
    %jmp T_21;
    .thread T_21, $push;
    .scope S_0x108b0c0;
T_22 ;
    %wait E_0x1095f00;
    %load/vec4 v0x10f7380_0;
    %addi 1, 0, 6;
    %assign/vec4 v0x10f7380_0, 0;
    %load/vec4 v0x10f7420_0;
    %addi 1, 0, 6;
    %assign/vec4 v0x10f7420_0, 0;
    %jmp T_22;
    .thread T_22;
# The file index is used to find the file name in the following table.
:file_names 5;
    "N/A";
    "<interactive>";
    "/home/jcarolinares/.apio/packages/toolchain-iverilog/vlib/system.v";
    "secnotes.v";
    "divider.v";
